Log file open, 03/02/18 11:11:30
LogInit:Display: Running engine for game: GalaxyGangGame
LogPlatformFile: Not using cached read wrapper
LogInit:Display: RandInit(1125322421) SRandInit(1125322421).
LogTaskGraph: Started task graph with 5 named threads and 6 total threads with 1 sets of task threads.
LogStats: Stats thread started at 0.200273
LogInit: Using libcurl 7.47.1
LogInit:  - built for x86_64-pc-win32
LogInit:  - supports SSL with OpenSSL/1.0.2g
LogInit:  - supports HTTP deflate (compression) using libz 1.2.8
LogInit:  - other features:
LogInit:      CURL_VERSION_SSL
LogInit:      CURL_VERSION_LIBZ
LogInit:      CURL_VERSION_IPV6
LogInit:      CURL_VERSION_ASYNCHDNS
LogInit:      CURL_VERSION_LARGEFILE
LogInit:      CURL_VERSION_IDN
LogInit:  CurlRequestOptions (configurable via config and command line):
LogInit:  - bVerifyPeer = false  - Libcurl will NOT verify peer certificate
LogInit:  - bUseHttpProxy = false  - Libcurl will NOT use HTTP proxy
LogInit:  - bDontReuseConnections = false  - Libcurl will reuse connections
LogInit:  - CertBundlePath = nullptr  - Libcurl will use whatever was configured at build time.
LogInit: Build: ++UE4+Release-4.15-CL-3450819
LogInit: Engine Version: 4.15.3-3450819+++UE4+Release-4.15
LogInit: Compatible Engine Version: 4.15.0-3299760+++UE4+Release-4.15
LogInit: Net CL: 3299760
LogDevObjectVersion: Number of dev versions registered: 14
LogDevObjectVersion:   Dev-Blueprints (B0D832E4-1F89-4F0D-ACCF-7EB736FD4AA2): 8
LogDevObjectVersion:   Dev-Build (E1C64328-A22C-4D53-A36C-8E866417BD8C): 0
LogDevObjectVersion:   Dev-Core (375EC13C-06E4-48FB-B500-84F0262A717E): 2
LogDevObjectVersion:   Dev-Editor (E4B068ED-F494-42E9-A231-DA0B2E46BB41): 14
LogDevObjectVersion:   Dev-Framework (CFFC743F-43B0-4480-9391-14DF171D2073): 22
LogDevObjectVersion:   Dev-Mobile (B02B49B5-BB20-44E9-A304-32B752E40360): 0
LogDevObjectVersion:   Dev-Networking (A4E4105C-59A1-49B5-A7C5-40C4547EDFEE): 0
LogDevObjectVersion:   Dev-Online (39C831C9-5AE6-47DC-9A44-9C173E1C8E7C): 0
LogDevObjectVersion:   Dev-Physics (78F01B33-EBEA-4F98-B9B4-84EACCB95AA2): 0
LogDevObjectVersion:   Dev-Platform (6631380F-2D4D-43E0-8009-CF276956A95A): 0
LogDevObjectVersion:   Dev-Rendering (12F88B9F-8875-4AFC-A67C-D90C383ABD29): 12
LogDevObjectVersion:   Dev-Sequencer (7B5AE74C-D270-4C10-A958-57980B212A5A): 3
LogDevObjectVersion:   Dev-VR (D7296918-1DD6-4BDD-9DE2-64A83CC13884): 0
LogDevObjectVersion:   Dev-LoadTimes (C2A15278-BFE7-4AFE-6C17-90FF531DF755): 1
LogInit: Compiled (64-bit): May 21 2017 11:02:34
LogInit: Compiled with Visual C++: 19.00.23026.00
LogInit: Build Configuration: Development
LogInit: Branch Name: ++UE4+Release-4.15
LogInit: Command line: 
LogInit: Base directory: C:/Program Files/Epic Games/UE_4.15/Engine/Binaries/Win64/
LogInit: Installed Engine Build: 1
LogInit: Presizing for max 8388607 objects, including 0 objects not considered by GC, pre-allocating 0 bytes for permanent pool.
LogInit: Object subsystem initialized
[2018.03.02-17.11.33:974][  0]LogInit: Selected Device Profile: [Windows]
[2018.03.02-17.11.33:974][  0]LogInit: Applying CVar settings loaded from the selected device profile: [Windows]
[2018.03.02-17.11.34:026][  0]LogInit: Computer: DESKTOP-SSSFMAE
[2018.03.02-17.11.34:026][  0]LogInit: User: Richa
[2018.03.02-17.11.34:026][  0]LogInit: CPU Page size=65536, Cores=2
[2018.03.02-17.11.34:026][  0]LogInit: High frequency timer resolution =2.343750 MHz
[2018.03.02-17.11.34:026][  0]LogMemory: Memory total: Physical=7.9GB (8GB approx)
[2018.03.02-17.11.34:026][  0]LogMemory: Platform Memory Stats for Windows
[2018.03.02-17.11.34:026][  0]LogMemory: Process Physical Memory: 268.73 MB used, 268.73 MB peak
[2018.03.02-17.11.34:026][  0]LogMemory: Process Virtual Memory: 275.03 MB used, 275.03 MB peak
[2018.03.02-17.11.34:026][  0]LogMemory: Physical Memory: 3500.02 MB used,  4596.64 MB free, 8096.66 MB total
[2018.03.02-17.11.34:026][  0]LogMemory: Virtual Memory: 694.10 MB used,  4596.64 MB free, 134217728.00 MB total
[2018.03.02-17.11.34:481][  0]LogTextLocalizationManager: No specific translations for ('en-US') exist, so ('en') translations will be used.
[2018.03.02-17.11.36:617][  0]LogD3D11RHI: D3D11 adapters:
[2018.03.02-17.11.36:640][  0]LogD3D11RHI:    0. 'Intel(R) HD Graphics 620' (Feature Level 11_0)
[2018.03.02-17.11.36:640][  0]LogD3D11RHI:       128/0/4048 MB DedicatedVideo/DedicatedSystem/SharedSystem, Outputs:1, VendorId:0x8086
[2018.03.02-17.11.36:651][  0]LogD3D11RHI:    1. 'Microsoft Basic Render Driver' (Feature Level 11_0)
[2018.03.02-17.11.36:651][  0]LogD3D11RHI:       0/0/4048 MB DedicatedVideo/DedicatedSystem/SharedSystem, Outputs:0, VendorId:0x1414
[2018.03.02-17.11.36:651][  0]LogD3D11RHI: Chosen D3D11 Adapter: 0
[2018.03.02-17.11.36:659][  0]LogD3D11RHI: Creating new Direct3DDevice
[2018.03.02-17.11.36:659][  0]LogD3D11RHI:     GPU DeviceId: 0x5916 (for the marketing name, search the web for "GPU Device Id")
[2018.03.02-17.11.36:659][  0]LogWindows: EnumDisplayDevices:
[2018.03.02-17.11.36:659][  0]LogWindows:    0. 'Intel(R) HD Graphics 620' (P:1 D:1)
[2018.03.02-17.11.36:659][  0]LogWindows:    1. 'Intel(R) HD Graphics 620' (P:0 D:0)
[2018.03.02-17.11.36:659][  0]LogWindows:    2. 'Intel(R) HD Graphics 620' (P:0 D:0)
[2018.03.02-17.11.36:660][  0]LogWindows: DebugString: GetVideoDriverDetailsInvalid PrimaryIsNotTheChoosenAdapter GetVideoDriverDetailsInvalid PrimaryIsNotTheChoosenAdapter GetVideoDriverDetailsInvalid PrimaryIsNotTheChoosenAdapter FoundDriverCount:0 
[2018.03.02-17.11.36:660][  0]LogD3D11RHI:     Adapter Name: Intel(R) HD Graphics 620
[2018.03.02-17.11.36:660][  0]LogD3D11RHI:   Driver Version: Unknown (internal:Unknown, unified:Unknown)
[2018.03.02-17.11.36:660][  0]LogD3D11RHI:      Driver Date: Unknown
[2018.03.02-17.11.36:660][  0]LogRHI: Texture pool is 1361 MB (70% of 1945 MB)
[2018.03.02-17.11.36:690][  0]LogD3D11RHI: Async texture creation enabled
[2018.03.02-17.11.36:710][  0]LogD3D11RHI: GPU Timing Frequency: 12.000000 (Debug: 2 0)
[2018.03.02-17.11.36:712][  0]LogShaderCompilers: Guid format shader working directory is -2 characters bigger than the processId version (../../../../../../Users/Richa/Desktop/GalaxyGang/Intermediate/Shaders/WorkingDirectory/1984/).
[2018.03.02-17.11.36:712][  0]LogShaderCompilers: Cleaned the shader compiler working directory 'C:/Users/Richa/AppData/Local/Temp/UnrealShaderWorkingDir/BFF8BF114D7A99D15569A6A2D657D968/'.
[2018.03.02-17.11.36:712][  0]LogShaderCompilers:Display: Using Local Shader Compiler.
[2018.03.02-17.11.39:800][  0]LogTemp:Display: Loaded TP AllDesktopTargetPlatform
[2018.03.02-17.11.39:934][  0]LogTemp:Display: Loaded TP MacClientTargetPlatform
[2018.03.02-17.11.40:062][  0]LogTemp:Display: Loaded TP MacNoEditorTargetPlatform
[2018.03.02-17.11.40:185][  0]LogTemp:Display: Loaded TP MacServerTargetPlatform
[2018.03.02-17.11.40:348][  0]LogTemp:Display: Loaded TP MacTargetPlatform
[2018.03.02-17.11.40:518][  0]LogTemp:Display: Loaded TP WindowsClientTargetPlatform
[2018.03.02-17.11.40:693][  0]LogTemp:Display: Loaded TP WindowsNoEditorTargetPlatform
[2018.03.02-17.11.40:878][  0]LogTemp:Display: Loaded TP WindowsServerTargetPlatform
[2018.03.02-17.11.41:026][  0]LogTemp:Display: Loaded TP WindowsTargetPlatform
[2018.03.02-17.11.41:155][  0]LogTemp:Display: Loaded TP AndroidTargetPlatform
[2018.03.02-17.11.41:282][  0]LogTemp:Display: Loaded TP Android_ASTCTargetPlatform
[2018.03.02-17.11.41:395][  0]LogTemp:Display: Loaded TP Android_ATCTargetPlatform
[2018.03.02-17.11.41:499][  0]LogTemp:Display: Loaded TP Android_DXTTargetPlatform
[2018.03.02-17.11.41:610][  0]LogTemp:Display: Loaded TP Android_ETC1TargetPlatform
[2018.03.02-17.11.41:723][  0]LogTemp:Display: Loaded TP Android_ETC2TargetPlatform
[2018.03.02-17.11.41:967][  0]LogTemp:Display: Loaded TP Android_MultiTargetPlatform
[2018.03.02-17.11.41:967][  0]LogTemp:Display: Loaded TP Android_PVRTCTargetPlatform
[2018.03.02-17.11.42:059][  0]LogTemp:Display: Loaded TP HTML5TargetPlatform
[2018.03.02-17.11.42:248][  0]LogTemp:Display: Loaded TP IOSTargetPlatform
[2018.03.02-17.11.42:334][  0]LogTemp:Display: Loaded TP TVOSTargetPlatform
[2018.03.02-17.11.42:438][  0]LogTemp:Display: Loaded TP LinuxClientTargetPlatform
[2018.03.02-17.11.42:551][  0]LogTemp:Display: Loaded TP LinuxNoEditorTargetPlatform
[2018.03.02-17.11.42:669][  0]LogTemp:Display: Loaded TP LinuxServerTargetPlatform
[2018.03.02-17.11.42:779][  0]LogTemp:Display: Loaded TP LinuxTargetPlatform
[2018.03.02-17.11.42:780][  0]LogTargetPlatformManager:Display: Building Assets For Windows
[2018.03.02-17.11.43:776][  0]LogDerivedDataCache:Display: Max Cache Size: 512 MB
[2018.03.02-17.11.43:884][  0]LogDerivedDataCache: Loaded boot cache 0.11s 52MB C:/Users/Richa/AppData/Local/UnrealEngine/4.15/DerivedDataCache/Boot.ddc.
[2018.03.02-17.11.43:884][  0]LogDerivedDataCache:Display: Loaded Boot cache: C:/Users/Richa/AppData/Local/UnrealEngine/4.15/DerivedDataCache/Boot.ddc
[2018.03.02-17.11.43:885][  0]LogDerivedDataCache: FDerivedDataBackendGraph:  Pak pak cache file ../../../../../../Users/Richa/Desktop/GalaxyGang/DerivedDataCache/DDC.ddp not found, will not use a pak cache.
[2018.03.02-17.11.43:885][  0]LogDerivedDataCache: Unable to find inner node Pak for hierarchical cache Hierarchy.
[2018.03.02-17.11.43:886][  0]LogDerivedDataCache: FDerivedDataBackendGraph:  CompressedPak pak cache file ../../../../../../Users/Richa/Desktop/GalaxyGang/DerivedDataCache/Compressed.ddp not found, will not use a pak cache.
[2018.03.02-17.11.43:886][  0]LogDerivedDataCache: Unable to find inner node CompressedPak for hierarchical cache Hierarchy.
[2018.03.02-17.11.43:923][  0]LogDerivedDataCache:Display: Pak cache opened for reading ../../../Engine/DerivedDataCache/Compressed.ddp.
[2018.03.02-17.11.43:936][  0]LogDerivedDataCache: Using Local data cache path C:/Users/Richa/AppData/Local/UnrealEngine/Common/DerivedDataCache: Writable
[2018.03.02-17.11.43:957][  0]LogSlate: Using Freetype 2.6.0
[2018.03.02-17.11.43:958][  0]LogSlate: SlateFontCache - WITH_FREETYPE: 1, WITH_HARFBUZZ: 1
[2018.03.02-17.11.43:958][  0]LogSlate: SlateFontCache - WITH_FREETYPE: 1, WITH_HARFBUZZ: 1
[2018.03.02-17.11.44:657][  0]LogInit: Selected Device Profile: [Windows]
[2018.03.02-17.11.44:661][  0]LogContentStreaming: Texture pool size is 0.00 MB
[2018.03.02-17.11.45:154][  0]LogMeshUtilities: Using QuadricMeshReduction for automatic static mesh reduction
[2018.03.02-17.11.45:254][  0]LogSimplygon: Simplygon DLL not present - disabling.
[2018.03.02-17.11.45:382][  0]LogMeshUtilities: Using SimplygonSwarm for distributed automatic mesh merging
[2018.03.02-17.11.45:382][  0]LogMeshUtilities: No automatic skeletal mesh reduction module available
[2018.03.02-17.11.45:382][  0]LogMeshUtilities: No automatic mesh merging module available
[2018.03.02-17.11.47:044][  0]LogNetVersion: GetLocalNetworkVersion: CL: 3299760, ProjectName: galaxyganggame, ProjectVersion: , EngineNetworkVersion: 2, GameNetworkVersion: 0, NetworkChecksum: 3878788453
[2018.03.02-17.11.47:137][  0]LogAssetRegistry: FAssetRegistry took 0.0233 seconds to start up
[2018.03.02-17.11.47:989][  0]LogPackageLocalizationCache: Processed 3 localized package path(s) for 2 prioritized culture(s) in 0.776114 seconds
[2018.03.02-17.11.47:997][  0]LogUObjectArray: 32493 objects as part of root set at end of initial load.
[2018.03.02-17.11.47:997][  0]LogUObjectAllocator: 7077024 out of 0 bytes used by permanent object pool.
[2018.03.02-17.11.47:997][  0]LogUObjectArray: CloseDisregardForGC: 0/0 objects in disregard for GC pool
[2018.03.02-17.11.48:128][  0]LogInit: WinSock: version 1.1 (2.2), MaxSocks=32767, MaxUdp=65467
[2018.03.02-17.11.51:864][  0]LogTcpMessaging: Initializing TcpMessaging bridge
[2018.03.02-17.11.51:936][  0]LogUdpMessaging: Initializing bridge on interface 0.0.0.0:0 to multicast group 230.0.0.1:6666.
[2018.03.02-17.11.52:863][  0]LogMaterial: Uniform references updated for custom material expression Custom.
[2018.03.02-17.11.53:657][  0]SourceControl: Info Source control is disabled
[2018.03.02-17.11.53:782][  0]SourceControl: Info Source control is disabled
[2018.03.02-17.11.53:879][  0]SourceControl: Info Source control is disabled
[2018.03.02-17.11.53:987][  0]SourceControl: Info Source control is disabled
[2018.03.02-17.11.56:591][  0]LogEngine: Initializing Engine...
[2018.03.02-17.11.56:592][  0]LogHMD: Failed to initialize OpenVR with code 110
[2018.03.02-17.11.56:833][  0]LogStats: UGameplayTagsManager::ConstructGameplayTagTree: Construct from data asset -  0.000 s
[2018.03.02-17.11.56:833][  0]LogStats: UGameplayTagsManager::ConstructGameplayTagTree: GameplayTagTreeChangedEvent.Broadcast -  0.000 s
[2018.03.02-17.11.57:090][  0]LogAIModule: Creating AISystem for world Untitled
[2018.03.02-17.11.57:125][  0]LogInit: XAudio2 using 'Speakers (Realtek High Definition Audio)' : 2 channels at 48 kHz using 32 bits per sample (channel mask 0x3)
[2018.03.02-17.11.57:400][  0]LogInit: FAudioDevice initialized.
[2018.03.02-17.11.57:466][  0]LogDerivedDataCache: Saved boot cache 0.07s 52MB C:/Users/Richa/AppData/Local/UnrealEngine/4.15/DerivedDataCache/Boot.ddc.
[2018.03.02-17.11.57:477][  0]LogInit: Texture streaming: Enabled
[2018.03.02-17.11.57:704][  0]LogEngineSessionManager: EngineSessionManager initialized
[2018.03.02-17.11.57:907][  0]LogInit: Transaction tracking system initialized
[2018.03.02-17.11.58:654][  0]BlueprintLog: New page: Editor Load
[2018.03.02-17.12.00:623][  0]LocalizationService: Info Localization service is disabled
[2018.03.02-17.12.02:119][  0]LogConsoleResponse:Display: 
[2018.03.02-17.12.02:528][  0]LogCook:Display: Max memory allowance for cook 16384mb min free memory 0mb
[2018.03.02-17.12.02:528][  0]LogCook:Display: Mobile HDR setting 1
[2018.03.02-17.12.03:118][  0]LogFileCache: Scanning file cache for directory 'C:/Users/Richa/Desktop/GalaxyGang/Content/' took 0.61s
[2018.03.02-17.12.05:104][  0]SourceControl: Info Source control is disabled
[2018.03.02-17.12.05:106][  0]Cmd: MAP LOAD FILE="../../../../../../Users/Richa/Desktop/GalaxyGang/Content/GalaxyGangGame/Levels/Galaxy_Of_Dreams+Home_Fountain_Island.umap" TEMPLATE=0 SHOWPROGRESS=1 FEATURELEVEL=3
[2018.03.02-17.12.05:107][  0]LogEditorServer:Warning: Can't find file '../../../../../../Users/Richa/Desktop/GalaxyGang/Content/GalaxyGangGame/Levels/Galaxy_Of_Dreams+Home_Fountain_Island.umap'
[2018.03.02-17.12.05:107][  0]Cmd: MAP CHECKDEP NOCLEARLOG
[2018.03.02-17.12.05:183][  0]MapCheck: Info Map check complete: 0 Error(s), 0 Warning(s), took 74.954ms to complete.
[2018.03.02-17.12.05:183][  0]LogFileHelpers: Loading map 'Galaxy_Of_Dreams+Home_Fountain_Island' took 0.077
[2018.03.02-17.12.05:308][  0]LogWindowsTextInputMethodSystem:Display: IME system now deactivated.
[2018.03.02-17.12.05:308][  0]LogWindowsTextInputMethodSystem:Display: IME system now deactivated.
[2018.03.02-17.12.05:735][  0]LogCollectionManager: Loaded 0 collections in 0.025430 seconds
[2018.03.02-17.12.05:956][  0]LogFileCache: Scanning file cache for directory 'C:/Users/Richa/Desktop/GalaxyGang/Saved/Collections/' took 0.01s
[2018.03.02-17.12.05:956][  0]LogFileCache: Scanning file cache for directory 'C:/Users/Richa/Desktop/GalaxyGang/Content/Developers/Richa/Collections/' took 0.01s
[2018.03.02-17.12.05:956][  0]LogFileCache: Scanning file cache for directory 'C:/Users/Richa/Desktop/GalaxyGang/Content/Collections/' took 0.01s
[2018.03.02-17.12.05:956][  0]LogCollectionManager: Rebuilt the GUID cache for 0 collections in 0.000010 seconds
[2018.03.02-17.12.05:972][  0]LogContentBrowser: Native class hierarchy populated in 0.0117 seconds. Added 2245 classes and 453 folders.
[2018.03.02-17.12.06:238][  0]LogContentBrowser: Native class hierarchy updated for 'WidgetCarousel' in 0.0006 seconds. Added 0 classes and 0 folders.
[2018.03.02-17.12.08:836][  0]LogContentBrowser: Native class hierarchy updated for 'AddContentDialog' in 0.0007 seconds. Added 0 classes and 0 folders.
[2018.03.02-17.12.09:553][  0]LogContentBrowser: Native class hierarchy updated for 'SceneOutliner' in 0.0007 seconds. Added 1 classes and 2 folders.
[2018.03.02-17.12.10:280][  0]LogCrashTracker: Crashtracker disabled due to settings.
[2018.03.02-17.12.10:359][  0]LogUObjectGlobals:Warning: Failed to find object 'Class None.'
[2018.03.02-17.12.10:496][  0]LogContentBrowser: Native class hierarchy updated for 'HierarchicalLODOutliner' in 0.0006 seconds. Added 1 classes and 2 folders.
[2018.03.02-17.12.10:497][  0]LogLoad: (Engine Initialization) Total time: 44.94 seconds
[2018.03.02-17.12.10:497][  0]LogLoad: (Engine Initialization) Total Blueprint compile time: 0.12 seconds
[2018.03.02-17.12.10:497][  0]LogExternalProfiler: No external profilers were discovered.  External profiling features will not be available.
[2018.03.02-17.12.10:520][  0]LogOcInput: OculusInput pre-init called
[2018.03.02-17.12.10:716][  0]LogContentStreaming: Texture pool size now 1000 MB
[2018.03.02-17.12.10:717][  0]LogSlate: Took 0.000259 seconds to synchronously load lazily loaded font '../../../Engine/Content/Slate/Fonts/Roboto-Regular.ttf' (155K)
[2018.03.02-17.12.10:783][  0]LogSlate: Took 0.061607 seconds to synchronously load lazily loaded font '../../../Engine/Content/Editor/Slate/Fonts/FontAwesome.ttf' (139K)
[2018.03.02-17.12.10:818][  0]LogSlate: Took 0.001193 seconds to synchronously load lazily loaded font '../../../Engine/Content/Slate/Fonts/Roboto-Bold.ttf' (160K)
[2018.03.02-17.12.11:171][  0]LogRenderer: Reallocating scene render targets to support 740x708 NumSamples 1 (Frame:2).
[2018.03.02-17.12.17:110][  6]LogAssetRegistry: Asset discovery search completed in 29.9955 seconds
[2018.03.02-17.12.17:110][  6]LogCollectionManager: Rebuilt the object cache for 0 collections in 0.000009 seconds (found 0 objects)
[2018.03.02-17.12.17:110][  6]LogCollectionManager: Fixed up redirectors for 0 collections in 0.000028 seconds (updated 0 objects)
[2018.03.02-17.12.20:304][ 22]LogSlate: Took 0.154987 seconds to synchronously load lazily loaded font '../../../Engine/Content/Slate/Fonts/Roboto-Light.ttf' (159K)
[2018.03.02-17.13.03:143][297]LogSlate: Took 0.000227 seconds to synchronously load lazily loaded font '../../../Engine/Content/Slate/Fonts/Roboto-Light.ttf' (159K)
[2018.03.02-17.13.04:169][297]LogSlate: Took 0.002154 seconds to synchronously load lazily loaded font '../../../Engine/Content/Slate/Fonts/Roboto-Regular.ttf' (155K)
[2018.03.02-17.13.07:847][297]LogBlueprint:Warning: [CharacterDanny1_old] 'CurrentHealth' variable not found. Base class was probably changed.
[2018.03.02-17.13.07:847][297]LogBlueprint:Warning: [CharacterDanny1_old] 'CurrentHealth' variable not found. Base class was probably changed.
[2018.03.02-17.13.07:858][297]LogBlueprint:Warning: [CharacterDanny1_old] 'Resume_Button' variable not found. Base class was probably changed.
[2018.03.02-17.13.08:273][297]LogBlueprint:Warning: [CharacterDanny] 'CurrentHealth' variable not found. Base class was probably changed.
[2018.03.02-17.13.08:273][297]LogBlueprint:Warning: [CharacterDanny] 'CurrentHealth' variable not found. Base class was probably changed.
[2018.03.02-17.13.08:276][297]LogBlueprint:Warning: [CharacterDanny] 'Resume_Button' variable not found. Base class was probably changed.
[2018.03.02-17.13.09:105][297]LogBlueprint:Warning: [MainHUD] 'MaxHealth' variable not found. Base class was probably changed.
[2018.03.02-17.13.09:108][297]LogBlueprint:Warning: [MainHUD] 'DannyHealthImage' variable not found. Base class was probably changed.
[2018.03.02-17.13.09:109][297]LogBlueprint:Warning: [MainHUD] 'Percentage' variable not found. Base class was probably changed.
[2018.03.02-17.13.09:109][297]LogBlueprint:Warning: [MainHUD] 'Health' variable not found. Base class was probably changed.
[2018.03.02-17.13.24:054][297]LogAIModule: Creating AISystem for world CinnamonMoon
[2018.03.02-17.13.24:325][297]Cmd: MAP LOAD FILE="../../../../../../Users/Richa/Desktop/GalaxyGang/Content/Levels/W03_DryMoons/CinnamonMoon.umap" TEMPLATE=0 SHOWPROGRESS=1 FEATURELEVEL=3
[2018.03.02-17.13.24:325][297]LightingResults: New page: Lighting Build
[2018.03.02-17.13.24:406][297]LogContentBrowser: Native class hierarchy updated for 'StatsViewer' in 0.0006 seconds. Added 5 classes and 0 folders.
[2018.03.02-17.13.24:408][297]LoadErrors: New page: Loading map: CinnamonMoon.umap
[2018.03.02-17.13.24:409][297]MapCheck: New page: Map Check
[2018.03.02-17.13.24:409][297]LightingResults: New page: Lighting Build
[2018.03.02-17.13.38:912][297]LogEditorServer: Finished looking for orphan Actors (0.000 secs)
[2018.03.02-17.13.39:001][297]Cmd: MAP CHECKDEP NOCLEARLOG
[2018.03.02-17.13.39:129][297]MapCheck: Info Map check complete: 0 Error(s), 0 Warning(s), took 128.314ms to complete.
[2018.03.02-17.13.39:131][297]LogFileHelpers: Loading map 'CinnamonMoon' took 14.809
[2018.03.02-17.14.21:542][716]LogEditorViewport: Clicking on Actor (LMB): StaticMeshActor (GREYBOX_PATH1)
[2018.03.02-17.14.24:293][716]Cmd: CAMERA ALIGN ACTIVEVIEWPORTONLY
[2018.03.02-17.14.24:708][716]LogEditorViewport: Clicking on Actor (LMB): StaticMeshActor (GREYBOX_PATH1)
[2018.03.02-17.14.25:869][717]LogEditorViewport: Clicking on Actor (LMB): Landscape (Landscape3)
[2018.03.02-17.14.28:468][719]Cmd: CAMERA ALIGN ACTIVEVIEWPORTONLY
[2018.03.02-17.14.29:966][735]Cmd: CAMERA ALIGN ACTIVEVIEWPORTONLY
[2018.03.02-17.14.34:419][800]LogEditorViewport: Clicking on Actor (LMB): StaticMeshActor (GREYBOX_PATH1)
[2018.03.02-17.14.35:940][801]Cmd: CAMERA ALIGN ACTIVEVIEWPORTONLY
[2018.03.02-17.14.37:645][830]LogEditorViewport: Clicking on Actor (LMB): StaticMeshActor (GREYBOX_PATH1)
[2018.03.02-17.14.40:217][872]LogEditorViewport: Clicking on Actor (LMB): StaticMeshActor (GREYBOX_PATH1)
[2018.03.02-17.14.41:682][888]LogEditorViewport: Clicking on Actor (LMB): StaticMeshActor (Poptart2)
[2018.03.02-17.14.41:909][888]LogEditorViewport: Clicking on Actor (LMB): StaticMeshActor (Poptart2)
[2018.03.02-17.14.42:883][898]Cmd: CAMERA ALIGN ACTIVEVIEWPORTONLY
[2018.03.02-17.14.46:275][928]LogEditorViewport: Clicking on Actor (LMB): StaticMeshActor (Poptart7)
[2018.03.02-17.14.47:043][935]Cmd: CAMERA ALIGN ACTIVEVIEWPORTONLY
[2018.03.02-17.14.52:495][994]LogEditorViewport: Clicking on Actor (LMB): StaticMeshActor (IceCream2)
[2018.03.02-17.14.53:568][ 11]LogEditorViewport: Clicking on Actor (LMB): StaticMeshActor (GREYBOX_PATH1)
[2018.03.02-17.14.55:018][ 20]LogEditorViewport: Clicking on Actor (LMB): StaticMeshActor (IceCream2)
[2018.03.02-17.14.55:216][ 20]LogEditorViewport: Clicking on Component (LMB): StaticMeshComponent (StaticMeshComponent0)
[2018.03.02-17.14.56:773][ 49]LogFileCache: Retrieving MD5 hashes for directory 'C:/Users/Richa/Desktop/GalaxyGang/Content/' took 166.24s
[2018.03.02-17.14.57:865][ 74]Cmd: CAMERA ALIGN ACTIVEVIEWPORTONLY
[2018.03.02-17.25.56:165][522]LogSlate: Took 0.000392 seconds to synchronously load lazily loaded font '../../../Engine/Content/Slate/Fonts/Roboto-Light.ttf' (159K)
[2018.03.02-17.26.01:527][548]AssetReimport: New page: Outstanding source content changes 5:26:01 AM
[2018.03.02-17.26.01:671][549]LogFactory: FactoryCreateFile: StaticMesh with FbxFactory (0 0 C:/Users/Richa/Desktop/GalaxyGang/Content/Environments/DryMoons/MeshesForBPMod/SyrupRiver.FBX)
[2018.03.02-17.26.01:905][549]LogFbx: ItemName: GlobalSettings, ItemCount : 1
[2018.03.02-17.26.01:905][549]LogFbx: ItemName: AnimationStack, ItemCount : 1
[2018.03.02-17.26.01:905][549]LogFbx: ItemName: AnimationLayer, ItemCount : 1
[2018.03.02-17.26.01:905][549]LogFbx: ItemName: Model, ItemCount : 1
[2018.03.02-17.26.01:906][549]LogFbx: ItemName: Geometry, ItemCount : 1
[2018.03.02-17.26.01:931][549]LogFbx: Loading FBX Scene from C:/Users/Richa/Desktop/GalaxyGang/Content/Environments/DryMoons/MeshesForBPMod/SyrupRiver.FBX
[2018.03.02-17.26.01:983][549]LogFbx: FBX Scene Loaded Succesfully
[2018.03.02-17.26.05:113][549]LogFbx: Loading FBX Scene from C:/Users/Richa/Desktop/GalaxyGang/Content/Environments/DryMoons/MeshesForBPMod/SyrupRiver.FBX
[2018.03.02-17.26.05:134][549]LogFbx: FBX Scene Loaded Succesfully
[2018.03.02-17.26.05:351][549]LogStaticMesh: Building static mesh SyrupRiver...
[2018.03.02-17.26.05:467][549]LogStaticMesh: Built static mesh [0.13s] /Game/Environments/DryMoons/MeshesForBPMod/SyrupRiver.SyrupRiver
[2018.03.02-17.26.37:771][549]LogMeshUtilities: Finished distance field build in 32.3s - 64x64x64 distance field, 198 triangles
[2018.03.02-17.26.38:974][550]LogSavePackage: Save=98.97ms
[2018.03.02-17.26.38:974][550]LogSavePackage: Moving '../../../../../../Users/Richa/Desktop/GalaxyGang/Saved/SyrupRiver7F5AD74048F1079E8AC37B9C36743C7A.tmp' to '../../../../../../Users/Richa/Desktop/GalaxyGang/Content/Environments/DryMoons/MeshesForBPMod/SyrupRiver.uasset'
[2018.03.02-17.26.39:040][550]LogSavePackage:Display: Finished SavePackage ../../../../../../Users/Richa/Desktop/GalaxyGang/Content/Environments/DryMoons/MeshesForBPMod/SyrupRiver.uasset
[2018.03.02-17.26.42:086][605]AssetReimport: Info Importing new asset /Game/Environments/DryMoons/MeshesForBPMod/SyrupRiver.
[2018.03.02-17.27.29:319][220]LogRenderer: Reallocating scene render targets to support 760x708 NumSamples 1 (Frame:5251).
[2018.03.02-17.27.29:319][220]LogStaticMesh: Allocated Allocated 479x150x64 distance field atlas = 8.8Mb
[2018.03.02-17.27.40:269][285]LogSavePackage: Save=14.96ms
[2018.03.02-17.27.40:269][285]LogSavePackage: Moving '../../../../../../Users/Richa/Desktop/GalaxyGang/Saved/SyrupRiver97EB2DAC44B5659D82D87D8824FC01A1.tmp' to '../../../../../../Users/Richa/Desktop/GalaxyGang/Content/Environments/DryMoons/MeshesForBPMod/SyrupRiver.uasset'
[2018.03.02-17.27.40:284][285]LogSavePackage:Display: Finished SavePackage ../../../../../../Users/Richa/Desktop/GalaxyGang/Content/Environments/DryMoons/MeshesForBPMod/SyrupRiver.uasset
[2018.03.02-17.27.43:230][302]LogActorFactory: Actor Factory created SyrupRiver
[2018.03.02-17.27.44:554][320]LogActorFactory: Actor Factory created SyrupRiver
[2018.03.02-17.27.45:689][342]Cmd: CAMERA ALIGN ACTIVEVIEWPORTONLY
[2018.03.02-17.27.58:896][600]Cmd: CAMERA ALIGN ACTIVEVIEWPORTONLY
[2018.03.02-17.28.43:340][524]LogTemp: Repeting last play command: Selected Viewport
[2018.03.02-17.28.43:490][524]LogPlayLevel: PlayLevel: No blueprints needed recompiling
[2018.03.02-17.28.43:668][524]PIE: New page: PIE session: CinnamonMoon (Mar 2, 2018, 5:28:43 AM)
[2018.03.02-17.28.43:714][524]LogPlayLevel: Creating play world package: /Game/Levels/W03_DryMoons/UEDPIE_0_CinnamonMoon
[2018.03.02-17.28.43:861][524]LogPlayLevel: PIE: StaticDuplicateObject took: (0.146421s)
[2018.03.02-17.28.43:862][524]LogAIModule: Creating AISystem for world CinnamonMoon
[2018.03.02-17.28.43:863][524]LogPlayLevel: PIE: World Init took: (0.001170s)
[2018.03.02-17.28.43:875][524]LogPlayLevel: PIE: Created PIE world by copying editor world from /Game/Levels/W03_DryMoons/CinnamonMoon.CinnamonMoon to /Game/Levels/W03_DryMoons/UEDPIE_0_CinnamonMoon.CinnamonMoon (0.188404s)
[2018.03.02-17.28.44:065][524]LogInit: XAudio2 using 'Speakers (Realtek High Definition Audio)' : 2 channels at 48 kHz using 32 bits per sample (channel mask 0x3)
[2018.03.02-17.28.44:099][524]LogInit: FAudioDevice initialized.
[2018.03.02-17.28.44:484][524]LogLoad: Game class is 'ThirdPersonGameMode_C'
[2018.03.02-17.28.45:349][524]LogWorld: Bringing World /Game/Levels/W03_DryMoons/UEDPIE_0_CinnamonMoon.CinnamonMoon up for play (max tick rate 60) at 2018.03.02-11.28.45
[2018.03.02-17.28.45:475][524]LogWorld: Bringing up level for play took: 0.135245
[2018.03.02-17.28.46:216][524]LogContentBrowser: Native class hierarchy updated for 'MovieSceneCapture' in 0.0009 seconds. Added 11 classes and 0 folders.
[2018.03.02-17.28.46:219][524]LogGameMode:Display: Match State Changed from EnteringMap to WaitingToStart
[2018.03.02-17.28.46:219][524]LogGameState: Match State Changed from EnteringMap to WaitingToStart
[2018.03.02-17.28.46:219][524]LogGameMode:Display: Match State Changed from WaitingToStart to InProgress
[2018.03.02-17.28.46:689][524]LogGameState: Match State Changed from WaitingToStart to InProgress
[2018.03.02-17.28.46:753][524]PIE: Info Play in editor start time for /Game/Levels/W03_DryMoons/UEDPIE_0_CinnamonMoon 3.952
[2018.03.02-17.29.02:739][896]LogEditorViewport: Clicking on Actor (LMB): StaticMeshActor (SyrupRiver)
[2018.03.02-17.29.19:577][204]Cmd: TRANSACTION UNDO
[2018.03.02-17.29.19:577][204]LogEditorTransaction: Undo Set actor scale
[2018.03.02-17.29.26:922][351]LogEditorViewport: Clicking on Actor (LMB): StaticMeshActor (GREYBOX_PATH1)
[2018.03.02-17.29.29:522][399]LogEditorViewport: Clicking on Actor (LMB): StaticMeshActor (SyrupRiver)
[2018.03.02-17.32.03:351][210]AssetReimport: New page: Outstanding source content changes 5:32:03 AM
[2018.03.02-17.32.03:530][211]LogEditorFactories: Performing atomic reimport of [C:/Users/Richa/Desktop/GalaxyGang/Content/Environments/DryMoons/MeshesForBPMod/SyrupRiver.FBX]
[2018.03.02-17.32.03:541][211]LogFbx: Loading FBX Scene from C:/Users/Richa/Desktop/GalaxyGang/Content/Environments/DryMoons/MeshesForBPMod/SyrupRiver.FBX
[2018.03.02-17.32.03:549][211]LogFbx: FBX Scene Loaded Succesfully
[2018.03.02-17.32.03:689][211]LogStaticMesh: Building static mesh SyrupRiver...
[2018.03.02-17.32.03:718][211]LogStaticMesh: Built static mesh [0.04s] /Game/Environments/DryMoons/MeshesForBPMod/SyrupRiver.SyrupRiver
[2018.03.02-17.32.04:036][211]LogEditorFactories: -- imported successfully
[2018.03.02-17.32.35:001][211]LogMeshUtilities: Finished distance field build in 31.2s - 64x64x64 distance field, 216 triangles
[2018.03.02-17.32.35:295][212]LogSavePackage: Save=49.45ms
[2018.03.02-17.32.35:295][212]LogSavePackage: Moving '../../../../../../Users/Richa/Desktop/GalaxyGang/Saved/SyrupRiver86694B5E46F002E15D619082925F049F.tmp' to '../../../../../../Users/Richa/Desktop/GalaxyGang/Content/Environments/DryMoons/MeshesForBPMod/SyrupRiver.uasset'
[2018.03.02-17.32.35:300][212]LogSavePackage:Display: Finished SavePackage ../../../../../../Users/Richa/Desktop/GalaxyGang/Content/Environments/DryMoons/MeshesForBPMod/SyrupRiver.uasset
[2018.03.02-17.32.38:310][278]AssetReimport: Info Reimported asset SyrupRiver from C:/Users/Richa/Desktop/GalaxyGang/Content/Environments/DryMoons/MeshesForBPMod/SyrupRiver.FBX.
[2018.03.02-17.34.10:351][394]LogTemp: Repeting last play command: Selected Viewport
[2018.03.02-17.34.10:409][394]LogPlayLevel: PlayLevel: No blueprints needed recompiling
[2018.03.02-17.34.10:410][394]PIE: New page: PIE session: CinnamonMoon (Mar 2, 2018, 5:34:10 AM)
[2018.03.02-17.34.10:410][394]LogPlayLevel: Creating play world package: /Game/Levels/W03_DryMoons/UEDPIE_0_CinnamonMoon
[2018.03.02-17.34.10:462][394]LogPlayLevel: PIE: StaticDuplicateObject took: (0.051442s)
[2018.03.02-17.34.10:468][394]LogAIModule: Creating AISystem for world CinnamonMoon
[2018.03.02-17.34.10:470][394]LogPlayLevel: PIE: World Init took: (0.008624s)
[2018.03.02-17.34.10:471][394]LogPlayLevel: PIE: Created PIE world by copying editor world from /Game/Levels/W03_DryMoons/CinnamonMoon.CinnamonMoon to /Game/Levels/W03_DryMoons/UEDPIE_0_CinnamonMoon.CinnamonMoon (0.061131s)
[2018.03.02-17.34.10:541][394]LogInit: XAudio2 using 'Speakers (Realtek High Definition Audio)' : 2 channels at 48 kHz using 32 bits per sample (channel mask 0x3)
[2018.03.02-17.34.10:580][394]LogInit: FAudioDevice initialized.
[2018.03.02-17.34.10:620][394]LogLoad: Game class is 'ThirdPersonGameMode_C'
[2018.03.02-17.34.10:627][394]LogWorld: Bringing World /Game/Levels/W03_DryMoons/UEDPIE_0_CinnamonMoon.CinnamonMoon up for play (max tick rate 60) at 2018.03.02-11.34.10
[2018.03.02-17.34.10:627][394]LogWorld: Bringing up level for play took: 0.006376
[2018.03.02-17.34.10:629][394]LogGameMode:Display: Match State Changed from EnteringMap to WaitingToStart
[2018.03.02-17.34.10:629][394]LogGameState: Match State Changed from EnteringMap to WaitingToStart
[2018.03.02-17.34.10:629][394]LogGameMode:Display: Match State Changed from WaitingToStart to InProgress
[2018.03.02-17.34.10:667][394]LogGameState: Match State Changed from WaitingToStart to InProgress
[2018.03.02-17.34.10:667][394]PIE: Info Play in editor start time for /Game/Levels/W03_DryMoons/UEDPIE_0_CinnamonMoon -0.134
[2018.03.02-17.34.30:078][914]LogTemp: Repeting last play command: Selected Viewport
[2018.03.02-17.34.30:123][914]LogPlayLevel: PlayLevel: No blueprints needed recompiling
[2018.03.02-17.34.30:124][914]PIE: New page: PIE session: CinnamonMoon (Mar 2, 2018, 5:34:30 AM)
[2018.03.02-17.34.30:124][914]LogPlayLevel: Creating play world package: /Game/Levels/W03_DryMoons/UEDPIE_0_CinnamonMoon
[2018.03.02-17.34.30:213][914]LogPlayLevel: PIE: StaticDuplicateObject took: (0.089020s)
[2018.03.02-17.34.30:220][914]LogAIModule: Creating AISystem for world CinnamonMoon
[2018.03.02-17.34.30:220][914]LogPlayLevel: PIE: World Init took: (0.006491s)
[2018.03.02-17.34.30:220][914]LogPlayLevel: PIE: Created PIE world by copying editor world from /Game/Levels/W03_DryMoons/CinnamonMoon.CinnamonMoon to /Game/Levels/W03_DryMoons/UEDPIE_0_CinnamonMoon.CinnamonMoon (0.096040s)
[2018.03.02-17.34.30:273][914]LogInit: XAudio2 using 'Speakers (Realtek High Definition Audio)' : 2 channels at 48 kHz using 32 bits per sample (channel mask 0x3)
[2018.03.02-17.34.30:304][914]LogInit: FAudioDevice initialized.
[2018.03.02-17.34.30:341][914]LogLoad: Game class is 'ThirdPersonGameMode_C'
[2018.03.02-17.34.30:350][914]LogWorld: Bringing World /Game/Levels/W03_DryMoons/UEDPIE_0_CinnamonMoon.CinnamonMoon up for play (max tick rate 60) at 2018.03.02-11.34.30
[2018.03.02-17.34.30:350][914]LogWorld: Bringing up level for play took: 0.008045
[2018.03.02-17.34.30:356][914]LogGameMode:Display: Match State Changed from EnteringMap to WaitingToStart
[2018.03.02-17.34.30:356][914]LogGameState: Match State Changed from EnteringMap to WaitingToStart
[2018.03.02-17.34.30:356][914]LogGameMode:Display: Match State Changed from WaitingToStart to InProgress
[2018.03.02-17.34.30:366][914]LogGameState: Match State Changed from WaitingToStart to InProgress
[2018.03.02-17.34.30:366][914]PIE: Info Play in editor start time for /Game/Levels/W03_DryMoons/UEDPIE_0_CinnamonMoon -0.435
[2018.03.02-17.34.44:765][295]LogEditorViewport: Clicking on Actor (LMB): StaticMeshActor (SyrupRiver)
[2018.03.02-17.34.52:390][456]Cmd: TRANSACTION UNDO
[2018.03.02-17.34.52:391][456]LogEditorTransaction: Undo Move Actors
[2018.03.02-17.34.54:866][500]Cmd: CAMERA ALIGN ACTIVEVIEWPORTONLY
[2018.03.02-17.34.56:379][530]LogEditorViewport: Clicking on Actor (LMB): StaticMeshActor (IceCream2)
[2018.03.02-17.34.56:811][533]Cmd: CAMERA ALIGN ACTIVEVIEWPORTONLY
[2018.03.02-17.35.02:337][651]LogEditorViewport: Clicking on Actor (LMB): StaticMeshActor (IceCream)
[2018.03.02-17.35.03:391][672]LogEditorViewport: Clicking on Actor (CTRL LMB): StaticMeshActor (Poptart3)
[2018.03.02-17.35.04:322][688]LogEditorViewport: Clicking on Actor (CTRL LMB): StaticMeshActor (Poptart4)
[2018.03.02-17.35.04:950][698]LogEditorViewport: Clicking on Actor (CTRL LMB): StaticMeshActor (Poptart5)
[2018.03.02-17.35.06:037][719]LogEditorViewport: Clicking on Actor (CTRL LMB): StaticMeshActor (Poptart7)
[2018.03.02-17.35.06:642][729]LogEditorViewport: Clicking on Actor (CTRL LMB): StaticMeshActor (Poptart6)
[2018.03.02-17.35.07:224][738]LogEditorViewport: Clicking on Actor (CTRL LMB): StaticMeshActor (Poptart)
[2018.03.02-17.35.07:783][747]LogEditorViewport: Clicking on Actor (CTRL LMB): StaticMeshActor (Poptart2)
[2018.03.02-17.35.08:399][757]LogEditorViewport: Clicking on Actor (CTRL LMB): StaticMeshActor (IceCream2)
[2018.03.02-17.35.09:043][767]LogEditorViewport: Clicking on Actor (CTRL LMB): StaticMeshActor (PixieStixGate2)
[2018.03.02-17.35.12:728][845]LogEditorViewport: Clicking on Actor (CTRL LMB): StaticMeshActor (SyrupRiver)
[2018.03.02-17.35.13:500][859]Cmd: TRANSACTION UNDO
[2018.03.02-17.35.13:500][859]LogEditorTransaction: Undo Clicking on Actors
[2018.03.02-17.35.21:456][ 23]LogEditorViewport: Clicking on Actor (LMB): StaticMeshActor (SyrupRiver)
[2018.03.02-17.35.47:980][571]LogEditorViewport: Clicking on Actor (LMB): StaticMeshActor (IceCream2)
[2018.03.02-17.36.06:868][986]LogEditorViewport: Clicking on Actor (LMB): StaticMeshActor (Poptart3)
[2018.03.02-17.36.07:865][  1]LogEditorViewport: Clicking on Actor (CTRL LMB): StaticMeshActor (Poptart4)
[2018.03.02-17.36.08:667][ 15]LogEditorViewport: Clicking on Actor (CTRL LMB): StaticMeshActor (Poptart5)
[2018.03.02-17.36.25:722][334]LogTexture:Display: Building textures: Texture2D_2 (G8, 128X128) - 149 MB total VRAM
[2018.03.02-17.36.42:081][679]LogTexture:Display: Building textures: Texture2D_6_BaseColor (BGRA8, 16X16) - 149 MB total VRAM
[2018.03.02-17.36.49:869][846]LogTexture:Display: Building textures: Texture2D_6_BaseColor (BGRA8, 16X16) - 149 MB total VRAM
[2018.03.02-17.36.49:957][847]LogTexture:Display: Building textures: Texture2D_7_BaseColor (BGRA8, 2X2) - 149 MB total VRAM
[2018.03.02-17.36.50:205][848]LogTexture:Display: Building textures: Texture2D_8_BaseColor (BGRA8, 2X2) - 149 MB total VRAM
[2018.03.02-17.36.50:302][849]LogTexture:Display: Building textures: Texture2D_9_BaseColor (BGRA8, 2X2) - 149 MB total VRAM
[2018.03.02-17.36.50:420][850]LogTexture:Display: Building textures: Texture2D_12_BaseColor (BGRA8, 2X2) - 149 MB total VRAM
[2018.03.02-17.36.50:615][851]LogTexture:Display: Building textures: Texture2D_13_BaseColor (BGRA8, 2X2) - 149 MB total VRAM
[2018.03.02-17.36.50:709][852]LogTexture:Display: Building textures: Texture2D_14_BaseColor (BGRA8, 2X2) - 149 MB total VRAM
[2018.03.02-17.36.50:804][853]LogTexture:Display: Building textures: Texture2D_15_BaseColor (BGRA8, 2X2) - 149 MB total VRAM
[2018.03.02-17.36.50:901][854]LogTexture:Display: Building textures: Texture2D_24_BaseColor (BGRA8, 2X2) - 149 MB total VRAM
[2018.03.02-17.36.51:044][855]LogTexture:Display: Building textures: Texture2D_25_BaseColor (BGRA8, 2X2) - 149 MB total VRAM
[2018.03.02-17.36.51:136][856]LogTexture:Display: Building textures: Texture2D_26_BaseColor (BGRA8, 2X2) - 149 MB total VRAM
[2018.03.02-17.36.51:261][857]LogTexture:Display: Building textures: Texture2D_30_BaseColor (BGRA8, 2X2) - 149 MB total VRAM
[2018.03.02-17.36.51:417][858]LogTexture:Display: Building textures: Texture2D_33_BaseColor (BGRA8, 2X2) - 149 MB total VRAM
[2018.03.02-17.36.51:589][859]LogTexture:Display: Building textures: Texture2D_34_BaseColor (BGRA8, 2X2) - 149 MB total VRAM
[2018.03.02-17.36.51:728][860]LogTexture:Display: Building textures: Texture2D_35_BaseColor (BGRA8, 2X2) - 149 MB total VRAM
[2018.03.02-17.36.51:853][861]LogTexture:Display: Building textures: Texture2D_36_BaseColor (BGRA8, 2X2) - 149 MB total VRAM
[2018.03.02-17.36.51:950][862]LogTexture:Display: Building textures: Texture2D_37_BaseColor (BGRA8, 2X2) - 149 MB total VRAM
[2018.03.02-17.37.17:777][460]LogEditorViewport: Clicking on Actor (LMB): StaticMeshActor (Poptart2)
[2018.03.02-17.37.19:376][494]Cmd: CAMERA ALIGN ACTIVEVIEWPORTONLY
[2018.03.02-17.37.22:683][568]LogEditorViewport: Clicking on Actor (LMB): StaticMeshActor (Poptart)
[2018.03.02-17.37.25:017][618]Cmd: TRANSACTION UNDO
[2018.03.02-17.37.25:017][618]LogEditorTransaction: Undo Move Actors
[2018.03.02-17.37.29:976][719]Cmd: TRANSACTION UNDO
[2018.03.02-17.37.29:976][719]LogEditorTransaction: Undo Move Actors
[2018.03.02-17.37.30:423][724]LogEditorViewport: Clicking on Actor (LMB): StaticMeshActor (Poptart)
[2018.03.02-17.37.38:829][905]Cmd: CAMERA ALIGN ACTIVEVIEWPORTONLY
[2018.03.02-17.37.46:284][ 74]LogEditorViewport: Clicking on Actor (CTRL LMB): StaticMeshActor (Poptart)
[2018.03.02-17.37.46:723][ 81]LogEditorViewport: Clicking on Actor (CTRL LMB): StaticMeshActor (Poptart6)
[2018.03.02-17.37.47:292][ 92]LogEditorViewport: Clicking on Actor (CTRL LMB): StaticMeshActor (Poptart7)
[2018.03.02-17.37.54:240][250]LogEditorViewport: Clicking on Actor (LMB): StaticMeshActor (Poptart2)
[2018.03.02-17.37.59:680][372]Cmd: CAMERA ALIGN ACTIVEVIEWPORTONLY
[2018.03.02-17.43.05:335][604]AssetReimport: New page: Outstanding source content changes 5:43:05 AM
[2018.03.02-17.43.05:388][605]LogEditorFactories: Performing atomic reimport of [C:/Users/Richa/Desktop/GalaxyGang/Content/Environments/DryMoons/MeshesForBPMod/SyrupRiver.FBX]
[2018.03.02-17.43.05:420][605]LogFbx: Loading FBX Scene from C:/Users/Richa/Desktop/GalaxyGang/Content/Environments/DryMoons/MeshesForBPMod/SyrupRiver.FBX
[2018.03.02-17.43.05:451][605]LogFbx: FBX Scene Loaded Succesfully
[2018.03.02-17.43.05:639][605]LogStaticMesh: Building static mesh SyrupRiver...
[2018.03.02-17.43.05:670][605]LogStaticMesh: Built static mesh [0.03s] /Game/Environments/DryMoons/MeshesForBPMod/SyrupRiver.SyrupRiver
[2018.03.02-17.43.05:742][605]LogEditorFactories: -- imported successfully
[2018.03.02-17.43.39:561][605]LogMeshUtilities: Finished distance field build in 33.9s - 64x64x64 distance field, 244 triangles
[2018.03.02-17.43.39:901][606]LogSavePackage: Save=40.96ms
[2018.03.02-17.43.39:901][606]LogSavePackage: Moving '../../../../../../Users/Richa/Desktop/GalaxyGang/Saved/SyrupRiverD3EBC1F3449C6D996EE97AB249683063.tmp' to '../../../../../../Users/Richa/Desktop/GalaxyGang/Content/Environments/DryMoons/MeshesForBPMod/SyrupRiver.uasset'
[2018.03.02-17.43.39:907][606]LogSavePackage:Display: Finished SavePackage ../../../../../../Users/Richa/Desktop/GalaxyGang/Content/Environments/DryMoons/MeshesForBPMod/SyrupRiver.uasset
[2018.03.02-17.43.42:554][660]LogEditorViewport: Clicking on Actor (LMB): StaticMeshActor (SyrupRiver)
[2018.03.02-17.43.42:951][663]AssetReimport: Info Reimported asset SyrupRiver from C:/Users/Richa/Desktop/GalaxyGang/Content/Environments/DryMoons/MeshesForBPMod/SyrupRiver.FBX.
[2018.03.02-17.43.49:459][763]Cmd: CAMERA ALIGN ACTIVEVIEWPORTONLY
[2018.03.02-17.44.39:777][851]Cmd: TRANSACTION UNDO
[2018.03.02-17.44.39:777][851]LogEditorTransaction: Undo Move Actors
[2018.03.02-17.44.41:631][884]Cmd: TRANSACTION UNDO
[2018.03.02-17.44.41:631][884]LogEditorTransaction: Undo Move Actors
[2018.03.02-17.44.42:228][895]Cmd: TRANSACTION UNDO
[2018.03.02-17.44.42:228][895]LogEditorTransaction: Undo Move Actors
[2018.03.02-17.44.44:434][936]Cmd: TRANSACTION UNDO
[2018.03.02-17.44.44:434][936]LogEditorTransaction: Undo Move Actors
[2018.03.02-17.44.45:610][958]Cmd: TRANSACTION UNDO
[2018.03.02-17.44.45:610][958]LogEditorTransaction: Undo Move Actors
[2018.03.02-17.44.47:054][985]Cmd: TRANSACTION UNDO
[2018.03.02-17.44.47:054][985]LogEditorTransaction: Undo Move Actors
[2018.03.02-17.44.48:126][  5]Cmd: TRANSACTION UNDO
[2018.03.02-17.44.48:127][  5]LogEditorTransaction: Undo Set actor scale
[2018.03.02-17.44.51:024][ 60]Cmd: TRANSACTION REDO
[2018.03.02-17.44.51:025][ 60]LogEditorTransaction: Redo Set actor scale
[2018.03.02-17.44.52:762][ 95]LogEditorViewport: Clicking on Actor (LMB): StaticMeshActor (SyrupRiver)
[2018.03.02-17.45.28:430][813]LogEditorViewport: Clicking on Actor (LMB): StaticMeshActor (Poptart4)
[2018.03.02-17.45.31:226][866]Cmd: CAMERA ALIGN ACTIVEVIEWPORTONLY
[2018.03.02-17.45.33:944][923]LogEditorViewport: Clicking on Actor (LMB): StaticMeshActor (Poptart3)
[2018.03.02-17.45.35:298][948]LogEditorViewport: Clicking on Actor (CTRL LMB): StaticMeshActor (Poptart5)
[2018.03.02-17.45.35:763][953]LogEditorViewport: Clicking on Actor (CTRL LMB): StaticMeshActor (Poptart4)
[2018.03.02-17.45.39:564][ 36]LogEditorViewport: Clicking on Actor (LMB): StaticMeshActor (SyrupRiver)
[2018.03.02-17.46.00:278][409]Cmd: TRANSACTION UNDO
[2018.03.02-17.46.00:278][409]LogEditorTransaction: Undo Move Actors
[2018.03.02-17.46.02:298][435]LogEditorViewport: Clicking on Actor (LMB): StaticMeshActor (SyrupRiver)
[2018.03.02-17.46.05:527][468]LogEditorViewport: Clicking on Actor (LMB): StaticMeshActor (SyrupRiver)
[2018.03.02-17.46.07:882][516]Cmd: TRANSACTION UNDO
[2018.03.02-17.46.07:882][516]LogEditorTransaction: Undo Move Actors
[2018.03.02-17.46.12:180][592]LogEditorViewport: Clicking on Actor (LMB): StaticMeshActor (Poptart3)
[2018.03.02-17.46.12:397][592]Cmd: CAMERA ALIGN ACTIVEVIEWPORTONLY
[2018.03.02-17.46.15:648][655]LogEditorViewport: Clicking on Actor (CTRL LMB): StaticMeshActor (Poptart4)
[2018.03.02-17.46.16:213][661]LogEditorViewport: Clicking on Actor (CTRL LMB): StaticMeshActor (Poptart5)
[2018.03.02-17.46.32:394][ 24]LogEditorViewport: Clicking on Actor (LMB): StaticMeshActor (IceCream)
[2018.03.02-17.46.37:279][135]LogEditorViewport: Clicking on Actor (LMB): StaticMeshActor (SyrupRiver)
[2018.03.02-17.46.38:954][169]LogEditorViewport: Clicking on Actor (LMB): StaticMeshActor (PixieStixGate2)
[2018.03.02-17.46.42:989][258]Cmd: CAMERA ALIGN ACTIVEVIEWPORTONLY
[2018.03.02-17.46.51:969][462]LogEditorViewport: Clicking on Actor (LMB): StaticMeshActor (Poptart3)
[2018.03.02-17.47.09:435][856]Cmd: CAMERA ALIGN ACTIVEVIEWPORTONLY
[2018.03.02-17.47.15:951][999]LogEditorViewport: Clicking on Actor (CTRL LMB): StaticMeshActor (Poptart3)
[2018.03.02-17.47.16:310][  3]LogEditorViewport: Clicking on Actor (CTRL LMB): StaticMeshActor (Poptart4)
[2018.03.02-17.47.16:977][ 17]LogEditorViewport: Clicking on Actor (CTRL LMB): StaticMeshActor (Poptart5)
[2018.03.02-17.47.19:664][ 77]LogEditorViewport: Clicking on Actor (LMB): StaticMeshActor (SyrupRiver)
[2018.03.02-17.47.27:247][250]LogEditorViewport: Clicking on Actor (context menu): StaticMeshActor (SyrupRiver)
[2018.03.02-17.47.29:277][282]LogPlayLevel: PlayLevel: No blueprints needed recompiling
[2018.03.02-17.47.29:277][282]PIE: New page: PIE session: CinnamonMoon (Mar 2, 2018, 5:47:29 AM)
[2018.03.02-17.47.29:277][282]LogPlayLevel: Creating play world package: /Game/Levels/W03_DryMoons/UEDPIE_0_CinnamonMoon
[2018.03.02-17.47.29:327][282]LogPlayLevel: PIE: StaticDuplicateObject took: (0.049752s)
[2018.03.02-17.47.29:328][282]LogAIModule: Creating AISystem for world CinnamonMoon
[2018.03.02-17.47.29:329][282]LogPlayLevel: PIE: World Init took: (0.001764s)
[2018.03.02-17.47.29:329][282]LogPlayLevel: PIE: Created PIE world by copying editor world from /Game/Levels/W03_DryMoons/CinnamonMoon.CinnamonMoon to /Game/Levels/W03_DryMoons/UEDPIE_0_CinnamonMoon.CinnamonMoon (0.051866s)
[2018.03.02-17.47.29:371][282]LogInit: XAudio2 using 'Speakers (Realtek High Definition Audio)' : 2 channels at 48 kHz using 32 bits per sample (channel mask 0x3)
[2018.03.02-17.47.29:390][282]LogInit: FAudioDevice initialized.
[2018.03.02-17.47.29:423][282]LogLoad: Game class is 'ThirdPersonGameMode_C'
[2018.03.02-17.47.29:431][282]LogWorld: Bringing World /Game/Levels/W03_DryMoons/UEDPIE_0_CinnamonMoon.CinnamonMoon up for play (max tick rate 60) at 2018.03.02-11.47.29
[2018.03.02-17.47.29:432][282]LogWorld: Bringing up level for play took: 0.008747
[2018.03.02-17.47.29:435][282]LogGameMode:Display: Match State Changed from EnteringMap to WaitingToStart
[2018.03.02-17.47.29:435][282]LogGameState: Match State Changed from EnteringMap to WaitingToStart
[2018.03.02-17.47.29:435][282]LogGameMode:Display: Match State Changed from WaitingToStart to InProgress
[2018.03.02-17.47.29:462][282]LogGameState: Match State Changed from WaitingToStart to InProgress
[2018.03.02-17.47.29:462][282]PIE: Info Play in editor start time for /Game/Levels/W03_DryMoons/UEDPIE_0_CinnamonMoon 0.661
[2018.03.02-17.47.39:969][576]LogEditorViewport: Clicking on Actor (LMB): StaticMeshActor (Poptart8)
[2018.03.02-17.47.40:756][589]LogEditorViewport: Clicking on Actor (LMB): StaticMeshActor (Poptart2)
[2018.03.02-17.47.43:305][645]LogEditorViewport: Clicking on Actor (LMB): StaticMeshActor (Poptart8)
[2018.03.02-17.47.47:424][686]LogSlate: Took 0.010549 seconds to synchronously load lazily loaded font '../../../Engine/Content/Editor/Slate/Fonts/Roboto-Italic.ttf' (157K)
[2018.03.02-17.47.49:771][738]LogEditorViewport: Clicking on Actor (LMB): StaticMeshActor (Poptart8)
[2018.03.02-17.48.00:881][  3]Cmd: TRANSACTION UNDO
[2018.03.02-17.48.00:881][  3]LogEditorTransaction: Undo Move Actors
[2018.03.02-17.48.15:852][343]Cmd: CAMERA ALIGN ACTIVEVIEWPORTONLY
[2018.03.02-17.48.22:521][507]LogEditorViewport: Clicking on Actor (LMB): StaticMeshActor (Poptart6)
[2018.03.02-17.48.23:209][521]LogEditorViewport: Clicking on Actor (CTRL LMB): StaticMeshActor (Poptart)
[2018.03.02-17.48.27:746][631]LogEditorViewport: Clicking on Actor (LMB): StaticMeshActor (Poptart8)
[2018.03.02-17.48.33:347][767]LogEditorViewport: Clicking on Actor (LMB): StaticMeshActor (Poptart2)
[2018.03.02-17.49.01:331][331]LogEditorViewport: Clicking on Actor (context menu): StaticMeshActor (SyrupRiver)
[2018.03.02-17.49.03:296][359]LogPlayLevel: PlayLevel: No blueprints needed recompiling
[2018.03.02-17.49.03:297][359]PIE: New page: PIE session: CinnamonMoon (Mar 2, 2018, 5:49:03 AM)
[2018.03.02-17.49.03:297][359]LogPlayLevel: Creating play world package: /Game/Levels/W03_DryMoons/UEDPIE_0_CinnamonMoon
[2018.03.02-17.49.03:327][359]LogPlayLevel: PIE: StaticDuplicateObject took: (0.030526s)
[2018.03.02-17.49.03:328][359]LogAIModule: Creating AISystem for world CinnamonMoon
[2018.03.02-17.49.03:329][359]LogPlayLevel: PIE: World Init took: (0.001487s)
[2018.03.02-17.49.03:329][359]LogPlayLevel: PIE: Created PIE world by copying editor world from /Game/Levels/W03_DryMoons/CinnamonMoon.CinnamonMoon to /Game/Levels/W03_DryMoons/UEDPIE_0_CinnamonMoon.CinnamonMoon (0.032437s)
[2018.03.02-17.49.03:364][359]LogInit: XAudio2 using 'Speakers (Realtek High Definition Audio)' : 2 channels at 48 kHz using 32 bits per sample (channel mask 0x3)
[2018.03.02-17.49.03:387][359]LogInit: FAudioDevice initialized.
[2018.03.02-17.49.03:422][359]LogLoad: Game class is 'ThirdPersonGameMode_C'
[2018.03.02-17.49.03:448][359]LogWorld: Bringing World /Game/Levels/W03_DryMoons/UEDPIE_0_CinnamonMoon.CinnamonMoon up for play (max tick rate 60) at 2018.03.02-11.49.03
[2018.03.02-17.49.03:449][359]LogWorld: Bringing up level for play took: 0.026353
[2018.03.02-17.49.03:450][359]LogGameMode:Display: Match State Changed from EnteringMap to WaitingToStart
[2018.03.02-17.49.03:450][359]LogGameState: Match State Changed from EnteringMap to WaitingToStart
[2018.03.02-17.49.03:450][359]LogGameMode:Display: Match State Changed from WaitingToStart to InProgress
[2018.03.02-17.49.03:460][359]LogGameState: Match State Changed from WaitingToStart to InProgress
[2018.03.02-17.49.03:460][359]PIE: Info Play in editor start time for /Game/Levels/W03_DryMoons/UEDPIE_0_CinnamonMoon 0.659
[2018.03.02-17.49.23:762][916]LogTexture:Display: Building textures: Texture2D_6 (BGRA8, 128X128) - 157 MB total VRAM
[2018.03.02-17.49.23:765][916]LogTexture:Display: Building textures: Texture2D_6_BaseColor (DXT1, 16X16) - 157 MB total VRAM
[2018.03.02-17.49.23:963][916]LogTexture:Display: Building textures: Texture2D_7 (BGRA8, 16X16) - 157 MB total VRAM
[2018.03.02-17.49.23:965][916]LogTexture:Display: Building textures: Texture2D_8 (BGRA8, 16X16) - 157 MB total VRAM
[2018.03.02-17.49.23:989][916]LogTexture:Display: Building textures: Texture2D_9 (BGRA8, 16X16) - 157 MB total VRAM
[2018.03.02-17.49.24:057][916]LogTexture:Display: Building textures: Texture2D_12 (BGRA8, 16X16) - 157 MB total VRAM
[2018.03.02-17.49.24:129][916]LogTexture:Display: Building textures: Texture2D_13 (BGRA8, 16X16) - 157 MB total VRAM
[2018.03.02-17.49.24:152][916]LogTexture:Display: Building textures: Texture2D_14 (BGRA8, 16X16) - 157 MB total VRAM
[2018.03.02-17.49.24:153][916]LogTexture:Display: Building textures: Texture2D_15 (BGRA8, 16X16) - 157 MB total VRAM
[2018.03.02-17.49.24:195][916]LogTexture:Display: Building textures: Texture2D_24 (BGRA8, 16X16) - 157 MB total VRAM
[2018.03.02-17.49.24:219][916]LogTexture:Display: Building textures: Texture2D_25 (BGRA8, 16X16) - 157 MB total VRAM
[2018.03.02-17.49.24:220][916]LogTexture:Display: Building textures: Texture2D_26 (BGRA8, 16X16) - 157 MB total VRAM
[2018.03.02-17.49.24:248][916]LogTexture:Display: Building textures: Texture2D_30 (BGRA8, 16X16) - 157 MB total VRAM
[2018.03.02-17.49.24:297][916]LogTexture:Display: Building textures: Texture2D_33 (BGRA8, 16X16) - 157 MB total VRAM
[2018.03.02-17.49.24:327][916]LogTexture:Display: Building textures: Texture2D_34 (BGRA8, 16X16) - 157 MB total VRAM
[2018.03.02-17.49.24:328][916]LogTexture:Display: Building textures: Texture2D_35 (BGRA8, 16X16) - 157 MB total VRAM
[2018.03.02-17.49.24:360][916]LogTexture:Display: Building textures: Texture2D_36 (BGRA8, 16X16) - 157 MB total VRAM
[2018.03.02-17.49.24:414][916]LogTexture:Display: Building textures: Texture2D_37 (BGRA8, 16X16) - 157 MB total VRAM
[2018.03.02-17.49.26:054][916]LogSavePackage: Save=2477.78ms
[2018.03.02-17.49.26:054][916]LogSavePackage: Moving '../../../../../../Users/Richa/Desktop/GalaxyGang/Saved/CinnamonMoonC9E0618F48008A71E322AA81C626CD0C.tmp' to '../../../../../../Users/Richa/Desktop/GalaxyGang/Content/Levels/W03_DryMoons/CinnamonMoon.umap'
[2018.03.02-17.49.26:076][916]LogSavePackage:Display: Finished SavePackage ../../../../../../Users/Richa/Desktop/GalaxyGang/Content/Levels/W03_DryMoons/CinnamonMoon.umap
[2018.03.02-17.49.26:233][916]LogFileHelpers: Saving map 'CinnamonMoon' took 2.991
[2018.03.02-17.49.26:237][916]LogEditorViewport: Clicking on Actor (LMB): StaticMeshActor (Poptart7)
[2018.03.02-17.51.20:837][566]LogTexture:Display: Building textures: Texture2D_108 (BGRA8, 64X64) - 157 MB total VRAM
[2018.03.02-17.51.21:212][566]LogMaterial: 0.00 seconds spent updating 1 materials, 1 interfaces, 0 instances, 0 with static permutations.
[2018.03.02-17.51.21:481][566]LogTexture:Display: Building textures: Texture2D_108_BaseColor (BGRA8, 8X8) - 157 MB total VRAM
[2018.03.02-17.51.23:448][569]LogStats: FPlatformStackWalk::StackWalkAndDump -  1.870 s
[2018.03.02-17.51.23:448][569]LogOutputDevice:Error: === Handled ensure: ===
[2018.03.02-17.51.23:448][569]LogOutputDevice:Error: 
[2018.03.02-17.51.23:448][569]LogOutputDevice:Error: Ensure condition failed: false [File:D:\Build\++UE4+Release-4.15+Compile\Sync\Engine\Source\Runtime\Engine\Private\PrimitiveSceneProxy.cpp] [Line: 599]
[2018.03.02-17.51.23:448][569]LogOutputDevice:Error: PrimitiveComponent tried to render with Material MaterialInstanceDynamic_50, which was not present in the component's GetUsedMaterials results
[2018.03.02-17.51.23:448][569]LogOutputDevice:Error:     Owner: Landscape_0, Resource: Landscape
[2018.03.02-17.51.23:448][569]LogOutputDevice:Error: Stack: 
[2018.03.02-17.51.23:448][569]LogOutputDevice:Error: UE4Editor-Core.dll!0x00000000D45095E6
[2018.03.02-17.51.23:448][569]LogOutputDevice:Error: UE4Editor-Core.dll!0x00000000D42B9B82
[2018.03.02-17.51.23:448][569]LogOutputDevice:Error: UE4Editor-Core.dll!0x00000000D42CB666
[2018.03.02-17.51.23:448][569]LogOutputDevice:Error: UE4Editor-Engine.dll!0x00000000D58ACC1D
[2018.03.02-17.51.23:448][569]LogOutputDevice:Error: UE4Editor-Engine.dll!0x00000000D585A441
[2018.03.02-17.51.23:448][569]LogOutputDevice:Error: UE4Editor-Landscape.dll!0x00000000D12552FD
[2018.03.02-17.51.23:448][569]LogOutputDevice:Error: UE4Editor-Renderer.dll!0x00000000CC87BF97
[2018.03.02-17.51.23:449][569]LogOutputDevice:Error: UE4Editor-Renderer.dll!0x00000000CC854AA8
[2018.03.02-17.51.23:449][569]LogOutputDevice:Error: UE4Editor-Renderer.dll!0x00000000CC888F39
[2018.03.02-17.51.23:449][569]LogOutputDevice:Error: UE4Editor-Renderer.dll!0x00000000CC4DBE8E
[2018.03.02-17.51.23:449][569]LogOutputDevice:Error: UE4Editor-Renderer.dll!0x00000000CC8A64C2
[2018.03.02-17.51.23:450][569]LogOutputDevice:Error: UE4Editor-Renderer.dll!0x00000000CC87066E
[2018.03.02-17.51.23:450][569]LogOutputDevice:Error: UE4Editor-Core.dll!0x00000000D418D84D
[2018.03.02-17.51.23:450][569]LogOutputDevice:Error: UE4Editor-Core.dll!0x00000000D418DC6D
[2018.03.02-17.51.23:450][569]LogOutputDevice:Error: UE4Editor-RenderCore.dll!0x00000000F0280397
[2018.03.02-17.51.23:450][569]LogOutputDevice:Error: UE4Editor-RenderCore.dll!0x00000000F0281486
[2018.03.02-17.51.23:450][569]LogOutputDevice:Error: UE4Editor-Core.dll!0x00000000D451A3D8
[2018.03.02-17.51.23:450][569]LogOutputDevice:Error: UE4Editor-Core.dll!0x00000000D4514C79
[2018.03.02-17.51.23:450][569]LogOutputDevice:Error: KERNEL32.DLL!0x0000000023CB1FE4
[2018.03.02-17.51.23:450][569]LogOutputDevice:Error: ntdll.dll!0x000000002641EFC1
[2018.03.02-17.51.23:450][569]LogOutputDevice:Error: 
[2018.03.02-17.51.23:450][569]LogStats:                SubmitErrorReport -  0.000 s
