Log file open, 03/07/18 12:18:39
LogInit:Display: Running engine for game: GalaxyGangGame
LogPlatformFile: Not using cached read wrapper
LogInit:Display: RandInit(1498325194) SRandInit(1498325194).
LogTaskGraph: Started task graph with 5 named threads and 6 total threads with 1 sets of task threads.
LogStats: Stats thread started at 0.070563
LogConfig:Warning: Failed to saved backup for config[Editor]
LogInit: Using libcurl 7.47.1
LogInit:  - built for x86_64-pc-win32
LogInit:  - supports SSL with OpenSSL/1.0.2g
LogInit:  - supports HTTP deflate (compression) using libz 1.2.8
LogInit:  - other features:
LogInit:      CURL_VERSION_SSL
LogInit:      CURL_VERSION_LIBZ
LogInit:      CURL_VERSION_IPV6
LogInit:      CURL_VERSION_ASYNCHDNS
LogInit:      CURL_VERSION_LARGEFILE
LogInit:      CURL_VERSION_IDN
LogInit:  CurlRequestOptions (configurable via config and command line):
LogInit:  - bVerifyPeer = false  - Libcurl will NOT verify peer certificate
LogInit:  - bUseHttpProxy = false  - Libcurl will NOT use HTTP proxy
LogInit:  - bDontReuseConnections = false  - Libcurl will reuse connections
LogInit:  - CertBundlePath = nullptr  - Libcurl will use whatever was configured at build time.
LogInit: Build: ++UE4+Release-4.15-CL-3450819
LogInit: Engine Version: 4.15.3-3450819+++UE4+Release-4.15
LogInit: Compatible Engine Version: 4.15.0-3299760+++UE4+Release-4.15
LogInit: Net CL: 3299760
LogDevObjectVersion: Number of dev versions registered: 14
LogDevObjectVersion:   Dev-Blueprints (B0D832E4-1F89-4F0D-ACCF-7EB736FD4AA2): 8
LogDevObjectVersion:   Dev-Build (E1C64328-A22C-4D53-A36C-8E866417BD8C): 0
LogDevObjectVersion:   Dev-Core (375EC13C-06E4-48FB-B500-84F0262A717E): 2
LogDevObjectVersion:   Dev-Editor (E4B068ED-F494-42E9-A231-DA0B2E46BB41): 14
LogDevObjectVersion:   Dev-Framework (CFFC743F-43B0-4480-9391-14DF171D2073): 22
LogDevObjectVersion:   Dev-Mobile (B02B49B5-BB20-44E9-A304-32B752E40360): 0
LogDevObjectVersion:   Dev-Networking (A4E4105C-59A1-49B5-A7C5-40C4547EDFEE): 0
LogDevObjectVersion:   Dev-Online (39C831C9-5AE6-47DC-9A44-9C173E1C8E7C): 0
LogDevObjectVersion:   Dev-Physics (78F01B33-EBEA-4F98-B9B4-84EACCB95AA2): 0
LogDevObjectVersion:   Dev-Platform (6631380F-2D4D-43E0-8009-CF276956A95A): 0
LogDevObjectVersion:   Dev-Rendering (12F88B9F-8875-4AFC-A67C-D90C383ABD29): 12
LogDevObjectVersion:   Dev-Sequencer (7B5AE74C-D270-4C10-A958-57980B212A5A): 3
LogDevObjectVersion:   Dev-VR (D7296918-1DD6-4BDD-9DE2-64A83CC13884): 0
LogDevObjectVersion:   Dev-LoadTimes (C2A15278-BFE7-4AFE-6C17-90FF531DF755): 1
LogInit: Compiled (64-bit): May 21 2017 11:02:34
LogInit: Compiled with Visual C++: 19.00.23026.00
LogInit: Build Configuration: Development
LogInit: Branch Name: ++UE4+Release-4.15
LogInit: Command line: 
LogInit: Base directory: C:/Program Files/Epic Games/UE_4.15/Engine/Binaries/Win64/
LogInit: Installed Engine Build: 1
LogInit: Presizing for max 8388607 objects, including 0 objects not considered by GC, pre-allocating 0 bytes for permanent pool.
LogInit: Object subsystem initialized
[2018.03.07-18.18.45:483][  0]LogInit: Selected Device Profile: [Windows]
[2018.03.07-18.18.45:483][  0]LogInit: Applying CVar settings loaded from the selected device profile: [Windows]
[2018.03.07-18.18.46:121][  0]LogConfig:Warning: Failed to saved backup for config[DeviceProfiles]
[2018.03.07-18.18.46:126][  0]LogInit: Computer: DESKTOP-SSSFMAE
[2018.03.07-18.18.46:126][  0]LogInit: User: Richa
[2018.03.07-18.18.46:126][  0]LogInit: CPU Page size=65536, Cores=2
[2018.03.07-18.18.46:126][  0]LogInit: High frequency timer resolution =2.343751 MHz
[2018.03.07-18.18.46:126][  0]LogMemory: Memory total: Physical=7.9GB (8GB approx)
[2018.03.07-18.18.46:126][  0]LogMemory: Platform Memory Stats for Windows
[2018.03.07-18.18.46:126][  0]LogMemory: Process Physical Memory: 269.01 MB used, 269.01 MB peak
[2018.03.07-18.18.46:126][  0]LogMemory: Process Virtual Memory: 275.42 MB used, 275.42 MB peak
[2018.03.07-18.18.46:126][  0]LogMemory: Physical Memory: 3995.82 MB used,  4100.84 MB free, 8096.66 MB total
[2018.03.07-18.18.46:126][  0]LogMemory: Virtual Memory: 694.10 MB used,  4100.84 MB free, 134217728.00 MB total
[2018.03.07-18.18.46:282][  0]LogTextLocalizationManager: No specific translations for ('en-US') exist, so ('en') translations will be used.
[2018.03.07-18.18.47:515][  0]LogD3D11RHI: D3D11 adapters:
[2018.03.07-18.18.47:533][  0]LogD3D11RHI:    0. 'Intel(R) HD Graphics 620' (Feature Level 11_0)
[2018.03.07-18.18.47:533][  0]LogD3D11RHI:       128/0/4048 MB DedicatedVideo/DedicatedSystem/SharedSystem, Outputs:1, VendorId:0x8086
[2018.03.07-18.18.47:540][  0]LogD3D11RHI:    1. 'Microsoft Basic Render Driver' (Feature Level 11_0)
[2018.03.07-18.18.47:540][  0]LogD3D11RHI:       0/0/4048 MB DedicatedVideo/DedicatedSystem/SharedSystem, Outputs:0, VendorId:0x1414
[2018.03.07-18.18.47:540][  0]LogD3D11RHI: Chosen D3D11 Adapter: 0
[2018.03.07-18.18.47:551][  0]LogD3D11RHI: Creating new Direct3DDevice
[2018.03.07-18.18.47:551][  0]LogD3D11RHI:     GPU DeviceId: 0x5916 (for the marketing name, search the web for "GPU Device Id")
[2018.03.07-18.18.47:551][  0]LogWindows: EnumDisplayDevices:
[2018.03.07-18.18.47:551][  0]LogWindows:    0. 'Intel(R) HD Graphics 620' (P:1 D:1)
[2018.03.07-18.18.47:551][  0]LogWindows:    1. 'Intel(R) HD Graphics 620' (P:0 D:0)
[2018.03.07-18.18.47:552][  0]LogWindows:    2. 'Intel(R) HD Graphics 620' (P:0 D:0)
[2018.03.07-18.18.47:552][  0]LogWindows: DebugString: GetVideoDriverDetailsInvalid PrimaryIsNotTheChoosenAdapter GetVideoDriverDetailsInvalid PrimaryIsNotTheChoosenAdapter GetVideoDriverDetailsInvalid PrimaryIsNotTheChoosenAdapter FoundDriverCount:0 
[2018.03.07-18.18.47:552][  0]LogD3D11RHI:     Adapter Name: Intel(R) HD Graphics 620
[2018.03.07-18.18.47:552][  0]LogD3D11RHI:   Driver Version: Unknown (internal:Unknown, unified:Unknown)
[2018.03.07-18.18.47:552][  0]LogD3D11RHI:      Driver Date: Unknown
[2018.03.07-18.18.47:552][  0]LogRHI: Texture pool is 1361 MB (70% of 1945 MB)
[2018.03.07-18.18.47:568][  0]LogD3D11RHI: Async texture creation enabled
[2018.03.07-18.18.47:577][  0]LogD3D11RHI: GPU Timing Frequency: 12.000000 (Debug: 2 0)
[2018.03.07-18.18.47:579][  0]LogShaderCompilers: Guid format shader working directory is -2 characters bigger than the processId version (../../../../../../Users/Richa/Desktop/GalaxyGang/Intermediate/Shaders/WorkingDirectory/8156/).
[2018.03.07-18.18.47:579][  0]LogShaderCompilers: Cleaned the shader compiler working directory 'C:/Users/Richa/AppData/Local/Temp/UnrealShaderWorkingDir/15ABF6C440C3CD304BA35C9CF3E912B5/'.
[2018.03.07-18.18.47:579][  0]LogShaderCompilers:Display: Using Local Shader Compiler.
[2018.03.07-18.18.50:684][  0]LogTemp:Display: Loaded TP AllDesktopTargetPlatform
[2018.03.07-18.18.50:793][  0]LogTemp:Display: Loaded TP MacClientTargetPlatform
[2018.03.07-18.18.50:922][  0]LogTemp:Display: Loaded TP MacNoEditorTargetPlatform
[2018.03.07-18.18.51:046][  0]LogTemp:Display: Loaded TP MacServerTargetPlatform
[2018.03.07-18.18.51:162][  0]LogTemp:Display: Loaded TP MacTargetPlatform
[2018.03.07-18.18.51:264][  0]LogTemp:Display: Loaded TP WindowsClientTargetPlatform
[2018.03.07-18.18.51:348][  0]LogTemp:Display: Loaded TP WindowsNoEditorTargetPlatform
[2018.03.07-18.18.51:425][  0]LogTemp:Display: Loaded TP WindowsServerTargetPlatform
[2018.03.07-18.18.51:495][  0]LogTemp:Display: Loaded TP WindowsTargetPlatform
[2018.03.07-18.18.51:580][  0]LogTemp:Display: Loaded TP AndroidTargetPlatform
[2018.03.07-18.18.51:659][  0]LogTemp:Display: Loaded TP Android_ASTCTargetPlatform
[2018.03.07-18.18.51:738][  0]LogTemp:Display: Loaded TP Android_ATCTargetPlatform
[2018.03.07-18.18.51:817][  0]LogTemp:Display: Loaded TP Android_DXTTargetPlatform
[2018.03.07-18.18.51:897][  0]LogTemp:Display: Loaded TP Android_ETC1TargetPlatform
[2018.03.07-18.18.51:972][  0]LogTemp:Display: Loaded TP Android_ETC2TargetPlatform
[2018.03.07-18.18.52:135][  0]LogTemp:Display: Loaded TP Android_MultiTargetPlatform
[2018.03.07-18.18.52:135][  0]LogTemp:Display: Loaded TP Android_PVRTCTargetPlatform
[2018.03.07-18.18.52:189][  0]LogTemp:Display: Loaded TP HTML5TargetPlatform
[2018.03.07-18.18.52:323][  0]LogTemp:Display: Loaded TP IOSTargetPlatform
[2018.03.07-18.18.52:372][  0]LogTemp:Display: Loaded TP TVOSTargetPlatform
[2018.03.07-18.18.52:453][  0]LogTemp:Display: Loaded TP LinuxClientTargetPlatform
[2018.03.07-18.18.52:531][  0]LogTemp:Display: Loaded TP LinuxNoEditorTargetPlatform
[2018.03.07-18.18.52:605][  0]LogTemp:Display: Loaded TP LinuxServerTargetPlatform
[2018.03.07-18.18.52:685][  0]LogTemp:Display: Loaded TP LinuxTargetPlatform
[2018.03.07-18.18.52:685][  0]LogTargetPlatformManager:Display: Building Assets For Windows
[2018.03.07-18.18.53:347][  0]LogDerivedDataCache:Display: Max Cache Size: 512 MB
[2018.03.07-18.18.53:432][  0]LogDerivedDataCache: Loaded boot cache 0.08s 52MB C:/Users/Richa/AppData/Local/UnrealEngine/4.15/DerivedDataCache/Boot.ddc.
[2018.03.07-18.18.53:432][  0]LogDerivedDataCache:Display: Loaded Boot cache: C:/Users/Richa/AppData/Local/UnrealEngine/4.15/DerivedDataCache/Boot.ddc
[2018.03.07-18.18.53:433][  0]LogDerivedDataCache: FDerivedDataBackendGraph:  Pak pak cache file ../../../../../../Users/Richa/Desktop/GalaxyGang/DerivedDataCache/DDC.ddp not found, will not use a pak cache.
[2018.03.07-18.18.53:433][  0]LogDerivedDataCache: Unable to find inner node Pak for hierarchical cache Hierarchy.
[2018.03.07-18.18.53:433][  0]LogDerivedDataCache: FDerivedDataBackendGraph:  CompressedPak pak cache file ../../../../../../Users/Richa/Desktop/GalaxyGang/DerivedDataCache/Compressed.ddp not found, will not use a pak cache.
[2018.03.07-18.18.53:433][  0]LogDerivedDataCache: Unable to find inner node CompressedPak for hierarchical cache Hierarchy.
[2018.03.07-18.18.53:461][  0]LogDerivedDataCache:Display: Pak cache opened for reading ../../../Engine/DerivedDataCache/Compressed.ddp.
[2018.03.07-18.18.53:474][  0]LogDerivedDataCache: Using Local data cache path C:/Users/Richa/AppData/Local/UnrealEngine/Common/DerivedDataCache: Writable
[2018.03.07-18.18.53:487][  0]LogSlate: Using Freetype 2.6.0
[2018.03.07-18.18.53:488][  0]LogSlate: SlateFontCache - WITH_FREETYPE: 1, WITH_HARFBUZZ: 1
[2018.03.07-18.18.53:488][  0]LogSlate: SlateFontCache - WITH_FREETYPE: 1, WITH_HARFBUZZ: 1
[2018.03.07-18.18.53:957][  0]LogInit: Selected Device Profile: [Windows]
[2018.03.07-18.18.53:962][  0]LogContentStreaming: Texture pool size is 0.00 MB
[2018.03.07-18.18.54:389][  0]LogMeshUtilities: Using QuadricMeshReduction for automatic static mesh reduction
[2018.03.07-18.18.54:475][  0]LogSimplygon: Simplygon DLL not present - disabling.
[2018.03.07-18.18.54:567][  0]LogMeshUtilities: Using SimplygonSwarm for distributed automatic mesh merging
[2018.03.07-18.18.54:567][  0]LogMeshUtilities: No automatic skeletal mesh reduction module available
[2018.03.07-18.18.54:567][  0]LogMeshUtilities: No automatic mesh merging module available
[2018.03.07-18.18.55:683][  0]LogNetVersion: GetLocalNetworkVersion: CL: 3299760, ProjectName: galaxyganggame, ProjectVersion: , EngineNetworkVersion: 2, GameNetworkVersion: 0, NetworkChecksum: 3878788453
[2018.03.07-18.18.55:763][  0]LogAssetRegistry: FAssetRegistry took 0.0227 seconds to start up
[2018.03.07-18.18.55:987][  0]LogPackageLocalizationCache: Processed 3 localized package path(s) for 2 prioritized culture(s) in 0.182775 seconds
[2018.03.07-18.18.55:997][  0]LogUObjectArray: 32493 objects as part of root set at end of initial load.
[2018.03.07-18.18.55:997][  0]LogUObjectAllocator: 7077024 out of 0 bytes used by permanent object pool.
[2018.03.07-18.18.55:997][  0]LogUObjectArray: CloseDisregardForGC: 0/0 objects in disregard for GC pool
[2018.03.07-18.18.56:160][  0]LogInit: WinSock: version 1.1 (2.2), MaxSocks=32767, MaxUdp=65467
[2018.03.07-18.18.59:224][  0]LogTcpMessaging: Initializing TcpMessaging bridge
[2018.03.07-18.18.59:302][  0]LogUdpMessaging: Initializing bridge on interface 0.0.0.0:0 to multicast group 230.0.0.1:6666.
[2018.03.07-18.19.00:168][  0]LogMaterial: Uniform references updated for custom material expression Custom.
[2018.03.07-18.19.00:910][  0]SourceControl: Info Source control is disabled
[2018.03.07-18.19.01:025][  0]SourceControl: Info Source control is disabled
[2018.03.07-18.19.01:178][  0]SourceControl: Info Source control is disabled
[2018.03.07-18.19.01:286][  0]SourceControl: Info Source control is disabled
[2018.03.07-18.19.03:730][  0]LogEngine: Initializing Engine...
[2018.03.07-18.19.03:731][  0]LogHMD: Failed to initialize OpenVR with code 110
[2018.03.07-18.19.03:937][  0]LogStats: UGameplayTagsManager::ConstructGameplayTagTree: Construct from data asset -  0.000 s
[2018.03.07-18.19.03:937][  0]LogStats: UGameplayTagsManager::ConstructGameplayTagTree: GameplayTagTreeChangedEvent.Broadcast -  0.000 s
[2018.03.07-18.19.04:173][  0]LogAIModule: Creating AISystem for world Untitled
[2018.03.07-18.19.04:199][  0]LogInit: XAudio2 using 'Speakers (Realtek High Definition Audio)' : 2 channels at 48 kHz using 32 bits per sample (channel mask 0x3)
[2018.03.07-18.19.04:756][  0]LogInit: FAudioDevice initialized.
[2018.03.07-18.19.04:800][  0]LogDerivedDataCache: Saved boot cache 0.04s 52MB C:/Users/Richa/AppData/Local/UnrealEngine/4.15/DerivedDataCache/Boot.ddc.
[2018.03.07-18.19.04:808][  0]LogInit: Texture streaming: Enabled
[2018.03.07-18.19.04:996][  0]LogEngineSessionManager: EngineSessionManager initialized
[2018.03.07-18.19.05:235][  0]LogInit: Transaction tracking system initialized
[2018.03.07-18.19.06:022][  0]BlueprintLog: New page: Editor Load
[2018.03.07-18.19.07:761][  0]LocalizationService: Info Localization service is disabled
[2018.03.07-18.19.09:068][  0]LogConsoleResponse:Display: 
[2018.03.07-18.19.11:439][  0]LogCook:Display: Max memory allowance for cook 16384mb min free memory 0mb
[2018.03.07-18.19.11:439][  0]LogCook:Display: Mobile HDR setting 1
[2018.03.07-18.19.14:547][  0]SourceControl: Info Source control is disabled
[2018.03.07-18.19.14:719][  0]LogWindowsTextInputMethodSystem:Display: IME system now deactivated.
[2018.03.07-18.19.14:720][  0]LogWindowsTextInputMethodSystem:Display: IME system now deactivated.
[2018.03.07-18.19.14:764][  0]LogSlate: Took 0.000310 seconds to synchronously load lazily loaded font '../../../Engine/Content/Slate/Fonts/Roboto-Regular.ttf' (155K)
[2018.03.07-18.19.15:282][  0]LogFileCache: Scanning file cache for directory 'C:/Users/Richa/Desktop/GalaxyGang/Content/' took 4.68s
[2018.03.07-18.19.21:781][  0]LogWindowsTextInputMethodSystem:Display: IME system now deactivated.
[2018.03.07-18.19.21:781][  0]LogWindowsTextInputMethodSystem:Display: IME system now deactivated.
[2018.03.07-18.19.21:784][  0]LogWindowsTextInputMethodSystem:Display: IME system now deactivated.
[2018.03.07-18.19.21:784][  0]LogWindowsTextInputMethodSystem:Display: IME system now deactivated.
[2018.03.07-18.19.25:006][  0]LogWindowsTextInputMethodSystem:Display: IME system now deactivated.
[2018.03.07-18.19.25:006][  0]LogWindowsTextInputMethodSystem:Display: IME system now deactivated.
[2018.03.07-18.19.25:009][  0]LogWindowsTextInputMethodSystem:Display: IME system now deactivated.
[2018.03.07-18.19.25:009][  0]LogWindowsTextInputMethodSystem:Display: IME system now deactivated.
[2018.03.07-18.19.25:793][  0]Cmd: MAP LOAD FILE="../../../../../../Users/Richa/Desktop/GalaxyGang/Content/GalaxyGangGame/Levels/Galaxy_Of_Dreams+Home_Fountain_Island.umap" TEMPLATE=0 SHOWPROGRESS=1 FEATURELEVEL=3
[2018.03.07-18.19.25:794][  0]LogEditorServer:Warning: Can't find file '../../../../../../Users/Richa/Desktop/GalaxyGang/Content/GalaxyGangGame/Levels/Galaxy_Of_Dreams+Home_Fountain_Island.umap'
[2018.03.07-18.19.25:794][  0]Cmd: MAP CHECKDEP NOCLEARLOG
[2018.03.07-18.19.25:868][  0]MapCheck: Info Map check complete: 0 Error(s), 0 Warning(s), took 74.355ms to complete.
[2018.03.07-18.19.25:868][  0]LogFileHelpers: Loading map 'Galaxy_Of_Dreams+Home_Fountain_Island' took 0.075
[2018.03.07-18.19.26:847][  0]LogStats:Warning: MetaData mismatch. Did you assign a stat to two groups? New //STATGROUP_Threads//SplashScreenThread///Thread_2294_0///####STATCAT_Advanced#### old //STATGROUP_Threads//SplashScreenThread///Thread_1e94_0///####STATCAT_Advanced####
[2018.03.07-18.19.26:847][  0]LogCollectionManager: Loaded 0 collections in 0.002767 seconds
[2018.03.07-18.19.27:186][  0]LogFileCache: Scanning file cache for directory 'C:/Users/Richa/Desktop/GalaxyGang/Saved/Collections/' took 0.01s
[2018.03.07-18.19.27:186][  0]LogFileCache: Scanning file cache for directory 'C:/Users/Richa/Desktop/GalaxyGang/Content/Developers/Richa/Collections/' took 0.01s
[2018.03.07-18.19.27:186][  0]LogFileCache: Scanning file cache for directory 'C:/Users/Richa/Desktop/GalaxyGang/Content/Collections/' took 0.01s
[2018.03.07-18.19.27:186][  0]LogCollectionManager: Rebuilt the GUID cache for 0 collections in 0.000002 seconds
[2018.03.07-18.19.27:265][  0]LogContentBrowser: Native class hierarchy populated in 0.0382 seconds. Added 2245 classes and 453 folders.
[2018.03.07-18.19.27:417][  0]LogContentBrowser: Native class hierarchy updated for 'WidgetCarousel' in 0.0006 seconds. Added 0 classes and 0 folders.
[2018.03.07-18.19.32:297][  0]LogContentBrowser: Native class hierarchy updated for 'AddContentDialog' in 0.0007 seconds. Added 0 classes and 0 folders.
[2018.03.07-18.19.33:593][  0]LogContentBrowser: Native class hierarchy updated for 'SceneOutliner' in 0.0008 seconds. Added 1 classes and 2 folders.
[2018.03.07-18.19.35:292][  0]LogCrashTracker: Crashtracker disabled due to settings.
[2018.03.07-18.19.35:991][  0]LogUObjectGlobals:Warning: Failed to find object 'Class None.'
[2018.03.07-18.19.36:144][  0]LogContentBrowser: Native class hierarchy updated for 'HierarchicalLODOutliner' in 0.0006 seconds. Added 1 classes and 2 folders.
[2018.03.07-18.19.36:145][  0]LogLoad: (Engine Initialization) Total time: 58.86 seconds
[2018.03.07-18.19.36:145][  0]LogLoad: (Engine Initialization) Total Blueprint compile time: 0.10 seconds
[2018.03.07-18.19.36:145][  0]LogExternalProfiler: No external profilers were discovered.  External profiling features will not be available.
[2018.03.07-18.19.36:489][  0]LogOcInput: OculusInput pre-init called
[2018.03.07-18.19.36:826][  0]LogContentStreaming: Texture pool size now 1000 MB
[2018.03.07-18.19.36:873][  0]LogSlate: Took 0.044419 seconds to synchronously load lazily loaded font '../../../Engine/Content/Editor/Slate/Fonts/FontAwesome.ttf' (139K)
[2018.03.07-18.19.36:904][  0]LogSlate: Took 0.000386 seconds to synchronously load lazily loaded font '../../../Engine/Content/Slate/Fonts/Roboto-Bold.ttf' (160K)
[2018.03.07-18.19.37:450][  0]LogRenderer: Reallocating scene render targets to support 740x708 NumSamples 1 (Frame:2).
[2018.03.07-18.20.25:440][  3]LogSlate: Took 0.040576 seconds to synchronously load lazily loaded font '../../../Engine/Content/Slate/Fonts/Roboto-Light.ttf' (159K)
[2018.03.07-18.20.26:249][  4]LogAssetRegistry: Asset discovery search completed in 90.5093 seconds
[2018.03.07-18.20.26:249][  4]LogCollectionManager: Rebuilt the object cache for 0 collections in 0.000009 seconds (found 0 objects)
[2018.03.07-18.20.26:249][  4]LogCollectionManager: Fixed up redirectors for 0 collections in 0.000028 seconds (updated 0 objects)
[2018.03.07-18.21.16:258][458]LogSlate: Took 0.000283 seconds to synchronously load lazily loaded font '../../../Engine/Content/Slate/Fonts/Roboto-Light.ttf' (159K)
[2018.03.07-18.21.19:941][478]AssetReimport: New page: Outstanding source content changes 6:21:19 AM
[2018.03.07-18.21.20:815][479]LogEditorFactories: Performing atomic reimport of [C:/Users/Richa/Desktop/GalaxyGang/Content/Environments/DryMoons/MeshesForBPMod/SyrupRiver.FBX]
[2018.03.07-18.21.21:097][479]LogFbx: Loading FBX Scene from C:/Users/Richa/Desktop/GalaxyGang/Content/Environments/DryMoons/MeshesForBPMod/SyrupRiver.FBX
[2018.03.07-18.21.21:218][479]LogFbx: FBX Scene Loaded Succesfully
[2018.03.07-18.21.21:397][479]LogStaticMesh: Building static mesh SyrupRiver...
[2018.03.07-18.21.21:473][479]LogStaticMesh: Built static mesh [0.12s] /Game/Environments/DryMoons/MeshesForBPMod/SyrupRiver.SyrupRiver
[2018.03.07-18.21.21:748][479]LogEditorFactories: -- imported successfully
[2018.03.07-18.21.45:862][479]LogMeshUtilities: Finished distance field build in 24.3s - 64x64x64 distance field, 252 triangles
[2018.03.07-18.22.02:005][480]LogSavePackage: Save=69.35ms
[2018.03.07-18.22.02:005][480]LogSavePackage: Moving '../../../../../../Users/Richa/Desktop/GalaxyGang/Saved/SyrupRiver72E4C40344415385C9026D8541C083BF.tmp' to '../../../../../../Users/Richa/Desktop/GalaxyGang/Content/Environments/DryMoons/MeshesForBPMod/SyrupRiver.uasset'
[2018.03.07-18.22.02:039][480]LogSavePackage:Display: Finished SavePackage ../../../../../../Users/Richa/Desktop/GalaxyGang/Content/Environments/DryMoons/MeshesForBPMod/SyrupRiver.uasset
[2018.03.07-18.22.05:134][523]AssetReimport: Info Reimported asset SyrupRiver from C:/Users/Richa/Desktop/GalaxyGang/Content/Environments/DryMoons/MeshesForBPMod/SyrupRiver.FBX.
[2018.03.07-18.22.05:930][539]Cmd: MAP LOAD FILE="../../../../../../Users/Richa/Desktop/GalaxyGang/Content/Levels/W03_DryMoons/CinnamonMoon.umap" TEMPLATE=0 SHOWPROGRESS=1 FEATURELEVEL=3
[2018.03.07-18.22.05:931][539]LightingResults: New page: Lighting Build
[2018.03.07-18.22.05:983][539]LogContentBrowser: Native class hierarchy updated for 'StatsViewer' in 0.0007 seconds. Added 5 classes and 0 folders.
[2018.03.07-18.22.05:985][539]LoadErrors: New page: Loading map: CinnamonMoon.umap
[2018.03.07-18.22.05:985][539]MapCheck: New page: Map Check
[2018.03.07-18.22.05:985][539]LightingResults: New page: Lighting Build
[2018.03.07-18.22.12:587][539]LogBlueprint:Warning: [CharacterDanny1_old] 'CurrentHealth' variable not found. Base class was probably changed.
[2018.03.07-18.22.12:587][539]LogBlueprint:Warning: [CharacterDanny1_old] 'CurrentHealth' variable not found. Base class was probably changed.
[2018.03.07-18.22.12:603][539]LogBlueprint:Warning: [CharacterDanny1_old] 'Resume_Button' variable not found. Base class was probably changed.
[2018.03.07-18.22.12:991][539]LogBlueprint:Warning: [CharacterDanny] 'CurrentHealth' variable not found. Base class was probably changed.
[2018.03.07-18.22.12:991][539]LogBlueprint:Warning: [CharacterDanny] 'CurrentHealth' variable not found. Base class was probably changed.
[2018.03.07-18.22.12:993][539]LogBlueprint:Warning: [CharacterDanny] 'Resume_Button' variable not found. Base class was probably changed.
[2018.03.07-18.22.13:635][539]LogBlueprint:Warning: [MainHUD] 'MaxHealth' variable not found. Base class was probably changed.
[2018.03.07-18.22.13:636][539]LogBlueprint:Warning: [MainHUD] 'DannyHealthImage' variable not found. Base class was probably changed.
[2018.03.07-18.22.13:637][539]LogBlueprint:Warning: [MainHUD] 'Percentage' variable not found. Base class was probably changed.
[2018.03.07-18.22.13:637][539]LogBlueprint:Warning: [MainHUD] 'Health' variable not found. Base class was probably changed.
[2018.03.07-18.22.46:615][539]LogAIModule: Creating AISystem for world CinnamonMoon
[2018.03.07-18.23.11:804][539]LogEditorServer: Finished looking for orphan Actors (0.000 secs)
[2018.03.07-18.23.11:886][539]Cmd: MAP CHECKDEP NOCLEARLOG
[2018.03.07-18.23.11:956][539]MapCheck: Info Map check complete: 0 Error(s), 0 Warning(s), took 69.203ms to complete.
[2018.03.07-18.23.11:956][539]LogFileHelpers: Loading map 'CinnamonMoon' took 66.026
[2018.03.07-18.23.29:703][539]LogFileCache: Retrieving MD5 hashes for directory 'C:/Users/Richa/Desktop/GalaxyGang/Content/' took 233.20s
[2018.03.07-18.38.43:281][272]LogEditorViewport: Clicking on Actor (LMB): StaticMeshActor (SyrupRiver)
[2018.03.07-18.38.44:365][272]Cmd: CAMERA ALIGN ACTIVEVIEWPORTONLY
[2018.03.07-18.38.46:489][309]Cmd: CAMERA ALIGN ACTIVEVIEWPORTONLY
[2018.03.07-18.38.58:603][544]Cmd: TRANSACTION UNDO
[2018.03.07-18.38.58:603][544]LogEditorTransaction: Undo Rotate Actors
[2018.03.07-18.39.28:154][269]LogEditorViewport: Clicking on Actor (LMB): StaticMeshActor (IceCream)
[2018.03.07-18.39.28:404][270]Cmd: CAMERA ALIGN ACTIVEVIEWPORTONLY
[2018.03.07-18.39.38:077][484]LogMaterial: 0.00 seconds spent updating 1 materials, 1 interfaces, 0 instances, 1 with static permutations.
[2018.03.07-18.39.38:158][484]LogMaterial: 0.00 seconds spent updating 1 materials, 1 interfaces, 0 instances, 1 with static permutations.
[2018.03.07-18.39.38:210][484]LogMaterial: 0.00 seconds spent updating 1 materials, 1 interfaces, 0 instances, 1 with static permutations.
[2018.03.07-18.39.38:261][484]LogMaterial: 0.00 seconds spent updating 1 materials, 1 interfaces, 0 instances, 1 with static permutations.
[2018.03.07-18.39.38:372][484]LogMaterial: 0.00 seconds spent updating 1 materials, 1 interfaces, 0 instances, 1 with static permutations.
[2018.03.07-18.39.38:415][484]LogTexture:Display: Building textures: Texture2D_2 (G8, 128X128) - 149 MB total VRAM
[2018.03.07-18.39.49:132][787]LogTexture:Display: Building textures: Texture2D_6_BaseColor (BGRA8, 16X16) - 149 MB total VRAM
[2018.03.07-18.39.50:443][788]LogTexture:Display: Building textures: Texture2D_6_BaseColor (BGRA8, 16X16) - 149 MB total VRAM
[2018.03.07-18.39.50:982][789]LogTexture:Display: Building textures: Texture2D_6_BaseColor (BGRA8, 16X16) - 149 MB total VRAM
[2018.03.07-18.39.59:806][993]LogTexture:Display: Building textures: Texture2D_6_BaseColor (BGRA8, 16X16) - 149 MB total VRAM
[2018.03.07-18.40.00:558][994]LogTexture:Display: Building textures: Texture2D_6_BaseColor (BGRA8, 16X16) - 149 MB total VRAM
[2018.03.07-18.40.06:743][180]Cmd: TRANSACTION UNDO
[2018.03.07-18.40.06:743][180]LogEditorTransaction: Undo Landscape Editing: Smooth
[2018.03.07-18.40.06:816][180]LogTexture:Display: Building textures: Texture2D_6 (BGRA8, 128X128) - 149 MB total VRAM
[2018.03.07-18.40.06:851][180]LogMaterial: 0.00 seconds spent updating 1 materials, 1 interfaces, 0 instances, 0 with static permutations.
[2018.03.07-18.40.06:899][180]LogMaterial: 0.00 seconds spent updating 1 materials, 1 interfaces, 0 instances, 0 with static permutations.
[2018.03.07-18.40.06:900][180]LogMaterial: 0.00 seconds spent updating 1 materials, 1 interfaces, 0 instances, 0 with static permutations.
[2018.03.07-18.40.06:900][180]LogMaterial: 0.00 seconds spent updating 1 materials, 1 interfaces, 0 instances, 0 with static permutations.
[2018.03.07-18.40.06:901][180]LogMaterial: 0.00 seconds spent updating 1 materials, 1 interfaces, 0 instances, 0 with static permutations.
[2018.03.07-18.40.06:901][180]LogMaterial: 0.00 seconds spent updating 1 materials, 1 interfaces, 0 instances, 0 with static permutations.
[2018.03.07-18.40.06:902][180]LogMaterial: 0.00 seconds spent updating 1 materials, 1 interfaces, 0 instances, 0 with static permutations.
[2018.03.07-18.40.10:398][277]LogTexture:Display: Building textures: Texture2D_6_BaseColor (BGRA8, 16X16) - 149 MB total VRAM
[2018.03.07-18.40.11:042][278]LogTexture:Display: Building textures: Texture2D_6_BaseColor (BGRA8, 16X16) - 149 MB total VRAM
[2018.03.07-18.40.21:284][541]Cmd: TRANSACTION UNDO
[2018.03.07-18.40.21:284][541]LogEditorTransaction: Undo Landscape Editing: Smooth
[2018.03.07-18.40.21:349][541]LogMaterial: 0.00 seconds spent updating 1 materials, 1 interfaces, 0 instances, 0 with static permutations.
[2018.03.07-18.40.21:389][541]LogTexture:Display: Building textures: Texture2D_6 (BGRA8, 128X128) - 149 MB total VRAM
[2018.03.07-18.40.21:390][541]LogMaterial: 0.00 seconds spent updating 1 materials, 1 interfaces, 0 instances, 0 with static permutations.
[2018.03.07-18.40.21:391][541]LogMaterial: 0.00 seconds spent updating 1 materials, 1 interfaces, 0 instances, 0 with static permutations.
[2018.03.07-18.40.21:391][541]LogMaterial: 0.00 seconds spent updating 1 materials, 1 interfaces, 0 instances, 0 with static permutations.
[2018.03.07-18.40.24:944][613]LogTexture:Display: Building textures: Texture2D_6_BaseColor (BGRA8, 16X16) - 150 MB total VRAM
[2018.03.07-18.40.35:176][904]LogTexture:Display: Building textures: Texture2D_6_BaseColor (BGRA8, 16X16) - 150 MB total VRAM
[2018.03.07-18.40.38:476][962]LogMaterial: Missing cached shader map for material CandySand_Mat, compiling. 
[2018.03.07-18.40.38:501][962]LogTemp:Display: Added material ShaderMap 0x000002C39E1C1280 with Material 0x000002C39E29AB00 to ShaderMapsBeingCompiled
[2018.03.07-18.40.38:679][962]LogTemp:Display: Kicking off shader compilation for CandySand_Mat, GameThreadShaderMap 0x000002C39E1C1280
[2018.03.07-18.40.38:681][962]LogTemp:Display: Added shader map 0x000002C39E1C1280 from material 0x000002C39E29AB00
[2018.03.07-18.40.38:681][962]LogTemp:Display: Found existing compiling shader for material CandySand_Mat, linking to other GameThreadShaderMap 0x000002C39E1C1280
[2018.03.07-18.40.38:682][962]LogMaterial: 0.00 seconds spent updating 1 materials, 1 interfaces, 0 instances, 1 with static permutations.
[2018.03.07-18.40.38:688][962]LogMaterial: 0.01 seconds spent updating 1 materials, 1 interfaces, 0 instances, 0 with static permutations.
[2018.03.07-18.40.38:761][962]LogMaterial: 0.01 seconds spent updating 1 materials, 1 interfaces, 0 instances, 1 with static permutations.
[2018.03.07-18.40.38:767][962]LogMaterial: 0.01 seconds spent updating 1 materials, 1 interfaces, 0 instances, 0 with static permutations.
[2018.03.07-18.40.38:768][962]LogMaterial: 0.00 seconds spent updating 1 materials, 1 interfaces, 0 instances, 0 with static permutations.
[2018.03.07-18.40.39:133][970]LogTexture:Display: Building textures: Texture2D_8_BaseColor (BGRA8, 2X2) - 150 MB total VRAM
[2018.03.07-18.40.39:383][971]LogTexture:Display: Building textures: Texture2D_41_BaseColor (BGRA8, 2X2) - 150 MB total VRAM
[2018.03.07-18.40.39:528][972]LogTexture:Display: Building textures: Texture2D_0_BaseColor (BGRA8, 2X2) - 150 MB total VRAM
[2018.03.07-18.40.46:761][148]Cmd: TRANSACTION UNDO
[2018.03.07-18.40.46:761][148]LogEditorTransaction: Undo Landscape Editing: Smooth
[2018.03.07-18.40.46:812][148]LogMaterial: 0.00 seconds spent updating 1 materials, 1 interfaces, 0 instances, 0 with static permutations.
[2018.03.07-18.40.46:872][148]LogTexture:Display: Building textures: Texture2D_6 (BGRA8, 128X128) - 150 MB total VRAM
[2018.03.07-18.40.46:874][148]LogMaterial: 0.00 seconds spent updating 1 materials, 1 interfaces, 0 instances, 0 with static permutations.
[2018.03.07-18.40.46:876][148]LogMaterial: 0.00 seconds spent updating 1 materials, 1 interfaces, 0 instances, 0 with static permutations.
[2018.03.07-18.40.46:877][148]LogMaterial: 0.00 seconds spent updating 1 materials, 1 interfaces, 0 instances, 0 with static permutations.
[2018.03.07-18.40.57:001][384]LogTexture:Display: Building textures: Texture2D_20_BaseColor (BGRA8, 2X2) - 150 MB total VRAM
[2018.03.07-18.40.57:151][385]LogTexture:Display: Building textures: Texture2D_21_BaseColor (BGRA8, 2X2) - 150 MB total VRAM
[2018.03.07-18.40.57:399][386]LogTexture:Display: Building textures: Texture2D_23_BaseColor (BGRA8, 2X2) - 150 MB total VRAM
[2018.03.07-18.40.58:791][410]LogEditorViewport: Clicking on Actor (LMB): StaticMeshActor (SyrupRiver)
[2018.03.07-18.41.17:966][775]LogMaterial: 0.00 seconds spent updating 1 materials, 1 interfaces, 0 instances, 0 with static permutations.
[2018.03.07-18.41.17:967][775]LogMaterial: 0.00 seconds spent updating 1 materials, 1 interfaces, 0 instances, 0 with static permutations.
[2018.03.07-18.41.18:247][781]LogMaterial: 0.00 seconds spent updating 1 materials, 1 interfaces, 0 instances, 0 with static permutations.
[2018.03.07-18.41.18:574][788]LogMaterial: 0.00 seconds spent updating 1 materials, 1 interfaces, 0 instances, 0 with static permutations.
[2018.03.07-18.41.18:576][788]LogMaterial: 0.00 seconds spent updating 1 materials, 1 interfaces, 0 instances, 0 with static permutations.
[2018.03.07-18.41.18:577][788]LogMaterial: 0.00 seconds spent updating 1 materials, 1 interfaces, 0 instances, 0 with static permutations.
[2018.03.07-18.41.18:620][789]LogMaterial: 0.00 seconds spent updating 1 materials, 1 interfaces, 0 instances, 0 with static permutations.
[2018.03.07-18.41.18:622][789]LogMaterial: 0.00 seconds spent updating 1 materials, 1 interfaces, 0 instances, 0 with static permutations.
[2018.03.07-18.41.18:667][790]LogMaterial: 0.00 seconds spent updating 1 materials, 1 interfaces, 0 instances, 0 with static permutations.
[2018.03.07-18.41.18:670][790]LogMaterial: 0.00 seconds spent updating 1 materials, 1 interfaces, 0 instances, 0 with static permutations.
[2018.03.07-18.41.18:671][790]LogMaterial: 0.00 seconds spent updating 1 materials, 1 interfaces, 0 instances, 0 with static permutations.
[2018.03.07-18.41.18:838][791]LogTexture:Display: Building textures: Texture2D_127 (BGRA8, 16X16) - 150 MB total VRAM
[2018.03.07-18.41.18:839][791]LogMaterial: 0.00 seconds spent updating 1 materials, 1 interfaces, 0 instances, 0 with static permutations.
[2018.03.07-18.41.18:915][792]LogMaterial: 0.00 seconds spent updating 1 materials, 1 interfaces, 0 instances, 0 with static permutations.
[2018.03.07-18.41.18:915][792]LogMaterial: 0.00 seconds spent updating 1 materials, 1 interfaces, 0 instances, 0 with static permutations.
[2018.03.07-18.41.18:946][793]LogMaterial: 0.00 seconds spent updating 1 materials, 1 interfaces, 0 instances, 0 with static permutations.
[2018.03.07-18.41.19:220][799]LogMaterial: 0.00 seconds spent updating 1 materials, 1 interfaces, 0 instances, 0 with static permutations.
[2018.03.07-18.41.19:221][799]LogMaterial: 0.00 seconds spent updating 1 materials, 1 interfaces, 0 instances, 0 with static permutations.
[2018.03.07-18.41.19:249][799]LogTexture:Display: Building textures: Texture2D_128 (BGRA8, 16X16) - 150 MB total VRAM
[2018.03.07-18.41.19:254][799]LogMaterial: 0.00 seconds spent updating 1 materials, 1 interfaces, 0 instances, 0 with static permutations.
[2018.03.07-18.41.22:723][869]LogTexture:Display: Building textures: Texture2D_9_BaseColor (BGRA8, 2X2) - 150 MB total VRAM
[2018.03.07-18.41.23:031][870]LogTexture:Display: Building textures: Texture2D_15_BaseColor (BGRA8, 2X2) - 150 MB total VRAM
[2018.03.07-18.41.23:128][871]LogTexture:Display: Building textures: Texture2D_16_BaseColor (BGRA8, 2X2) - 150 MB total VRAM
[2018.03.07-18.41.23:398][872]LogTexture:Display: Building textures: Texture2D_17_BaseColor (BGRA8, 2X2) - 150 MB total VRAM
[2018.03.07-18.41.23:557][873]LogTexture:Display: Building textures: Texture2D_18_BaseColor (BGRA8, 2X2) - 150 MB total VRAM
[2018.03.07-18.41.23:716][874]LogTexture:Display: Building textures: Texture2D_19_BaseColor (BGRA8, 2X2) - 150 MB total VRAM
[2018.03.07-18.41.23:825][875]LogTexture:Display: Building textures: Texture2D_26_BaseColor (BGRA8, 2X2) - 150 MB total VRAM
[2018.03.07-18.41.25:702][896]LogTexture:Display: Building textures: Texture2D_27_BaseColor (BGRA8, 2X2) - 150 MB total VRAM
[2018.03.07-18.41.26:072][897]LogTexture:Display: Building textures: Texture2D_16_BaseColor (BGRA8, 2X2) - 150 MB total VRAM
[2018.03.07-18.41.26:147][898]LogTexture:Display: Building textures: Texture2D_27_BaseColor (BGRA8, 2X2) - 150 MB total VRAM
[2018.03.07-18.41.26:200][898]LogMaterial: 0.00 seconds spent updating 1 materials, 1 interfaces, 0 instances, 0 with static permutations.
[2018.03.07-18.41.26:200][898]LogMaterial: 0.00 seconds spent updating 1 materials, 1 interfaces, 0 instances, 0 with static permutations.
[2018.03.07-18.41.26:208][898]LogTemp:Display: Finished compile of shader map 0x000002C39E1C1280
[2018.03.07-18.41.26:208][898]LogTemp:Display: Shader map CandySand_Mat complete, GameThreadShaderMap 0x000002C39E1C1280, marking material CandySand_Mat as finished
[2018.03.07-18.41.26:208][898]LogTemp:Display: Marking material as finished 0x000002C39E29AB00
[2018.03.07-18.41.32:110][ 41]LogTexture:Display: Building textures: Texture2D_6_BaseColor (BGRA8, 16X16) - 150 MB total VRAM
[2018.03.07-18.41.32:781][ 42]LogTexture:Display: Building textures: Texture2D_15_BaseColor (BGRA8, 2X2) - 150 MB total VRAM
[2018.03.07-18.41.33:170][ 43]LogTexture:Display: Building textures: Texture2D_6_BaseColor (BGRA8, 16X16) - 150 MB total VRAM
[2018.03.07-18.41.33:259][ 44]LogTexture:Display: Building textures: Texture2D_15_BaseColor (BGRA8, 2X2) - 150 MB total VRAM
[2018.03.07-18.41.46:486][349]LogTexture:Display: Building textures: Texture2D_6_BaseColor (BGRA8, 16X16) - 150 MB total VRAM
[2018.03.07-18.41.46:575][350]LogTexture:Display: Building textures: Texture2D_7_BaseColor (BGRA8, 2X2) - 150 MB total VRAM
[2018.03.07-18.41.46:745][351]LogTexture:Display: Building textures: Texture2D_8_BaseColor (BGRA8, 2X2) - 150 MB total VRAM
[2018.03.07-18.41.46:889][352]LogTexture:Display: Building textures: Texture2D_12_BaseColor (BGRA8, 2X2) - 150 MB total VRAM
[2018.03.07-18.41.46:984][353]LogTexture:Display: Building textures: Texture2D_13_BaseColor (BGRA8, 2X2) - 150 MB total VRAM
[2018.03.07-18.41.47:075][354]LogTexture:Display: Building textures: Texture2D_14_BaseColor (BGRA8, 2X2) - 150 MB total VRAM
[2018.03.07-18.41.47:158][355]LogTexture:Display: Building textures: Texture2D_15_BaseColor (BGRA8, 2X2) - 150 MB total VRAM
[2018.03.07-18.41.47:257][356]LogTexture:Display: Building textures: Texture2D_16_BaseColor (BGRA8, 2X2) - 150 MB total VRAM
[2018.03.07-18.41.47:365][357]LogTexture:Display: Building textures: Texture2D_17_BaseColor (BGRA8, 2X2) - 150 MB total VRAM
[2018.03.07-18.41.47:452][358]LogTexture:Display: Building textures: Texture2D_24_BaseColor (BGRA8, 2X2) - 150 MB total VRAM
[2018.03.07-18.41.47:540][359]LogTexture:Display: Building textures: Texture2D_25_BaseColor (BGRA8, 2X2) - 150 MB total VRAM
[2018.03.07-18.41.47:633][360]LogTexture:Display: Building textures: Texture2D_26_BaseColor (BGRA8, 2X2) - 150 MB total VRAM
[2018.03.07-18.41.47:710][361]LogTexture:Display: Building textures: Texture2D_27_BaseColor (BGRA8, 2X2) - 150 MB total VRAM
[2018.03.07-18.41.47:794][362]LogTexture:Display: Building textures: Texture2D_28_BaseColor (BGRA8, 2X2) - 150 MB total VRAM
[2018.03.07-18.41.47:883][363]LogTexture:Display: Building textures: Texture2D_29_BaseColor (BGRA8, 2X2) - 150 MB total VRAM
[2018.03.07-18.41.47:967][364]LogTexture:Display: Building textures: Texture2D_30_BaseColor (BGRA8, 2X2) - 150 MB total VRAM
[2018.03.07-18.41.48:057][365]LogTexture:Display: Building textures: Texture2D_31_BaseColor (BGRA8, 2X2) - 150 MB total VRAM
[2018.03.07-18.41.48:139][366]LogTexture:Display: Building textures: Texture2D_37_BaseColor (BGRA8, 2X2) - 150 MB total VRAM
[2018.03.07-18.41.48:238][367]LogTexture:Display: Building textures: Texture2D_40_BaseColor (BGRA8, 2X2) - 150 MB total VRAM
[2018.03.07-18.41.48:314][368]LogTexture:Display: Building textures: Texture2D_41_BaseColor (BGRA8, 2X2) - 150 MB total VRAM
[2018.03.07-18.41.48:395][369]LogTexture:Display: Building textures: Texture2D_42_BaseColor (BGRA8, 2X2) - 150 MB total VRAM
[2018.03.07-18.41.48:508][370]LogTexture:Display: Building textures: Texture2D_43_BaseColor (BGRA8, 2X2) - 150 MB total VRAM
[2018.03.07-18.41.48:606][371]LogTexture:Display: Building textures: Texture2D_44_BaseColor (BGRA8, 2X2) - 150 MB total VRAM
[2018.03.07-18.41.48:704][372]LogTexture:Display: Building textures: Texture2D_45_BaseColor (BGRA8, 2X2) - 150 MB total VRAM
[2018.03.07-18.41.48:792][373]LogTexture:Display: Building textures: Texture2D_46_BaseColor (BGRA8, 2X2) - 150 MB total VRAM
[2018.03.07-18.41.48:908][374]LogTexture:Display: Building textures: Texture2D_47_BaseColor (BGRA8, 2X2) - 150 MB total VRAM
[2018.03.07-18.41.48:981][375]LogTexture:Display: Building textures: Texture2D_66_BaseColor (BGRA8, 2X2) - 150 MB total VRAM
[2018.03.07-18.41.49:092][376]LogTexture:Display: Building textures: Texture2D_91_BaseColor (BGRA8, 2X2) - 150 MB total VRAM
[2018.03.07-18.41.49:202][377]LogTexture:Display: Building textures: Texture2D_93_BaseColor (BGRA8, 2X2) - 150 MB total VRAM
[2018.03.07-18.41.49:292][378]LogTexture:Display: Building textures: Texture2D_94_BaseColor (BGRA8, 2X2) - 150 MB total VRAM
[2018.03.07-18.41.49:402][379]LogTexture:Display: Building textures: Texture2D_96_BaseColor (BGRA8, 2X2) - 150 MB total VRAM
[2018.03.07-18.41.49:507][380]LogTexture:Display: Building textures: Texture2D_97_BaseColor (BGRA8, 2X2) - 150 MB total VRAM
[2018.03.07-18.42.06:122][658]LogTexture:Display: Building textures: Texture2D_6_BaseColor (BGRA8, 16X16) - 150 MB total VRAM
[2018.03.07-18.42.06:335][659]LogTexture:Display: Building textures: Texture2D_14_BaseColor (BGRA8, 2X2) - 150 MB total VRAM
[2018.03.07-18.42.06:597][660]LogTexture:Display: Building textures: Texture2D_15_BaseColor (BGRA8, 2X2) - 150 MB total VRAM
[2018.03.07-18.42.06:757][661]LogTexture:Display: Building textures: Texture2D_16_BaseColor (BGRA8, 2X2) - 150 MB total VRAM
[2018.03.07-18.42.06:857][662]LogTexture:Display: Building textures: Texture2D_25_BaseColor (BGRA8, 2X2) - 150 MB total VRAM
[2018.03.07-18.42.06:935][663]LogTexture:Display: Building textures: Texture2D_26_BaseColor (BGRA8, 2X2) - 150 MB total VRAM
[2018.03.07-18.42.07:064][664]LogTexture:Display: Building textures: Texture2D_27_BaseColor (BGRA8, 2X2) - 150 MB total VRAM
[2018.03.07-18.42.07:154][665]LogTexture:Display: Building textures: Texture2D_43_BaseColor (BGRA8, 2X2) - 150 MB total VRAM
[2018.03.07-18.42.08:499][725]LogTexture:Display: Building textures: Texture2D_44_BaseColor (BGRA8, 2X2) - 150 MB total VRAM
[2018.03.07-18.42.08:553][726]LogTexture:Display: Building textures: Texture2D_129 (BGRA8, 16X16) - 150 MB total VRAM
[2018.03.07-18.42.08:579][726]LogMaterial: 0.00 seconds spent updating 1 materials, 1 interfaces, 0 instances, 0 with static permutations.
[2018.03.07-18.42.08:579][726]LogMaterial: 0.00 seconds spent updating 1 materials, 1 interfaces, 0 instances, 0 with static permutations.
[2018.03.07-18.42.08:580][726]LogMaterial: 0.00 seconds spent updating 1 materials, 1 interfaces, 0 instances, 0 with static permutations.
[2018.03.07-18.42.08:580][726]LogMaterial: 0.00 seconds spent updating 1 materials, 1 interfaces, 0 instances, 0 with static permutations.
[2018.03.07-18.42.08:580][726]LogMaterial: 0.00 seconds spent updating 1 materials, 1 interfaces, 0 instances, 0 with static permutations.
[2018.03.07-18.42.08:581][726]LogMaterial: 0.00 seconds spent updating 1 materials, 1 interfaces, 0 instances, 0 with static permutations.
[2018.03.07-18.42.08:581][726]LogMaterial: 0.00 seconds spent updating 1 materials, 1 interfaces, 0 instances, 0 with static permutations.
[2018.03.07-18.42.08:611][726]LogTexture:Display: Building textures: Texture2D_130 (BGRA8, 16X16) - 150 MB total VRAM
[2018.03.07-18.42.08:665][726]LogMaterial: Missing cached shader map for material CandySand_Mat, compiling. 
[2018.03.07-18.42.08:666][726]LogTemp:Display: Added material ShaderMap 0x000002C3C5D61D00 with Material 0x000002C3F0328880 to ShaderMapsBeingCompiled
[2018.03.07-18.42.08:772][726]LogTemp:Display: Kicking off shader compilation for CandySand_Mat, GameThreadShaderMap 0x000002C3C5D61D00
[2018.03.07-18.42.08:773][726]LogTemp:Display: Added shader map 0x000002C3C5D61D00 from material 0x000002C3F0328880
[2018.03.07-18.42.08:773][726]LogTemp:Display: Found existing compiling shader for material CandySand_Mat, linking to other GameThreadShaderMap 0x000002C3C5D61D00
[2018.03.07-18.42.08:774][726]LogMaterial: 0.00 seconds spent updating 1 materials, 1 interfaces, 0 instances, 1 with static permutations.
[2018.03.07-18.42.08:787][726]LogMaterial: 0.01 seconds spent updating 1 materials, 1 interfaces, 0 instances, 0 with static permutations.
[2018.03.07-18.42.08:787][726]LogMaterial: 0.00 seconds spent updating 1 materials, 1 interfaces, 0 instances, 0 with static permutations.
[2018.03.07-18.42.08:788][726]LogMaterial: 0.00 seconds spent updating 1 materials, 1 interfaces, 0 instances, 0 with static permutations.
[2018.03.07-18.42.09:308][726]LogTexture:Display: Building textures: Texture2D_6_BaseColor (BGRA8, 16X16) - 150 MB total VRAM
[2018.03.07-18.42.09:452][727]LogTexture:Display: Building textures: Texture2D_7_BaseColor (BGRA8, 2X2) - 150 MB total VRAM
[2018.03.07-18.42.11:000][768]LogTexture:Display: Building textures: Texture2D_131 (BGRA8, 16X16) - 150 MB total VRAM
[2018.03.07-18.42.11:098][768]LogMaterial: 0.00 seconds spent updating 1 materials, 1 interfaces, 0 instances, 0 with static permutations.
[2018.03.07-18.42.11:098][768]LogMaterial: 0.00 seconds spent updating 1 materials, 1 interfaces, 0 instances, 0 with static permutations.
[2018.03.07-18.42.11:406][776]LogMaterial: 0.00 seconds spent updating 1 materials, 1 interfaces, 0 instances, 0 with static permutations.
[2018.03.07-18.42.11:408][776]LogMaterial: 0.00 seconds spent updating 1 materials, 1 interfaces, 0 instances, 0 with static permutations.
[2018.03.07-18.42.14:231][837]LogTexture:Display: Building textures: Texture2D_6_BaseColor (BGRA8, 16X16) - 150 MB total VRAM
[2018.03.07-18.42.14:319][838]LogTexture:Display: Building textures: Texture2D_7_BaseColor (BGRA8, 2X2) - 150 MB total VRAM
[2018.03.07-18.42.14:438][839]LogTexture:Display: Building textures: Texture2D_13_BaseColor (BGRA8, 2X2) - 150 MB total VRAM
[2018.03.07-18.42.14:550][840]LogTexture:Display: Building textures: Texture2D_14_BaseColor (BGRA8, 2X2) - 150 MB total VRAM
[2018.03.07-18.42.14:725][841]LogTexture:Display: Building textures: Texture2D_24_BaseColor (BGRA8, 2X2) - 150 MB total VRAM
[2018.03.07-18.42.14:830][842]LogTexture:Display: Building textures: Texture2D_25_BaseColor (BGRA8, 2X2) - 150 MB total VRAM
[2018.03.07-18.42.14:987][843]LogTexture:Display: Building textures: Texture2D_29_BaseColor (BGRA8, 2X2) - 150 MB total VRAM
[2018.03.07-18.42.15:100][844]LogTexture:Display: Building textures: Texture2D_30_BaseColor (BGRA8, 2X2) - 150 MB total VRAM
[2018.03.07-18.42.15:212][845]LogTexture:Display: Building textures: Texture2D_31_BaseColor (BGRA8, 2X2) - 150 MB total VRAM
[2018.03.07-18.42.15:367][846]LogTexture:Display: Building textures: Texture2D_37_BaseColor (BGRA8, 2X2) - 150 MB total VRAM
[2018.03.07-18.42.15:491][847]LogTexture:Display: Building textures: Texture2D_42_BaseColor (BGRA8, 2X2) - 150 MB total VRAM
[2018.03.07-18.42.15:628][848]LogTexture:Display: Building textures: Texture2D_43_BaseColor (BGRA8, 2X2) - 150 MB total VRAM
[2018.03.07-18.42.15:767][849]LogTexture:Display: Building textures: Texture2D_45_BaseColor (BGRA8, 2X2) - 150 MB total VRAM
[2018.03.07-18.42.15:877][850]LogTexture:Display: Building textures: Texture2D_46_BaseColor (BGRA8, 2X2) - 150 MB total VRAM
[2018.03.07-18.42.16:008][851]LogTexture:Display: Building textures: Texture2D_47_BaseColor (BGRA8, 2X2) - 150 MB total VRAM
[2018.03.07-18.42.17:446][874]LogTexture:Display: Building textures: Texture2D_132 (BGRA8, 16X16) - 150 MB total VRAM
[2018.03.07-18.42.17:476][874]LogMaterial: 0.00 seconds spent updating 1 materials, 1 interfaces, 0 instances, 0 with static permutations.
[2018.03.07-18.42.17:477][874]LogMaterial: 0.00 seconds spent updating 1 materials, 1 interfaces, 0 instances, 0 with static permutations.
[2018.03.07-18.42.17:493][874]LogTexture:Display: Building textures: Texture2D_133 (BGRA8, 16X16) - 150 MB total VRAM
[2018.03.07-18.42.17:494][874]LogMaterial: 0.00 seconds spent updating 1 materials, 1 interfaces, 0 instances, 0 with static permutations.
[2018.03.07-18.42.17:507][874]LogMaterial: Missing cached shader map for material CandySand_Mat, compiling. 
[2018.03.07-18.42.17:509][874]LogTemp:Display: Added material ShaderMap 0x000002C4091CA080 with Material 0x000002C383BA0700 to ShaderMapsBeingCompiled
[2018.03.07-18.42.17:661][874]LogTemp:Display: Kicking off shader compilation for CandySand_Mat, GameThreadShaderMap 0x000002C4091CA080
[2018.03.07-18.42.17:664][874]LogTemp:Display: Added shader map 0x000002C4091CA080 from material 0x000002C383BA0700
[2018.03.07-18.42.17:664][874]LogTemp:Display: Found existing compiling shader for material CandySand_Mat, linking to other GameThreadShaderMap 0x000002C4091CA080
[2018.03.07-18.42.17:666][874]LogMaterial: 0.00 seconds spent updating 1 materials, 1 interfaces, 0 instances, 1 with static permutations.
[2018.03.07-18.42.17:675][874]LogMaterial: 0.01 seconds spent updating 1 materials, 1 interfaces, 0 instances, 0 with static permutations.
[2018.03.07-18.42.17:675][874]LogMaterial: 0.00 seconds spent updating 1 materials, 1 interfaces, 0 instances, 0 with static permutations.
[2018.03.07-18.42.17:676][874]LogMaterial: 0.00 seconds spent updating 1 materials, 1 interfaces, 0 instances, 0 with static permutations.
[2018.03.07-18.42.17:676][874]LogMaterial: 0.00 seconds spent updating 1 materials, 1 interfaces, 0 instances, 0 with static permutations.
[2018.03.07-18.42.17:711][874]LogTexture:Display: Building textures: Texture2D_134 (BGRA8, 16X16) - 150 MB total VRAM
[2018.03.07-18.42.17:713][874]LogMaterial: 0.00 seconds spent updating 1 materials, 1 interfaces, 0 instances, 0 with static permutations.
[2018.03.07-18.42.17:714][874]LogMaterial: 0.00 seconds spent updating 1 materials, 1 interfaces, 0 instances, 0 with static permutations.
[2018.03.07-18.42.21:246][938]LogMaterial: 0.00 seconds spent updating 1 materials, 1 interfaces, 0 instances, 0 with static permutations.
[2018.03.07-18.42.21:248][938]LogMaterial: 0.00 seconds spent updating 1 materials, 1 interfaces, 0 instances, 0 with static permutations.
[2018.03.07-18.42.21:393][938]LogTexture:Display: Building textures: Texture2D_7_BaseColor (BGRA8, 2X2) - 150 MB total VRAM
[2018.03.07-18.42.26:295][ 38]LogTexture:Display: Building textures: Texture2D_8_BaseColor (BGRA8, 2X2) - 150 MB total VRAM
[2018.03.07-18.42.26:499][ 39]LogTexture:Display: Building textures: Texture2D_24_BaseColor (BGRA8, 2X2) - 150 MB total VRAM
[2018.03.07-18.42.26:663][ 40]LogTexture:Display: Building textures: Texture2D_29_BaseColor (BGRA8, 2X2) - 150 MB total VRAM
[2018.03.07-18.42.26:822][ 41]LogTexture:Display: Building textures: Texture2D_30_BaseColor (BGRA8, 2X2) - 150 MB total VRAM
[2018.03.07-18.42.26:994][ 42]LogTexture:Display: Building textures: Texture2D_41_BaseColor (BGRA8, 2X2) - 150 MB total VRAM
[2018.03.07-18.42.27:165][ 43]LogTexture:Display: Building textures: Texture2D_46_BaseColor (BGRA8, 2X2) - 150 MB total VRAM
[2018.03.07-18.42.27:285][ 44]LogTexture:Display: Building textures: Texture2D_0_BaseColor (BGRA8, 2X2) - 150 MB total VRAM
[2018.03.07-18.42.34:866][205]LogEditorViewport: Clicking on Actor (LMB): StaticMeshActor (SyrupRiver)
[2018.03.07-18.42.56:892][592]LogTemp:Display: Finished compile of shader map 0x000002C3C5D61D00
[2018.03.07-18.42.56:892][592]LogTemp:Display: Shader map CandySand_Mat complete, GameThreadShaderMap 0x000002C3C5D61D00, marking material CandySand_Mat as finished
[2018.03.07-18.42.56:892][592]LogTemp:Display: Marking material as finished 0x000002C3F0328880
[2018.03.07-18.42.59:039][626]LogTexture:Display: Building textures: Texture2D_109 (BGRA8, 16X16) - 165 MB total VRAM
[2018.03.07-18.42.59:041][626]LogTexture:Display: Building textures: Texture2D_114 (BGRA8, 16X16) - 165 MB total VRAM
[2018.03.07-18.42.59:058][626]LogTexture:Display: Building textures: Texture2D_116 (BGRA8, 16X16) - 165 MB total VRAM
[2018.03.07-18.42.59:097][626]LogTexture:Display: Building textures: Texture2D_117 (BGRA8, 16X16) - 165 MB total VRAM
[2018.03.07-18.42.59:182][626]LogTexture:Display: Building textures: Texture2D_12 (BGRA8, 16X16) - 165 MB total VRAM
[2018.03.07-18.42.59:183][626]LogTexture:Display: Building textures: Texture2D_120 (BGRA8, 16X16) - 165 MB total VRAM
[2018.03.07-18.42.59:212][626]LogTexture:Display: Building textures: Texture2D_121 (BGRA8, 16X16) - 165 MB total VRAM
[2018.03.07-18.42.59:239][626]LogTexture:Display: Building textures: Texture2D_123 (BGRA8, 16X16) - 165 MB total VRAM
[2018.03.07-18.42.59:255][626]LogTexture:Display: Building textures: Texture2D_124 (BGRA8, 16X16) - 165 MB total VRAM
[2018.03.07-18.42.59:272][626]LogTexture:Display: Building textures: Texture2D_125 (BGRA8, 16X16) - 165 MB total VRAM
[2018.03.07-18.42.59:334][626]LogTexture:Display: Building textures: Texture2D_126 (BGRA8, 16X16) - 165 MB total VRAM
[2018.03.07-18.42.59:335][626]LogTexture:Display: Building textures: Texture2D_13 (BGRA8, 16X16) - 165 MB total VRAM
[2018.03.07-18.42.59:403][626]LogTexture:Display: Building textures: Texture2D_14 (BGRA8, 16X16) - 165 MB total VRAM
[2018.03.07-18.42.59:532][626]LogTexture:Display: Building textures: Texture2D_15 (BGRA8, 16X16) - 165 MB total VRAM
[2018.03.07-18.42.59:584][626]LogTexture:Display: Building textures: Texture2D_16 (BGRA8, 16X16) - 165 MB total VRAM
[2018.03.07-18.42.59:606][626]LogTexture:Display: Building textures: Texture2D_17 (BGRA8, 16X16) - 165 MB total VRAM
[2018.03.07-18.42.59:714][626]LogTexture:Display: Building textures: Texture2D_18 (BGRA8, 16X16) - 165 MB total VRAM
[2018.03.07-18.42.59:750][626]LogTexture:Display: Building textures: Texture2D_19 (BGRA8, 16X16) - 165 MB total VRAM
[2018.03.07-18.42.59:768][626]LogTexture:Display: Building textures: Texture2D_20 (BGRA8, 16X16) - 165 MB total VRAM
[2018.03.07-18.42.59:769][626]LogTexture:Display: Building textures: Texture2D_21 (BGRA8, 16X16) - 165 MB total VRAM
[2018.03.07-18.42.59:771][626]LogTexture:Display: Building textures: Texture2D_23 (BGRA8, 16X16) - 165 MB total VRAM
[2018.03.07-18.42.59:825][626]LogTexture:Display: Building textures: Texture2D_24 (BGRA8, 16X16) - 165 MB total VRAM
[2018.03.07-18.42.59:826][626]LogTexture:Display: Building textures: Texture2D_25 (BGRA8, 16X16) - 165 MB total VRAM
[2018.03.07-18.42.59:838][626]LogTexture:Display: Building textures: Texture2D_26 (BGRA8, 16X16) - 165 MB total VRAM
[2018.03.07-18.42.59:852][626]LogTexture:Display: Building textures: Texture2D_27 (BGRA8, 16X16) - 165 MB total VRAM
[2018.03.07-18.42.59:866][626]LogTexture:Display: Building textures: Texture2D_28 (BGRA8, 16X16) - 165 MB total VRAM
[2018.03.07-18.42.59:928][626]LogTexture:Display: Building textures: Texture2D_29 (BGRA8, 16X16) - 165 MB total VRAM
[2018.03.07-18.42.59:930][626]LogTexture:Display: Building textures: Texture2D_30 (BGRA8, 16X16) - 165 MB total VRAM
[2018.03.07-18.43.00:059][626]LogTexture:Display: Building textures: Texture2D_40 (BGRA8, 16X16) - 165 MB total VRAM
[2018.03.07-18.43.00:162][626]LogTexture:Display: Building textures: Texture2D_41 (BGRA8, 16X16) - 165 MB total VRAM
[2018.03.07-18.43.00:497][626]LogTexture:Display: Building textures: Texture2D_42 (BGRA8, 16X16) - 165 MB total VRAM
[2018.03.07-18.43.00:536][626]LogTexture:Display: Building textures: Texture2D_43 (BGRA8, 16X16) - 165 MB total VRAM
[2018.03.07-18.43.00:555][626]LogTexture:Display: Building textures: Texture2D_44 (BGRA8, 16X16) - 165 MB total VRAM
[2018.03.07-18.43.00:572][626]LogTexture:Display: Building textures: Texture2D_45 (BGRA8, 16X16) - 165 MB total VRAM
[2018.03.07-18.43.00:635][626]LogTexture:Display: Building textures: Texture2D_46 (BGRA8, 16X16) - 165 MB total VRAM
[2018.03.07-18.43.00:654][626]LogTexture:Display: Building textures: Texture2D_47 (BGRA8, 16X16) - 165 MB total VRAM
[2018.03.07-18.43.00:673][626]LogTexture:Display: Building textures: Texture2D_6 (BGRA8, 128X128) - 165 MB total VRAM
[2018.03.07-18.43.00:681][626]LogTexture:Display: Building textures: Texture2D_7 (BGRA8, 16X16) - 165 MB total VRAM
[2018.03.07-18.43.00:687][626]LogTexture:Display: Building textures: Texture2D_8 (BGRA8, 16X16) - 165 MB total VRAM
[2018.03.07-18.43.00:743][626]LogTexture:Display: Building textures: Texture2D_94 (BGRA8, 16X16) - 165 MB total VRAM
[2018.03.07-18.43.00:889][626]LogTexture:Display: Building textures: Texture2D_96 (BGRA8, 16X16) - 165 MB total VRAM
[2018.03.07-18.43.00:903][626]LogTexture:Display: Building textures: Texture2D_97 (BGRA8, 16X16) - 165 MB total VRAM
[2018.03.07-18.43.00:905][626]LogActorFactory: Actor Factory created RuinWall
[2018.03.07-18.43.00:987][626]LogActorFactory: Actor Factory created RuinWall
[2018.03.07-18.43.02:085][646]LogTexture:Display: Building textures: Texture2D_15_BaseColor (BGRA8, 2X2) - 165 MB total VRAM
[2018.03.07-18.43.02:280][647]LogTexture:Display: Building textures: Texture2D_16_BaseColor (BGRA8, 2X2) - 165 MB total VRAM
[2018.03.07-18.43.03:005][648]LogTexture:Display: Building textures: Texture2D_26_BaseColor (BGRA8, 2X2) - 165 MB total VRAM
[2018.03.07-18.43.03:087][649]LogTexture:Display: Building textures: Texture2D_27_BaseColor (BGRA8, 2X2) - 165 MB total VRAM
[2018.03.07-18.43.03:209][650]LogTexture:Display: Building textures: Texture2D_44_BaseColor (BGRA8, 2X2) - 165 MB total VRAM
[2018.03.07-18.43.09:564][787]Cmd: CAMERA ALIGN ACTIVEVIEWPORTONLY
[2018.03.07-18.43.35:492][297]LogTemp:Display: Finished compile of shader map 0x000002C4091CA080
[2018.03.07-18.43.35:492][297]LogTemp:Display: Shader map CandySand_Mat complete, GameThreadShaderMap 0x000002C4091CA080, marking material CandySand_Mat as finished
[2018.03.07-18.43.35:492][297]LogTemp:Display: Marking material as finished 0x000002C383BA0700
[2018.03.07-18.43.37:734][325]LogTexture:Display: Building textures: Texture2D_6_BaseColor (BGRA8, 16X16) - 165 MB total VRAM
[2018.03.07-18.43.39:453][368]Cmd: MODE ROTGRID=1
[2018.03.07-18.43.56:204][793]Cmd: CAMERA ALIGN ACTIVEVIEWPORTONLY
[2018.03.07-18.44.02:210][938]LogEditorViewport: Clicking on Actor (LMB): StaticMeshActor (RuinWall)
[2018.03.07-18.44.20:043][339]LogEditorViewport: Clicking on Actor (LMB): StaticMeshActor (RuinWall2)
[2018.03.07-18.44.20:729][354]LogEditorViewport: Clicking on Actor (CTRL LMB): StaticMeshActor (RuinWall)
[2018.03.07-18.44.21:353][366]LogEditorViewport: Clicking on Actor (CTRL LMB): StaticMeshActor (RuinWall3)
[2018.03.07-18.44.52:785][164]LogEditorViewport: Clicking on Actor (LMB): StaticMeshActor (Poptart5)
[2018.03.07-18.44.53:246][172]Cmd: CAMERA ALIGN ACTIVEVIEWPORTONLY
[2018.03.07-18.47.03:943][523]LogEditorViewport: Clicking on Actor (LMB): StaticMeshActor (Cookie_CB_Triangle)
[2018.03.07-18.47.37:468][251]LogMaterial: 0.00 seconds spent updating 1 materials, 1 interfaces, 0 instances, 0 with static permutations.
[2018.03.07-18.47.37:471][251]LogMaterial: 0.00 seconds spent updating 1 materials, 1 interfaces, 0 instances, 0 with static permutations.
[2018.03.07-18.47.37:831][260]LogTexture:Display: Building textures: Texture2D_135 (BGRA8, 16X16) - 166 MB total VRAM
[2018.03.07-18.47.37:873][260]LogMaterial: 0.00 seconds spent updating 1 materials, 1 interfaces, 0 instances, 0 with static permutations.
[2018.03.07-18.47.37:873][260]LogMaterial: 0.00 seconds spent updating 1 materials, 1 interfaces, 0 instances, 0 with static permutations.
[2018.03.07-18.47.37:874][260]LogMaterial: 0.00 seconds spent updating 1 materials, 1 interfaces, 0 instances, 0 with static permutations.
[2018.03.07-18.47.37:906][260]LogTexture:Display: Building textures: Texture2D_136 (BGRA8, 16X16) - 166 MB total VRAM
[2018.03.07-18.47.37:916][260]LogMaterial: Missing cached shader map for material CandySand_Mat, compiling. 
[2018.03.07-18.47.37:918][260]LogTemp:Display: Added material ShaderMap 0x000002C390EF6080 with Material 0x000002C41AEFCB80 to ShaderMapsBeingCompiled
[2018.03.07-18.47.38:009][260]LogTemp:Display: Kicking off shader compilation for CandySand_Mat, GameThreadShaderMap 0x000002C390EF6080
[2018.03.07-18.47.38:011][260]LogTemp:Display: Added shader map 0x000002C390EF6080 from material 0x000002C41AEFCB80
[2018.03.07-18.47.38:011][260]LogTemp:Display: Found existing compiling shader for material CandySand_Mat, linking to other GameThreadShaderMap 0x000002C390EF6080
[2018.03.07-18.47.38:013][260]LogMaterial: 0.00 seconds spent updating 1 materials, 1 interfaces, 0 instances, 1 with static permutations.
[2018.03.07-18.47.38:036][260]LogMaterial: 0.02 seconds spent updating 1 materials, 1 interfaces, 0 instances, 0 with static permutations.
[2018.03.07-18.47.38:061][261]LogMaterial: 0.00 seconds spent updating 1 materials, 1 interfaces, 0 instances, 0 with static permutations.
[2018.03.07-18.47.39:954][304]Cmd: TRANSACTION UNDO
[2018.03.07-18.47.39:954][304]LogEditorTransaction: Undo Landscape Editing: Paint
[2018.03.07-18.47.40:041][304]LogMaterial: 0.00 seconds spent updating 1 materials, 1 interfaces, 0 instances, 0 with static permutations.
[2018.03.07-18.47.40:042][304]LogMaterial: 0.00 seconds spent updating 1 materials, 1 interfaces, 0 instances, 0 with static permutations.
[2018.03.07-18.47.40:042][304]LogMaterial: 0.00 seconds spent updating 1 materials, 1 interfaces, 0 instances, 0 with static permutations.
[2018.03.07-18.47.40:043][304]LogMaterial: 0.00 seconds spent updating 1 materials, 1 interfaces, 0 instances, 0 with static permutations.
[2018.03.07-18.47.40:044][304]LogMaterial: 0.00 seconds spent updating 1 materials, 1 interfaces, 0 instances, 0 with static permutations.
[2018.03.07-18.47.40:044][304]LogMaterial: 0.00 seconds spent updating 1 materials, 1 interfaces, 0 instances, 0 with static permutations.
[2018.03.07-18.47.40:079][304]LogMaterial: 0.00 seconds spent updating 1 materials, 1 interfaces, 0 instances, 0 with static permutations.
[2018.03.07-18.47.40:081][304]LogMaterial: 0.00 seconds spent updating 1 materials, 1 interfaces, 0 instances, 0 with static permutations.
[2018.03.07-18.47.40:082][304]LogMaterial: 0.00 seconds spent updating 1 materials, 1 interfaces, 0 instances, 0 with static permutations.
[2018.03.07-18.47.40:236][304]LogTexture:Display: Building textures: Texture2D_134 (BGRA8, 16X16) - 166 MB total VRAM
[2018.03.07-18.47.40:236][304]LogActorComponent: ~FComponentReregisterContext: (/Game/Levels/W03_DryMoons/CinnamonMoon.CinnamonMoon:PersistentLevel.Land.LandscapeHeightfieldCollisionComponent_579) Component already registered.
[2018.03.07-18.47.40:357][304]LogActorComponent: ~FComponentReregisterContext: (/Game/Levels/W03_DryMoons/CinnamonMoon.CinnamonMoon:PersistentLevel.Land.LandscapeHeightfieldCollisionComponent_601) Component already registered.
[2018.03.07-18.47.40:359][304]LogMaterial: 0.00 seconds spent updating 1 materials, 1 interfaces, 0 instances, 0 with static permutations.
[2018.03.07-18.47.40:359][304]LogActorComponent: ~FComponentReregisterContext: (/Game/Levels/W03_DryMoons/CinnamonMoon.CinnamonMoon:PersistentLevel.Land.LandscapeComponent_277) Component already registered.
[2018.03.07-18.47.40:359][304]LogActorComponent: ~FComponentReregisterContext: (/Game/Levels/W03_DryMoons/CinnamonMoon.CinnamonMoon:PersistentLevel.Land.LandscapeHeightfieldCollisionComponent_577) Component already registered.
[2018.03.07-18.47.40:361][304]LogMaterial: 0.00 seconds spent updating 1 materials, 1 interfaces, 0 instances, 0 with static permutations.
[2018.03.07-18.47.40:361][304]LogActorComponent: ~FComponentReregisterContext: (/Game/Levels/W03_DryMoons/CinnamonMoon.CinnamonMoon:PersistentLevel.Land.LandscapeComponent_301) Component already registered.
[2018.03.07-18.47.40:363][304]LogMaterial: 0.00 seconds spent updating 1 materials, 1 interfaces, 0 instances, 0 with static permutations.
[2018.03.07-18.47.40:363][304]LogActorComponent: ~FComponentReregisterContext: (/Game/Levels/W03_DryMoons/CinnamonMoon.CinnamonMoon:PersistentLevel.Land.LandscapeComponent_278) Component already registered.
[2018.03.07-18.47.40:449][304]LogTexture:Display: Building textures: Texture2D_132 (BGRA8, 16X16) - 166 MB total VRAM
[2018.03.07-18.47.40:449][304]LogActorComponent: ~FComponentReregisterContext: (/Game/Levels/W03_DryMoons/CinnamonMoon.CinnamonMoon:PersistentLevel.Land.LandscapeHeightfieldCollisionComponent_578) Component already registered.
[2018.03.07-18.47.40:451][304]LogMaterial: 0.00 seconds spent updating 1 materials, 1 interfaces, 0 instances, 0 with static permutations.
[2018.03.07-18.47.40:451][304]LogActorComponent: ~FComponentReregisterContext: (/Game/Levels/W03_DryMoons/CinnamonMoon.CinnamonMoon:PersistentLevel.Land.LandscapeComponent_279) Component already registered.
[2018.03.07-18.47.40:451][304]LogActorComponent: ~FComponentReregisterContext: (/Game/Levels/W03_DryMoons/CinnamonMoon.CinnamonMoon:PersistentLevel.Land.LandscapeHeightfieldCollisionComponent_602) Component already registered.
[2018.03.07-18.47.40:500][304]LogMaterial: 0.00 seconds spent updating 1 materials, 1 interfaces, 0 instances, 0 with static permutations.
[2018.03.07-18.47.40:500][304]LogActorComponent: ~FComponentReregisterContext: (/Game/Levels/W03_DryMoons/CinnamonMoon.CinnamonMoon:PersistentLevel.Land.LandscapeComponent_326) Component already registered.
[2018.03.07-18.47.40:568][304]LogActorComponent: ~FComponentReregisterContext: (/Game/Levels/W03_DryMoons/CinnamonMoon.CinnamonMoon:PersistentLevel.Land.LandscapeHeightfieldCollisionComponent_626) Component already registered.
[2018.03.07-18.47.40:568][304]LogActorComponent: ~FComponentReregisterContext: (/Game/Levels/W03_DryMoons/CinnamonMoon.CinnamonMoon:PersistentLevel.Land.LandscapeHeightfieldCollisionComponent_617) Component already registered.
[2018.03.07-18.47.40:570][304]LogMaterial: 0.00 seconds spent updating 1 materials, 1 interfaces, 0 instances, 0 with static permutations.
[2018.03.07-18.47.40:570][304]LogActorComponent: ~FComponentReregisterContext: (/Game/Levels/W03_DryMoons/CinnamonMoon.CinnamonMoon:PersistentLevel.Land.LandscapeComponent_327) Component already registered.
[2018.03.07-18.47.40:570][304]LogActorComponent: ~FComponentReregisterContext: (/Game/Levels/W03_DryMoons/CinnamonMoon.CinnamonMoon:PersistentLevel.Land.LandscapeHeightfieldCollisionComponent_627) Component already registered.
[2018.03.07-18.47.40:574][304]LogMaterial: 0.00 seconds spent updating 1 materials, 1 interfaces, 0 instances, 0 with static permutations.
[2018.03.07-18.47.40:574][304]LogActorComponent: ~FComponentReregisterContext: (/Game/Levels/W03_DryMoons/CinnamonMoon.CinnamonMoon:PersistentLevel.Land.LandscapeComponent_302) Component already registered.
[2018.03.07-18.47.40:677][304]LogMaterial: 0.01 seconds spent updating 1 materials, 1 interfaces, 0 instances, 1 with static permutations.
[2018.03.07-18.47.40:752][304]LogMaterial: 0.01 seconds spent updating 1 materials, 1 interfaces, 0 instances, 1 with static permutations.
[2018.03.07-18.47.40:820][304]LogMaterial: 0.01 seconds spent updating 1 materials, 1 interfaces, 0 instances, 1 with static permutations.
[2018.03.07-18.47.40:886][304]LogMaterial: 0.01 seconds spent updating 1 materials, 1 interfaces, 0 instances, 1 with static permutations.
[2018.03.07-18.47.40:956][304]LogMaterial: 0.01 seconds spent updating 1 materials, 1 interfaces, 0 instances, 1 with static permutations.
[2018.03.07-18.47.56:044][599]LogTexture:Display: Building textures: Texture2D_6_BaseColor (BGRA8, 16X16) - 166 MB total VRAM
[2018.03.07-18.47.56:077][600]Cmd: TRANSACTION UNDO
[2018.03.07-18.47.56:077][600]LogEditorTransaction: Undo Landscape Editing: Flatten
[2018.03.07-18.47.56:162][600]LogMaterial: 0.00 seconds spent updating 1 materials, 1 interfaces, 0 instances, 0 with static permutations.
[2018.03.07-18.47.56:163][600]LogMaterial: 0.00 seconds spent updating 1 materials, 1 interfaces, 0 instances, 0 with static permutations.
[2018.03.07-18.47.56:163][600]LogMaterial: 0.00 seconds spent updating 1 materials, 1 interfaces, 0 instances, 0 with static permutations.
[2018.03.07-18.47.56:164][600]LogMaterial: 0.00 seconds spent updating 1 materials, 1 interfaces, 0 instances, 0 with static permutations.
[2018.03.07-18.47.56:362][600]LogMaterial: 0.00 seconds spent updating 1 materials, 1 interfaces, 0 instances, 0 with static permutations.
[2018.03.07-18.47.56:363][600]LogMaterial: 0.00 seconds spent updating 1 materials, 1 interfaces, 0 instances, 0 with static permutations.
[2018.03.07-18.47.56:364][600]LogMaterial: 0.00 seconds spent updating 1 materials, 1 interfaces, 0 instances, 0 with static permutations.
[2018.03.07-18.47.56:365][600]LogMaterial: 0.00 seconds spent updating 1 materials, 1 interfaces, 0 instances, 0 with static permutations.
[2018.03.07-18.47.56:366][600]LogMaterial: 0.00 seconds spent updating 1 materials, 1 interfaces, 0 instances, 0 with static permutations.
[2018.03.07-18.47.56:368][600]LogMaterial: 0.00 seconds spent updating 1 materials, 1 interfaces, 0 instances, 0 with static permutations.
[2018.03.07-18.47.56:369][600]LogMaterial: 0.00 seconds spent updating 1 materials, 1 interfaces, 0 instances, 0 with static permutations.
[2018.03.07-18.47.56:371][600]LogMaterial: 0.00 seconds spent updating 1 materials, 1 interfaces, 0 instances, 0 with static permutations.
[2018.03.07-18.47.56:372][600]LogMaterial: 0.00 seconds spent updating 1 materials, 1 interfaces, 0 instances, 0 with static permutations.
[2018.03.07-18.47.56:374][600]LogMaterial: 0.00 seconds spent updating 1 materials, 1 interfaces, 0 instances, 0 with static permutations.
[2018.03.07-18.47.56:436][600]LogMaterial: 0.00 seconds spent updating 1 materials, 1 interfaces, 0 instances, 0 with static permutations.
[2018.03.07-18.47.56:438][600]LogMaterial: 0.00 seconds spent updating 1 materials, 1 interfaces, 0 instances, 0 with static permutations.
[2018.03.07-18.47.56:439][600]LogMaterial: 0.00 seconds spent updating 1 materials, 1 interfaces, 0 instances, 0 with static permutations.
[2018.03.07-18.47.56:440][600]LogMaterial: 0.00 seconds spent updating 1 materials, 1 interfaces, 0 instances, 0 with static permutations.
[2018.03.07-18.47.56:962][600]LogMaterial: 0.00 seconds spent updating 1 materials, 1 interfaces, 0 instances, 0 with static permutations.
[2018.03.07-18.47.56:964][600]LogMaterial: 0.00 seconds spent updating 1 materials, 1 interfaces, 0 instances, 0 with static permutations.
[2018.03.07-18.47.56:966][600]LogMaterial: 0.00 seconds spent updating 1 materials, 1 interfaces, 0 instances, 0 with static permutations.
[2018.03.07-18.47.56:967][600]LogMaterial: 0.00 seconds spent updating 1 materials, 1 interfaces, 0 instances, 0 with static permutations.
[2018.03.07-18.47.56:969][600]LogMaterial: 0.00 seconds spent updating 1 materials, 1 interfaces, 0 instances, 0 with static permutations.
[2018.03.07-18.47.56:971][600]LogMaterial: 0.00 seconds spent updating 1 materials, 1 interfaces, 0 instances, 0 with static permutations.
[2018.03.07-18.48.05:965][779]LogTexture:Display: Building textures: Texture2D_6_BaseColor (BGRA8, 16X16) - 166 MB total VRAM
[2018.03.07-18.48.06:158][780]LogTexture:Display: Building textures: Texture2D_7_BaseColor (BGRA8, 2X2) - 166 MB total VRAM
[2018.03.07-18.48.06:298][781]LogTexture:Display: Building textures: Texture2D_8_BaseColor (BGRA8, 2X2) - 166 MB total VRAM
[2018.03.07-18.48.06:572][782]LogTexture:Display: Building textures: Texture2D_9_BaseColor (BGRA8, 2X2) - 166 MB total VRAM
[2018.03.07-18.48.06:656][783]LogTexture:Display: Building textures: Texture2D_12_BaseColor (BGRA8, 2X2) - 166 MB total VRAM
[2018.03.07-18.48.06:818][784]LogTexture:Display: Building textures: Texture2D_13_BaseColor (BGRA8, 2X2) - 166 MB total VRAM
[2018.03.07-18.48.07:011][785]LogTexture:Display: Building textures: Texture2D_24_BaseColor (BGRA8, 2X2) - 166 MB total VRAM
[2018.03.07-18.48.07:111][786]LogTexture:Display: Building textures: Texture2D_30_BaseColor (BGRA8, 2X2) - 166 MB total VRAM
[2018.03.07-18.48.12:951][901]LogTexture:Display: Building textures: Texture2D_6_BaseColor (BGRA8, 16X16) - 166 MB total VRAM
[2018.03.07-18.48.13:076][902]LogTexture:Display: Building textures: Texture2D_7_BaseColor (BGRA8, 2X2) - 166 MB total VRAM
[2018.03.07-18.48.13:328][903]LogTexture:Display: Building textures: Texture2D_8_BaseColor (BGRA8, 2X2) - 166 MB total VRAM
[2018.03.07-18.48.13:473][904]LogTexture:Display: Building textures: Texture2D_9_BaseColor (BGRA8, 2X2) - 166 MB total VRAM
[2018.03.07-18.48.13:606][905]LogTexture:Display: Building textures: Texture2D_33_BaseColor (BGRA8, 2X2) - 166 MB total VRAM
[2018.03.07-18.48.13:743][906]LogTexture:Display: Building textures: Texture2D_34_BaseColor (BGRA8, 2X2) - 166 MB total VRAM
[2018.03.07-18.48.13:914][907]LogTexture:Display: Building textures: Texture2D_35_BaseColor (BGRA8, 2X2) - 166 MB total VRAM
[2018.03.07-18.48.14:066][908]LogTexture:Display: Building textures: Texture2D_36_BaseColor (BGRA8, 2X2) - 166 MB total VRAM
[2018.03.07-18.48.14:232][909]LogTexture:Display: Building textures: Texture2D_37_BaseColor (BGRA8, 2X2) - 166 MB total VRAM
[2018.03.07-18.48.14:381][910]LogTexture:Display: Building textures: Texture2D_67_BaseColor (BGRA8, 2X2) - 166 MB total VRAM
[2018.03.07-18.48.14:536][911]LogTexture:Display: Building textures: Texture2D_68_BaseColor (BGRA8, 2X2) - 166 MB total VRAM
[2018.03.07-18.48.14:666][912]LogTexture:Display: Building textures: Texture2D_69_BaseColor (BGRA8, 2X2) - 166 MB total VRAM
[2018.03.07-18.48.14:807][913]LogTexture:Display: Building textures: Texture2D_70_BaseColor (BGRA8, 2X2) - 166 MB total VRAM
[2018.03.07-18.48.14:958][914]LogTexture:Display: Building textures: Texture2D_71_BaseColor (BGRA8, 2X2) - 166 MB total VRAM
[2018.03.07-18.48.15:105][915]LogTexture:Display: Building textures: Texture2D_75_BaseColor (BGRA8, 2X2) - 166 MB total VRAM
[2018.03.07-18.48.15:283][916]LogTexture:Display: Building textures: Texture2D_76_BaseColor (BGRA8, 2X2) - 166 MB total VRAM
[2018.03.07-18.48.15:408][917]LogTexture:Display: Building textures: Texture2D_77_BaseColor (BGRA8, 2X2) - 166 MB total VRAM
[2018.03.07-18.48.15:542][918]LogTexture:Display: Building textures: Texture2D_78_BaseColor (BGRA8, 2X2) - 166 MB total VRAM
[2018.03.07-18.48.15:683][919]LogTexture:Display: Building textures: Texture2D_79_BaseColor (BGRA8, 2X2) - 166 MB total VRAM
[2018.03.07-18.48.31:715][224]LogTexture:Display: Building textures: Texture2D_6_BaseColor (BGRA8, 16X16) - 166 MB total VRAM
[2018.03.07-18.48.31:906][225]LogTexture:Display: Building textures: Texture2D_7_BaseColor (BGRA8, 2X2) - 166 MB total VRAM
[2018.03.07-18.48.32:053][226]LogTexture:Display: Building textures: Texture2D_8_BaseColor (BGRA8, 2X2) - 166 MB total VRAM
[2018.03.07-18.48.32:200][227]LogTexture:Display: Building textures: Texture2D_9_BaseColor (BGRA8, 2X2) - 166 MB total VRAM
[2018.03.07-18.48.39:358][350]LogTexture:Display: Building textures: Texture2D_6_BaseColor (BGRA8, 16X16) - 166 MB total VRAM
[2018.03.07-18.48.39:509][351]LogTexture:Display: Building textures: Texture2D_8_BaseColor (BGRA8, 2X2) - 166 MB total VRAM
[2018.03.07-18.48.39:666][352]LogTexture:Display: Building textures: Texture2D_9_BaseColor (BGRA8, 2X2) - 166 MB total VRAM
[2018.03.07-18.48.50:714][557]Cmd: TRANSACTION UNDO
[2018.03.07-18.48.50:714][557]LogEditorTransaction: Undo Landscape Editing: Flatten
[2018.03.07-18.48.50:848][557]LogMaterial: 0.00 seconds spent updating 1 materials, 1 interfaces, 0 instances, 0 with static permutations.
[2018.03.07-18.48.50:849][557]LogMaterial: 0.00 seconds spent updating 1 materials, 1 interfaces, 0 instances, 0 with static permutations.
[2018.03.07-18.48.50:850][557]LogMaterial: 0.00 seconds spent updating 1 materials, 1 interfaces, 0 instances, 0 with static permutations.
[2018.03.07-18.48.50:850][557]LogMaterial: 0.00 seconds spent updating 1 materials, 1 interfaces, 0 instances, 0 with static permutations.
[2018.03.07-18.48.50:894][557]LogTexture:Display: Building textures: Texture2D_8 (BGRA8, 16X16) - 166 MB total VRAM
[2018.03.07-18.48.50:915][557]LogTexture:Display: Building textures: Texture2D_34 (BGRA8, 16X16) - 166 MB total VRAM
[2018.03.07-18.48.50:949][557]LogTexture:Display: Building textures: Texture2D_7 (BGRA8, 16X16) - 166 MB total VRAM
[2018.03.07-18.48.50:991][557]LogTexture:Display: Building textures: Texture2D_35 (BGRA8, 16X16) - 166 MB total VRAM
[2018.03.07-18.48.50:996][557]LogMaterial: 0.00 seconds spent updating 1 materials, 1 interfaces, 0 instances, 0 with static permutations.
[2018.03.07-18.48.50:997][557]LogMaterial: 0.00 seconds spent updating 1 materials, 1 interfaces, 0 instances, 0 with static permutations.
[2018.03.07-18.48.50:999][557]LogMaterial: 0.00 seconds spent updating 1 materials, 1 interfaces, 0 instances, 0 with static permutations.
[2018.03.07-18.48.51:038][557]LogTexture:Display: Building textures: Texture2D_6 (BGRA8, 128X128) - 165 MB total VRAM
[2018.03.07-18.48.51:043][557]LogMaterial: 0.00 seconds spent updating 1 materials, 1 interfaces, 0 instances, 0 with static permutations.
[2018.03.07-18.48.51:082][557]LogTexture:Display: Building textures: Texture2D_9 (BGRA8, 16X16) - 166 MB total VRAM
[2018.03.07-18.48.51:121][557]LogTexture:Display: Building textures: Texture2D_33 (BGRA8, 16X16) - 166 MB total VRAM
[2018.03.07-18.49.10:579][940]LogTemp:Display: Finished compile of shader map 0x000002C390EF6080
[2018.03.07-18.49.10:579][940]LogTemp:Display: Shader map CandySand_Mat complete, GameThreadShaderMap 0x000002C390EF6080, marking material CandySand_Mat as finished
[2018.03.07-18.49.10:579][940]LogTemp:Display: Marking material as finished 0x000002C41AEFCB80
[2018.03.07-18.49.15:887][ 45]LogTexture:Display: Building textures: Texture2D_6_BaseColor (BGRA8, 16X16) - 166 MB total VRAM
[2018.03.07-18.49.16:067][ 46]LogTexture:Display: Building textures: Texture2D_7_BaseColor (BGRA8, 2X2) - 166 MB total VRAM
[2018.03.07-18.49.16:240][ 47]LogTexture:Display: Building textures: Texture2D_8_BaseColor (BGRA8, 2X2) - 166 MB total VRAM
[2018.03.07-18.49.16:345][ 48]LogTexture:Display: Building textures: Texture2D_9_BaseColor (BGRA8, 2X2) - 166 MB total VRAM
[2018.03.07-18.49.16:486][ 49]LogTexture:Display: Building textures: Texture2D_12_BaseColor (BGRA8, 2X2) - 166 MB total VRAM
[2018.03.07-18.49.16:625][ 50]LogTexture:Display: Building textures: Texture2D_13_BaseColor (BGRA8, 2X2) - 166 MB total VRAM
[2018.03.07-18.49.16:758][ 51]LogTexture:Display: Building textures: Texture2D_14_BaseColor (BGRA8, 2X2) - 166 MB total VRAM
[2018.03.07-18.49.16:878][ 52]LogTexture:Display: Building textures: Texture2D_33_BaseColor (BGRA8, 2X2) - 166 MB total VRAM
[2018.03.07-18.49.16:989][ 53]LogTexture:Display: Building textures: Texture2D_34_BaseColor (BGRA8, 2X2) - 166 MB total VRAM
[2018.03.07-18.49.17:084][ 54]LogTexture:Display: Building textures: Texture2D_35_BaseColor (BGRA8, 2X2) - 166 MB total VRAM
[2018.03.07-18.49.18:329][ 77]LogTexture:Display: Building textures: Texture2D_36_BaseColor (BGRA8, 2X2) - 166 MB total VRAM
[2018.03.07-18.49.24:830][225]LogTexture:Display: Building textures: Texture2D_9_BaseColor (BGRA8, 2X2) - 166 MB total VRAM
[2018.03.07-18.49.24:934][226]LogTexture:Display: Building textures: Texture2D_11_BaseColor (BGRA8, 2X2) - 166 MB total VRAM
[2018.03.07-18.49.25:057][227]LogTexture:Display: Building textures: Texture2D_32_BaseColor (BGRA8, 2X2) - 166 MB total VRAM
[2018.03.07-18.49.25:152][228]LogTexture:Display: Building textures: Texture2D_33_BaseColor (BGRA8, 2X2) - 166 MB total VRAM
[2018.03.07-18.49.34:912][387]LogActorFactory: Actor Factory created Poptart
[2018.03.07-18.49.36:875][435]LogActorFactory: Actor Factory created Poptart
[2018.03.07-18.49.37:360][439]Cmd: CAMERA ALIGN ACTIVEVIEWPORTONLY
[2018.03.07-18.49.42:565][554]Cmd: MODE ROTGRID=0
[2018.03.07-18.49.50:661][734]Cmd: CAMERA ALIGN ACTIVEVIEWPORTONLY
[2018.03.07-18.50.09:044][138]Cmd: MODE ROTGRID=1
[2018.03.07-18.50.12:425][213]Cmd: MODE ROTGRID=0
[2018.03.07-18.50.16:247][299]LogEditorViewport: Clicking on Actor (LMB): StaticMeshActor (Poptart15)
[2018.03.07-18.50.34:660][681]LogEditorViewport: Clicking on Actor (LMB): StaticMeshActor (Poptart16)
[2018.03.07-18.50.43:214][829]LogEditorViewport: Clicking on Actor (LMB): StaticMeshActor (Poptart17)
[2018.03.07-18.51.04:730][282]LogTexture:Display: Building textures: Texture2D_9_BaseColor (BGRA8, 2X2) - 168 MB total VRAM
[2018.03.07-18.51.04:897][283]LogTexture:Display: Building textures: Texture2D_10_BaseColor (BGRA8, 2X2) - 168 MB total VRAM
[2018.03.07-18.51.05:048][284]LogTexture:Display: Building textures: Texture2D_11_BaseColor (BGRA8, 2X2) - 168 MB total VRAM
[2018.03.07-18.51.05:192][285]LogTexture:Display: Building textures: Texture2D_31_BaseColor (BGRA8, 2X2) - 168 MB total VRAM
[2018.03.07-18.51.05:287][286]LogTexture:Display: Building textures: Texture2D_32_BaseColor (BGRA8, 2X2) - 168 MB total VRAM
[2018.03.07-18.51.05:379][287]LogTexture:Display: Building textures: Texture2D_33_BaseColor (BGRA8, 2X2) - 168 MB total VRAM
[2018.03.07-18.51.25:632][699]LogTexture:Display: Building textures: Texture2D_9_BaseColor (BGRA8, 2X2) - 168 MB total VRAM
[2018.03.07-18.51.25:771][700]LogTexture:Display: Building textures: Texture2D_10_BaseColor (BGRA8, 2X2) - 168 MB total VRAM
[2018.03.07-18.51.25:925][701]LogTexture:Display: Building textures: Texture2D_11_BaseColor (BGRA8, 2X2) - 168 MB total VRAM
[2018.03.07-18.51.26:048][702]LogTexture:Display: Building textures: Texture2D_17_BaseColor (BGRA8, 2X2) - 168 MB total VRAM
[2018.03.07-18.51.26:158][703]LogTexture:Display: Building textures: Texture2D_32_BaseColor (BGRA8, 2X2) - 168 MB total VRAM
[2018.03.07-18.51.26:310][704]LogTexture:Display: Building textures: Texture2D_33_BaseColor (BGRA8, 2X2) - 168 MB total VRAM
[2018.03.07-18.51.26:413][705]LogTexture:Display: Building textures: Texture2D_87_BaseColor (BGRA8, 2X2) - 168 MB total VRAM
[2018.03.07-18.51.26:517][706]LogTexture:Display: Building textures: Texture2D_89_BaseColor (BGRA8, 2X2) - 168 MB total VRAM
[2018.03.07-18.52.13:140][496]LogEditorViewport: Clicking on Actor (LMB): StaticMeshActor (Poptart17)
[2018.03.07-18.52.15:819][552]LogEditorViewport: Clicking on Actor (context menu): Landscape (Land)
[2018.03.07-18.52.18:081][587]LogPlayLevel: PlayLevel: No blueprints needed recompiling
[2018.03.07-18.52.18:169][587]PIE: New page: PIE session: CinnamonMoon (Mar 7, 2018, 6:52:18 AM)
[2018.03.07-18.52.18:230][587]LogPlayLevel: Creating play world package: /Game/Levels/W03_DryMoons/UEDPIE_0_CinnamonMoon
[2018.03.07-18.52.18:320][587]LogPlayLevel: PIE: StaticDuplicateObject took: (0.090470s)
[2018.03.07-18.52.18:324][587]LogAIModule: Creating AISystem for world CinnamonMoon
[2018.03.07-18.52.18:324][587]LogPlayLevel: PIE: World Init took: (0.003648s)
[2018.03.07-18.52.18:333][587]LogPlayLevel: PIE: Created PIE world by copying editor world from /Game/Levels/W03_DryMoons/CinnamonMoon.CinnamonMoon to /Game/Levels/W03_DryMoons/UEDPIE_0_CinnamonMoon.CinnamonMoon (0.130176s)
[2018.03.07-18.52.18:405][587]LogInit: XAudio2 using 'Speakers (Realtek High Definition Audio)' : 2 channels at 48 kHz using 32 bits per sample (channel mask 0x3)
[2018.03.07-18.52.18:455][587]LogInit: FAudioDevice initialized.
[2018.03.07-18.52.18:722][587]LogLoad: Game class is 'ThirdPersonGameMode_C'
[2018.03.07-18.52.18:893][587]LogWorld: Bringing World /Game/Levels/W03_DryMoons/UEDPIE_0_CinnamonMoon.CinnamonMoon up for play (max tick rate 60) at 2018.03.07-12.52.18
[2018.03.07-18.52.18:921][587]LogWorld: Bringing up level for play took: 0.037612
[2018.03.07-18.52.19:137][587]LogContentBrowser: Native class hierarchy updated for 'MovieSceneCapture' in 0.0016 seconds. Added 11 classes and 0 folders.
[2018.03.07-18.52.19:138][587]LogGameMode:Display: Match State Changed from EnteringMap to WaitingToStart
[2018.03.07-18.52.19:138][587]LogGameState: Match State Changed from EnteringMap to WaitingToStart
[2018.03.07-18.52.19:138][587]LogGameMode:Display: Match State Changed from WaitingToStart to InProgress
[2018.03.07-18.52.19:511][587]LogGameState: Match State Changed from WaitingToStart to InProgress
[2018.03.07-18.52.19:518][587]PIE: Info Play in editor start time for /Game/Levels/W03_DryMoons/UEDPIE_0_CinnamonMoon 1.467
[2018.03.07-18.52.33:748][962]LogEditorViewport: Clicking on Actor (LMB): StaticMeshActor (Poptart16)
[2018.03.07-18.52.34:898][981]Cmd: CAMERA ALIGN ACTIVEVIEWPORTONLY
[2018.03.07-18.52.39:439][ 49]LogActorFactory: Actor Factory created Cookie_Chip
[2018.03.07-18.52.40:202][ 61]LogActorFactory: Actor Factory created Cookie_Chip
[2018.03.07-18.52.52:359][334]LogEditorViewport: Clicking on Actor (LMB): StaticMeshActor (SyrupRiver)
[2018.03.07-18.52.52:915][339]Cmd: CAMERA ALIGN ACTIVEVIEWPORTONLY
[2018.03.07-18.53.02:398][551]LogEditorViewport: Clicking Background
[2018.03.07-18.53.02:522][552]LogEditorViewport: Clicking on Actor (LMB): Landscape (Land)
[2018.03.07-18.53.06:120][586]LogStats: FPlatformStackWalk::StackWalkAndDump -  1.343 s
[2018.03.07-18.53.06:120][586]LogOutputDevice:Error: === Handled ensure: ===
[2018.03.07-18.53.06:120][586]LogOutputDevice:Error: 
[2018.03.07-18.53.06:120][586]LogOutputDevice:Error: Ensure condition failed: false [File:D:\Build\++UE4+Release-4.15+Compile\Sync\Engine\Source\Runtime\Engine\Private\PrimitiveSceneProxy.cpp] [Line: 599]
[2018.03.07-18.53.06:120][586]LogOutputDevice:Error: PrimitiveComponent tried to render with Material MaterialInstanceDynamic_51, which was not present in the component's GetUsedMaterials results
[2018.03.07-18.53.06:120][586]LogOutputDevice:Error:     Owner: Land, Resource: Landscape
[2018.03.07-18.53.06:120][586]LogOutputDevice:Error: Stack: 
[2018.03.07-18.53.06:120][586]LogOutputDevice:Error: UE4Editor-Core.dll!0x00000000BD7895E6
[2018.03.07-18.53.06:120][586]LogOutputDevice:Error: UE4Editor-Core.dll!0x00000000BD539B82
[2018.03.07-18.53.06:120][586]LogOutputDevice:Error: UE4Editor-Core.dll!0x00000000BD54B666
[2018.03.07-18.53.06:120][586]LogOutputDevice:Error: UE4Editor-Engine.dll!0x00000000BACDCC1D
[2018.03.07-18.53.06:120][586]LogOutputDevice:Error: UE4Editor-Engine.dll!0x00000000BAC8A441
[2018.03.07-18.53.06:120][586]LogOutputDevice:Error: UE4Editor-Landscape.dll!0x00000000B2D152FD
[2018.03.07-18.53.06:120][586]LogOutputDevice:Error: UE4Editor-Renderer.dll!0x00000000AEA9BF97
[2018.03.07-18.53.06:120][586]LogOutputDevice:Error: UE4Editor-Renderer.dll!0x00000000AEA74AA8
[2018.03.07-18.53.06:120][586]LogOutputDevice:Error: UE4Editor-Renderer.dll!0x00000000AEAA8F39
[2018.03.07-18.53.06:120][586]LogOutputDevice:Error: UE4Editor-Renderer.dll!0x00000000AE6FBE8E
[2018.03.07-18.53.06:120][586]LogOutputDevice:Error: UE4Editor-Renderer.dll!0x00000000AEAC64C2
[2018.03.07-18.53.06:120][586]LogOutputDevice:Error: UE4Editor-Renderer.dll!0x00000000AEA9066E
[2018.03.07-18.53.06:120][586]LogOutputDevice:Error: UE4Editor-Core.dll!0x00000000BD40D84D
[2018.03.07-18.53.06:120][586]LogOutputDevice:Error: UE4Editor-Core.dll!0x00000000BD40DC6D
[2018.03.07-18.53.06:120][586]LogOutputDevice:Error: UE4Editor-RenderCore.dll!0x00000000BE440397
[2018.03.07-18.53.06:120][586]LogOutputDevice:Error: UE4Editor-RenderCore.dll!0x00000000BE441486
[2018.03.07-18.53.06:120][586]LogOutputDevice:Error: UE4Editor-Core.dll!0x00000000BD79A3D8
[2018.03.07-18.53.06:120][586]LogOutputDevice:Error: UE4Editor-Core.dll!0x00000000BD794C79
[2018.03.07-18.53.06:120][586]LogOutputDevice:Error: KERNEL32.DLL!0x00000000EEC81FE4
[2018.03.07-18.53.06:120][586]LogOutputDevice:Error: ntdll.dll!0x00000000EEDBEFC1
[2018.03.07-18.53.06:120][586]LogOutputDevice:Error: 
[2018.03.07-18.53.06:120][586]LogStats:                SubmitErrorReport -  0.000 s
