Log file open, 03/19/18 13:10:29
LogInit:Display: Running engine for game: GalaxyGangGame
LogPlatformFile: Not using cached read wrapper
LogInit:Display: RandInit(-1632939071) SRandInit(-1632939071).
LogTaskGraph: Started task graph with 5 named threads and 6 total threads with 1 sets of task threads.
LogStats: Stats thread started at 0.066936
LogInit: Using libcurl 7.47.1
LogInit:  - built for x86_64-pc-win32
LogInit:  - supports SSL with OpenSSL/1.0.2g
LogInit:  - supports HTTP deflate (compression) using libz 1.2.8
LogInit:  - other features:
LogInit:      CURL_VERSION_SSL
LogInit:      CURL_VERSION_LIBZ
LogInit:      CURL_VERSION_IPV6
LogInit:      CURL_VERSION_ASYNCHDNS
LogInit:      CURL_VERSION_LARGEFILE
LogInit:      CURL_VERSION_IDN
LogInit:  CurlRequestOptions (configurable via config and command line):
LogInit:  - bVerifyPeer = false  - Libcurl will NOT verify peer certificate
LogInit:  - bUseHttpProxy = false  - Libcurl will NOT use HTTP proxy
LogInit:  - bDontReuseConnections = false  - Libcurl will reuse connections
LogInit:  - CertBundlePath = nullptr  - Libcurl will use whatever was configured at build time.
LogInit: Build: ++UE4+Release-4.15-CL-3450819
LogInit: Engine Version: 4.15.3-3450819+++UE4+Release-4.15
LogInit: Compatible Engine Version: 4.15.0-3299760+++UE4+Release-4.15
LogInit: Net CL: 3299760
LogDevObjectVersion: Number of dev versions registered: 14
LogDevObjectVersion:   Dev-Blueprints (B0D832E4-1F89-4F0D-ACCF-7EB736FD4AA2): 8
LogDevObjectVersion:   Dev-Build (E1C64328-A22C-4D53-A36C-8E866417BD8C): 0
LogDevObjectVersion:   Dev-Core (375EC13C-06E4-48FB-B500-84F0262A717E): 2
LogDevObjectVersion:   Dev-Editor (E4B068ED-F494-42E9-A231-DA0B2E46BB41): 14
LogDevObjectVersion:   Dev-Framework (CFFC743F-43B0-4480-9391-14DF171D2073): 22
LogDevObjectVersion:   Dev-Mobile (B02B49B5-BB20-44E9-A304-32B752E40360): 0
LogDevObjectVersion:   Dev-Networking (A4E4105C-59A1-49B5-A7C5-40C4547EDFEE): 0
LogDevObjectVersion:   Dev-Online (39C831C9-5AE6-47DC-9A44-9C173E1C8E7C): 0
LogDevObjectVersion:   Dev-Physics (78F01B33-EBEA-4F98-B9B4-84EACCB95AA2): 0
LogDevObjectVersion:   Dev-Platform (6631380F-2D4D-43E0-8009-CF276956A95A): 0
LogDevObjectVersion:   Dev-Rendering (12F88B9F-8875-4AFC-A67C-D90C383ABD29): 12
LogDevObjectVersion:   Dev-Sequencer (7B5AE74C-D270-4C10-A958-57980B212A5A): 3
LogDevObjectVersion:   Dev-VR (D7296918-1DD6-4BDD-9DE2-64A83CC13884): 0
LogDevObjectVersion:   Dev-LoadTimes (C2A15278-BFE7-4AFE-6C17-90FF531DF755): 1
LogInit: Compiled (64-bit): May 21 2017 11:02:34
LogInit: Compiled with Visual C++: 19.00.23026.00
LogInit: Build Configuration: Development
LogInit: Branch Name: ++UE4+Release-4.15
LogInit: Command line: 
LogInit: Base directory: C:/Program Files/Epic Games/UE_4.15/Engine/Binaries/Win64/
LogInit: Installed Engine Build: 1
LogInit: Presizing for max 8388607 objects, including 0 objects not considered by GC, pre-allocating 0 bytes for permanent pool.
LogInit: Object subsystem initialized
[2018.03.19-18.10.30:795][  0]LogInit: Selected Device Profile: [Windows]
[2018.03.19-18.10.30:795][  0]LogInit: Applying CVar settings loaded from the selected device profile: [Windows]
[2018.03.19-18.10.30:829][  0]LogInit: Computer: DESKTOP-SSSFMAE
[2018.03.19-18.10.30:829][  0]LogInit: User: Richa
[2018.03.19-18.10.30:829][  0]LogInit: CPU Page size=65536, Cores=2
[2018.03.19-18.10.30:829][  0]LogInit: High frequency timer resolution =2.343747 MHz
[2018.03.19-18.10.30:829][  0]LogMemory: Memory total: Physical=7.9GB (8GB approx)
[2018.03.19-18.10.30:829][  0]LogMemory: Platform Memory Stats for Windows
[2018.03.19-18.10.30:829][  0]LogMemory: Process Physical Memory: 262.71 MB used, 262.71 MB peak
[2018.03.19-18.10.30:829][  0]LogMemory: Process Virtual Memory: 262.05 MB used, 262.05 MB peak
[2018.03.19-18.10.30:829][  0]LogMemory: Physical Memory: 3564.59 MB used,  4532.07 MB free, 8096.66 MB total
[2018.03.19-18.10.30:829][  0]LogMemory: Virtual Memory: 681.10 MB used,  4532.07 MB free, 134217728.00 MB total
[2018.03.19-18.10.30:997][  0]LogTextLocalizationManager: No specific translations for ('en-US') exist, so ('en') translations will be used.
[2018.03.19-18.10.32:071][  0]LogD3D11RHI: D3D11 adapters:
[2018.03.19-18.10.32:087][  0]LogD3D11RHI:    0. 'Intel(R) HD Graphics 620' (Feature Level 11_0)
[2018.03.19-18.10.32:087][  0]LogD3D11RHI:       128/0/4048 MB DedicatedVideo/DedicatedSystem/SharedSystem, Outputs:1, VendorId:0x8086
[2018.03.19-18.10.32:091][  0]LogD3D11RHI:    1. 'Microsoft Basic Render Driver' (Feature Level 11_0)
[2018.03.19-18.10.32:091][  0]LogD3D11RHI:       0/0/4048 MB DedicatedVideo/DedicatedSystem/SharedSystem, Outputs:0, VendorId:0x1414
[2018.03.19-18.10.32:091][  0]LogD3D11RHI: Chosen D3D11 Adapter: 0
[2018.03.19-18.10.32:103][  0]LogD3D11RHI: Creating new Direct3DDevice
[2018.03.19-18.10.32:103][  0]LogD3D11RHI:     GPU DeviceId: 0x5916 (for the marketing name, search the web for "GPU Device Id")
[2018.03.19-18.10.32:103][  0]LogWindows: EnumDisplayDevices:
[2018.03.19-18.10.32:103][  0]LogWindows:    0. 'Intel(R) HD Graphics 620' (P:1 D:1)
[2018.03.19-18.10.32:104][  0]LogWindows:    1. 'Intel(R) HD Graphics 620' (P:0 D:0)
[2018.03.19-18.10.32:104][  0]LogWindows:    2. 'Intel(R) HD Graphics 620' (P:0 D:0)
[2018.03.19-18.10.32:104][  0]LogWindows: DebugString: GetVideoDriverDetailsInvalid PrimaryIsNotTheChoosenAdapter GetVideoDriverDetailsInvalid PrimaryIsNotTheChoosenAdapter GetVideoDriverDetailsInvalid PrimaryIsNotTheChoosenAdapter FoundDriverCount:0 
[2018.03.19-18.10.32:104][  0]LogD3D11RHI:     Adapter Name: Intel(R) HD Graphics 620
[2018.03.19-18.10.32:104][  0]LogD3D11RHI:   Driver Version: Unknown (internal:Unknown, unified:Unknown)
[2018.03.19-18.10.32:104][  0]LogD3D11RHI:      Driver Date: Unknown
[2018.03.19-18.10.32:104][  0]LogRHI: Texture pool is 1361 MB (70% of 1945 MB)
[2018.03.19-18.10.32:121][  0]LogD3D11RHI: Async texture creation enabled
[2018.03.19-18.10.32:139][  0]LogD3D11RHI: GPU Timing Frequency: 12.000000 (Debug: 2 0)
[2018.03.19-18.10.32:141][  0]LogShaderCompilers: Guid format shader working directory is -3 characters bigger than the processId version (../../../../../../Users/Richa/Desktop/GalaxyGang/Intermediate/Shaders/WorkingDirectory/22264/).
[2018.03.19-18.10.32:141][  0]LogShaderCompilers: Cleaned the shader compiler working directory 'C:/Users/Richa/AppData/Local/Temp/UnrealShaderWorkingDir/747B992546B5DCDB8596FA8C71691487/'.
[2018.03.19-18.10.32:141][  0]LogShaderCompilers:Display: Using Local Shader Compiler.
[2018.03.19-18.10.34:478][  0]LogTemp:Display: Loaded TP AllDesktopTargetPlatform
[2018.03.19-18.10.34:596][  0]LogTemp:Display: Loaded TP MacClientTargetPlatform
[2018.03.19-18.10.34:708][  0]LogTemp:Display: Loaded TP MacNoEditorTargetPlatform
[2018.03.19-18.10.34:810][  0]LogTemp:Display: Loaded TP MacServerTargetPlatform
[2018.03.19-18.10.34:905][  0]LogTemp:Display: Loaded TP MacTargetPlatform
[2018.03.19-18.10.35:009][  0]LogTemp:Display: Loaded TP WindowsClientTargetPlatform
[2018.03.19-18.10.35:151][  0]LogTemp:Display: Loaded TP WindowsNoEditorTargetPlatform
[2018.03.19-18.10.35:337][  0]LogTemp:Display: Loaded TP WindowsServerTargetPlatform
[2018.03.19-18.10.35:443][  0]LogTemp:Display: Loaded TP WindowsTargetPlatform
[2018.03.19-18.10.35:555][  0]LogTemp:Display: Loaded TP AndroidTargetPlatform
[2018.03.19-18.10.35:638][  0]LogTemp:Display: Loaded TP Android_ASTCTargetPlatform
[2018.03.19-18.10.35:734][  0]LogTemp:Display: Loaded TP Android_ATCTargetPlatform
[2018.03.19-18.10.35:827][  0]LogTemp:Display: Loaded TP Android_DXTTargetPlatform
[2018.03.19-18.10.35:905][  0]LogTemp:Display: Loaded TP Android_ETC1TargetPlatform
[2018.03.19-18.10.35:988][  0]LogTemp:Display: Loaded TP Android_ETC2TargetPlatform
[2018.03.19-18.10.36:155][  0]LogTemp:Display: Loaded TP Android_MultiTargetPlatform
[2018.03.19-18.10.36:155][  0]LogTemp:Display: Loaded TP Android_PVRTCTargetPlatform
[2018.03.19-18.10.36:218][  0]LogTemp:Display: Loaded TP HTML5TargetPlatform
[2018.03.19-18.10.36:359][  0]LogTemp:Display: Loaded TP IOSTargetPlatform
[2018.03.19-18.10.36:412][  0]LogTemp:Display: Loaded TP TVOSTargetPlatform
[2018.03.19-18.10.36:529][  0]LogTemp:Display: Loaded TP LinuxClientTargetPlatform
[2018.03.19-18.10.36:623][  0]LogTemp:Display: Loaded TP LinuxNoEditorTargetPlatform
[2018.03.19-18.10.36:708][  0]LogTemp:Display: Loaded TP LinuxServerTargetPlatform
[2018.03.19-18.10.36:807][  0]LogTemp:Display: Loaded TP LinuxTargetPlatform
[2018.03.19-18.10.36:807][  0]LogTargetPlatformManager:Display: Building Assets For Windows
[2018.03.19-18.10.37:672][  0]LogDerivedDataCache:Display: Max Cache Size: 512 MB
[2018.03.19-18.10.37:756][  0]LogDerivedDataCache: Loaded boot cache 0.08s 50MB C:/Users/Richa/AppData/Local/UnrealEngine/4.15/DerivedDataCache/Boot.ddc.
[2018.03.19-18.10.37:756][  0]LogDerivedDataCache:Display: Loaded Boot cache: C:/Users/Richa/AppData/Local/UnrealEngine/4.15/DerivedDataCache/Boot.ddc
[2018.03.19-18.10.37:756][  0]LogDerivedDataCache: FDerivedDataBackendGraph:  Pak pak cache file ../../../../../../Users/Richa/Desktop/GalaxyGang/DerivedDataCache/DDC.ddp not found, will not use a pak cache.
[2018.03.19-18.10.37:756][  0]LogDerivedDataCache: Unable to find inner node Pak for hierarchical cache Hierarchy.
[2018.03.19-18.10.37:756][  0]LogDerivedDataCache: FDerivedDataBackendGraph:  CompressedPak pak cache file ../../../../../../Users/Richa/Desktop/GalaxyGang/DerivedDataCache/Compressed.ddp not found, will not use a pak cache.
[2018.03.19-18.10.37:756][  0]LogDerivedDataCache: Unable to find inner node CompressedPak for hierarchical cache Hierarchy.
[2018.03.19-18.10.37:787][  0]LogDerivedDataCache:Display: Pak cache opened for reading ../../../Engine/DerivedDataCache/Compressed.ddp.
[2018.03.19-18.10.37:801][  0]LogDerivedDataCache: Using Local data cache path C:/Users/Richa/AppData/Local/UnrealEngine/Common/DerivedDataCache: Writable
[2018.03.19-18.10.37:824][  0]LogSlate: Using Freetype 2.6.0
[2018.03.19-18.10.37:825][  0]LogSlate: SlateFontCache - WITH_FREETYPE: 1, WITH_HARFBUZZ: 1
[2018.03.19-18.10.37:825][  0]LogSlate: SlateFontCache - WITH_FREETYPE: 1, WITH_HARFBUZZ: 1
[2018.03.19-18.10.38:333][  0]LogInit: Selected Device Profile: [Windows]
[2018.03.19-18.10.38:338][  0]LogContentStreaming: Texture pool size is 0.00 MB
[2018.03.19-18.10.38:788][  0]LogMeshUtilities: Using QuadricMeshReduction for automatic static mesh reduction
[2018.03.19-18.10.38:897][  0]LogSimplygon: Simplygon DLL not present - disabling.
[2018.03.19-18.10.39:008][  0]LogMeshUtilities: Using SimplygonSwarm for distributed automatic mesh merging
[2018.03.19-18.10.39:008][  0]LogMeshUtilities: No automatic skeletal mesh reduction module available
[2018.03.19-18.10.39:008][  0]LogMeshUtilities: No automatic mesh merging module available
[2018.03.19-18.10.39:972][  0]LogNetVersion: GetLocalNetworkVersion: CL: 3299760, ProjectName: galaxyganggame, ProjectVersion: , EngineNetworkVersion: 2, GameNetworkVersion: 0, NetworkChecksum: 3878788453
[2018.03.19-18.10.40:031][  0]LogAssetRegistry: FAssetRegistry took 0.0227 seconds to start up
[2018.03.19-18.10.40:116][  0]LogPackageLocalizationCache: Processed 3 localized package path(s) for 2 prioritized culture(s) in 0.041814 seconds
[2018.03.19-18.10.40:124][  0]LogUObjectArray: 32493 objects as part of root set at end of initial load.
[2018.03.19-18.10.40:124][  0]LogUObjectAllocator: 7077032 out of 0 bytes used by permanent object pool.
[2018.03.19-18.10.40:124][  0]LogUObjectArray: CloseDisregardForGC: 0/0 objects in disregard for GC pool
[2018.03.19-18.10.40:222][  0]LogInit: WinSock: version 1.1 (2.2), MaxSocks=32767, MaxUdp=65467
[2018.03.19-18.10.46:406][  0]LogTcpMessaging: Initializing TcpMessaging bridge
[2018.03.19-18.10.46:531][  0]LogUdpMessaging: Initializing bridge on interface 0.0.0.0:0 to multicast group 230.0.0.1:6666.
[2018.03.19-18.10.47:421][  0]LogMaterial: Uniform references updated for custom material expression Custom.
[2018.03.19-18.10.47:940][  0]SourceControl: Info Source control is disabled
[2018.03.19-18.10.48:066][  0]SourceControl: Info Source control is disabled
[2018.03.19-18.10.48:128][  0]SourceControl: Info Source control is disabled
[2018.03.19-18.10.48:191][  0]SourceControl: Info Source control is disabled
[2018.03.19-18.10.49:825][  0]LogEngine: Initializing Engine...
[2018.03.19-18.10.49:826][  0]LogHMD: Failed to initialize OpenVR with code 110
[2018.03.19-18.10.49:979][  0]LogStats: UGameplayTagsManager::ConstructGameplayTagTree: Construct from data asset -  0.000 s
[2018.03.19-18.10.49:979][  0]LogStats: UGameplayTagsManager::ConstructGameplayTagTree: GameplayTagTreeChangedEvent.Broadcast -  0.000 s
[2018.03.19-18.10.50:139][  0]LogAIModule: Creating AISystem for world Untitled
[2018.03.19-18.10.50:157][  0]LogInit: XAudio2 using 'Speakers (Realtek High Definition Audio)' : 2 channels at 48 kHz using 32 bits per sample (channel mask 0x3)
[2018.03.19-18.10.50:382][  0]LogInit: FAudioDevice initialized.
[2018.03.19-18.10.50:422][  0]LogDerivedDataCache: Saved boot cache 0.04s 50MB C:/Users/Richa/AppData/Local/UnrealEngine/4.15/DerivedDataCache/Boot.ddc.
[2018.03.19-18.10.50:560][  0]LogInit: Texture streaming: Enabled
[2018.03.19-18.10.50:684][  0]LogEngineSessionManager: EngineSessionManager initialized
[2018.03.19-18.10.50:900][  0]LogInit: Transaction tracking system initialized
[2018.03.19-18.10.51:379][  0]BlueprintLog: New page: Editor Load
[2018.03.19-18.10.52:599][  0]LocalizationService: Info Localization service is disabled
[2018.03.19-18.10.53:493][  0]LogConsoleResponse:Display: 
[2018.03.19-18.10.53:821][  0]LogCook:Display: Max memory allowance for cook 16384mb min free memory 0mb
[2018.03.19-18.10.53:821][  0]LogCook:Display: Mobile HDR setting 1
[2018.03.19-18.10.54:480][  0]LogFileCache: Scanning file cache for directory 'C:/Users/Richa/Desktop/GalaxyGang/Content/' took 0.63s
[2018.03.19-18.10.55:205][  0]SourceControl: Info Source control is disabled
[2018.03.19-18.10.55:205][  0]Cmd: MAP LOAD FILE="../../../Engine/Content/Maps/Templates/Template_Default.umap" TEMPLATE=1 SHOWPROGRESS=1 FEATURELEVEL=3
[2018.03.19-18.10.55:206][  0]LightingResults: New page: Lighting Build
[2018.03.19-18.10.55:259][  0]MapCheck: New page: Map Check
[2018.03.19-18.10.55:259][  0]LightingResults: New page: Lighting Build
[2018.03.19-18.10.55:523][  0]LogAIModule: Creating AISystem for world Untitled_1
[2018.03.19-18.10.55:545][  0]LogActorComponent: RegisterComponentWithWorld: (/Temp/Untitled_1.Untitled_1:PersistentLevel.WorldSettings_1.StaticMeshComponent0) Trying to register component with IsPendingKill() == true. Aborting.
[2018.03.19-18.10.55:550][  0]LogEditorServer: Finished looking for orphan Actors (0.000 secs)
[2018.03.19-18.10.55:562][  0]Cmd: MAP CHECKDEP NOCLEARLOG
[2018.03.19-18.10.55:618][  0]MapCheck: Info Map check complete: 0 Error(s), 0 Warning(s), took 56.607ms to complete.
[2018.03.19-18.10.55:618][  0]LogFileHelpers: Loading map 'Template_Default' took 0.413
[2018.03.19-18.10.56:006][  0]LogCollectionManager: Loaded 0 collections in 0.002112 seconds
[2018.03.19-18.10.56:237][  0]LogFileCache: Scanning file cache for directory 'C:/Users/Richa/Desktop/GalaxyGang/Saved/Collections/' took 0.01s
[2018.03.19-18.10.56:237][  0]LogFileCache: Scanning file cache for directory 'C:/Users/Richa/Desktop/GalaxyGang/Content/Developers/Richa/Collections/' took 0.01s
[2018.03.19-18.10.56:237][  0]LogFileCache: Scanning file cache for directory 'C:/Users/Richa/Desktop/GalaxyGang/Content/Collections/' took 0.01s
[2018.03.19-18.10.56:237][  0]LogCollectionManager: Rebuilt the GUID cache for 0 collections in 0.000002 seconds
[2018.03.19-18.10.56:253][  0]LogContentBrowser: Native class hierarchy populated in 0.0147 seconds. Added 2245 classes and 453 folders.
[2018.03.19-18.10.56:407][  0]LogContentBrowser: Native class hierarchy updated for 'WidgetCarousel' in 0.0006 seconds. Added 0 classes and 0 folders.
[2018.03.19-18.10.59:693][  0]LogContentBrowser: Native class hierarchy updated for 'AddContentDialog' in 0.0007 seconds. Added 0 classes and 0 folders.
[2018.03.19-18.11.00:238][  0]LogContentBrowser: Native class hierarchy updated for 'SceneOutliner' in 0.0007 seconds. Added 1 classes and 2 folders.
[2018.03.19-18.11.00:825][  0]LogCrashTracker: Crashtracker disabled due to settings.
[2018.03.19-18.11.00:898][  0]LogUObjectGlobals:Warning: Failed to find object 'Class None.'
[2018.03.19-18.11.01:026][  0]LogContentBrowser: Native class hierarchy updated for 'HierarchicalLODOutliner' in 0.0007 seconds. Added 1 classes and 2 folders.
[2018.03.19-18.11.01:026][  0]LogLoad: (Engine Initialization) Total time: 33.32 seconds
[2018.03.19-18.11.01:026][  0]LogLoad: (Engine Initialization) Total Blueprint compile time: 0.13 seconds
[2018.03.19-18.11.01:026][  0]LogExternalProfiler: No external profilers were discovered.  External profiling features will not be available.
[2018.03.19-18.11.01:366][  0]LogOcInput: OculusInput pre-init called
[2018.03.19-18.11.01:645][  0]LogContentStreaming: Texture pool size now 1000 MB
[2018.03.19-18.11.01:646][  0]LogSlate: Took 0.000309 seconds to synchronously load lazily loaded font '../../../Engine/Content/Slate/Fonts/Roboto-Regular.ttf' (155K)
[2018.03.19-18.11.01:729][  0]LogSlate: Took 0.078739 seconds to synchronously load lazily loaded font '../../../Engine/Content/Editor/Slate/Fonts/FontAwesome.ttf' (139K)
[2018.03.19-18.11.01:753][  0]LogSlate: Took 0.000299 seconds to synchronously load lazily loaded font '../../../Engine/Content/Slate/Fonts/Roboto-Bold.ttf' (160K)
[2018.03.19-18.11.02:097][  0]LogRenderer: Reallocating scene render targets to support 740x708 NumSamples 1 (Frame:2).
[2018.03.19-18.11.58:138][  4]LogAssetRegistry: Asset discovery search completed in 78.1297 seconds
[2018.03.19-18.11.58:138][  4]LogCollectionManager: Rebuilt the object cache for 0 collections in 0.000004 seconds (found 0 objects)
[2018.03.19-18.11.58:138][  4]LogCollectionManager: Fixed up redirectors for 0 collections in 0.000022 seconds (updated 0 objects)
[2018.03.19-18.12.01:413][ 14]LogSlate: Took 0.067525 seconds to synchronously load lazily loaded font '../../../Engine/Content/Slate/Fonts/Roboto-Light.ttf' (159K)
[2018.03.19-18.12.33:567][109]LogFileCache: Retrieving MD5 hashes for directory 'C:/Users/Richa/Desktop/GalaxyGang/Content/' took 92.19s
[2018.03.19-18.17.25:347][956]LogSlate: Took 0.000160 seconds to synchronously load lazily loaded font '../../../Engine/Content/Slate/Fonts/Roboto-Light.ttf' (159K)
[2018.03.19-18.17.26:150][956]LogSlate: Took 0.000169 seconds to synchronously load lazily loaded font '../../../Engine/Content/Slate/Fonts/Roboto-Regular.ttf' (155K)
[2018.03.19-18.17.26:471][956]LogContentBrowser: Native class hierarchy updated for 'BlueprintGraph' in 0.0012 seconds. Added 112 classes and 0 folders.
[2018.03.19-18.17.28:163][956]LogSlate: Took 0.000220 seconds to synchronously load lazily loaded font '../../../Engine/Content/Slate/Fonts/Roboto-Light.ttf' (159K)
[2018.03.19-18.17.28:187][956]LogSlate: Took 0.022263 seconds to synchronously load lazily loaded font '../../../Engine/Content/Editor/Slate/Fonts/Roboto-BoldCondensed.ttf' (158K)
[2018.03.19-18.17.35:395][112]LogSlate: Took 0.019087 seconds to synchronously load lazily loaded font '../../../Engine/Content/Editor/Slate/Fonts/Roboto-Italic.ttf' (157K)
[2018.03.19-18.17.44:907][333]LogLinker:Warning: Can't find file '/Game/Resources/Sprites/Banners/World_1'
[2018.03.19-18.17.44:918][333]LogLinker:Warning: Can't find file for asset '/Game/Resources/Sprites/Banners/World_1' while loading ../../../../../../Users/Richa/Desktop/GalaxyGang/Content/Blueprints/Widgets/WorldSelection.uasset.
[2018.03.19-18.17.44:918][333]LoadErrors:Error: Error /Game/Blueprints/Widgets/WorldSelection : Can't find file for asset. /Game/Resources/Sprites/Banners/World_1
[2018.03.19-18.17.44:919][333]LogLinker:Warning: Can't find file '/Game/Resources/Sprites/Banners/World_1'
[2018.03.19-18.17.44:919][333]LogLinker:Warning: Can't find file for asset '/Game/Resources/Sprites/Banners/World_1' while loading ../../../../../../Users/Richa/Desktop/GalaxyGang/Content/Blueprints/Widgets/WorldSelection.uasset.
[2018.03.19-18.17.44:919][333]LogLinker:Warning: Can't find file '/Game/Resources/Sprites/Banners/World_1'
[2018.03.19-18.17.44:919][333]LogLinker:Warning: Can't find file for asset '/Game/Resources/Sprites/Banners/World_1' while loading ../../../../../../Users/Richa/Desktop/GalaxyGang/Content/Blueprints/SaveBluprints/LevelData.uasset.
[2018.03.19-18.17.44:920][333]LoadErrors:Error: Error /Game/Blueprints/SaveBluprints/LevelData : Can't find file for asset. /Game/Resources/Sprites/Banners/World_1
[2018.03.19-18.17.44:920][333]LogLinker:Warning: Can't find file '/Game/Resources/Sprites/Banners/World_1'
[2018.03.19-18.17.44:920][333]LogLinker:Warning: Can't find file for asset '/Game/Resources/Sprites/Banners/World_1' while loading ../../../../../../Users/Richa/Desktop/GalaxyGang/Content/Blueprints/SaveBluprints/LevelData.uasset.
[2018.03.19-18.17.44:920][333]LogLinker:Warning: Can't find file '/Game/Resources/Sprites/Banners/World_1'
[2018.03.19-18.17.44:920][333]LoadErrors: Info Failed to load /Game/Resources/Sprites/Banners/World_1.World_1 Referenced by Image_18
[2018.03.19-18.17.44:921][333]LogLinker:Warning: Can't find file for asset '/Game/Resources/Sprites/Banners/World_1' while loading ../../../../../../Users/Richa/Desktop/GalaxyGang/Content/Blueprints/SaveBluprints/LevelData.uasset.
[2018.03.19-18.17.45:224][333]LogBlueprint:Warning: [CharacterDanny1_old] 'CurrentHealth' variable not found. Base class was probably changed.
[2018.03.19-18.17.45:224][333]LogBlueprint:Warning: [CharacterDanny1_old] 'CurrentHealth' variable not found. Base class was probably changed.
[2018.03.19-18.17.45:227][333]LogBlueprint:Warning: [CharacterDanny1_old] 'Resume_Button' variable not found. Base class was probably changed.
[2018.03.19-18.17.45:290][333]LogBlueprint:Warning: [Compiler CharacterDanny1_old] Warning InputAction Event references unknown Action 'ResetVR' for  InputAction ResetVR
[2018.03.19-18.17.45:293][333]LogBlueprint:Warning: [Compiler CharacterDanny1_old] Warning InputAction Event references unknown Action 'Menu_Left' for  InputAction Menu_Left
[2018.03.19-18.17.45:293][333]LogBlueprint:Warning: [Compiler CharacterDanny1_old] Warning InputAction Event references unknown Action 'Menu_Right' for  InputAction Menu_Right
[2018.03.19-18.17.45:302][333]LogBlueprint:Warning: [Compiler CharacterDanny1_old] Warning [0437.59] Compile of CharacterDanny1_old successful, but with 3 Warning(s) [in 51 ms] (/Game/GalaxyGangGame/Characters/Char_Danny/CharacterDanny1_old.CharacterDanny1_old)
[2018.03.19-18.17.45:302][333]LogBlueprint:Warning: [Compiler CharacterDanny1_old] Warning [0437.59] Compile of CharacterDanny1_old successful, but with 4 Warning(s) [in 0 ms] (/Game/GalaxyGangGame/Characters/Char_Danny/CharacterDanny1_old.CharacterDanny1_old)
[2018.03.19-18.17.45:302][333]LogBlueprint:Warning: [Compiler CharacterDanny1_old] Warning [0437.59] Compile of CharacterDanny1_old successful, but with 5 Warning(s) [in 0 ms] (/Game/GalaxyGangGame/Characters/Char_Danny/CharacterDanny1_old.CharacterDanny1_old)
[2018.03.19-18.17.45:607][333]LogBlueprint:Warning: [CharacterDanny] 'CurrentHealth' variable not found. Base class was probably changed.
[2018.03.19-18.17.45:607][333]LogBlueprint:Warning: [CharacterDanny] 'CurrentHealth' variable not found. Base class was probably changed.
[2018.03.19-18.17.45:610][333]LogBlueprint:Warning: [CharacterDanny] 'Resume_Button' variable not found. Base class was probably changed.
[2018.03.19-18.17.45:636][333]LogBlueprint:Warning: [Compiler CharacterDanny] Warning InputAction Event references unknown Action 'ResetVR' for  InputAction ResetVR
[2018.03.19-18.17.45:637][333]LogBlueprint:Warning: [Compiler CharacterDanny] Warning InputAction Event references unknown Action 'Menu_Left' for  InputAction Menu_Left
[2018.03.19-18.17.45:637][333]LogBlueprint:Warning: [Compiler CharacterDanny] Warning InputAction Event references unknown Action 'Menu_Right' for  InputAction Menu_Right
[2018.03.19-18.17.45:648][333]LogBlueprint:Warning: [Compiler CharacterDanny] Warning [0437.94] Compile of CharacterDanny successful, but with 3 Warning(s) [in 33 ms] (/Game/Characters/Char_Danny/CharacterDanny.CharacterDanny)
[2018.03.19-18.17.45:650][333]LogBlueprint:Warning: [Compiler CharacterDanny] Warning [0437.94] Compile of CharacterDanny successful, but with 4 Warning(s) [in 2 ms] (/Game/Characters/Char_Danny/CharacterDanny.CharacterDanny)
[2018.03.19-18.17.45:650][333]LogBlueprint:Warning: [Compiler CharacterDanny] Warning [0437.94] Compile of CharacterDanny successful, but with 5 Warning(s) [in 0 ms] (/Game/Characters/Char_Danny/CharacterDanny.CharacterDanny)
[2018.03.19-18.17.45:834][333]LogBlueprint:Warning: [MainHUD] 'Health' variable not found. Base class was probably changed.
[2018.03.19-18.17.45:834][333]LogBlueprint:Warning: [MainHUD] 'Percentage' variable not found. Base class was probably changed.
[2018.03.19-18.17.45:834][333]LogBlueprint:Warning: [MainHUD] 'MaxHealth' variable not found. Base class was probably changed.
[2018.03.19-18.17.45:835][333]LogBlueprint:Warning: [MainHUD] 'DannyHealthImage' variable not found. Base class was probably changed.
[2018.03.19-18.17.45:835][333]LogBlueprint:Warning: [MainHUD] 'GreenDot' variable not found. Base class was probably changed.
[2018.03.19-18.17.45:924][333]LogBlueprint:Warning: [Compiler CharacterDanny] Warning InputAction Event references unknown Action 'ResetVR' for  InputAction ResetVR
[2018.03.19-18.17.45:926][333]LogBlueprint:Warning: [Compiler CharacterDanny] Warning InputAction Event references unknown Action 'Menu_Left' for  InputAction Menu_Left
[2018.03.19-18.17.45:926][333]LogBlueprint:Warning: [Compiler CharacterDanny] Warning InputAction Event references unknown Action 'Menu_Right' for  InputAction Menu_Right
[2018.03.19-18.17.45:936][333]LogBlueprint:Warning: [Compiler CharacterDanny] Warning [0438.23] Compile of CharacterDanny successful, but with 3 Warning(s) [in 31 ms] (/Game/Characters/Char_Danny/CharacterDanny.CharacterDanny)
[2018.03.19-18.17.45:936][333]LogBlueprint:Warning: [Compiler CharacterDanny] Warning [0438.23] Compile of CharacterDanny successful, but with 4 Warning(s) [in 0 ms] (/Game/Characters/Char_Danny/CharacterDanny.CharacterDanny)
[2018.03.19-18.17.45:940][333]LogBlueprint:Warning: [Compiler CharacterDanny] Warning [0438.23] Compile of CharacterDanny successful, but with 5 Warning(s) [in 4 ms] (/Game/Characters/Char_Danny/CharacterDanny.CharacterDanny)
[2018.03.19-18.17.46:039][333]LogBlueprint:Warning: [Compiler CharacterDanny1_old] Warning InputAction Event references unknown Action 'ResetVR' for  InputAction ResetVR
[2018.03.19-18.17.46:041][333]LogBlueprint:Warning: [Compiler CharacterDanny1_old] Warning InputAction Event references unknown Action 'Menu_Left' for  InputAction Menu_Left
[2018.03.19-18.17.46:041][333]LogBlueprint:Warning: [Compiler CharacterDanny1_old] Warning InputAction Event references unknown Action 'Menu_Right' for  InputAction Menu_Right
[2018.03.19-18.17.46:050][333]LogBlueprint:Warning: [Compiler CharacterDanny1_old] Warning [0438.34] Compile of CharacterDanny1_old successful, but with 3 Warning(s) [in 26 ms] (/Game/GalaxyGangGame/Characters/Char_Danny/CharacterDanny1_old.CharacterDanny1_old)
[2018.03.19-18.17.46:050][333]LogBlueprint:Warning: [Compiler CharacterDanny1_old] Warning [0438.34] Compile of CharacterDanny1_old successful, but with 4 Warning(s) [in 0 ms] (/Game/GalaxyGangGame/Characters/Char_Danny/CharacterDanny1_old.CharacterDanny1_old)
[2018.03.19-18.17.46:051][333]LogBlueprint:Warning: [Compiler CharacterDanny1_old] Warning [0438.34] Compile of CharacterDanny1_old successful, but with 5 Warning(s) [in 0 ms] (/Game/GalaxyGangGame/Characters/Char_Danny/CharacterDanny1_old.CharacterDanny1_old)
[2018.03.19-18.17.46:055][333]LogBlueprint:Warning: [MainHUD] 'GreenDot' variable not found. Base class was probably changed.
[2018.03.19-18.17.47:951][333]LogLinker:Warning: Can't find file '/Game/Resources/Sprites/Banners/World_1'
[2018.03.19-18.17.47:951][333]LogLinker:Warning: Can't find file for asset '/Game/Resources/Sprites/Banners/World_1' while loading NULL.
[2018.03.19-18.18.00:289][422]LogRenderer: Reallocating scene render targets to support 820x708 NumSamples 1 (Frame:3760).
[2018.03.19-18.23.26:275][836]LogEditorTransaction: Undo Move Widget
[2018.03.19-18.24.06:728][677]Cmd: MAP LOAD FILE="../../../../../../Users/Richa/Desktop/GalaxyGang/Content/Levels/W02_PiratePlanet/Pirate_Planet+Buccaneer_Beach.umap" TEMPLATE=0 SHOWPROGRESS=1 FEATURELEVEL=3
[2018.03.19-18.24.06:750][677]LightingResults: New page: Lighting Build
[2018.03.19-18.24.06:753][677]LoadErrors: New page: Loading map: Pirate_Planet+Buccaneer_Beach.umap
[2018.03.19-18.24.06:755][677]MapCheck: New page: Map Check
[2018.03.19-18.24.06:755][677]LightingResults: New page: Lighting Build
[2018.03.19-18.24.11:837][677]LogLinker:Warning: Can't find file '/Game/Environments/ALLPlantation/PalmTree400_Skeleton'
[2018.03.19-18.24.11:838][677]LogLinker:Warning: Can't find file for asset '/Game/Environments/ALLPlantation/PalmTree400_Skeleton' while loading ../../../../../../Users/Richa/Desktop/GalaxyGang/Content/Environments/ALLPlantation/PalmTree400.uasset.
[2018.03.19-18.24.11:838][677]LoadErrors:Error: Error /Game/Environments/ALLPlantation/PalmTree400 : Can't find file for asset. /Game/Environments/ALLPlantation/PalmTree400_Skeleton
[2018.03.19-18.24.11:838][677]LogLinker:Warning: Can't find file '/Game/Environments/ALLPlantation/PalmTree400_Skeleton'
[2018.03.19-18.24.11:838][677]LogLinker:Warning: Can't find file for asset '/Game/Environments/ALLPlantation/PalmTree400_Skeleton' while loading ../../../../../../Users/Richa/Desktop/GalaxyGang/Content/Environments/ALLPlantation/PalmTree400.uasset.
[2018.03.19-18.24.12:125][677]LogLinker:Warning: Can't find file '/Game/GalaxyGangGame/Materials/ALLUnderwaterMats/Coral_Reef_TX_Mat'
[2018.03.19-18.24.12:126][677]LogLinker:Warning: Can't find file for asset '/Game/GalaxyGangGame/Materials/ALLUnderwaterMats/Coral_Reef_TX_Mat' while loading ../../../../../../Users/Richa/Desktop/GalaxyGang/Content/Environments/ALLUnderwater/CoralReefA.uasset.
[2018.03.19-18.24.12:126][677]LoadErrors:Error: Error /Game/Environments/ALLUnderwater/CoralReefA : Can't find file for asset. /Game/GalaxyGangGame/Materials/ALLUnderwaterMats/Coral_Reef_TX_Mat
[2018.03.19-18.24.12:126][677]LogLinker:Warning: Can't find file '/Game/GalaxyGangGame/Materials/ALLUnderwaterMats/Coral_Reef_TX_Mat'
[2018.03.19-18.24.12:126][677]LogLinker:Warning: Can't find file for asset '/Game/GalaxyGangGame/Materials/ALLUnderwaterMats/Coral_Reef_TX_Mat' while loading ../../../../../../Users/Richa/Desktop/GalaxyGang/Content/Environments/ALLUnderwater/CoralReefA.uasset.
[2018.03.19-18.24.12:489][677]LogLinker:Warning: Can't find file '/Game/GalaxyGangGame/Materials/PirateMats/BlueGateTX_Mat'
[2018.03.19-18.24.12:489][677]LogLinker:Warning: Can't find file for asset '/Game/GalaxyGangGame/Materials/PirateMats/BlueGateTX_Mat' while loading ../../../../../../Users/Richa/Desktop/GalaxyGang/Content/Environments/PiratePlanet/BlueGateC.uasset.
[2018.03.19-18.24.12:489][677]LoadErrors:Error: Error /Game/Environments/PiratePlanet/BlueGateC : Can't find file for asset. /Game/GalaxyGangGame/Materials/PirateMats/BlueGateTX_Mat
[2018.03.19-18.24.12:489][677]LogLinker:Warning: Can't find file '/Game/GalaxyGangGame/Materials/PirateMats/BlueGateTX_Mat'
[2018.03.19-18.24.12:489][677]LogLinker:Warning: Can't find file for asset '/Game/GalaxyGangGame/Materials/PirateMats/BlueGateTX_Mat' while loading ../../../../../../Users/Richa/Desktop/GalaxyGang/Content/Environments/PiratePlanet/BlueGateC.uasset.
[2018.03.19-18.24.13:053][677]LogLinker:Warning: Can't find file '/Game/GalaxyGangGame/Materials/RockMaterial'
[2018.03.19-18.24.13:053][677]LogLinker:Warning: Can't find file for asset '/Game/GalaxyGangGame/Materials/RockMaterial' while loading ../../../../../../Users/Richa/Desktop/GalaxyGang/Content/Environments/Rocks/Rock5.uasset.
[2018.03.19-18.24.13:053][677]LoadErrors:Error: Error /Game/Environments/Rocks/Rock5 : Can't find file for asset. /Game/GalaxyGangGame/Materials/RockMaterial
[2018.03.19-18.24.13:053][677]LogLinker:Warning: Can't find file '/Game/GalaxyGangGame/Materials/RockMaterial'
[2018.03.19-18.24.13:053][677]LogLinker:Warning: Can't find file for asset '/Game/GalaxyGangGame/Materials/RockMaterial' while loading ../../../../../../Users/Richa/Desktop/GalaxyGang/Content/Environments/Rocks/Rock5.uasset.
[2018.03.19-18.24.13:477][677]LogLinker:Warning: Can't find file '/Game/GalaxyGangGame/Materials/ALLUnderwaterMats/Coral_Reef_TX_Mat'
[2018.03.19-18.24.13:477][677]LoadErrors: Info Failed to load /Game/GalaxyGangGame/Materials/ALLUnderwaterMats/Coral_Reef_TX_Mat.Coral_Reef_TX_Mat Referenced by CoralReefA
[2018.03.19-18.24.13:478][677]LogLinker:Warning: Can't find file for asset '/Game/GalaxyGangGame/Materials/ALLUnderwaterMats/Coral_Reef_TX_Mat' while loading NULL.
[2018.03.19-18.24.13:485][677]LogLinker:Warning: Can't find file '/Game/Environments/ALLPlantation/PalmTree400_Skeleton'
[2018.03.19-18.24.13:485][677]LoadErrors: Info Failed to load /Game/Environments/ALLPlantation/PalmTree400_Skeleton.PalmTree400_Skeleton Referenced by PalmTree400
[2018.03.19-18.24.13:486][677]LogLinker:Warning: Can't find file for asset '/Game/Environments/ALLPlantation/PalmTree400_Skeleton' while loading NULL.
[2018.03.19-18.24.18:461][677]LogLinker:Warning: Can't find file '/Game/GalaxyGangGame/Materials/PirateMats/BlueGateTX_Mat'
[2018.03.19-18.24.18:462][677]LoadErrors: Info Failed to load /Game/GalaxyGangGame/Materials/PirateMats/BlueGateTX_Mat.BlueGateTX_Mat Referenced by BlueGateC
[2018.03.19-18.24.18:462][677]LogLinker:Warning: Can't find file for asset '/Game/GalaxyGangGame/Materials/PirateMats/BlueGateTX_Mat' while loading NULL.
[2018.03.19-18.24.18:911][677]LogLinker:Warning: Can't find file '/Game/GalaxyGangGame/Materials/RockMaterial'
[2018.03.19-18.24.18:912][677]LoadErrors: Info Failed to load /Game/GalaxyGangGame/Materials/RockMaterial.RockMaterial Referenced by Rock5
[2018.03.19-18.24.18:912][677]LogLinker:Warning: Can't find file for asset '/Game/GalaxyGangGame/Materials/RockMaterial' while loading NULL.
[2018.03.19-18.24.58:617][677]LogAIModule: Creating AISystem for world Pirate_Planet+Buccaneer_Beach
[2018.03.19-18.25.28:952][677]LogEditorServer: Finished looking for orphan Actors (0.000 secs)
[2018.03.19-18.25.29:190][677]Cmd: MAP CHECKDEP NOCLEARLOG
[2018.03.19-18.25.30:006][677]MapCheck: Info Map check complete: 0 Error(s), 0 Warning(s), took 815.587ms to complete.
[2018.03.19-18.25.30:006][677]LogFileHelpers: Loading map 'Pirate_Planet+Buccaneer_Beach' took 83.504
[2018.03.19-18.25.39:186][814]LogEditorViewport: Clicking on Actor (LMB): Landscape (Sea)
[2018.03.19-18.25.40:502][829]LogEditorViewport: Clicking on Actor (LMB): Starpad_Hitbox_C (Starpad_Hitbox)
[2018.03.19-18.25.42:626][849]Cmd: CAMERA ALIGN ACTIVEVIEWPORTONLY
[2018.03.19-18.26.09:831][371]Cmd: TRANSACTION UNDO
[2018.03.19-18.26.09:831][371]LogEditorTransaction: Undo Create Actors
[2018.03.19-18.26.14:822][467]Cmd: CAMERA ALIGN ACTIVEVIEWPORTONLY
[2018.03.19-18.26.52:098][993]LogContentBrowser: Native class hierarchy updated for 'TextureEditor' in 0.0007 seconds. Added 1 classes and 2 folders.
[2018.03.19-18.28.22:456][515]LogEditorViewport: Clicking on Actor (LMB): Landscape (Mountain)
[2018.03.19-18.28.27:576][610]LogEditorViewport: Clicking on Actor (context menu): Landscape (Land)
[2018.03.19-18.28.30:993][662]LogTemp: Repeting last play command: Selected Viewport
[2018.03.19-18.28.31:107][662]LogBlueprintUserMessages: Early PlayInEditor Detection: Level '/Game/Levels/W02_PiratePlanet/Pirate_Planet+Buccaneer_Beach.Pirate_Planet+Buccaneer_Beach:PersistentLevel' has LevelScriptBlueprint '/Game/Levels/W02_PiratePlanet/Pirate_Planet+Buccaneer_Beach.Pirate_Planet+Buccaneer_Beach:PersistentLevel.Pirate_Planet+Buccaneer_Beach' with GeneratedClass '/Game/Levels/W02_PiratePlanet/Pirate_Planet+Buccaneer_Beach.Pirate_Planet+Buccaneer_Beach_C' with ClassGeneratedBy '/Game/Levels/W02_PiratePlanet/Pirate_Planet+Buccaneer_Beach.Pirate_Planet+Buccaneer_Beach:PersistentLevel.Pirate_Planet+Buccaneer_Beach'
[2018.03.19-18.28.31:155][662]BlueprintLog: New page: Pre-Play auto-recompile
[2018.03.19-18.28.31:155][662]LogPlayLevel: [PlayLevel] Compiling Starpad_Hitbox before play...
[2018.03.19-18.28.31:970][662]LogPlayLevel: [PlayLevel] Compiling TopFaceButton before play...
[2018.03.19-18.28.32:223][662]LogPlayLevel: PlayLevel: Blueprint regeneration took 1068 ms (2 blueprints)
[2018.03.19-18.28.32:322][662]PIE: New page: PIE session: Pirate_Planet+Buccaneer_Beach (Mar 19, 2018, 8:28:32 AM)
[2018.03.19-18.28.32:342][662]LogPlayLevel: Creating play world package: /Game/Levels/W02_PiratePlanet/UEDPIE_0_Pirate_Planet+Buccaneer_Beach
[2018.03.19-18.28.32:602][662]LogPlayLevel: PIE: StaticDuplicateObject took: (0.259871s)
[2018.03.19-18.28.32:603][662]LogAIModule: Creating AISystem for world Pirate_Planet+Buccaneer_Beach
[2018.03.19-18.28.32:604][662]LogPlayLevel: PIE: World Init took: (0.001823s)
[2018.03.19-18.28.32:616][662]LogPlayLevel: PIE: Created PIE world by copying editor world from /Game/Levels/W02_PiratePlanet/Pirate_Planet+Buccaneer_Beach.Pirate_Planet+Buccaneer_Beach to /Game/Levels/W02_PiratePlanet/UEDPIE_0_Pirate_Planet+Buccaneer_Beach.Pirate_Planet+Buccaneer_Beach (0.279585s)
[2018.03.19-18.28.32:710][662]LogInit: XAudio2 using 'Speakers (Realtek High Definition Audio)' : 2 channels at 48 kHz using 32 bits per sample (channel mask 0x3)
[2018.03.19-18.28.32:781][662]LogInit: FAudioDevice initialized.
[2018.03.19-18.28.33:079][662]LogLoad: Game class is 'ThirdPersonGameMode_C'
[2018.03.19-18.28.33:158][662]LogWorld: Bringing World /Game/Levels/W02_PiratePlanet/UEDPIE_0_Pirate_Planet+Buccaneer_Beach.Pirate_Planet+Buccaneer_Beach up for play (max tick rate 60) at 2018.03.19-13.28.33
[2018.03.19-18.28.33:367][662]LogWorld: Bringing up level for play took: 0.264944
[2018.03.19-18.28.33:509][662]LogContentBrowser: Native class hierarchy updated for 'MovieSceneCapture' in 0.0008 seconds. Added 11 classes and 0 folders.
[2018.03.19-18.28.33:510][662]LogGameMode:Display: Match State Changed from EnteringMap to WaitingToStart
[2018.03.19-18.28.33:510][662]LogGameState: Match State Changed from EnteringMap to WaitingToStart
[2018.03.19-18.28.33:510][662]LogGameMode:Display: Match State Changed from WaitingToStart to InProgress
[2018.03.19-18.28.33:874][662]LogBlueprintUserMessages: [MainHUD_C_5] true
[2018.03.19-18.28.33:875][662]LogBlueprintUserMessages: [MainHUD_C_5] true
[2018.03.19-18.28.33:891][662]LogScriptCore:Warning: Script Msg: Attempted to access index 3 from array K2Node_MakeArray_Array4 of length 3!
[2018.03.19-18.28.33:891][662]LogScript:Warning: Accessed None trying to read property CallFunc_Array_Get_Item4
	MainHUD_C /Engine/Transient.UnrealEdEngine_0:GameInstance_0.MainHUD_C_5
	Function /Game/Blueprints/Widgets/MainHUD.MainHUD_C:Starpad:098E
[2018.03.19-18.28.33:898][662]PIE:Error: Error Blueprint Runtime Error: Accessed None trying to read property CallFunc_Array_Get_Item4 from function: 'Starpad' from node: Set Visibility in graph: Starpad in object: MainHUD with description: Accessed None trying to read property CallFunc_Array_Get_Item4
[2018.03.19-18.28.33:901][662]LogBlueprintUserMessages: [PurpleJewel_24] Purple Check Failed
[2018.03.19-18.28.33:903][662]LogGameState: Match State Changed from WaitingToStart to InProgress
[2018.03.19-18.28.33:921][662]PIE: Info Play in editor start time for /Game/Levels/W02_PiratePlanet/UEDPIE_0_Pirate_Planet+Buccaneer_Beach 3.789
[2018.03.19-18.28.33:922][662]LogBlueprintUserMessages: Late PlayInEditor Detection: Level '/Game/Levels/W02_PiratePlanet/Pirate_Planet+Buccaneer_Beach.Pirate_Planet+Buccaneer_Beach:PersistentLevel' has LevelScriptBlueprint '/Game/Levels/W02_PiratePlanet/Pirate_Planet+Buccaneer_Beach.Pirate_Planet+Buccaneer_Beach:PersistentLevel.Pirate_Planet+Buccaneer_Beach' with GeneratedClass '/Game/Levels/W02_PiratePlanet/Pirate_Planet+Buccaneer_Beach.Pirate_Planet+Buccaneer_Beach_C' with ClassGeneratedBy '/Game/Levels/W02_PiratePlanet/Pirate_Planet+Buccaneer_Beach.Pirate_Planet+Buccaneer_Beach:PersistentLevel.Pirate_Planet+Buccaneer_Beach'
[2018.03.19-18.28.37:369][721]LogScriptCore:Warning: Script Msg: Attempted to access index 1 from array K2Node_MakeArray_Array3 of length 1!
[2018.03.19-18.28.37:369][721]LogScript:Warning: Accessed None trying to read property CallFunc_Array_Get_Item
	MainHUD_C /Engine/Transient.UnrealEdEngine_0:GameInstance_0.MainHUD_C_5
	Function /Game/Blueprints/Widgets/MainHUD.MainHUD_C:JewelPickup:067A
[2018.03.19-18.28.37:370][721]PIE:Error: Error Blueprint Runtime Error: Accessed None trying to read property CallFunc_Array_Get_Item from function: 'JewelPickup' from node: Set Background Color in graph: JewelPickup in object: MainHUD with description: Accessed None trying to read property CallFunc_Array_Get_Item
[2018.03.19-18.28.46:333][952]LogBlueprintUserMessages: Early EndPlayMap Detection: Level '/Game/Levels/W02_PiratePlanet/Pirate_Planet+Buccaneer_Beach.Pirate_Planet+Buccaneer_Beach:PersistentLevel' has LevelScriptBlueprint '/Game/Levels/W02_PiratePlanet/Pirate_Planet+Buccaneer_Beach.Pirate_Planet+Buccaneer_Beach:PersistentLevel.Pirate_Planet+Buccaneer_Beach' with GeneratedClass '/Game/Levels/W02_PiratePlanet/Pirate_Planet+Buccaneer_Beach.Pirate_Planet+Buccaneer_Beach_C' with ClassGeneratedBy '/Game/Levels/W02_PiratePlanet/Pirate_Planet+Buccaneer_Beach.Pirate_Planet+Buccaneer_Beach:PersistentLevel.Pirate_Planet+Buccaneer_Beach'
[2018.03.19-18.28.46:641][952]LogBlueprintUserMessages: Late EndPlayMap Detection: Level '/Game/Levels/W02_PiratePlanet/Pirate_Planet+Buccaneer_Beach.Pirate_Planet+Buccaneer_Beach:PersistentLevel' has LevelScriptBlueprint '/Game/Levels/W02_PiratePlanet/Pirate_Planet+Buccaneer_Beach.Pirate_Planet+Buccaneer_Beach:PersistentLevel.Pirate_Planet+Buccaneer_Beach' with GeneratedClass '/Game/Levels/W02_PiratePlanet/Pirate_Planet+Buccaneer_Beach.Pirate_Planet+Buccaneer_Beach_C' with ClassGeneratedBy '/Game/Levels/W02_PiratePlanet/Pirate_Planet+Buccaneer_Beach.Pirate_Planet+Buccaneer_Beach:PersistentLevel.Pirate_Planet+Buccaneer_Beach'
[2018.03.19-18.28.48:673][992]LogEditorViewport: Clicking on Actor (LMB): Starpad_Hitbox_C (Starpad_Hitbox)
[2018.03.19-18.33.28:855][269]AssetReimport: New page: Outstanding source content changes 8:33:28 AM
[2018.03.19-18.33.28:982][270]LogEditorFactories: Performing atomic reimport of [C:/Users/Richa/Desktop/GalaxyGang/Content/Resources/Sprites/Buttons/XBOX_Y.png]
[2018.03.19-18.33.28:983][270]LogFactory: FactoryCreateFile: Texture2D with ReimportTextureFactory (0 0 C:/Users/Richa/Desktop/GalaxyGang/Content/Resources/Sprites/Buttons/XBOX_Y.png)
[2018.03.19-18.33.29:515][270]LogEditorFactories: -- imported successfully
[2018.03.19-18.33.29:875][271]Cmd: OBJ SAVEPACKAGE PACKAGE="/Game/Resources/Sprites/Buttons/XBOX_Y" FILE="../../../../../../Users/Richa/Desktop/GalaxyGang/Content/Resources/Sprites/Buttons/XBOX_Y.uasset" SILENT=true
[2018.03.19-18.33.30:248][271]LogSavePackage: Save=195.15ms
[2018.03.19-18.33.30:248][271]LogSavePackage: Moving '../../../../../../Users/Richa/Desktop/GalaxyGang/Saved/XBOX_Y051C6E314C217E435CBDD2814F6D2C57.tmp' to '../../../../../../Users/Richa/Desktop/GalaxyGang/Content/Resources/Sprites/Buttons/XBOX_Y.uasset'
[2018.03.19-18.33.30:256][271]LogSavePackage:Display: Finished SavePackage ../../../../../../Users/Richa/Desktop/GalaxyGang/Content/Resources/Sprites/Buttons/XBOX_Y.uasset
[2018.03.19-18.33.33:273][328]AssetReimport: Info Reimported asset XBOX_Y from C:/Users/Richa/Desktop/GalaxyGang/Content/Resources/Sprites/Buttons/XBOX_Y.png.
[2018.03.19-18.35.58:296][ 48]LogWindows: Windows GetLastError: The operation completed successfully. (0)
