Log file open, 02/16/18 23:11:21
LogInit:Display: Running engine for game: GalaxyGangGame
LogPlatformFile: Not using cached read wrapper
LogInit:Display: RandInit(-75247350) SRandInit(-75247350).
LogTaskGraph: Started task graph with 5 named threads and 6 total threads with 1 sets of task threads.
LogStats: Stats thread started at 0.107646
LogInit: Using libcurl 7.47.1
LogInit:  - built for x86_64-pc-win32
LogInit:  - supports SSL with OpenSSL/1.0.2g
LogInit:  - supports HTTP deflate (compression) using libz 1.2.8
LogInit:  - other features:
LogInit:      CURL_VERSION_SSL
LogInit:      CURL_VERSION_LIBZ
LogInit:      CURL_VERSION_IPV6
LogInit:      CURL_VERSION_ASYNCHDNS
LogInit:      CURL_VERSION_LARGEFILE
LogInit:      CURL_VERSION_IDN
LogInit:  CurlRequestOptions (configurable via config and command line):
LogInit:  - bVerifyPeer = false  - Libcurl will NOT verify peer certificate
LogInit:  - bUseHttpProxy = false  - Libcurl will NOT use HTTP proxy
LogInit:  - bDontReuseConnections = false  - Libcurl will reuse connections
LogInit:  - CertBundlePath = nullptr  - Libcurl will use whatever was configured at build time.
LogInit: Build: ++UE4+Release-4.15-CL-3450819
LogInit: Engine Version: 4.15.3-3450819+++UE4+Release-4.15
LogInit: Compatible Engine Version: 4.15.0-3299760+++UE4+Release-4.15
LogInit: Net CL: 3299760
LogDevObjectVersion: Number of dev versions registered: 14
LogDevObjectVersion:   Dev-Blueprints (B0D832E4-1F89-4F0D-ACCF-7EB736FD4AA2): 8
LogDevObjectVersion:   Dev-Build (E1C64328-A22C-4D53-A36C-8E866417BD8C): 0
LogDevObjectVersion:   Dev-Core (375EC13C-06E4-48FB-B500-84F0262A717E): 2
LogDevObjectVersion:   Dev-Editor (E4B068ED-F494-42E9-A231-DA0B2E46BB41): 14
LogDevObjectVersion:   Dev-Framework (CFFC743F-43B0-4480-9391-14DF171D2073): 22
LogDevObjectVersion:   Dev-Mobile (B02B49B5-BB20-44E9-A304-32B752E40360): 0
LogDevObjectVersion:   Dev-Networking (A4E4105C-59A1-49B5-A7C5-40C4547EDFEE): 0
LogDevObjectVersion:   Dev-Online (39C831C9-5AE6-47DC-9A44-9C173E1C8E7C): 0
LogDevObjectVersion:   Dev-Physics (78F01B33-EBEA-4F98-B9B4-84EACCB95AA2): 0
LogDevObjectVersion:   Dev-Platform (6631380F-2D4D-43E0-8009-CF276956A95A): 0
LogDevObjectVersion:   Dev-Rendering (12F88B9F-8875-4AFC-A67C-D90C383ABD29): 12
LogDevObjectVersion:   Dev-Sequencer (7B5AE74C-D270-4C10-A958-57980B212A5A): 3
LogDevObjectVersion:   Dev-VR (D7296918-1DD6-4BDD-9DE2-64A83CC13884): 0
LogDevObjectVersion:   Dev-LoadTimes (C2A15278-BFE7-4AFE-6C17-90FF531DF755): 1
LogInit: Compiled (64-bit): May 21 2017 11:02:34
LogInit: Compiled with Visual C++: 19.00.23026.00
LogInit: Build Configuration: Development
LogInit: Branch Name: ++UE4+Release-4.15
LogInit: Command line: 
LogInit: Base directory: C:/Program Files/Epic Games/UE_4.15/Engine/Binaries/Win64/
LogInit: Installed Engine Build: 1
LogInit: Presizing for max 8388607 objects, including 0 objects not considered by GC, pre-allocating 0 bytes for permanent pool.
LogInit: Object subsystem initialized
[2018.02.17-05.11.22:721][  0]LogInit: Selected Device Profile: [Windows]
[2018.02.17-05.11.22:721][  0]LogInit: Applying CVar settings loaded from the selected device profile: [Windows]
[2018.02.17-05.11.22:802][  0]LogInit: Computer: DESKTOP-SSSFMAE
[2018.02.17-05.11.22:802][  0]LogInit: User: Richa
[2018.02.17-05.11.22:802][  0]LogInit: CPU Page size=65536, Cores=2
[2018.02.17-05.11.22:802][  0]LogInit: High frequency timer resolution =2.343752 MHz
[2018.02.17-05.11.22:816][  0]LogMemory: Memory total: Physical=7.9GB (8GB approx)
[2018.02.17-05.11.22:816][  0]LogMemory: Platform Memory Stats for Windows
[2018.02.17-05.11.22:816][  0]LogMemory: Process Physical Memory: 267.09 MB used, 267.09 MB peak
[2018.02.17-05.11.22:816][  0]LogMemory: Process Virtual Memory: 263.15 MB used, 263.15 MB peak
[2018.02.17-05.11.22:816][  0]LogMemory: Physical Memory: 4061.46 MB used,  4035.20 MB free, 8096.66 MB total
[2018.02.17-05.11.22:816][  0]LogMemory: Virtual Memory: 682.15 MB used,  4035.20 MB free, 134217728.00 MB total
[2018.02.17-05.11.23:528][  0]LogTextLocalizationManager: No specific translations for ('en-US') exist, so ('en') translations will be used.
[2018.02.17-05.11.28:092][  0]LogD3D11RHI: D3D11 adapters:
[2018.02.17-05.11.28:106][  0]LogD3D11RHI:    0. 'Intel(R) HD Graphics 620' (Feature Level 11_0)
[2018.02.17-05.11.28:106][  0]LogD3D11RHI:       128/0/4048 MB DedicatedVideo/DedicatedSystem/SharedSystem, Outputs:1, VendorId:0x8086
[2018.02.17-05.11.28:150][  0]LogD3D11RHI:    1. 'Microsoft Basic Render Driver' (Feature Level 11_0)
[2018.02.17-05.11.28:150][  0]LogD3D11RHI:       0/0/4048 MB DedicatedVideo/DedicatedSystem/SharedSystem, Outputs:0, VendorId:0x1414
[2018.02.17-05.11.28:150][  0]LogD3D11RHI: Chosen D3D11 Adapter: 0
[2018.02.17-05.11.28:157][  0]LogD3D11RHI: Creating new Direct3DDevice
[2018.02.17-05.11.28:157][  0]LogD3D11RHI:     GPU DeviceId: 0x5916 (for the marketing name, search the web for "GPU Device Id")
[2018.02.17-05.11.28:157][  0]LogWindows: EnumDisplayDevices:
[2018.02.17-05.11.28:157][  0]LogWindows:    0. 'Intel(R) HD Graphics 620' (P:1 D:1)
[2018.02.17-05.11.28:157][  0]LogWindows:    1. 'Intel(R) HD Graphics 620' (P:0 D:0)
[2018.02.17-05.11.28:157][  0]LogWindows:    2. 'Intel(R) HD Graphics 620' (P:0 D:0)
[2018.02.17-05.11.28:157][  0]LogWindows: DebugString: GetVideoDriverDetailsInvalid PrimaryIsNotTheChoosenAdapter GetVideoDriverDetailsInvalid PrimaryIsNotTheChoosenAdapter GetVideoDriverDetailsInvalid PrimaryIsNotTheChoosenAdapter FoundDriverCount:0 
[2018.02.17-05.11.28:157][  0]LogD3D11RHI:     Adapter Name: Intel(R) HD Graphics 620
[2018.02.17-05.11.28:157][  0]LogD3D11RHI:   Driver Version: Unknown (internal:Unknown, unified:Unknown)
[2018.02.17-05.11.28:157][  0]LogD3D11RHI:      Driver Date: Unknown
[2018.02.17-05.11.28:157][  0]LogRHI: Texture pool is 1361 MB (70% of 1945 MB)
[2018.02.17-05.11.28:168][  0]LogD3D11RHI: Async texture creation enabled
[2018.02.17-05.11.28:174][  0]LogD3D11RHI: GPU Timing Frequency: 12.000000 (Debug: 2 0)
[2018.02.17-05.11.28:175][  0]LogShaderCompilers: Guid format shader working directory is -5 characters bigger than the processId version (../../../../../../Users/Richa/Documents/GalaxyGang/Intermediate/Shaders/WorkingDirectory/13408/).
[2018.02.17-05.11.28:198][  0]LogShaderCompilers: Cleaned the shader compiler working directory 'C:/Users/Richa/AppData/Local/Temp/UnrealShaderWorkingDir/429B992A4F62E90F72162691E2C954A0/'.
[2018.02.17-05.11.28:198][  0]LogShaderCompilers:Display: Using Local Shader Compiler.
[2018.02.17-05.11.34:257][  0]LogTemp:Display: Loaded TP AllDesktopTargetPlatform
[2018.02.17-05.11.34:322][  0]LogTemp:Display: Loaded TP MacClientTargetPlatform
[2018.02.17-05.11.34:387][  0]LogTemp:Display: Loaded TP MacNoEditorTargetPlatform
[2018.02.17-05.11.34:452][  0]LogTemp:Display: Loaded TP MacServerTargetPlatform
[2018.02.17-05.11.34:580][  0]LogTemp:Display: Loaded TP MacTargetPlatform
[2018.02.17-05.11.34:645][  0]LogTemp:Display: Loaded TP WindowsClientTargetPlatform
[2018.02.17-05.11.34:711][  0]LogTemp:Display: Loaded TP WindowsNoEditorTargetPlatform
[2018.02.17-05.11.34:777][  0]LogTemp:Display: Loaded TP WindowsServerTargetPlatform
[2018.02.17-05.11.34:834][  0]LogTemp:Display: Loaded TP WindowsTargetPlatform
[2018.02.17-05.11.34:926][  0]LogTemp:Display: Loaded TP AndroidTargetPlatform
[2018.02.17-05.11.34:990][  0]LogTemp:Display: Loaded TP Android_ASTCTargetPlatform
[2018.02.17-05.11.35:057][  0]LogTemp:Display: Loaded TP Android_ATCTargetPlatform
[2018.02.17-05.11.35:121][  0]LogTemp:Display: Loaded TP Android_DXTTargetPlatform
[2018.02.17-05.11.35:186][  0]LogTemp:Display: Loaded TP Android_ETC1TargetPlatform
[2018.02.17-05.11.35:295][  0]LogTemp:Display: Loaded TP Android_ETC2TargetPlatform
[2018.02.17-05.11.35:424][  0]LogTemp:Display: Loaded TP Android_MultiTargetPlatform
[2018.02.17-05.11.35:424][  0]LogTemp:Display: Loaded TP Android_PVRTCTargetPlatform
[2018.02.17-05.11.35:472][  0]LogTemp:Display: Loaded TP HTML5TargetPlatform
[2018.02.17-05.11.35:622][  0]LogTemp:Display: Loaded TP IOSTargetPlatform
[2018.02.17-05.11.35:664][  0]LogTemp:Display: Loaded TP TVOSTargetPlatform
[2018.02.17-05.11.35:728][  0]LogTemp:Display: Loaded TP LinuxClientTargetPlatform
[2018.02.17-05.11.35:793][  0]LogTemp:Display: Loaded TP LinuxNoEditorTargetPlatform
[2018.02.17-05.11.35:857][  0]LogTemp:Display: Loaded TP LinuxServerTargetPlatform
[2018.02.17-05.11.35:922][  0]LogTemp:Display: Loaded TP LinuxTargetPlatform
[2018.02.17-05.11.35:922][  0]LogTargetPlatformManager:Display: Building Assets For Windows
[2018.02.17-05.11.36:915][  0]LogDerivedDataCache:Display: Max Cache Size: 512 MB
[2018.02.17-05.11.38:295][  0]LogDerivedDataCache: Loaded boot cache 1.38s 52MB C:/Users/Richa/AppData/Local/UnrealEngine/4.15/DerivedDataCache/Boot.ddc.
[2018.02.17-05.11.38:295][  0]LogDerivedDataCache:Display: Loaded Boot cache: C:/Users/Richa/AppData/Local/UnrealEngine/4.15/DerivedDataCache/Boot.ddc
[2018.02.17-05.11.38:295][  0]LogDerivedDataCache: FDerivedDataBackendGraph:  Pak pak cache file ../../../../../../Users/Richa/Documents/GalaxyGang/DerivedDataCache/DDC.ddp not found, will not use a pak cache.
[2018.02.17-05.11.38:295][  0]LogDerivedDataCache: Unable to find inner node Pak for hierarchical cache Hierarchy.
[2018.02.17-05.11.38:295][  0]LogDerivedDataCache: FDerivedDataBackendGraph:  CompressedPak pak cache file ../../../../../../Users/Richa/Documents/GalaxyGang/DerivedDataCache/Compressed.ddp not found, will not use a pak cache.
[2018.02.17-05.11.38:295][  0]LogDerivedDataCache: Unable to find inner node CompressedPak for hierarchical cache Hierarchy.
[2018.02.17-05.11.38:354][  0]LogDerivedDataCache:Display: Pak cache opened for reading ../../../Engine/DerivedDataCache/Compressed.ddp.
[2018.02.17-05.11.38:366][  0]LogDerivedDataCache: Using Local data cache path C:/Users/Richa/AppData/Local/UnrealEngine/Common/DerivedDataCache: Writable
[2018.02.17-05.11.38:378][  0]LogSlate: Using Freetype 2.6.0
[2018.02.17-05.11.38:459][  0]LogSlate: SlateFontCache - WITH_FREETYPE: 1, WITH_HARFBUZZ: 1
[2018.02.17-05.11.38:462][  0]LogSlate: SlateFontCache - WITH_FREETYPE: 1, WITH_HARFBUZZ: 1
[2018.02.17-05.11.43:630][  0]LogInit: Selected Device Profile: [Windows]
[2018.02.17-05.11.43:634][  0]LogContentStreaming: Texture pool size is 0.00 MB
[2018.02.17-05.11.43:976][  0]LogMeshUtilities: Using QuadricMeshReduction for automatic static mesh reduction
[2018.02.17-05.11.44:078][  0]LogSimplygon: Simplygon DLL not present - disabling.
[2018.02.17-05.11.44:133][  0]LogMeshUtilities: Using SimplygonSwarm for distributed automatic mesh merging
[2018.02.17-05.11.44:133][  0]LogMeshUtilities: No automatic skeletal mesh reduction module available
[2018.02.17-05.11.44:133][  0]LogMeshUtilities: No automatic mesh merging module available
[2018.02.17-05.11.46:056][  0]LogNetVersion: GetLocalNetworkVersion: CL: 3299760, ProjectName: galaxyganggame, ProjectVersion: , EngineNetworkVersion: 2, GameNetworkVersion: 0, NetworkChecksum: 3878788453
[2018.02.17-05.11.46:139][  0]LogAssetRegistry: FAssetRegistry took 0.0226 seconds to start up
[2018.02.17-05.11.46:209][  0]LogPackageLocalizationCache: Processed 3 localized package path(s) for 2 prioritized culture(s) in 0.045652 seconds
[2018.02.17-05.11.46:215][  0]LogUObjectArray: 32493 objects as part of root set at end of initial load.
[2018.02.17-05.11.46:215][  0]LogUObjectAllocator: 7077032 out of 0 bytes used by permanent object pool.
[2018.02.17-05.11.46:215][  0]LogUObjectArray: CloseDisregardForGC: 0/0 objects in disregard for GC pool
[2018.02.17-05.11.46:289][  0]LogInit: WinSock: version 1.1 (2.2), MaxSocks=32767, MaxUdp=65467
[2018.02.17-05.12.05:799][  0]LogTcpMessaging: Initializing TcpMessaging bridge
[2018.02.17-05.12.05:842][  0]LogUdpMessaging: Initializing bridge on interface 0.0.0.0:0 to multicast group 230.0.0.1:6666.
[2018.02.17-05.12.07:003][  0]LogMaterial: Uniform references updated for custom material expression Custom.
[2018.02.17-05.12.07:648][  0]SourceControl: Info Source control is disabled
[2018.02.17-05.12.07:932][  0]SourceControl: Info Source control is disabled
[2018.02.17-05.12.08:071][  0]SourceControl: Info Source control is disabled
[2018.02.17-05.12.08:146][  0]SourceControl: Info Source control is disabled
[2018.02.17-05.12.10:786][  0]LogEngine: Initializing Engine...
[2018.02.17-05.12.10:786][  0]LogHMD: Failed to initialize OpenVR with code 110
[2018.02.17-05.12.10:959][  0]LogStats: UGameplayTagsManager::ConstructGameplayTagTree: Construct from data asset -  0.000 s
[2018.02.17-05.12.10:959][  0]LogStats: UGameplayTagsManager::ConstructGameplayTagTree: GameplayTagTreeChangedEvent.Broadcast -  0.000 s
[2018.02.17-05.12.11:150][  0]LogAIModule: Creating AISystem for world Untitled
[2018.02.17-05.12.11:170][  0]LogInit: XAudio2 using 'Speakers (Realtek High Definition Audio)' : 2 channels at 48 kHz using 32 bits per sample (channel mask 0x3)
[2018.02.17-05.12.11:467][  0]LogInit: FAudioDevice initialized.
[2018.02.17-05.12.11:511][  0]LogDerivedDataCache: Saved boot cache 0.04s 52MB C:/Users/Richa/AppData/Local/UnrealEngine/4.15/DerivedDataCache/Boot.ddc.
[2018.02.17-05.12.11:520][  0]LogInit: Texture streaming: Enabled
[2018.02.17-05.12.11:654][  0]LogEngineSessionManager: EngineSessionManager initialized
[2018.02.17-05.12.11:869][  0]LogInit: Transaction tracking system initialized
[2018.02.17-05.12.12:360][  0]BlueprintLog: New page: Editor Load
[2018.02.17-05.12.13:707][  0]LocalizationService: Info Localization service is disabled
[2018.02.17-05.12.14:729][  0]LogConsoleResponse:Display: 
[2018.02.17-05.12.15:665][  0]LogCook:Display: Max memory allowance for cook 16384mb min free memory 0mb
[2018.02.17-05.12.15:665][  0]LogCook:Display: Mobile HDR setting 1
[2018.02.17-05.12.17:527][  0]LogFileCache: Scanning file cache for directory 'C:/Users/Richa/Documents/GalaxyGang/Content/' took 1.30s
[2018.02.17-05.12.18:709][  0]SourceControl: Info Source control is disabled
[2018.02.17-05.12.18:709][  0]Cmd: MAP LOAD FILE="../../../../../../Users/Richa/Documents/GalaxyGang/Content/GalaxyGangGame/Levels/Galaxy_Of_Dreams+Home_Fountain_Island.umap" TEMPLATE=0 SHOWPROGRESS=1 FEATURELEVEL=3
[2018.02.17-05.12.18:709][  0]LogEditorServer:Warning: Can't find file '../../../../../../Users/Richa/Documents/GalaxyGang/Content/GalaxyGangGame/Levels/Galaxy_Of_Dreams+Home_Fountain_Island.umap'
[2018.02.17-05.12.18:709][  0]Cmd: MAP CHECKDEP NOCLEARLOG
[2018.02.17-05.12.18:745][  0]MapCheck: Info Map check complete: 0 Error(s), 0 Warning(s), took 35.793ms to complete.
[2018.02.17-05.12.18:745][  0]LogFileHelpers: Loading map 'Galaxy_Of_Dreams+Home_Fountain_Island' took 0.036
[2018.02.17-05.12.18:850][  0]LogWindowsTextInputMethodSystem:Display: IME system now deactivated.
[2018.02.17-05.12.18:850][  0]LogWindowsTextInputMethodSystem:Display: IME system now deactivated.
[2018.02.17-05.12.18:948][  0]LogCollectionManager: Loaded 0 collections in 0.002008 seconds
[2018.02.17-05.12.19:066][  0]LogFileCache: Scanning file cache for directory 'C:/Users/Richa/Documents/GalaxyGang/Saved/Collections/' took 0.01s
[2018.02.17-05.12.19:066][  0]LogFileCache: Scanning file cache for directory 'C:/Users/Richa/Documents/GalaxyGang/Content/Developers/Richa/Collections/' took 0.01s
[2018.02.17-05.12.19:066][  0]LogFileCache: Scanning file cache for directory 'C:/Users/Richa/Documents/GalaxyGang/Content/Collections/' took 0.01s
[2018.02.17-05.12.19:066][  0]LogCollectionManager: Rebuilt the GUID cache for 0 collections in 0.000003 seconds
[2018.02.17-05.12.19:080][  0]LogContentBrowser: Native class hierarchy populated in 0.0131 seconds. Added 2245 classes and 453 folders.
[2018.02.17-05.12.19:167][  0]LogContentBrowser: Native class hierarchy updated for 'WidgetCarousel' in 0.0006 seconds. Added 0 classes and 0 folders.
[2018.02.17-05.12.20:524][  0]LogContentBrowser: Native class hierarchy updated for 'AddContentDialog' in 0.0007 seconds. Added 0 classes and 0 folders.
[2018.02.17-05.12.20:769][  0]LogContentBrowser: Native class hierarchy updated for 'SceneOutliner' in 0.0007 seconds. Added 1 classes and 2 folders.
[2018.02.17-05.12.20:932][  0]LogCrashTracker: Crashtracker disabled due to settings.
[2018.02.17-05.12.20:944][  0]LogUObjectGlobals:Warning: Failed to find object 'Class None.'
[2018.02.17-05.12.21:097][  0]LogContentBrowser: Native class hierarchy updated for 'HierarchicalLODOutliner' in 0.0007 seconds. Added 1 classes and 2 folders.
[2018.02.17-05.12.21:097][  0]LogLoad: (Engine Initialization) Total time: 64.70 seconds
[2018.02.17-05.12.21:097][  0]LogLoad: (Engine Initialization) Total Blueprint compile time: 0.12 seconds
[2018.02.17-05.12.21:097][  0]LogExternalProfiler: No external profilers were discovered.  External profiling features will not be available.
[2018.02.17-05.12.21:119][  0]LogOcInput: OculusInput pre-init called
[2018.02.17-05.12.21:231][  0]LogContentStreaming: Texture pool size now 1000 MB
[2018.02.17-05.12.21:277][  0]LogSlate: Took 0.044466 seconds to synchronously load lazily loaded font '../../../Engine/Content/Slate/Fonts/Roboto-Regular.ttf' (155K)
[2018.02.17-05.12.21:334][  0]LogSlate: Took 0.052983 seconds to synchronously load lazily loaded font '../../../Engine/Content/Editor/Slate/Fonts/FontAwesome.ttf' (139K)
[2018.02.17-05.12.21:396][  0]LogSlate: Took 0.061698 seconds to synchronously load lazily loaded font '../../../Engine/Content/Slate/Fonts/Roboto-Bold.ttf' (160K)
[2018.02.17-05.12.21:732][  0]LogRenderer: Reallocating scene render targets to support 740x708 NumSamples 1 (Frame:2).
[2018.02.17-05.12.23:717][  2]LogSlate: Took 0.160638 seconds to synchronously load lazily loaded font '../../../Engine/Content/Slate/Fonts/Roboto-Light.ttf' (159K)
[2018.02.17-05.12.24:099][  3]LogAssetRegistry: Asset discovery search completed in 37.9830 seconds
[2018.02.17-05.12.24:099][  3]LogCollectionManager: Rebuilt the object cache for 0 collections in 0.000008 seconds (found 0 objects)
[2018.02.17-05.12.24:100][  3]LogCollectionManager: Fixed up redirectors for 0 collections in 0.000026 seconds (updated 0 objects)
[2018.02.17-05.13.05:868][444]LogLinker:Warning: Can't find file '/Game/Blueprints/SaveBluprints/Data'
[2018.02.17-05.13.05:868][444]LogLinker:Warning: Can't find file for asset '/Game/Blueprints/SaveBluprints/Data' while loading ../../../../../../Users/Richa/Documents/GalaxyGang/Content/Blueprints/Widgets/MainHUD.uasset.
[2018.02.17-05.13.05:868][444]LoadErrors:Error: Error /Game/Blueprints/Widgets/MainHUD : Can't find file for asset. /Game/Blueprints/SaveBluprints/Data
[2018.02.17-05.13.05:868][444]LogLinker:Warning: Can't find file '/Game/Blueprints/SaveBluprints/LevelData'
[2018.02.17-05.13.05:869][444]LogLinker:Warning: Can't find file for asset '/Game/Blueprints/SaveBluprints/LevelData' while loading ../../../../../../Users/Richa/Documents/GalaxyGang/Content/Blueprints/Widgets/MainHUD.uasset.
[2018.02.17-05.13.05:869][444]LoadErrors:Error: Error /Game/Blueprints/Widgets/MainHUD : Can't find file for asset. /Game/Blueprints/SaveBluprints/LevelData
[2018.02.17-05.13.06:117][444]LogLinker:Warning: Can't find file '/Game/Blueprints/SaveBluprints/Data'
[2018.02.17-05.13.06:117][444]LogLinker:Warning: Can't find file for asset '/Game/Blueprints/SaveBluprints/Data' while loading ../../../../../../Users/Richa/Documents/GalaxyGang/Content/Props/Assets/GreenJewel.uasset.
[2018.02.17-05.13.06:117][444]LoadErrors:Error: Error /Game/Props/Assets/GreenJewel : Can't find file for asset. /Game/Blueprints/SaveBluprints/Data
[2018.02.17-05.13.06:117][444]LogLinker:Warning: Can't find file '/Game/Blueprints/SaveBluprints/LevelData'
[2018.02.17-05.13.06:117][444]LogLinker:Warning: Can't find file for asset '/Game/Blueprints/SaveBluprints/LevelData' while loading ../../../../../../Users/Richa/Documents/GalaxyGang/Content/Props/Assets/GreenJewel.uasset.
[2018.02.17-05.13.06:117][444]LoadErrors:Error: Error /Game/Props/Assets/GreenJewel : Can't find file for asset. /Game/Blueprints/SaveBluprints/LevelData
[2018.02.17-05.13.07:065][444]LogBlueprint:Warning: [PurpleJewel] 'MainHudCD' variable not found. Base class was probably changed.
[2018.02.17-05.13.09:477][444]LogStats: FPlatformStackWalk::StackWalkAndDump -  2.400 s
[2018.02.17-05.13.09:477][444]LogOutputDevice:Error: === Handled ensure: ===
[2018.02.17-05.13.09:477][444]LogOutputDevice:Error: 
[2018.02.17-05.13.09:477][444]LogOutputDevice:Error: Ensure condition failed: pContextTerm != nullptr [File:D:\Build\++UE4+Release-4.15+Compile\Sync\Engine\Source\Editor\BlueprintGraph\Private\CallFunctionHandler.cpp] [Line: 384]
[2018.02.17-05.13.09:477][444]LogOutputDevice:Error: '/Game/Props/Assets/PurpleJewel.PurpleJewel:ExecuteUbergraph_PurpleJewel.K2Node_CallFunction_40' is missing a target input - if this is a server build, the input may be a cosmetic only property which was discarded (if this is the case, and this is expecting component variable try resaving.)
[2018.02.17-05.13.09:477][444]LogOutputDevice:Error: Stack: 
[2018.02.17-05.13.09:477][444]LogOutputDevice:Error: UE4Editor-Core.dll!0x00000000A67B95E6
[2018.02.17-05.13.09:477][444]LogOutputDevice:Error: UE4Editor-Core.dll!0x00000000A6569B82
[2018.02.17-05.13.09:477][444]LogOutputDevice:Error: UE4Editor-Core.dll!0x00000000A657B666
[2018.02.17-05.13.09:477][444]LogOutputDevice:Error: UE4Editor-BlueprintGraph.dll!0x000000009A2F3D12
[2018.02.17-05.13.09:477][444]LogOutputDevice:Error: UE4Editor-BlueprintGraph.dll!0x000000009A2E9FC3
[2018.02.17-05.13.09:477][444]LogOutputDevice:Error: UE4Editor-KismetCompiler.dll!0x000000009093D004
[2018.02.17-05.13.09:477][444]LogOutputDevice:Error: UE4Editor-KismetCompiler.dll!0x000000009093854B
[2018.02.17-05.13.09:477][444]LogOutputDevice:Error: UE4Editor-KismetCompiler.dll!0x000000009093C2C6
[2018.02.17-05.13.09:477][444]LogOutputDevice:Error: UE4Editor-KismetCompiler.dll!0x000000009093B94D
[2018.02.17-05.13.09:477][444]LogOutputDevice:Error: UE4Editor-UnrealEd.dll!0x0000000094B46B19
[2018.02.17-05.13.09:477][444]LogOutputDevice:Error: UE4Editor-UnrealEd.dll!0x0000000094B08A3A
[2018.02.17-05.13.09:477][444]LogOutputDevice:Error: UE4Editor-CoreUObject.dll!0x00000000A87E0C37
[2018.02.17-05.13.09:477][444]LogOutputDevice:Error: UE4Editor-CoreUObject.dll!0x00000000A87BB086
[2018.02.17-05.13.09:477][444]LogOutputDevice:Error: UE4Editor-CoreUObject.dll!0x00000000A88BE5DA
[2018.02.17-05.13.09:477][444]LogOutputDevice:Error: UE4Editor-CoreUObject.dll!0x00000000A889868E
[2018.02.17-05.13.09:477][444]LogOutputDevice:Error: UE4Editor-CoreUObject.dll!0x00000000A88B2C11
[2018.02.17-05.13.09:477][444]LogOutputDevice:Error: UE4Editor-CoreUObject.dll!0x00000000A8897709
[2018.02.17-05.13.09:477][444]LogOutputDevice:Error: UE4Editor-CoreUObject.dll!0x00000000A8898ACB
[2018.02.17-05.13.09:477][444]LogOutputDevice:Error: UE4Editor-CoreUObject.dll!0x00000000A88B51B6
[2018.02.17-05.13.09:477][444]LogOutputDevice:Error: UE4Editor-CoreUObject.dll!0x00000000A8994D72
[2018.02.17-05.13.09:477][444]LogOutputDevice:Error: UE4Editor-CoreUObject.dll!0x00000000A8994327
[2018.02.17-05.13.09:477][444]LogOutputDevice:Error: UE4Editor-CoreUObject.dll!0x00000000A88E0CB4
[2018.02.17-05.13.09:477][444]LogOutputDevice:Error: UE4Editor-CoreUObject.dll!0x00000000A88DF9E5
[2018.02.17-05.13.09:477][444]LogOutputDevice:Error: UE4Editor-CoreUObject.dll!0x00000000A88E0F05
[2018.02.17-05.13.09:477][444]LogOutputDevice:Error: UE4Editor-CoreUObject.dll!0x00000000A88DF9E5
[2018.02.17-05.13.09:477][444]LogOutputDevice:Error: UE4Editor-CoreUObject.dll!0x00000000A8899846
[2018.02.17-05.13.09:477][444]LogOutputDevice:Error: UE4Editor-CoreUObject.dll!0x00000000A87F2DDF
[2018.02.17-05.13.09:477][444]LogOutputDevice:Error: UE4Editor-CoreUObject.dll!0x00000000A87F1B85
[2018.02.17-05.13.09:477][444]LogOutputDevice:Error: UE4Editor-CoreUObject.dll!0x00000000A87F17E8
[2018.02.17-05.13.09:477][444]LogOutputDevice:Error: UE4Editor-CoreUObject.dll!0x00000000A87BAE90
[2018.02.17-05.13.09:477][444]LogOutputDevice:Error: UE4Editor-CoreUObject.dll!0x00000000A88BE5DA
[2018.02.17-05.13.09:477][444]LogOutputDevice:Error: UE4Editor-CoreUObject.dll!0x00000000A889868E
[2018.02.17-05.13.09:477][444]LogOutputDevice:Error: UE4Editor-CoreUObject.dll!0x00000000A88B2C11
[2018.02.17-05.13.09:477][444]LogOutputDevice:Error: UE4Editor-CoreUObject.dll!0x00000000A8897709
[2018.02.17-05.13.09:477][444]LogOutputDevice:Error: UE4Editor-CoreUObject.dll!0x00000000A8898ACB
[2018.02.17-05.13.09:477][444]LogOutputDevice:Error: UE4Editor-CoreUObject.dll!0x00000000A88B51B6
[2018.02.17-05.13.09:477][444]LogOutputDevice:Error: UE4Editor-CoreUObject.dll!0x00000000A8994D72
[2018.02.17-05.13.09:477][444]LogOutputDevice:Error: UE4Editor-CoreUObject.dll!0x00000000A8994327
[2018.02.17-05.13.09:477][444]LogOutputDevice:Error: UE4Editor-CoreUObject.dll!0x00000000A88E0CB4
[2018.02.17-05.13.09:477][444]LogOutputDevice:Error: UE4Editor-CoreUObject.dll!0x00000000A88DF9E5
[2018.02.17-05.13.09:477][444]LogOutputDevice:Error: UE4Editor-CoreUObject.dll!0x00000000A88E0F05
[2018.02.17-05.13.09:477][444]LogOutputDevice:Error: UE4Editor-CoreUObject.dll!0x00000000A88DF9E5
[2018.02.17-05.13.09:477][444]LogOutputDevice:Error: UE4Editor-CoreUObject.dll!0x00000000A8899846
[2018.02.17-05.13.09:477][444]LogOutputDevice:Error: UE4Editor-CoreUObject.dll!0x00000000A87F2DDF
[2018.02.17-05.13.09:477][444]LogOutputDevice:Error: UE4Editor-CoreUObject.dll!0x00000000A87F1B85
[2018.02.17-05.13.09:477][444]LogOutputDevice:Error: UE4Editor-CoreUObject.dll!0x00000000A88BE5CF
[2018.02.17-05.13.09:477][444]LogOutputDevice:Error: UE4Editor-CoreUObject.dll!0x00000000A889868E
[2018.02.17-05.13.09:477][444]LogOutputDevice:Error: UE4Editor-CoreUObject.dll!0x00000000A88B2C11
[2018.02.17-05.13.09:477][444]LogOutputDevice:Error: UE4Editor-CoreUObject.dll!0x00000000A8897709
[2018.02.17-05.13.09:477][444]LogOutputDevice:Error: UE4Editor-CoreUObject.dll!0x00000000A8898ACB
[2018.02.17-05.13.09:477][444]LogOutputDevice:Error: UE4Editor-CoreUObject.dll!0x00000000A88B51B6
[2018.02.17-05.13.09:477][444]LogOutputDevice:Error: UE4Editor-CoreUObject.dll!0x00000000A8994D72
[2018.02.17-05.13.09:477][444]LogOutputDevice:Error: UE4Editor-CoreUObject.dll!0x00000000A8994327
[2018.02.17-05.13.09:477][444]LogOutputDevice:Error: UE4Editor-CoreUObject.dll!0x00000000A88E0CB4
[2018.02.17-05.13.09:477][444]LogOutputDevice:Error: UE4Editor-CoreUObject.dll!0x00000000A88DF9E5
[2018.02.17-05.13.09:477][444]LogOutputDevice:Error: UE4Editor-CoreUObject.dll!0x00000000A88E0F05
[2018.02.17-05.13.09:477][444]LogOutputDevice:Error: UE4Editor-CoreUObject.dll!0x00000000A88DF9E5
[2018.02.17-05.13.09:477][444]LogOutputDevice:Error: UE4Editor-CoreUObject.dll!0x00000000A88E0F05
[2018.02.17-05.13.09:477][444]LogOutputDevice:Error: UE4Editor-CoreUObject.dll!0x00000000A88DF9E5
[2018.02.17-05.13.09:477][444]LogOutputDevice:Error: UE4Editor-CoreUObject.dll!0x00000000A88DF828
[2018.02.17-05.13.09:477][444]LogOutputDevice:Error: UE4Editor-CoreUObject.dll!0x00000000A88A22EA
[2018.02.17-05.13.09:477][444]LogOutputDevice:Error: UE4Editor-CoreUObject.dll!0x00000000A88DEA45
[2018.02.17-05.13.09:477][444]LogOutputDevice:Error: UE4Editor-CoreUObject.dll!0x00000000A889AB6B
[2018.02.17-05.13.09:477][444]LogOutputDevice:Error: UE4Editor-CoreUObject.dll!0x00000000A88B0B64
[2018.02.17-05.13.09:477][444]LogOutputDevice:Error: UE4Editor-CoreUObject.dll!0x00000000A8994B2C
[2018.02.17-05.13.09:477][444]LogOutputDevice:Error: UE4Editor-CoreUObject.dll!0x00000000A8994327
[2018.02.17-05.13.09:477][444]LogOutputDevice:Error: UE4Editor-CoreUObject.dll!0x00000000A88E0CB4
[2018.02.17-05.13.09:477][444]LogOutputDevice:Error: UE4Editor-CoreUObject.dll!0x00000000A88DF9E5
[2018.02.17-05.13.09:477][444]LogOutputDevice:Error: UE4Editor-CoreUObject.dll!0x00000000A88E0F05
[2018.02.17-05.13.09:477][444]LogOutputDevice:Error: UE4Editor-CoreUObject.dll!0x00000000A88DF9E5
[2018.02.17-05.13.09:477][444]LogOutputDevice:Error: UE4Editor-CoreUObject.dll!0x00000000A88DF828
[2018.02.17-05.13.09:477][444]LogOutputDevice:Error: UE4Editor-CoreUObject.dll!0x00000000A88A22EA
[2018.02.17-05.13.09:477][444]LogOutputDevice:Error: UE4Editor-CoreUObject.dll!0x00000000A88DEA45
[2018.02.17-05.13.09:477][444]LogOutputDevice:Error: UE4Editor-CoreUObject.dll!0x00000000A889AB6B
[2018.02.17-05.13.09:477][444]LogOutputDevice:Error: UE4Editor-CoreUObject.dll!0x00000000A88B0B64
[2018.02.17-05.13.09:477][444]LogOutputDevice:Error: UE4Editor-CoreUObject.dll!0x00000000A8994B2C
[2018.02.17-05.13.09:477][444]LogOutputDevice:Error: UE4Editor-CoreUObject.dll!0x00000000A8994327
[2018.02.17-05.13.09:478][444]LogOutputDevice:Error: UE4Editor-CoreUObject.dll!0x00000000A88E0CB4
[2018.02.17-05.13.09:478][444]LogOutputDevice:Error: UE4Editor-CoreUObject.dll!0x00000000A88DF9E5
[2018.02.17-05.13.09:478][444]LogOutputDevice:Error: UE4Editor-CoreUObject.dll!0x00000000A88E0F05
[2018.02.17-05.13.09:478][444]LogOutputDevice:Error: UE4Editor-CoreUObject.dll!0x00000000A88DF9E5
[2018.02.17-05.13.09:478][444]LogOutputDevice:Error: UE4Editor-CoreUObject.dll!0x00000000A8899846
[2018.02.17-05.13.09:478][444]LogOutputDevice:Error: UE4Editor-CoreUObject.dll!0x00000000A87F2DDF
[2018.02.17-05.13.09:478][444]LogOutputDevice:Error: UE4Editor-CoreUObject.dll!0x00000000A87F1B85
[2018.02.17-05.13.09:478][444]LogOutputDevice:Error: UE4Editor-CoreUObject.dll!0x00000000A88BE5CF
[2018.02.17-05.13.09:478][444]LogOutputDevice:Error: UE4Editor-CoreUObject.dll!0x00000000A889868E
[2018.02.17-05.13.09:478][444]LogOutputDevice:Error: UE4Editor-CoreUObject.dll!0x00000000A88B2C11
[2018.02.17-05.13.09:478][444]LogOutputDevice:Error: UE4Editor-CoreUObject.dll!0x00000000A8897709
[2018.02.17-05.13.09:478][444]LogOutputDevice:Error: UE4Editor-CoreUObject.dll!0x00000000A8898ACB
[2018.02.17-05.13.09:478][444]LogOutputDevice:Error: UE4Editor-CoreUObject.dll!0x00000000A88B51B6
[2018.02.17-05.13.09:478][444]LogOutputDevice:Error: UE4Editor-CoreUObject.dll!0x00000000A8994D72
[2018.02.17-05.13.09:478][444]LogOutputDevice:Error: UE4Editor-CoreUObject.dll!0x00000000A8994327
[2018.02.17-05.13.09:478][444]LogOutputDevice:Error: UE4Editor-CoreUObject.dll!0x00000000A88E0CB4
[2018.02.17-05.13.09:478][444]LogOutputDevice:Error: UE4Editor-CoreUObject.dll!0x00000000A88DF9E5
[2018.02.17-05.13.09:478][444]LogOutputDevice:Error: UE4Editor-CoreUObject.dll!0x00000000A88E0F05
[2018.02.17-05.13.09:478][444]LogOutputDevice:Error: UE4Editor-CoreUObject.dll!0x00000000A88DF9E5
[2018.02.17-05.13.09:478][444]LogOutputDevice:Error: UE4Editor-CoreUObject.dll!0x00000000A88DF828
[2018.02.17-05.13.09:478][444]LogOutputDevice:Error: UE4Editor-CoreUObject.dll!0x00000000A88A22EA
[2018.02.17-05.13.09:478][444]LogOutputDevice:Error: 
[2018.02.17-05.13.09:483][444]LogStats:                SubmitErrorReport -  0.000 s
[2018.02.17-05.13.15:307][444]LogStats:                    SendNewReport -  5.824 s
[2018.02.17-05.13.15:308][444]LogStats:             FDebug::EnsureFailed -  8.231 s
[2018.02.17-05.13.15:318][444]LogBlueprint:Warning: [GreenJewel] 'MainHudCD' variable not found. Base class was probably changed.
[2018.02.17-05.13.15:344][444]LogLinker:Warning: Can't find file '/Game/Blueprints/SaveBluprints/Data'
[2018.02.17-05.13.15:344][444]LogLinker:Warning: Can't find file for asset '/Game/Blueprints/SaveBluprints/Data' while loading ../../../../../../Users/Richa/Documents/GalaxyGang/Content/Props/Assets/GreenJewel.uasset.
[2018.02.17-05.13.15:345][444]LogLinker:Warning: Can't find file '/Game/Blueprints/SaveBluprints/LevelData'
[2018.02.17-05.13.15:345][444]LogLinker:Warning: Can't find file for asset '/Game/Blueprints/SaveBluprints/LevelData' while loading ../../../../../../Users/Richa/Documents/GalaxyGang/Content/Props/Assets/GreenJewel.uasset.
[2018.02.17-05.13.15:345][444]LogLinker:Warning: Can't find file '/Game/Blueprints/SaveBluprints/Data'
[2018.02.17-05.13.15:345][444]LogLinker:Warning: Can't find file for asset '/Game/Blueprints/SaveBluprints/Data' while loading ../../../../../../Users/Richa/Documents/GalaxyGang/Content/Props/Assets/GreenJewel.uasset.
[2018.02.17-05.13.15:345][444]LogLinker:Warning: Can't find file '/Game/Blueprints/SaveBluprints/Data'
[2018.02.17-05.13.15:345][444]LogLinker:Warning: Can't find file for asset '/Game/Blueprints/SaveBluprints/Data' while loading ../../../../../../Users/Richa/Documents/GalaxyGang/Content/Props/Assets/GreenJewel.uasset.
[2018.02.17-05.13.15:345][444]LogLinker:Warning: Can't find file '/Game/Blueprints/SaveBluprints/Data'
[2018.02.17-05.13.15:345][444]LogLinker:Warning: Can't find file for asset '/Game/Blueprints/SaveBluprints/Data' while loading ../../../../../../Users/Richa/Documents/GalaxyGang/Content/Props/Assets/GreenJewel.uasset.
[2018.02.17-05.13.15:345][444]LogLinker:Warning: Can't find file '/Game/Blueprints/SaveBluprints/Data'
[2018.02.17-05.13.15:346][444]LogLinker:Warning: Can't find file for asset '/Game/Blueprints/SaveBluprints/Data' while loading ../../../../../../Users/Richa/Documents/GalaxyGang/Content/Props/Assets/GreenJewel.uasset.
[2018.02.17-05.13.15:346][444]LogLinker:Warning: Can't find file '/Game/Blueprints/SaveBluprints/Data'
[2018.02.17-05.13.15:346][444]LogLinker:Warning: Can't find file for asset '/Game/Blueprints/SaveBluprints/Data' while loading ../../../../../../Users/Richa/Documents/GalaxyGang/Content/Props/Assets/GreenJewel.uasset.
[2018.02.17-05.13.15:346][444]LogLinker:Warning: Can't find file '/Game/Blueprints/SaveBluprints/Data'
[2018.02.17-05.13.15:346][444]LogLinker:Warning: Can't find file for asset '/Game/Blueprints/SaveBluprints/Data' while loading ../../../../../../Users/Richa/Documents/GalaxyGang/Content/Props/Assets/GreenJewel.uasset.
[2018.02.17-05.13.15:484][444]LogLinker:Warning: Can't find file '/Game/Blueprints/SaveBluprints/LevelData'
[2018.02.17-05.13.15:484][444]LogLinker:Warning: Can't find file for asset '/Game/Blueprints/SaveBluprints/LevelData' while loading ../../../../../../Users/Richa/Documents/GalaxyGang/Content/Props/Assets/GreenJewel.uasset.
[2018.02.17-05.13.15:831][444]LogLinker:Warning: Can't find file '/Game/Blueprints/SaveBluprints/Data'
[2018.02.17-05.13.15:831][444]LogLinker:Warning: Can't find file for asset '/Game/Blueprints/SaveBluprints/Data' while loading ../../../../../../Users/Richa/Documents/GalaxyGang/Content/Props/Assets/GreenJewel.uasset.
[2018.02.17-05.13.15:831][444]LogLinker:Warning: Can't find file '/Game/Blueprints/SaveBluprints/LevelData'
[2018.02.17-05.13.15:831][444]LogLinker:Warning: Can't find file for asset '/Game/Blueprints/SaveBluprints/LevelData' while loading ../../../../../../Users/Richa/Documents/GalaxyGang/Content/Props/Assets/GreenJewel.uasset.
[2018.02.17-05.13.16:268][444]LogLinker:Warning: Can't find file '/Game/Blueprints/SaveBluprints/LevelData'
[2018.02.17-05.13.16:268][444]LogLinker:Warning: Can't find file for asset '/Game/Blueprints/SaveBluprints/LevelData' while loading ../../../../../../Users/Richa/Documents/GalaxyGang/Content/Props/Assets/GreenJewel.uasset.
[2018.02.17-05.13.16:268][444]LogLinker:Warning: Can't find file '/Game/Blueprints/SaveBluprints/LevelData'
[2018.02.17-05.13.16:268][444]LogLinker:Warning: Can't find file for asset '/Game/Blueprints/SaveBluprints/LevelData' while loading ../../../../../../Users/Richa/Documents/GalaxyGang/Content/Props/Assets/GreenJewel.uasset.
[2018.02.17-05.13.16:320][444]LogLinker:Warning: Can't find file '/Game/Blueprints/SaveBluprints/Data'
[2018.02.17-05.13.16:320][444]LoadErrors: Info Failed to load /Game/Blueprints/SaveBluprints/Data.Data_C Referenced by MainHUD
[2018.02.17-05.13.16:321][444]LogLinker:Warning: Can't find file for asset '/Game/Blueprints/SaveBluprints/Data' while loading ../../../../../../Users/Richa/Documents/GalaxyGang/Content/Props/Assets/GreenJewel.uasset.
[2018.02.17-05.13.16:321][444]LogLinker:Warning: Can't find file '/Game/Blueprints/SaveBluprints/LevelData'
[2018.02.17-05.13.16:321][444]LoadErrors: Info Failed to load /Game/Blueprints/SaveBluprints/LevelData.LevelData_C Referenced by MainHUD
[2018.02.17-05.13.16:321][444]LogLinker:Warning: Can't find file for asset '/Game/Blueprints/SaveBluprints/LevelData' while loading ../../../../../../Users/Richa/Documents/GalaxyGang/Content/Props/Assets/GreenJewel.uasset.
[2018.02.17-05.13.16:327][444]LogLinker:Warning: Can't find file '/Game/Blueprints/SaveBluprints/LevelData'
[2018.02.17-05.13.16:327][444]LoadErrors: Info Failed to load /Game/Blueprints/SaveBluprints/LevelData.LevelData_C Referenced by K2Node_CustomEvent_0
[2018.02.17-05.13.16:327][444]LogLinker:Warning: Can't find file for asset '/Game/Blueprints/SaveBluprints/LevelData' while loading ../../../../../../Users/Richa/Documents/GalaxyGang/Content/Props/Assets/GreenJewel.uasset.
[2018.02.17-05.13.16:328][444]LogLinker:Warning: Can't find file '/Game/Blueprints/SaveBluprints/LevelData'
[2018.02.17-05.13.16:328][444]LogLinker:Warning: Can't find file for asset '/Game/Blueprints/SaveBluprints/LevelData' while loading ../../../../../../Users/Richa/Documents/GalaxyGang/Content/Props/Assets/GreenJewel.uasset.
[2018.02.17-05.13.16:329][444]LogLinker:Warning: Can't find file '/Game/Blueprints/SaveBluprints/LevelData'
[2018.02.17-05.13.16:329][444]LoadErrors: Info Failed to load /Game/Blueprints/SaveBluprints/LevelData.LevelData_C Referenced by K2Node_MacroInstance_172
[2018.02.17-05.13.16:329][444]LogLinker:Warning: Can't find file for asset '/Game/Blueprints/SaveBluprints/LevelData' while loading ../../../../../../Users/Richa/Documents/GalaxyGang/Content/Props/Assets/GreenJewel.uasset.
[2018.02.17-05.13.16:330][444]LogLinker:Warning: Can't find file '/Game/Blueprints/SaveBluprints/LevelData'
[2018.02.17-05.13.16:330][444]LoadErrors: Info Failed to load /Game/Blueprints/SaveBluprints/LevelData.LevelData_C Referenced by K2Node_VariableSet_1435
[2018.02.17-05.13.16:330][444]LogLinker:Warning: Can't find file for asset '/Game/Blueprints/SaveBluprints/LevelData' while loading ../../../../../../Users/Richa/Documents/GalaxyGang/Content/Props/Assets/GreenJewel.uasset.
[2018.02.17-05.13.16:330][444]LogLinker:Warning: Can't find file '/Game/Blueprints/SaveBluprints/LevelData'
[2018.02.17-05.13.16:331][444]LogLinker:Warning: Can't find file for asset '/Game/Blueprints/SaveBluprints/LevelData' while loading ../../../../../../Users/Richa/Documents/GalaxyGang/Content/Props/Assets/GreenJewel.uasset.
[2018.02.17-05.13.16:332][444]LogLinker:Warning: Can't find file '/Game/Blueprints/SaveBluprints/Data'
[2018.02.17-05.13.16:332][444]LoadErrors: Info Failed to load /Game/Blueprints/SaveBluprints/Data.Data_C Referenced by K2Node_VariableGet_2043
[2018.02.17-05.13.16:332][444]LogLinker:Warning: Can't find file for asset '/Game/Blueprints/SaveBluprints/Data' while loading ../../../../../../Users/Richa/Documents/GalaxyGang/Content/Props/Assets/GreenJewel.uasset.
[2018.02.17-05.13.16:332][444]LogLinker:Warning: Can't find file '/Game/Blueprints/SaveBluprints/Data'
[2018.02.17-05.13.16:332][444]LoadErrors: Info Failed to load /Game/Blueprints/SaveBluprints/Data.Data_C Referenced by K2Node_VariableGet_2047
[2018.02.17-05.13.16:332][444]LogLinker:Warning: Can't find file for asset '/Game/Blueprints/SaveBluprints/Data' while loading ../../../../../../Users/Richa/Documents/GalaxyGang/Content/Props/Assets/GreenJewel.uasset.
[2018.02.17-05.13.16:333][444]LogLinker:Warning: Can't find file '/Game/Blueprints/SaveBluprints/Data'
[2018.02.17-05.13.16:333][444]LoadErrors: Info Failed to load /Game/Blueprints/SaveBluprints/Data.Data_C Referenced by K2Node_VariableSet_68
[2018.02.17-05.13.16:333][444]LogLinker:Warning: Can't find file for asset '/Game/Blueprints/SaveBluprints/Data' while loading ../../../../../../Users/Richa/Documents/GalaxyGang/Content/Props/Assets/GreenJewel.uasset.
[2018.02.17-05.13.16:333][444]LogLinker:Warning: Can't find file '/Game/Blueprints/SaveBluprints/Data'
[2018.02.17-05.13.16:333][444]LogLinker:Warning: Can't find file for asset '/Game/Blueprints/SaveBluprints/Data' while loading ../../../../../../Users/Richa/Documents/GalaxyGang/Content/Props/Assets/GreenJewel.uasset.
[2018.02.17-05.13.16:333][444]LogLinker:Warning: Can't find file '/Game/Blueprints/SaveBluprints/Data'
[2018.02.17-05.13.16:333][444]LoadErrors: Info Failed to load /Game/Blueprints/SaveBluprints/Data.Data_C Referenced by K2Node_VariableSet_69
[2018.02.17-05.13.16:334][444]LogLinker:Warning: Can't find file for asset '/Game/Blueprints/SaveBluprints/Data' while loading ../../../../../../Users/Richa/Documents/GalaxyGang/Content/Props/Assets/GreenJewel.uasset.
[2018.02.17-05.13.16:334][444]LogLinker:Warning: Can't find file '/Game/Blueprints/SaveBluprints/Data'
[2018.02.17-05.13.16:334][444]LogLinker:Warning: Can't find file for asset '/Game/Blueprints/SaveBluprints/Data' while loading ../../../../../../Users/Richa/Documents/GalaxyGang/Content/Props/Assets/GreenJewel.uasset.
[2018.02.17-05.13.16:334][444]LogLinker:Warning: Can't find file '/Game/Blueprints/SaveBluprints/Data'
[2018.02.17-05.13.16:334][444]LoadErrors: Info Failed to load /Game/Blueprints/SaveBluprints/Data.Data_C Referenced by K2Node_VariableGet_394
[2018.02.17-05.13.16:334][444]LogLinker:Warning: Can't find file for asset '/Game/Blueprints/SaveBluprints/Data' while loading ../../../../../../Users/Richa/Documents/GalaxyGang/Content/Props/Assets/GreenJewel.uasset.
[2018.02.17-05.13.16:334][444]LogLinker:Warning: Can't find file '/Game/Blueprints/SaveBluprints/Data'
[2018.02.17-05.13.16:335][444]LogLinker:Warning: Can't find file for asset '/Game/Blueprints/SaveBluprints/Data' while loading ../../../../../../Users/Richa/Documents/GalaxyGang/Content/Props/Assets/GreenJewel.uasset.
[2018.02.17-05.13.16:335][444]LogLinker:Warning: Can't find file '/Game/Blueprints/SaveBluprints/Data'
[2018.02.17-05.13.16:335][444]LoadErrors: Info Failed to load /Game/Blueprints/SaveBluprints/Data.Data_C Referenced by K2Node_VariableGet_395
[2018.02.17-05.13.16:335][444]LogLinker:Warning: Can't find file for asset '/Game/Blueprints/SaveBluprints/Data' while loading ../../../../../../Users/Richa/Documents/GalaxyGang/Content/Props/Assets/GreenJewel.uasset.
[2018.02.17-05.13.16:335][444]LogLinker:Warning: Can't find file '/Game/Blueprints/SaveBluprints/Data'
[2018.02.17-05.13.16:335][444]LogLinker:Warning: Can't find file for asset '/Game/Blueprints/SaveBluprints/Data' while loading ../../../../../../Users/Richa/Documents/GalaxyGang/Content/Props/Assets/GreenJewel.uasset.
[2018.02.17-05.13.16:337][444]LogLinker:Warning: Can't find file '/Game/Blueprints/SaveBluprints/Data'
[2018.02.17-05.13.16:337][444]LoadErrors: Info Failed to load /Game/Blueprints/SaveBluprints/Data.Data_C Referenced by K2Node_VariableGet_2155
[2018.02.17-05.13.16:337][444]LogLinker:Warning: Can't find file for asset '/Game/Blueprints/SaveBluprints/Data' while loading ../../../../../../Users/Richa/Documents/GalaxyGang/Content/Props/Assets/GreenJewel.uasset.
[2018.02.17-05.13.16:337][444]LogLinker:Warning: Can't find file '/Game/Blueprints/SaveBluprints/Data'
[2018.02.17-05.13.16:338][444]LoadErrors: Info Failed to load /Game/Blueprints/SaveBluprints/Data.Data_C Referenced by K2Node_VariableGet_2156
[2018.02.17-05.13.16:338][444]LogLinker:Warning: Can't find file for asset '/Game/Blueprints/SaveBluprints/Data' while loading ../../../../../../Users/Richa/Documents/GalaxyGang/Content/Props/Assets/GreenJewel.uasset.
[2018.02.17-05.13.16:338][444]LogLinker:Warning: Can't find file '/Game/Blueprints/SaveBluprints/Data'
[2018.02.17-05.13.16:338][444]LoadErrors: Info Failed to load /Game/Blueprints/SaveBluprints/Data.Data_C Referenced by K2Node_VariableGet_448
[2018.02.17-05.13.16:338][444]LogLinker:Warning: Can't find file for asset '/Game/Blueprints/SaveBluprints/Data' while loading ../../../../../../Users/Richa/Documents/GalaxyGang/Content/Props/Assets/GreenJewel.uasset.
[2018.02.17-05.13.16:338][444]LogLinker:Warning: Can't find file '/Game/Blueprints/SaveBluprints/Data'
[2018.02.17-05.13.16:338][444]LogLinker:Warning: Can't find file for asset '/Game/Blueprints/SaveBluprints/Data' while loading ../../../../../../Users/Richa/Documents/GalaxyGang/Content/Props/Assets/GreenJewel.uasset.
[2018.02.17-05.13.16:339][444]LogLinker:Warning: Can't find file '/Game/Blueprints/SaveBluprints/Data'
[2018.02.17-05.13.16:339][444]LoadErrors: Info Failed to load /Game/Blueprints/SaveBluprints/Data.Data_C Referenced by K2Node_VariableGet_449
[2018.02.17-05.13.16:339][444]LogLinker:Warning: Can't find file for asset '/Game/Blueprints/SaveBluprints/Data' while loading ../../../../../../Users/Richa/Documents/GalaxyGang/Content/Props/Assets/GreenJewel.uasset.
[2018.02.17-05.13.16:339][444]LogLinker:Warning: Can't find file '/Game/Blueprints/SaveBluprints/Data'
[2018.02.17-05.13.16:339][444]LogLinker:Warning: Can't find file for asset '/Game/Blueprints/SaveBluprints/Data' while loading ../../../../../../Users/Richa/Documents/GalaxyGang/Content/Props/Assets/GreenJewel.uasset.
[2018.02.17-05.13.16:339][444]LogLinker:Warning: Can't find file '/Game/Blueprints/SaveBluprints/Data'
[2018.02.17-05.13.16:340][444]LoadErrors: Info Failed to load /Game/Blueprints/SaveBluprints/Data.Data_C Referenced by K2Node_VariableGet_450
[2018.02.17-05.13.16:340][444]LogLinker:Warning: Can't find file for asset '/Game/Blueprints/SaveBluprints/Data' while loading ../../../../../../Users/Richa/Documents/GalaxyGang/Content/Props/Assets/GreenJewel.uasset.
[2018.02.17-05.13.16:340][444]LogLinker:Warning: Can't find file '/Game/Blueprints/SaveBluprints/Data'
[2018.02.17-05.13.16:340][444]LogLinker:Warning: Can't find file for asset '/Game/Blueprints/SaveBluprints/Data' while loading ../../../../../../Users/Richa/Documents/GalaxyGang/Content/Props/Assets/GreenJewel.uasset.
[2018.02.17-05.13.16:340][444]LogLinker:Warning: Can't find file '/Game/Blueprints/SaveBluprints/Data'
[2018.02.17-05.13.16:340][444]LoadErrors: Info Failed to load /Game/Blueprints/SaveBluprints/Data.Data_C Referenced by K2Node_VariableSet_80
[2018.02.17-05.13.16:340][444]LogLinker:Warning: Can't find file for asset '/Game/Blueprints/SaveBluprints/Data' while loading ../../../../../../Users/Richa/Documents/GalaxyGang/Content/Props/Assets/GreenJewel.uasset.
[2018.02.17-05.13.16:341][444]LogLinker:Warning: Can't find file '/Game/Blueprints/SaveBluprints/Data'
[2018.02.17-05.13.16:341][444]LogLinker:Warning: Can't find file for asset '/Game/Blueprints/SaveBluprints/Data' while loading ../../../../../../Users/Richa/Documents/GalaxyGang/Content/Props/Assets/GreenJewel.uasset.
[2018.02.17-05.13.16:341][444]LogLinker:Warning: Can't find file '/Game/Blueprints/SaveBluprints/Data'
[2018.02.17-05.13.16:341][444]LoadErrors: Info Failed to load /Game/Blueprints/SaveBluprints/Data.Data_C Referenced by K2Node_VariableSet_81
[2018.02.17-05.13.16:341][444]LogLinker:Warning: Can't find file for asset '/Game/Blueprints/SaveBluprints/Data' while loading ../../../../../../Users/Richa/Documents/GalaxyGang/Content/Props/Assets/GreenJewel.uasset.
[2018.02.17-05.13.16:341][444]LogLinker:Warning: Can't find file '/Game/Blueprints/SaveBluprints/Data'
[2018.02.17-05.13.16:342][444]LogLinker:Warning: Can't find file for asset '/Game/Blueprints/SaveBluprints/Data' while loading ../../../../../../Users/Richa/Documents/GalaxyGang/Content/Props/Assets/GreenJewel.uasset.
[2018.02.17-05.13.16:342][444]LogLinker:Warning: Can't find file '/Game/Blueprints/SaveBluprints/Data'
[2018.02.17-05.13.16:342][444]LoadErrors: Info Failed to load /Game/Blueprints/SaveBluprints/Data.Data_C Referenced by K2Node_VariableSet_82
[2018.02.17-05.13.16:342][444]LogLinker:Warning: Can't find file for asset '/Game/Blueprints/SaveBluprints/Data' while loading ../../../../../../Users/Richa/Documents/GalaxyGang/Content/Props/Assets/GreenJewel.uasset.
[2018.02.17-05.13.16:342][444]LogLinker:Warning: Can't find file '/Game/Blueprints/SaveBluprints/Data'
[2018.02.17-05.13.16:342][444]LogLinker:Warning: Can't find file for asset '/Game/Blueprints/SaveBluprints/Data' while loading ../../../../../../Users/Richa/Documents/GalaxyGang/Content/Props/Assets/GreenJewel.uasset.
[2018.02.17-05.13.16:344][444]LogLinker:Warning: Can't find file '/Game/Blueprints/SaveBluprints/Data'
[2018.02.17-05.13.16:344][444]LoadErrors: Info Failed to load /Game/Blueprints/SaveBluprints/Data.Data_C Referenced by K2Node_CallFunction_2583
[2018.02.17-05.13.16:345][444]LogLinker:Warning: Can't find file for asset '/Game/Blueprints/SaveBluprints/Data' while loading ../../../../../../Users/Richa/Documents/GalaxyGang/Content/Props/Assets/GreenJewel.uasset.
[2018.02.17-05.13.16:345][444]LogLinker:Warning: Can't find file '/Game/Blueprints/SaveBluprints/Data'
[2018.02.17-05.13.16:345][444]LogLinker:Warning: Can't find file for asset '/Game/Blueprints/SaveBluprints/Data' while loading ../../../../../../Users/Richa/Documents/GalaxyGang/Content/Props/Assets/GreenJewel.uasset.
[2018.02.17-05.13.16:345][444]LogLinker:Warning: Can't find file '/Game/Blueprints/SaveBluprints/Data'
[2018.02.17-05.13.16:345][444]LoadErrors: Info Failed to load /Game/Blueprints/SaveBluprints/Data.Data_C Referenced by K2Node_MacroInstance_305
[2018.02.17-05.13.16:345][444]LogLinker:Warning: Can't find file for asset '/Game/Blueprints/SaveBluprints/Data' while loading ../../../../../../Users/Richa/Documents/GalaxyGang/Content/Props/Assets/GreenJewel.uasset.
[2018.02.17-05.13.16:346][444]LogLinker:Warning: Can't find file '/Game/Blueprints/SaveBluprints/Data'
[2018.02.17-05.13.16:346][444]LoadErrors: Info Failed to load /Game/Blueprints/SaveBluprints/Data.Data_C Referenced by K2Node_VariableSet_22
[2018.02.17-05.13.16:346][444]LogLinker:Warning: Can't find file for asset '/Game/Blueprints/SaveBluprints/Data' while loading ../../../../../../Users/Richa/Documents/GalaxyGang/Content/Props/Assets/GreenJewel.uasset.
[2018.02.17-05.13.16:346][444]LogLinker:Warning: Can't find file '/Game/Blueprints/SaveBluprints/Data'
[2018.02.17-05.13.16:346][444]LogLinker:Warning: Can't find file for asset '/Game/Blueprints/SaveBluprints/Data' while loading ../../../../../../Users/Richa/Documents/GalaxyGang/Content/Props/Assets/GreenJewel.uasset.
[2018.02.17-05.13.16:347][444]LogLinker:Warning: Can't find file '/Game/Blueprints/SaveBluprints/Data'
[2018.02.17-05.13.16:347][444]LoadErrors: Info Failed to load /Game/Blueprints/SaveBluprints/Data.Data_C Referenced by K2Node_Select_0
[2018.02.17-05.13.16:347][444]LogLinker:Warning: Can't find file for asset '/Game/Blueprints/SaveBluprints/Data' while loading ../../../../../../Users/Richa/Documents/GalaxyGang/Content/Props/Assets/GreenJewel.uasset.
[2018.02.17-05.13.16:347][444]LogLinker:Warning: Can't find file '/Game/Blueprints/SaveBluprints/Data'
[2018.02.17-05.13.16:347][444]LogLinker:Warning: Can't find file for asset '/Game/Blueprints/SaveBluprints/Data' while loading ../../../../../../Users/Richa/Documents/GalaxyGang/Content/Props/Assets/GreenJewel.uasset.
[2018.02.17-05.13.16:347][444]LogLinker:Warning: Can't find file '/Game/Blueprints/SaveBluprints/Data'
[2018.02.17-05.13.16:348][444]LogLinker:Warning: Can't find file for asset '/Game/Blueprints/SaveBluprints/Data' while loading ../../../../../../Users/Richa/Documents/GalaxyGang/Content/Props/Assets/GreenJewel.uasset.
[2018.02.17-05.13.16:348][444]LogLinker:Warning: Can't find file '/Game/Blueprints/SaveBluprints/Data'
[2018.02.17-05.13.16:348][444]LoadErrors: Info Failed to load /Game/Blueprints/SaveBluprints/Data.Data_C Referenced by K2Node_DynamicCast_99
[2018.02.17-05.13.16:348][444]LogLinker:Warning: Can't find file for asset '/Game/Blueprints/SaveBluprints/Data' while loading ../../../../../../Users/Richa/Documents/GalaxyGang/Content/Props/Assets/GreenJewel.uasset.
[2018.02.17-05.13.16:348][444]LogLinker:Warning: Can't find file '/Game/Blueprints/SaveBluprints/Data'
[2018.02.17-05.13.16:349][444]LogLinker:Warning: Can't find file for asset '/Game/Blueprints/SaveBluprints/Data' while loading ../../../../../../Users/Richa/Documents/GalaxyGang/Content/Props/Assets/GreenJewel.uasset.
[2018.02.17-05.13.16:350][444]LogLinker:Warning: Can't find file '/Game/Blueprints/SaveBluprints/Data'
[2018.02.17-05.13.16:351][444]LoadErrors: Info Failed to load /Game/Blueprints/SaveBluprints/Data.Data_C Referenced by K2Node_Tunnel_18
[2018.02.17-05.13.16:351][444]LogLinker:Warning: Can't find file for asset '/Game/Blueprints/SaveBluprints/Data' while loading ../../../../../../Users/Richa/Documents/GalaxyGang/Content/Props/Assets/GreenJewel.uasset.
[2018.02.17-05.13.16:351][444]LogLinker:Warning: Can't find file '/Game/Blueprints/SaveBluprints/Data'
[2018.02.17-05.13.16:351][444]LogLinker:Warning: Can't find file for asset '/Game/Blueprints/SaveBluprints/Data' while loading ../../../../../../Users/Richa/Documents/GalaxyGang/Content/Props/Assets/GreenJewel.uasset.
[2018.02.17-05.13.16:352][444]LogLinker:Warning: Can't find file '/Game/Blueprints/SaveBluprints/Data'
[2018.02.17-05.13.16:352][444]LoadErrors: Info Failed to load /Game/Blueprints/SaveBluprints/Data.Data_C Referenced by K2Node_VariableGet_211
[2018.02.17-05.13.16:352][444]LogLinker:Warning: Can't find file for asset '/Game/Blueprints/SaveBluprints/Data' while loading ../../../../../../Users/Richa/Documents/GalaxyGang/Content/Props/Assets/GreenJewel.uasset.
[2018.02.17-05.13.16:353][444]LogLinker:Warning: Can't find file '/Game/Blueprints/SaveBluprints/Data'
[2018.02.17-05.13.16:353][444]LogLinker:Warning: Can't find file for asset '/Game/Blueprints/SaveBluprints/Data' while loading ../../../../../../Users/Richa/Documents/GalaxyGang/Content/Props/Assets/GreenJewel.uasset.
[2018.02.17-05.13.16:353][444]LogLinker:Warning: Can't find file '/Game/Blueprints/SaveBluprints/Data'
[2018.02.17-05.13.16:353][444]LoadErrors: Info Failed to load /Game/Blueprints/SaveBluprints/Data.Data_C Referenced by K2Node_VariableGet_212
[2018.02.17-05.13.16:353][444]LogLinker:Warning: Can't find file for asset '/Game/Blueprints/SaveBluprints/Data' while loading ../../../../../../Users/Richa/Documents/GalaxyGang/Content/Props/Assets/GreenJewel.uasset.
[2018.02.17-05.13.16:353][444]LogLinker:Warning: Can't find file '/Game/Blueprints/SaveBluprints/Data'
[2018.02.17-05.13.16:354][444]LogLinker:Warning: Can't find file for asset '/Game/Blueprints/SaveBluprints/Data' while loading ../../../../../../Users/Richa/Documents/GalaxyGang/Content/Props/Assets/GreenJewel.uasset.
[2018.02.17-05.13.16:354][444]LogLinker:Warning: Can't find file '/Game/Blueprints/SaveBluprints/Data'
[2018.02.17-05.13.16:354][444]LoadErrors: Info Failed to load /Game/Blueprints/SaveBluprints/Data.Data_C Referenced by K2Node_VariableGet_213
[2018.02.17-05.13.16:354][444]LogLinker:Warning: Can't find file for asset '/Game/Blueprints/SaveBluprints/Data' while loading ../../../../../../Users/Richa/Documents/GalaxyGang/Content/Props/Assets/GreenJewel.uasset.
[2018.02.17-05.13.16:354][444]LogLinker:Warning: Can't find file '/Game/Blueprints/SaveBluprints/Data'
[2018.02.17-05.13.16:355][444]LogLinker:Warning: Can't find file for asset '/Game/Blueprints/SaveBluprints/Data' while loading ../../../../../../Users/Richa/Documents/GalaxyGang/Content/Props/Assets/GreenJewel.uasset.
[2018.02.17-05.13.16:355][444]LogLinker:Warning: Can't find file '/Game/Blueprints/SaveBluprints/LevelData'
[2018.02.17-05.13.16:355][444]LoadErrors: Info Failed to load /Game/Blueprints/SaveBluprints/LevelData.LevelData_C Referenced by K2Node_Tunnel_114
[2018.02.17-05.13.16:355][444]LogLinker:Warning: Can't find file for asset '/Game/Blueprints/SaveBluprints/LevelData' while loading ../../../../../../Users/Richa/Documents/GalaxyGang/Content/Props/Assets/GreenJewel.uasset.
[2018.02.17-05.13.16:355][444]LogLinker:Warning: Can't find file '/Game/Blueprints/SaveBluprints/LevelData'
[2018.02.17-05.13.16:356][444]LogLinker:Warning: Can't find file for asset '/Game/Blueprints/SaveBluprints/LevelData' while loading ../../../../../../Users/Richa/Documents/GalaxyGang/Content/Props/Assets/GreenJewel.uasset.
[2018.02.17-05.13.16:357][444]LogLinker:Warning: Can't find file '/Game/Blueprints/SaveBluprints/LevelData'
[2018.02.17-05.13.16:357][444]LoadErrors: Info Failed to load /Game/Blueprints/SaveBluprints/LevelData.LevelData_C Referenced by K2Node_VariableGet_102
[2018.02.17-05.13.16:357][444]LogLinker:Warning: Can't find file for asset '/Game/Blueprints/SaveBluprints/LevelData' while loading ../../../../../../Users/Richa/Documents/GalaxyGang/Content/Props/Assets/GreenJewel.uasset.
[2018.02.17-05.13.16:357][444]LogLinker:Warning: Can't find file '/Game/Blueprints/SaveBluprints/LevelData'
[2018.02.17-05.13.16:357][444]LogLinker:Warning: Can't find file for asset '/Game/Blueprints/SaveBluprints/LevelData' while loading ../../../../../../Users/Richa/Documents/GalaxyGang/Content/Props/Assets/GreenJewel.uasset.
[2018.02.17-05.13.16:357][444]LogLinker:Warning: Can't find file '/Game/Blueprints/SaveBluprints/LevelData'
[2018.02.17-05.13.16:358][444]LoadErrors: Info Failed to load /Game/Blueprints/SaveBluprints/LevelData.LevelData_C Referenced by K2Node_VariableGet_288
[2018.02.17-05.13.16:358][444]LogLinker:Warning: Can't find file for asset '/Game/Blueprints/SaveBluprints/LevelData' while loading ../../../../../../Users/Richa/Documents/GalaxyGang/Content/Props/Assets/GreenJewel.uasset.
[2018.02.17-05.13.16:358][444]LogLinker:Warning: Can't find file '/Game/Blueprints/SaveBluprints/LevelData'
[2018.02.17-05.13.16:358][444]LogLinker:Warning: Can't find file for asset '/Game/Blueprints/SaveBluprints/LevelData' while loading ../../../../../../Users/Richa/Documents/GalaxyGang/Content/Props/Assets/GreenJewel.uasset.
[2018.02.17-05.13.16:358][444]LogLinker:Warning: Can't find file '/Game/Blueprints/SaveBluprints/LevelData'
[2018.02.17-05.13.16:358][444]LoadErrors: Info Failed to load /Game/Blueprints/SaveBluprints/LevelData.LevelData_C Referenced by K2Node_VariableGet_289
[2018.02.17-05.13.16:359][444]LogLinker:Warning: Can't find file for asset '/Game/Blueprints/SaveBluprints/LevelData' while loading ../../../../../../Users/Richa/Documents/GalaxyGang/Content/Props/Assets/GreenJewel.uasset.
[2018.02.17-05.13.16:359][444]LogLinker:Warning: Can't find file '/Game/Blueprints/SaveBluprints/LevelData'
[2018.02.17-05.13.16:359][444]LogLinker:Warning: Can't find file for asset '/Game/Blueprints/SaveBluprints/LevelData' while loading ../../../../../../Users/Richa/Documents/GalaxyGang/Content/Props/Assets/GreenJewel.uasset.
[2018.02.17-05.13.16:371][444]LogBlueprint:Warning: [MainHUD] 'Yellow' variable not found. Base class was probably changed.
[2018.02.17-05.13.16:371][444]LogBlueprint:Warning: [MainHUD] 'Green' variable not found. Base class was probably changed.
[2018.02.17-05.13.16:371][444]LogBlueprint:Warning: [MainHUD] 'Green' variable not found. Base class was probably changed.
[2018.02.17-05.13.16:371][444]LogBlueprint:Warning: [MainHUD] 'Purple' variable not found. Base class was probably changed.
[2018.02.17-05.13.16:371][444]LogBlueprint:Warning: [MainHUD] 'Purple' variable not found. Base class was probably changed.
[2018.02.17-05.13.16:371][444]LogBlueprint:Warning: [MainHUD] 'Yellow' variable not found. Base class was probably changed.
[2018.02.17-05.13.16:371][444]LogBlueprint:Warning: [MainHUD] 'Yellow' variable not found. Base class was probably changed.
[2018.02.17-05.13.16:372][444]LogBlueprint:Warning: [MainHUD] 'PurpleActive' variable not found. Base class was probably changed.
[2018.02.17-05.13.16:372][444]LogBlueprint:Warning: [MainHUD] 'Green' variable not found. Base class was probably changed.
[2018.02.17-05.13.16:372][444]LogBlueprint:Warning: [MainHUD] 'Purple' variable not found. Base class was probably changed.
[2018.02.17-05.13.16:372][444]LogBlueprint:Warning: [MainHUD] 'GreenActive' variable not found. Base class was probably changed.
[2018.02.17-05.13.16:372][444]LogBlueprint:Warning: [MainHUD] 'GreenActive' variable not found. Base class was probably changed.
[2018.02.17-05.13.16:372][444]LogBlueprint:Warning: [MainHUD] 'GreenActive' variable not found. Base class was probably changed.
[2018.02.17-05.13.16:372][444]LogBlueprint:Warning: [MainHUD] 'PurpleActive' variable not found. Base class was probably changed.
[2018.02.17-05.13.16:372][444]LogBlueprint:Warning: [MainHUD] 'PurpleActive' variable not found. Base class was probably changed.
[2018.02.17-05.13.16:375][444]LogBlueprint:Warning: [MainHUD] 'GreenActive' variable not found. Base class was probably changed.
[2018.02.17-05.13.16:375][444]LogBlueprint:Warning: [MainHUD] 'PurpleActive' variable not found. Base class was probably changed.
[2018.02.17-05.13.16:375][444]LogBlueprint:Warning: [MainHUD] 'YellowActive' variable not found. Base class was probably changed.
[2018.02.17-05.13.16:375][444]LogBlueprint:Warning: [MainHUD] 'Percentage' variable not found. Base class was probably changed.
[2018.02.17-05.13.16:375][444]LogBlueprint:Warning: [MainHUD] 'Health' variable not found. Base class was probably changed.
[2018.02.17-05.13.16:375][444]LogBlueprint:Warning: [MainHUD] 'WorldName' variable not found. Base class was probably changed.
[2018.02.17-05.13.16:375][444]LogBlueprint:Warning: [MainHUD] 'StageName' variable not found. Base class was probably changed.
[2018.02.17-05.13.16:375][444]LogBlueprint:Warning: [MainHUD] 'World#' variable not found. Base class was probably changed.
[2018.02.17-05.13.16:376][444]LogBlueprint:Warning: [MainHUD] 'DannyHealthImage' variable not found. Base class was probably changed.
[2018.02.17-05.13.16:377][444]LogBlueprint:Warning: [MainHUD] 'MaxHealth' variable not found. Base class was probably changed.
[2018.02.17-05.13.16:377][444]LogBlueprint:Warning: [MainHUD] 'MainHudCD' variable not found. Base class was probably changed.
[2018.02.17-05.13.16:377][444]LogBlueprint:Warning: [MainHUD] 'MainHudCD' variable not found. Base class was probably changed.
[2018.02.17-05.13.16:391][444]LogBlueprint:Warning: [Compiler MainHUD] Warning Could not find a variable named "WorldName" in 'MainHUD'.
Make sure 'MainHUD' has been compiled for  Get WorldName
[2018.02.17-05.13.16:391][444]LogBlueprint:Warning: [Compiler MainHUD] Warning Could not find a variable named "StageName" in 'MainHUD'.
Make sure 'MainHUD' has been compiled for  Get StageName
[2018.02.17-05.13.16:392][444]LogBlueprint:Warning: [Compiler MainHUD] Warning Could not find a variable named "World#" in 'MainHUD'.
Make sure 'MainHUD' has been compiled for  Get World#
[2018.02.17-05.13.16:395][444]LogBlueprint:Warning: [Compiler MainHUD] Warning Could not find a variable named "GreenActive" in 'MainHUD'.
Make sure 'MainHUD' has been compiled for  Set GreenActive
[2018.02.17-05.13.16:395][444]LogBlueprint:Warning: [Compiler MainHUD] Warning Could not find a variable named "PurpleActive" in 'MainHUD'.
Make sure 'MainHUD' has been compiled for  Set PurpleActive
[2018.02.17-05.13.16:395][444]LogBlueprint:Warning: [Compiler MainHUD] Warning Could not find a variable named "GreenActive" in 'MainHUD'.
Make sure 'MainHUD' has been compiled for  Get GreenActive
[2018.02.17-05.13.16:395][444]LogBlueprint:Warning: [Compiler MainHUD] Warning Could not find a variable named "PurpleActive" in 'MainHUD'.
Make sure 'MainHUD' has been compiled for  Get PurpleActive
[2018.02.17-05.13.16:399][444]LogBlueprint:Warning: [Compiler MainHUD] Warning Could not find a variable named "Green" in 'MainHUD'.
Make sure 'MainHUD' has been compiled for  Get Green
[2018.02.17-05.13.16:399][444]LogBlueprint:Warning: [Compiler MainHUD] Warning Could not find a variable named "Purple" in 'MainHUD'.
Make sure 'MainHUD' has been compiled for  Get Purple
[2018.02.17-05.13.16:399][444]LogBlueprint:Warning: [Compiler MainHUD] Warning Could not find a variable named "Yellow" in 'MainHUD'.
Make sure 'MainHUD' has been compiled for  Get Yellow
[2018.02.17-05.13.16:399][444]LogBlueprint:Warning: [Compiler MainHUD] Warning Could not find a variable named "Green" in 'MainHUD'.
Make sure 'MainHUD' has been compiled for  Set Green
[2018.02.17-05.13.16:399][444]LogBlueprint:Warning: [Compiler MainHUD] Warning Could not find a variable named "Purple" in 'MainHUD'.
Make sure 'MainHUD' has been compiled for  Set Purple
[2018.02.17-05.13.16:399][444]LogBlueprint:Warning: [Compiler MainHUD] Warning Could not find a variable named "Yellow" in 'MainHUD'.
Make sure 'MainHUD' has been compiled for  Set Yellow
[2018.02.17-05.13.16:408][444]LogBlueprint:Warning: [Compiler MainHUD] Warning Can't connect pins  Return Value  and  Object : This cast has an invalid target type (was the class deleted without a redirect?).
[2018.02.17-05.13.16:408][444]LogBlueprint:Warning: [Compiler MainHUD] Warning Can't connect pins  Object  and  Return Value : This cast has an invalid target type (was the class deleted without a redirect?).
[2018.02.17-05.13.16:408][444]LogBlueprint:Warning: [Compiler MainHUD] Warning Could not find a variable named "YellowActive" in 'MainHUD'.
Make sure 'MainHUD' has been compiled for  Get YellowActive
[2018.02.17-05.13.16:408][444]LogBlueprint:Warning: [Compiler MainHUD] Warning Could not find a variable named "PurpleActive" in 'MainHUD'.
Make sure 'MainHUD' has been compiled for  Get PurpleActive
[2018.02.17-05.13.16:408][444]LogBlueprint:Warning: [Compiler MainHUD] Warning Could not find a variable named "GreenActive" in 'MainHUD'.
Make sure 'MainHUD' has been compiled for  Get GreenActive
[2018.02.17-05.13.16:411][444]LogBlueprint:Error: [Compiler MainHUD] Error This blueprint (self) is not compatible with ' Target ', therefore that pin must have a connection.
[2018.02.17-05.13.16:411][444]LogBlueprint:Error: [Compiler MainHUD] Error This blueprint (self) is not compatible with ' Target ', therefore that pin must have a connection.
[2018.02.17-05.13.16:411][444]LogBlueprint:Error: [Compiler MainHUD] Error This blueprint (self) is not compatible with ' Target ', therefore that pin must have a connection.
[2018.02.17-05.13.16:412][444]LogBlueprint:Error: [Compiler MainHUD] Error The property associated with  World#  could not be found
[2018.02.17-05.13.16:412][444]LogBlueprint:Error: [Compiler MainHUD] Error The property associated with  Stage Name  could not be found
[2018.02.17-05.13.16:412][444]LogBlueprint:Error: [Compiler MainHUD] Error The property associated with  World Name  could not be found
[2018.02.17-05.13.16:413][444]LogBlueprint:Error: [Compiler MainHUD] Error Failed to find class for pin  Level Data
[2018.02.17-05.13.16:413][444]LogBlueprint:Error: [Compiler MainHUD] Error ICE SetVariableOnPersistentFrame - No property found.  Level Data
[2018.02.17-05.13.16:413][444]LogBlueprint:Error: [Compiler MainHUD] Error This blueprint (self) is not compatible with ' Target ', therefore that pin must have a connection.
[2018.02.17-05.13.16:413][444]LogBlueprint:Error: [Compiler MainHUD] Error This blueprint (self) is not compatible with ' Target ', therefore that pin must have a connection.
[2018.02.17-05.13.16:413][444]LogBlueprint:Error: [Compiler MainHUD] Error This blueprint (self) is not compatible with ' Target ', therefore that pin must have a connection.
[2018.02.17-05.13.16:414][444]LogBlueprint:Error: [Compiler MainHUD] Error This blueprint (self) is not compatible with ' Target ', therefore that pin must have a connection.
[2018.02.17-05.13.16:414][444]LogBlueprint:Error: [Compiler MainHUD] Error The property associated with  Purple Active  could not be found
[2018.02.17-05.13.16:414][444]LogBlueprint:Error: [Compiler MainHUD] Error The property associated with  Green Active  could not be found
[2018.02.17-05.13.16:414][444]LogBlueprint:Error: [Compiler MainHUD] Error The property associated with  Purple Active  could not be found
[2018.02.17-05.13.16:414][444]LogBlueprint:Error: [Compiler MainHUD] Error The property associated with  Green Active  could not be found
[2018.02.17-05.13.16:415][444]LogBlueprint:Error: [Compiler MainHUD] Error This blueprint (self) is not compatible with ' Target ', therefore that pin must have a connection.
[2018.02.17-05.13.16:415][444]LogBlueprint:Error: [Compiler MainHUD] Error This blueprint (self) is not compatible with ' Target ', therefore that pin must have a connection.
[2018.02.17-05.13.16:415][444]LogBlueprint:Error: [Compiler MainHUD] Error This blueprint (self) is not compatible with ' Target ', therefore that pin must have a connection.
[2018.02.17-05.13.16:415][444]LogBlueprint:Error: [Compiler MainHUD] Error This blueprint (self) is not compatible with ' Target ', therefore that pin must have a connection.
[2018.02.17-05.13.16:415][444]LogBlueprint:Error: [Compiler MainHUD] Error This blueprint (self) is not compatible with ' Target ', therefore that pin must have a connection.
[2018.02.17-05.13.16:415][444]LogBlueprint:Error: [Compiler MainHUD] Error This blueprint (self) is not compatible with ' Target ', therefore that pin must have a connection.
[2018.02.17-05.13.16:415][444]LogBlueprint:Error: [Compiler MainHUD] Error The property associated with  Yellow  could not be found
[2018.02.17-05.13.16:415][444]LogBlueprint:Error: [Compiler MainHUD] Error The property associated with  Purple  could not be found
[2018.02.17-05.13.16:415][444]LogBlueprint:Error: [Compiler MainHUD] Error The property associated with  Green  could not be found
[2018.02.17-05.13.16:415][444]LogBlueprint:Error: [Compiler MainHUD] Error The property associated with  Yellow  could not be found
[2018.02.17-05.13.16:415][444]LogBlueprint:Error: [Compiler MainHUD] Error The property associated with  Purple  could not be found
[2018.02.17-05.13.16:415][444]LogBlueprint:Error: [Compiler MainHUD] Error The property associated with  Green  could not be found
[2018.02.17-05.13.16:417][444]LogBlueprint:Error: [Compiler MainHUD] Error This blueprint (self) is not compatible with ' Target ', therefore that pin must have a connection.
[2018.02.17-05.13.16:417][444]LogBlueprint:Error: [Compiler MainHUD] Error This blueprint (self) is not compatible with ' Target ', therefore that pin must have a connection.
[2018.02.17-05.13.16:417][444]LogBlueprint:Error: [Compiler MainHUD] Error This blueprint (self) is not compatible with ' Target ', therefore that pin must have a connection.
[2018.02.17-05.13.16:418][444]LogBlueprint:Error: [Compiler MainHUD] Error The property associated with  Green Active  could not be found
[2018.02.17-05.13.16:418][444]LogBlueprint:Error: [Compiler MainHUD] Error The property associated with  Purple Active  could not be found
[2018.02.17-05.13.16:418][444]LogBlueprint:Error: [Compiler MainHUD] Error The property associated with  Yellow Active  could not be found
[2018.02.17-05.13.16:440][444]LogBlueprint:Warning: [Compiler MainHUD] Warning [0120.05] Compile of MainHUD failed. 34 Fatal Issue(s) 18 Warning(s) [in 56 ms] (/Game/Blueprints/Widgets/MainHUD.MainHUD)
[2018.02.17-05.13.16:441][444]LogBlueprint:Warning: [Compiler MainHUD] Warning [0120.05] Compile of MainHUD failed. 34 Fatal Issue(s) 19 Warning(s) [in 0 ms] (/Game/Blueprints/Widgets/MainHUD.MainHUD)
[2018.02.17-05.13.16:441][444]LogBlueprint:Warning: [Compiler MainHUD] Warning [0120.05] Compile of MainHUD failed. 34 Fatal Issue(s) 20 Warning(s) [in 0 ms] (/Game/Blueprints/Widgets/MainHUD.MainHUD)
[2018.02.17-05.13.16:445][444]LogLinker:Warning: Can't find file '/Game/Blueprints/SaveBluprints/Data'
[2018.02.17-05.13.16:445][444]LogLinker:Warning: Can't find file for asset '/Game/Blueprints/SaveBluprints/Data' while loading ../../../../../../Users/Richa/Documents/GalaxyGang/Content/Blueprints/Widgets/MainHUD.uasset.
[2018.02.17-05.13.16:445][444]LogLinker:Warning: Can't find file '/Game/Blueprints/SaveBluprints/Data'
[2018.02.17-05.13.16:445][444]LogLinker:Warning: Can't find file for asset '/Game/Blueprints/SaveBluprints/Data' while loading ../../../../../../Users/Richa/Documents/GalaxyGang/Content/Blueprints/Widgets/MainHUD.uasset.
[2018.02.17-05.13.16:445][444]LogLinker:Warning: Can't find file '/Game/Blueprints/SaveBluprints/Data'
[2018.02.17-05.13.16:445][444]LogLinker:Warning: Can't find file for asset '/Game/Blueprints/SaveBluprints/Data' while loading ../../../../../../Users/Richa/Documents/GalaxyGang/Content/Blueprints/Widgets/MainHUD.uasset.
[2018.02.17-05.13.16:446][444]LogLinker:Warning: Can't find file '/Game/Blueprints/SaveBluprints/Data'
[2018.02.17-05.13.16:446][444]LogLinker:Warning: Can't find file for asset '/Game/Blueprints/SaveBluprints/Data' while loading ../../../../../../Users/Richa/Documents/GalaxyGang/Content/Blueprints/Widgets/MainHUD.uasset.
[2018.02.17-05.13.16:446][444]LogLinker:Warning: Can't find file '/Game/Blueprints/SaveBluprints/Data'
[2018.02.17-05.13.16:446][444]LogLinker:Warning: Can't find file for asset '/Game/Blueprints/SaveBluprints/Data' while loading ../../../../../../Users/Richa/Documents/GalaxyGang/Content/Blueprints/Widgets/MainHUD.uasset.
[2018.02.17-05.13.16:446][444]LogLinker:Warning: Can't find file '/Game/Blueprints/SaveBluprints/Data'
[2018.02.17-05.13.16:446][444]LogLinker:Warning: Can't find file for asset '/Game/Blueprints/SaveBluprints/Data' while loading ../../../../../../Users/Richa/Documents/GalaxyGang/Content/Blueprints/Widgets/MainHUD.uasset.
[2018.02.17-05.13.16:450][444]LogLinker:Warning: Can't find file '/Game/Blueprints/SaveBluprints/LevelData'
[2018.02.17-05.13.16:450][444]LogLinker:Warning: Can't find file for asset '/Game/Blueprints/SaveBluprints/LevelData' while loading ../../../../../../Users/Richa/Documents/GalaxyGang/Content/Blueprints/Widgets/MainHUD.uasset.
[2018.02.17-05.13.16:450][444]LogLinker:Warning: Can't find file '/Game/Blueprints/SaveBluprints/Data'
[2018.02.17-05.13.16:451][444]LogLinker:Warning: Can't find file for asset '/Game/Blueprints/SaveBluprints/Data' while loading ../../../../../../Users/Richa/Documents/GalaxyGang/Content/Blueprints/Widgets/MainHUD.uasset.
[2018.02.17-05.13.16:451][444]LogLinker:Warning: Can't find file '/Game/Blueprints/SaveBluprints/LevelData'
[2018.02.17-05.13.16:451][444]LogLinker:Warning: Can't find file for asset '/Game/Blueprints/SaveBluprints/LevelData' while loading ../../../../../../Users/Richa/Documents/GalaxyGang/Content/Blueprints/Widgets/MainHUD.uasset.
[2018.02.17-05.13.16:452][444]LogLinker:Warning: Can't find file '/Game/Blueprints/SaveBluprints/LevelData'
[2018.02.17-05.13.16:452][444]LogLinker:Warning: Can't find file for asset '/Game/Blueprints/SaveBluprints/LevelData' while loading ../../../../../../Users/Richa/Documents/GalaxyGang/Content/Blueprints/Widgets/MainHUD.uasset.
[2018.02.17-05.13.16:452][444]LogLinker:Warning: Can't find file '/Game/Blueprints/SaveBluprints/LevelData'
[2018.02.17-05.13.16:452][444]LogLinker:Warning: Can't find file for asset '/Game/Blueprints/SaveBluprints/LevelData' while loading ../../../../../../Users/Richa/Documents/GalaxyGang/Content/Blueprints/Widgets/MainHUD.uasset.
[2018.02.17-05.13.16:711][444]LogBlueprint:Warning: [CharacterDanny1] 'CurrentHealth' variable not found. Base class was probably changed.
[2018.02.17-05.13.16:712][444]LogBlueprint:Warning: [CharacterDanny1] 'CurrentHealth' variable not found. Base class was probably changed.
[2018.02.17-05.13.16:715][444]LogBlueprint:Warning: [CharacterDanny1] 'Resume_Button' variable not found. Base class was probably changed.
[2018.02.17-05.13.17:248][444]LogBlueprint:Warning: [CharacterDanny] 'CurrentHealth' variable not found. Base class was probably changed.
[2018.02.17-05.13.17:248][444]LogBlueprint:Warning: [CharacterDanny] 'CurrentHealth' variable not found. Base class was probably changed.
[2018.02.17-05.13.17:250][444]LogBlueprint:Warning: [CharacterDanny] 'Resume_Button' variable not found. Base class was probably changed.
[2018.02.17-05.13.17:277][444]LogBlueprint:Error: [Compiler CharacterDanny] Error Can't connect pins  Self  and  Danny : Self Reference is not compatible with Character Danny 1 Reference.
[2018.02.17-05.13.17:277][444]LogBlueprint:Error: [Compiler CharacterDanny] Error Can't connect pins  Danny  and  Self : Character Danny 1 Reference is not compatible with Self Reference.
[2018.02.17-05.13.17:300][444]LogBlueprint:Warning: [Compiler CharacterDanny] Warning [0120.91] Compile of CharacterDanny failed. 2 Fatal Issue(s) 0 Warning(s) [in 44 ms] (/Game/Characters/Characters/CharacterDanny.CharacterDanny)
[2018.02.17-05.13.17:300][444]LogBlueprint:Warning: [Compiler CharacterDanny] Warning [0120.91] Compile of CharacterDanny failed. 2 Fatal Issue(s) 1 Warning(s) [in 0 ms] (/Game/Characters/Characters/CharacterDanny.CharacterDanny)
[2018.02.17-05.13.17:300][444]LogBlueprint:Warning: [Compiler CharacterDanny] Warning [0120.91] Compile of CharacterDanny failed. 2 Fatal Issue(s) 2 Warning(s) [in 0 ms] (/Game/Characters/Characters/CharacterDanny.CharacterDanny)
[2018.02.17-05.14.13:116][844]LogFileCache: Retrieving MD5 hashes for directory 'C:/Users/Richa/Documents/GalaxyGang/Content/' took 111.98s
[2018.02.17-05.19.11:336][948]LogBlueprint:Warning: [CharacterDanny] 'CurrentHealth' variable not found. Base class was probably changed.
[2018.02.17-05.19.11:336][948]LogBlueprint:Warning: [CharacterDanny] 'CurrentHealth' variable not found. Base class was probably changed.
[2018.02.17-05.19.11:339][948]LogBlueprint:Warning: [CharacterDanny] 'Resume_Button' variable not found. Base class was probably changed.
[2018.02.17-05.19.11:366][948]LogBlueprint:Error: [Compiler CharacterDanny] Error Can't connect pins  Self  and  Danny : Self Reference is not compatible with Character Danny 1 Reference.
[2018.02.17-05.19.11:366][948]LogBlueprint:Error: [Compiler CharacterDanny] Error Can't connect pins  Danny  and  Self : Character Danny 1 Reference is not compatible with Self Reference.
[2018.02.17-05.19.11:387][948]LogBlueprint:Warning: [Compiler CharacterDanny] Warning [0474.99] Compile of CharacterDanny failed. 2 Fatal Issue(s) 0 Warning(s) [in 44 ms] (/Game/Characters/Characters/Char_Danny/CharacterDanny.CharacterDanny)
[2018.02.17-05.19.11:387][948]LogBlueprint:Warning: [Compiler CharacterDanny] Warning [0474.99] Compile of CharacterDanny failed. 2 Fatal Issue(s) 1 Warning(s) [in 0 ms] (/Game/Characters/Characters/Char_Danny/CharacterDanny.CharacterDanny)
[2018.02.17-05.19.11:387][948]LogBlueprint:Warning: [Compiler CharacterDanny] Warning [0474.99] Compile of CharacterDanny failed. 2 Fatal Issue(s) 2 Warning(s) [in 0 ms] (/Game/Characters/Characters/Char_Danny/CharacterDanny.CharacterDanny)
[2018.02.17-05.19.11:698][948]LogBlueprint:Error: [Compiler CharacterDanny_2] Error Can't connect pins  Self  and  Danny : Self Reference is not compatible with Character Danny 1 Reference.
[2018.02.17-05.19.11:698][948]LogBlueprint:Error: [Compiler CharacterDanny_2] Error Can't connect pins  Danny  and  Self : Character Danny 1 Reference is not compatible with Self Reference.
[2018.02.17-05.19.12:092][948]LogBlueprint:Warning: [Compiler CharacterDanny_2] Warning [0475.70] Compile of CharacterDanny_2 failed. 2 Fatal Issue(s) 0 Warning(s) [in 524 ms] (/Game/Characters/Characters/Char_Danny/CharacterDanny_2.CharacterDanny_2)
[2018.02.17-05.19.12:192][948]LogBlueprint:Error: [Compiler CharacterDanny_2] Error Can't connect pins  Self  and  Danny : Self Reference is not compatible with Character Danny 1 Reference.
[2018.02.17-05.19.12:192][948]LogBlueprint:Error: [Compiler CharacterDanny_2] Error Can't connect pins  Danny  and  Self : Character Danny 1 Reference is not compatible with Self Reference.
[2018.02.17-05.19.12:369][948]LogBlueprint:Warning: [Compiler CharacterDanny_2] Warning [0475.98] Compile of CharacterDanny_2 failed. 2 Fatal Issue(s) 0 Warning(s) [in 226 ms] (/Game/Characters/Characters/Char_Danny/CharacterDanny_2.CharacterDanny_2)
[2018.02.17-05.19.12:369][948]LogBlueprint:Warning: [Compiler CharacterDanny_2] Warning [0475.98] Compile of CharacterDanny_2 failed. 2 Fatal Issue(s) 1 Warning(s) [in 0 ms] (/Game/Characters/Characters/Char_Danny/CharacterDanny_2.CharacterDanny_2)
[2018.02.17-05.19.12:369][948]LogBlueprint:Warning: [Compiler CharacterDanny_2] Warning [0475.98] Compile of CharacterDanny_2 failed. 2 Fatal Issue(s) 2 Warning(s) [in 0 ms] (/Game/Characters/Characters/Char_Danny/CharacterDanny_2.CharacterDanny_2)
[2018.02.17-05.19.12:369][948]LogBlueprint:Warning: [Compiler CharacterDanny_2] Warning [0475.98] Compile of CharacterDanny_2 failed. 2 Fatal Issue(s) 3 Warning(s) [in 0 ms] (/Game/Characters/Characters/Char_Danny/CharacterDanny_2.CharacterDanny_2)
[2018.02.17-05.19.12:369][948]LogBlueprint:Warning: [Compiler CharacterDanny_2] Warning [0475.98] Compile of CharacterDanny_2 failed. 2 Fatal Issue(s) 4 Warning(s) [in 0 ms] (/Game/Characters/Characters/Char_Danny/CharacterDanny_2.CharacterDanny_2)
[2018.02.17-05.19.12:369][948]LogBlueprint:Warning: [Compiler CharacterDanny_2] Warning [0475.98] Compile of CharacterDanny_2 failed. 2 Fatal Issue(s) 5 Warning(s) [in 0 ms] (/Game/Characters/Characters/Char_Danny/CharacterDanny_2.CharacterDanny_2)
[2018.02.17-05.19.12:616][948]LogStats: FPlatformStackWalk::StackWalkAndDump -  0.199 s
[2018.02.17-05.19.12:616][948]LogOutputDevice:Error: === Handled ensure: ===
[2018.02.17-05.19.12:616][948]LogOutputDevice:Error: 
[2018.02.17-05.19.12:616][948]LogOutputDevice:Error: Ensure condition failed: FunctionReference.IsSelfContext() || (MemberClass != nullptr) || bIsLocalMacro [File:D:\Build\++UE4+Release-4.15+Compile\Sync\Engine\Source\Editor\BlueprintGraph\Private\K2Node_CallFunction.cpp] [Line: 1678]
[2018.02.17-05.19.12:616][948]LogOutputDevice:Error: Unknown member class in /Game/Characters/Characters/Char_Danny/CharacterDanny_2.CharacterDanny_2:EventGraph.K2Node_CallFunction_742
[2018.02.17-05.19.12:616][948]LogOutputDevice:Error: Stack: 
[2018.02.17-05.19.12:616][948]LogOutputDevice:Error: UE4Editor-Core.dll!0x00000000A67B95E6
[2018.02.17-05.19.12:616][948]LogOutputDevice:Error: UE4Editor-Core.dll!0x00000000A6569B82
[2018.02.17-05.19.12:616][948]LogOutputDevice:Error: UE4Editor-Core.dll!0x00000000A657B666
[2018.02.17-05.19.12:616][948]LogOutputDevice:Error: UE4Editor-BlueprintGraph.dll!0x000000009A36BD66
[2018.02.17-05.19.12:616][948]LogOutputDevice:Error: UE4Editor-BlueprintGraph.dll!0x000000009A3866F0
[2018.02.17-05.19.12:616][948]LogOutputDevice:Error: UE4Editor-CoreUObject.dll!0x00000000A89B2F10
[2018.02.17-05.19.12:616][948]LogOutputDevice:Error: UE4Editor-CoreUObject.dll!0x00000000A89B209D
[2018.02.17-05.19.12:616][948]LogOutputDevice:Error: UE4Editor-UnrealEd.dll!0x0000000094BFF070
[2018.02.17-05.19.12:616][948]LogOutputDevice:Error: UE4Editor-UnrealEd.dll!0x0000000094BFD62A
[2018.02.17-05.19.12:616][948]LogOutputDevice:Error: UE4Editor-ContentBrowser.dll!0x00000000855BC180
[2018.02.17-05.19.12:616][948]LogOutputDevice:Error: UE4Editor-ContentBrowser.dll!0x00000000855B8E01
[2018.02.17-05.19.12:616][948]LogOutputDevice:Error: UE4Editor-ContentBrowser.dll!0x00000000855BF51B
[2018.02.17-05.19.12:616][948]LogOutputDevice:Error: UE4Editor-ContentBrowser.dll!0x00000000854B7572
[2018.02.17-05.19.12:616][948]LogOutputDevice:Error: UE4Editor-ContentBrowser.dll!0x000000008547A62E
[2018.02.17-05.19.12:616][948]LogOutputDevice:Error: UE4Editor-ContentBrowser.dll!0x00000000854B77AD
[2018.02.17-05.19.12:616][948]LogOutputDevice:Error: UE4Editor-Slate.dll!0x00000000A589AEE8
[2018.02.17-05.19.12:616][948]LogOutputDevice:Error: UE4Editor-Slate.dll!0x00000000A58A12F8
[2018.02.17-05.19.12:616][948]LogOutputDevice:Error: UE4Editor-Slate.dll!0x00000000A580C512
[2018.02.17-05.19.12:616][948]LogOutputDevice:Error: UE4Editor-Slate.dll!0x00000000A580D9F9
[2018.02.17-05.19.12:616][948]LogOutputDevice:Error: UE4Editor-Slate.dll!0x00000000A587B209
[2018.02.17-05.19.12:616][948]LogOutputDevice:Error: UE4Editor-Slate.dll!0x00000000A592CF25
[2018.02.17-05.19.12:616][948]LogOutputDevice:Error: UE4Editor-Slate.dll!0x00000000A595A4AE
[2018.02.17-05.19.12:616][948]LogOutputDevice:Error: UE4Editor-Slate.dll!0x00000000A58A33ED
[2018.02.17-05.19.12:616][948]LogOutputDevice:Error: UE4Editor-Slate.dll!0x00000000A578411C
[2018.02.17-05.19.12:616][948]LogOutputDevice:Error: UE4Editor-Slate.dll!0x00000000A57547F5
[2018.02.17-05.19.12:616][948]LogOutputDevice:Error: UE4Editor-Slate.dll!0x00000000A57F7193
[2018.02.17-05.19.12:616][948]LogOutputDevice:Error: UE4Editor-Slate.dll!0x00000000A57E1100
[2018.02.17-05.19.12:616][948]LogOutputDevice:Error: UE4Editor-Slate.dll!0x00000000A57D0211
[2018.02.17-05.19.12:616][948]LogOutputDevice:Error: UE4Editor-Core.dll!0x00000000A67ACDF9
[2018.02.17-05.19.12:616][948]LogOutputDevice:Error: UE4Editor-Core.dll!0x00000000A67967C1
[2018.02.17-05.19.12:616][948]LogOutputDevice:Error: UE4Editor-Core.dll!0x00000000A67AEA1C
[2018.02.17-05.19.12:616][948]LogOutputDevice:Error: UE4Editor-Core.dll!0x00000000A67926E9
[2018.02.17-05.19.12:616][948]LogOutputDevice:Error: USER32.dll!0x00000000DFF6B85D
[2018.02.17-05.19.12:616][948]LogOutputDevice:Error: USER32.dll!0x00000000DFF6B1EF
[2018.02.17-05.19.12:616][948]LogOutputDevice:Error: UE4Editor-Core.dll!0x00000000A67AF326
[2018.02.17-05.19.12:616][948]LogOutputDevice:Error: UE4Editor.exe!0x00000000341DD790
[2018.02.17-05.19.12:616][948]LogOutputDevice:Error: UE4Editor.exe!0x00000000341CEB40
[2018.02.17-05.19.12:616][948]LogOutputDevice:Error: UE4Editor.exe!0x00000000341CEBBA
[2018.02.17-05.19.12:616][948]LogOutputDevice:Error: UE4Editor.exe!0x00000000341E0A29
[2018.02.17-05.19.12:616][948]LogOutputDevice:Error: UE4Editor.exe!0x00000000341E22B6
[2018.02.17-05.19.12:616][948]LogOutputDevice:Error: KERNEL32.DLL!0x00000000DFE11FE4
[2018.02.17-05.19.12:616][948]LogOutputDevice:Error: ntdll.dll!0x00000000E23AEFC1
[2018.02.17-05.19.12:616][948]LogOutputDevice:Error: 
[2018.02.17-05.19.12:620][948]LogStats:                SubmitErrorReport -  0.000 s
