Log file open, 04/25/18 12:23:37
LogInit:Display: Running engine for game: GalaxyGangGame
LogPlatformFile: Not using cached read wrapper
LogInit:Display: RandInit(-391615052) SRandInit(-391615052).
LogTaskGraph: Started task graph with 5 named threads and 6 total threads with 1 sets of task threads.
LogStats: Stats thread started at 0.067966
LogInit: Using libcurl 7.47.1
LogInit:  - built for x86_64-pc-win32
LogInit:  - supports SSL with OpenSSL/1.0.2g
LogInit:  - supports HTTP deflate (compression) using libz 1.2.8
LogInit:  - other features:
LogInit:      CURL_VERSION_SSL
LogInit:      CURL_VERSION_LIBZ
LogInit:      CURL_VERSION_IPV6
LogInit:      CURL_VERSION_ASYNCHDNS
LogInit:      CURL_VERSION_LARGEFILE
LogInit:      CURL_VERSION_IDN
LogInit:  CurlRequestOptions (configurable via config and command line):
LogInit:  - bVerifyPeer = false  - Libcurl will NOT verify peer certificate
LogInit:  - bUseHttpProxy = false  - Libcurl will NOT use HTTP proxy
LogInit:  - bDontReuseConnections = false  - Libcurl will reuse connections
LogInit:  - CertBundlePath = nullptr  - Libcurl will use whatever was configured at build time.
LogInit: Build: ++UE4+Release-4.15-CL-3450819
LogInit: Engine Version: 4.15.3-3450819+++UE4+Release-4.15
LogInit: Compatible Engine Version: 4.15.0-3299760+++UE4+Release-4.15
LogInit: Net CL: 3299760
LogDevObjectVersion: Number of dev versions registered: 14
LogDevObjectVersion:   Dev-Blueprints (B0D832E4-1F89-4F0D-ACCF-7EB736FD4AA2): 8
LogDevObjectVersion:   Dev-Build (E1C64328-A22C-4D53-A36C-8E866417BD8C): 0
LogDevObjectVersion:   Dev-Core (375EC13C-06E4-48FB-B500-84F0262A717E): 2
LogDevObjectVersion:   Dev-Editor (E4B068ED-F494-42E9-A231-DA0B2E46BB41): 14
LogDevObjectVersion:   Dev-Framework (CFFC743F-43B0-4480-9391-14DF171D2073): 22
LogDevObjectVersion:   Dev-Mobile (B02B49B5-BB20-44E9-A304-32B752E40360): 0
LogDevObjectVersion:   Dev-Networking (A4E4105C-59A1-49B5-A7C5-40C4547EDFEE): 0
LogDevObjectVersion:   Dev-Online (39C831C9-5AE6-47DC-9A44-9C173E1C8E7C): 0
LogDevObjectVersion:   Dev-Physics (78F01B33-EBEA-4F98-B9B4-84EACCB95AA2): 0
LogDevObjectVersion:   Dev-Platform (6631380F-2D4D-43E0-8009-CF276956A95A): 0
LogDevObjectVersion:   Dev-Rendering (12F88B9F-8875-4AFC-A67C-D90C383ABD29): 12
LogDevObjectVersion:   Dev-Sequencer (7B5AE74C-D270-4C10-A958-57980B212A5A): 3
LogDevObjectVersion:   Dev-VR (D7296918-1DD6-4BDD-9DE2-64A83CC13884): 0
LogDevObjectVersion:   Dev-LoadTimes (C2A15278-BFE7-4AFE-6C17-90FF531DF755): 1
LogInit: Compiled (64-bit): May 21 2017 11:02:34
LogInit: Compiled with Visual C++: 19.00.23026.00
LogInit: Build Configuration: Development
LogInit: Branch Name: ++UE4+Release-4.15
LogInit: Command line: 
LogInit: Base directory: C:/Program Files/Epic Games/UE_4.15/Engine/Binaries/Win64/
LogInit: Installed Engine Build: 1
LogInit: Presizing for max 8388607 objects, including 0 objects not considered by GC, pre-allocating 0 bytes for permanent pool.
LogInit: Object subsystem initialized
[2018.04.25-17.23.38:729][  0]LogInit: Selected Device Profile: [Windows]
[2018.04.25-17.23.38:729][  0]LogInit: Applying CVar settings loaded from the selected device profile: [Windows]
[2018.04.25-17.23.38:739][  0]LogInit: Computer: DESKTOP-SSSFMAE
[2018.04.25-17.23.38:739][  0]LogInit: User: Richa
[2018.04.25-17.23.38:739][  0]LogInit: CPU Page size=65536, Cores=2
[2018.04.25-17.23.38:739][  0]LogInit: High frequency timer resolution =2.343745 MHz
[2018.04.25-17.23.38:739][  0]LogMemory: Memory total: Physical=7.9GB (8GB approx)
[2018.04.25-17.23.38:739][  0]LogMemory: Platform Memory Stats for Windows
[2018.04.25-17.23.38:739][  0]LogMemory: Process Physical Memory: 264.90 MB used, 264.90 MB peak
[2018.04.25-17.23.38:739][  0]LogMemory: Process Virtual Memory: 262.20 MB used, 262.20 MB peak
[2018.04.25-17.23.38:739][  0]LogMemory: Physical Memory: 3911.21 MB used,  4185.45 MB free, 8096.66 MB total
[2018.04.25-17.23.38:739][  0]LogMemory: Virtual Memory: 681.10 MB used,  4185.45 MB free, 134217728.00 MB total
[2018.04.25-17.23.38:856][  0]LogTextLocalizationManager: No specific translations for ('en-US') exist, so ('en') translations will be used.
[2018.04.25-17.23.39:703][  0]LogD3D11RHI: D3D11 adapters:
[2018.04.25-17.23.39:721][  0]LogD3D11RHI:    0. 'Intel(R) HD Graphics 620' (Feature Level 11_0)
[2018.04.25-17.23.39:721][  0]LogD3D11RHI:       128/0/4048 MB DedicatedVideo/DedicatedSystem/SharedSystem, Outputs:1, VendorId:0x8086
[2018.04.25-17.23.39:726][  0]LogD3D11RHI:    1. 'Microsoft Basic Render Driver' (Feature Level 11_0)
[2018.04.25-17.23.39:726][  0]LogD3D11RHI:       0/0/4048 MB DedicatedVideo/DedicatedSystem/SharedSystem, Outputs:0, VendorId:0x1414
[2018.04.25-17.23.39:726][  0]LogD3D11RHI: Chosen D3D11 Adapter: 0
[2018.04.25-17.23.39:732][  0]LogD3D11RHI: Creating new Direct3DDevice
[2018.04.25-17.23.39:732][  0]LogD3D11RHI:     GPU DeviceId: 0x5916 (for the marketing name, search the web for "GPU Device Id")
[2018.04.25-17.23.39:732][  0]LogWindows: EnumDisplayDevices:
[2018.04.25-17.23.39:732][  0]LogWindows:    0. 'Intel(R) HD Graphics 620' (P:1 D:1)
[2018.04.25-17.23.39:734][  0]LogWindows:    1. 'Intel(R) HD Graphics 620' (P:0 D:0)
[2018.04.25-17.23.39:734][  0]LogWindows:    2. 'Intel(R) HD Graphics 620' (P:0 D:0)
[2018.04.25-17.23.39:734][  0]LogWindows: DebugString: GetVideoDriverDetailsInvalid PrimaryIsNotTheChoosenAdapter GetVideoDriverDetailsInvalid PrimaryIsNotTheChoosenAdapter GetVideoDriverDetailsInvalid PrimaryIsNotTheChoosenAdapter FoundDriverCount:0 
[2018.04.25-17.23.39:734][  0]LogD3D11RHI:     Adapter Name: Intel(R) HD Graphics 620
[2018.04.25-17.23.39:734][  0]LogD3D11RHI:   Driver Version: Unknown (internal:Unknown, unified:Unknown)
[2018.04.25-17.23.39:734][  0]LogD3D11RHI:      Driver Date: Unknown
[2018.04.25-17.23.39:734][  0]LogRHI: Texture pool is 1361 MB (70% of 1945 MB)
[2018.04.25-17.23.39:748][  0]LogD3D11RHI: Async texture creation enabled
[2018.04.25-17.23.39:754][  0]LogD3D11RHI: GPU Timing Frequency: 12.000000 (Debug: 2 0)
[2018.04.25-17.23.39:756][  0]LogShaderCompilers: Guid format shader working directory is -2 characters bigger than the processId version (../../../../../../Users/Richa/Desktop/GalaxyGang/Intermediate/Shaders/WorkingDirectory/9052/).
[2018.04.25-17.23.39:756][  0]LogShaderCompilers: Cleaned the shader compiler working directory 'C:/Users/Richa/AppData/Local/Temp/UnrealShaderWorkingDir/1B7CBEC543C8FDB3F1360181711E64B2/'.
[2018.04.25-17.23.39:756][  0]LogShaderCompilers:Display: Using Local Shader Compiler.
[2018.04.25-17.23.41:479][  0]LogTemp:Display: Loaded TP AllDesktopTargetPlatform
[2018.04.25-17.23.41:569][  0]LogTemp:Display: Loaded TP MacClientTargetPlatform
[2018.04.25-17.23.41:645][  0]LogTemp:Display: Loaded TP MacNoEditorTargetPlatform
[2018.04.25-17.23.41:733][  0]LogTemp:Display: Loaded TP MacServerTargetPlatform
[2018.04.25-17.23.41:811][  0]LogTemp:Display: Loaded TP MacTargetPlatform
[2018.04.25-17.23.41:888][  0]LogTemp:Display: Loaded TP WindowsClientTargetPlatform
[2018.04.25-17.23.41:966][  0]LogTemp:Display: Loaded TP WindowsNoEditorTargetPlatform
[2018.04.25-17.23.42:044][  0]LogTemp:Display: Loaded TP WindowsServerTargetPlatform
[2018.04.25-17.23.42:112][  0]LogTemp:Display: Loaded TP WindowsTargetPlatform
[2018.04.25-17.23.42:192][  0]LogTemp:Display: Loaded TP AndroidTargetPlatform
[2018.04.25-17.23.42:274][  0]LogTemp:Display: Loaded TP Android_ASTCTargetPlatform
[2018.04.25-17.23.42:356][  0]LogTemp:Display: Loaded TP Android_ATCTargetPlatform
[2018.04.25-17.23.42:441][  0]LogTemp:Display: Loaded TP Android_DXTTargetPlatform
[2018.04.25-17.23.42:537][  0]LogTemp:Display: Loaded TP Android_ETC1TargetPlatform
[2018.04.25-17.23.42:614][  0]LogTemp:Display: Loaded TP Android_ETC2TargetPlatform
[2018.04.25-17.23.42:769][  0]LogTemp:Display: Loaded TP Android_MultiTargetPlatform
[2018.04.25-17.23.42:769][  0]LogTemp:Display: Loaded TP Android_PVRTCTargetPlatform
[2018.04.25-17.23.42:826][  0]LogTemp:Display: Loaded TP HTML5TargetPlatform
[2018.04.25-17.23.42:973][  0]LogTemp:Display: Loaded TP IOSTargetPlatform
[2018.04.25-17.23.43:025][  0]LogTemp:Display: Loaded TP TVOSTargetPlatform
[2018.04.25-17.23.43:113][  0]LogTemp:Display: Loaded TP LinuxClientTargetPlatform
[2018.04.25-17.23.43:188][  0]LogTemp:Display: Loaded TP LinuxNoEditorTargetPlatform
[2018.04.25-17.23.43:267][  0]LogTemp:Display: Loaded TP LinuxServerTargetPlatform
[2018.04.25-17.23.43:344][  0]LogTemp:Display: Loaded TP LinuxTargetPlatform
[2018.04.25-17.23.43:345][  0]LogTargetPlatformManager:Display: Building Assets For Windows
[2018.04.25-17.23.44:003][  0]LogDerivedDataCache:Display: Max Cache Size: 512 MB
[2018.04.25-17.23.44:066][  0]LogDerivedDataCache: Loaded boot cache 0.06s 50MB C:/Users/Richa/AppData/Local/UnrealEngine/4.15/DerivedDataCache/Boot.ddc.
[2018.04.25-17.23.44:066][  0]LogDerivedDataCache:Display: Loaded Boot cache: C:/Users/Richa/AppData/Local/UnrealEngine/4.15/DerivedDataCache/Boot.ddc
[2018.04.25-17.23.44:067][  0]LogDerivedDataCache: FDerivedDataBackendGraph:  Pak pak cache file ../../../../../../Users/Richa/Desktop/GalaxyGang/DerivedDataCache/DDC.ddp not found, will not use a pak cache.
[2018.04.25-17.23.44:067][  0]LogDerivedDataCache: Unable to find inner node Pak for hierarchical cache Hierarchy.
[2018.04.25-17.23.44:067][  0]LogDerivedDataCache: FDerivedDataBackendGraph:  CompressedPak pak cache file ../../../../../../Users/Richa/Desktop/GalaxyGang/DerivedDataCache/Compressed.ddp not found, will not use a pak cache.
[2018.04.25-17.23.44:067][  0]LogDerivedDataCache: Unable to find inner node CompressedPak for hierarchical cache Hierarchy.
[2018.04.25-17.23.44:088][  0]LogDerivedDataCache:Display: Pak cache opened for reading ../../../Engine/DerivedDataCache/Compressed.ddp.
[2018.04.25-17.23.44:101][  0]LogDerivedDataCache: Using Local data cache path C:/Users/Richa/AppData/Local/UnrealEngine/Common/DerivedDataCache: Writable
[2018.04.25-17.23.44:114][  0]LogSlate: Using Freetype 2.6.0
[2018.04.25-17.23.44:115][  0]LogSlate: SlateFontCache - WITH_FREETYPE: 1, WITH_HARFBUZZ: 1
[2018.04.25-17.23.44:115][  0]LogSlate: SlateFontCache - WITH_FREETYPE: 1, WITH_HARFBUZZ: 1
[2018.04.25-17.23.44:559][  0]LogInit: Selected Device Profile: [Windows]
[2018.04.25-17.23.44:564][  0]LogContentStreaming: Texture pool size is 0.00 MB
[2018.04.25-17.23.44:931][  0]LogMeshUtilities: Using QuadricMeshReduction for automatic static mesh reduction
[2018.04.25-17.23.45:012][  0]LogSimplygon: Simplygon DLL not present - disabling.
[2018.04.25-17.23.45:099][  0]LogMeshUtilities: Using SimplygonSwarm for distributed automatic mesh merging
[2018.04.25-17.23.45:099][  0]LogMeshUtilities: No automatic skeletal mesh reduction module available
[2018.04.25-17.23.45:099][  0]LogMeshUtilities: No automatic mesh merging module available
[2018.04.25-17.23.46:094][  0]LogNetVersion: GetLocalNetworkVersion: CL: 3299760, ProjectName: galaxyganggame, ProjectVersion: , EngineNetworkVersion: 2, GameNetworkVersion: 0, NetworkChecksum: 3878788453
[2018.04.25-17.23.46:165][  0]LogAssetRegistry: FAssetRegistry took 0.0225 seconds to start up
[2018.04.25-17.23.46:524][  0]LogPackageLocalizationCache: Processed 3 localized package path(s) for 2 prioritized culture(s) in 0.308080 seconds
[2018.04.25-17.23.46:534][  0]LogUObjectArray: 32493 objects as part of root set at end of initial load.
[2018.04.25-17.23.46:534][  0]LogUObjectAllocator: 7077032 out of 0 bytes used by permanent object pool.
[2018.04.25-17.23.46:534][  0]LogUObjectArray: CloseDisregardForGC: 0/0 objects in disregard for GC pool
[2018.04.25-17.23.46:715][  0]LogInit: WinSock: version 1.1 (2.2), MaxSocks=32767, MaxUdp=65467
[2018.04.25-17.23.48:993][  0]LogTcpMessaging: Initializing TcpMessaging bridge
[2018.04.25-17.23.49:043][  0]LogUdpMessaging: Initializing bridge on interface 0.0.0.0:0 to multicast group 230.0.0.1:6666.
[2018.04.25-17.23.49:686][  0]LogMaterial: Uniform references updated for custom material expression Custom.
[2018.04.25-17.23.50:213][  0]SourceControl: Info Source control is disabled
[2018.04.25-17.23.50:276][  0]SourceControl: Info Source control is disabled
[2018.04.25-17.23.50:347][  0]SourceControl: Info Source control is disabled
[2018.04.25-17.23.50:416][  0]SourceControl: Info Source control is disabled
[2018.04.25-17.23.52:639][  0]LogEngine: Initializing Engine...
[2018.04.25-17.23.52:640][  0]LogHMD: Failed to initialize OpenVR with code 110
[2018.04.25-17.23.52:797][  0]LogStats: UGameplayTagsManager::ConstructGameplayTagTree: Construct from data asset -  0.000 s
[2018.04.25-17.23.52:797][  0]LogStats: UGameplayTagsManager::ConstructGameplayTagTree: GameplayTagTreeChangedEvent.Broadcast -  0.000 s
[2018.04.25-17.23.53:019][  0]LogAIModule: Creating AISystem for world Untitled
[2018.04.25-17.23.53:037][  0]LogInit: XAudio2 using 'Speakers (Realtek High Definition Audio)' : 2 channels at 48 kHz using 32 bits per sample (channel mask 0x3)
[2018.04.25-17.23.53:257][  0]LogInit: FAudioDevice initialized.
[2018.04.25-17.23.53:294][  0]LogDerivedDataCache: Saved boot cache 0.04s 50MB C:/Users/Richa/AppData/Local/UnrealEngine/4.15/DerivedDataCache/Boot.ddc.
[2018.04.25-17.23.53:304][  0]LogInit: Texture streaming: Enabled
[2018.04.25-17.23.53:442][  0]LogEngineSessionManager: EngineSessionManager initialized
[2018.04.25-17.23.53:581][  0]LogInit: Transaction tracking system initialized
[2018.04.25-17.23.54:061][  0]BlueprintLog: New page: Editor Load
[2018.04.25-17.23.55:387][  0]LocalizationService: Info Localization service is disabled
[2018.04.25-17.23.56:362][  0]LogConsoleResponse:Display: 
[2018.04.25-17.23.56:602][  0]LogCook:Display: Max memory allowance for cook 16384mb min free memory 0mb
[2018.04.25-17.23.56:602][  0]LogCook:Display: Mobile HDR setting 1
[2018.04.25-17.23.58:062][  0]LogFileCache: Scanning file cache for directory 'C:/Users/Richa/Desktop/GalaxyGang/Content/' took 1.43s
[2018.04.25-17.23.58:062][  0]SourceControl: Info Source control is disabled
[2018.04.25-17.23.58:063][  0]Cmd: MAP LOAD FILE="../../../../../../Users/Richa/Desktop/GalaxyGang/Content/Levels/W03_DryMoons/CinnamonMoon.umap" TEMPLATE=0 SHOWPROGRESS=1 FEATURELEVEL=3
[2018.04.25-17.23.58:090][  0]LightingResults: New page: Lighting Build
[2018.04.25-17.23.58:147][  0]MapCheck: New page: Map Check
[2018.04.25-17.23.58:147][  0]LightingResults: New page: Lighting Build
[2018.04.25-17.24.01:243][  0]LogBlueprint:Warning: [CharacterDanny1_old] 'CurrentHealth' variable not found. Base class was probably changed.
[2018.04.25-17.24.01:243][  0]LogBlueprint:Warning: [CharacterDanny1_old] 'CurrentHealth' variable not found. Base class was probably changed.
[2018.04.25-17.24.01:247][  0]LogBlueprint:Warning: [CharacterDanny1_old] 'Resume_Button' variable not found. Base class was probably changed.
[2018.04.25-17.24.01:300][  0]LogBlueprint:Warning: [Compiler CharacterDanny1_old] Warning InputAction Event references unknown Action 'ResetVR' for  InputAction ResetVR
[2018.04.25-17.24.01:303][  0]LogBlueprint:Warning: [Compiler CharacterDanny1_old] Warning InputAction Event references unknown Action 'Menu_Left' for  InputAction Menu_Left
[2018.04.25-17.24.01:303][  0]LogBlueprint:Warning: [Compiler CharacterDanny1_old] Warning InputAction Event references unknown Action 'Menu_Right' for  InputAction Menu_Right
[2018.04.25-17.24.01:313][  0]LogBlueprint:Warning: [Compiler CharacterDanny1_old] Warning [0025.40] Compile of CharacterDanny1_old successful, but with 3 Warning(s) [in 58 ms] (/Game/GalaxyGangGame/Characters/Char_Danny/CharacterDanny1_old.CharacterDanny1_old)
[2018.04.25-17.24.01:313][  0]LogBlueprint:Warning: [Compiler CharacterDanny1_old] Warning [0025.40] Compile of CharacterDanny1_old successful, but with 4 Warning(s) [in 0 ms] (/Game/GalaxyGangGame/Characters/Char_Danny/CharacterDanny1_old.CharacterDanny1_old)
[2018.04.25-17.24.01:314][  0]LogBlueprint:Warning: [Compiler CharacterDanny1_old] Warning [0025.40] Compile of CharacterDanny1_old successful, but with 5 Warning(s) [in 0 ms] (/Game/GalaxyGangGame/Characters/Char_Danny/CharacterDanny1_old.CharacterDanny1_old)
[2018.04.25-17.24.02:014][  0]LogBlueprint:Warning: [CharacterDanny] 'CurrentHealth' variable not found. Base class was probably changed.
[2018.04.25-17.24.02:014][  0]LogBlueprint:Warning: [CharacterDanny] 'CurrentHealth' variable not found. Base class was probably changed.
[2018.04.25-17.24.02:544][  0]LogBlueprint:Warning: [MainHUD] 'Percentage' variable not found. Base class was probably changed.
[2018.04.25-17.24.02:545][  0]LogBlueprint:Warning: [MainHUD] 'Health' variable not found. Base class was probably changed.
[2018.04.25-17.24.02:545][  0]LogBlueprint:Warning: [MainHUD] 'DannyHealthImage' variable not found. Base class was probably changed.
[2018.04.25-17.24.02:546][  0]LogBlueprint:Warning: [MainHUD] 'PurpleDot' variable not found. Base class was probably changed.
[2018.04.25-17.24.02:546][  0]LogBlueprint:Warning: [MainHUD] 'MaxHealth' variable not found. Base class was probably changed.
[2018.04.25-17.24.02:641][  0]LogBlueprint:Warning: [MainHUD] 'PurpleDot' variable not found. Base class was probably changed.
[2018.04.25-17.24.02:863][  0]LogBlueprint:Warning: [Compiler CharacterDanny1_old] Warning InputAction Event references unknown Action 'ResetVR' for  InputAction ResetVR
[2018.04.25-17.24.02:866][  0]LogBlueprint:Warning: [Compiler CharacterDanny1_old] Warning InputAction Event references unknown Action 'Menu_Left' for  InputAction Menu_Left
[2018.04.25-17.24.02:866][  0]LogBlueprint:Warning: [Compiler CharacterDanny1_old] Warning InputAction Event references unknown Action 'Menu_Right' for  InputAction Menu_Right
[2018.04.25-17.24.02:874][  0]LogBlueprint:Warning: [Compiler CharacterDanny1_old] Warning [0026.96] Compile of CharacterDanny1_old successful, but with 3 Warning(s) [in 26 ms] (/Game/GalaxyGangGame/Characters/Char_Danny/CharacterDanny1_old.CharacterDanny1_old)
[2018.04.25-17.24.02:874][  0]LogBlueprint:Warning: [Compiler CharacterDanny1_old] Warning [0026.96] Compile of CharacterDanny1_old successful, but with 4 Warning(s) [in 0 ms] (/Game/GalaxyGangGame/Characters/Char_Danny/CharacterDanny1_old.CharacterDanny1_old)
[2018.04.25-17.24.02:875][  0]LogBlueprint:Warning: [Compiler CharacterDanny1_old] Warning [0026.96] Compile of CharacterDanny1_old successful, but with 5 Warning(s) [in 0 ms] (/Game/GalaxyGangGame/Characters/Char_Danny/CharacterDanny1_old.CharacterDanny1_old)
[2018.04.25-17.25.42:158][  0]LogAIModule: Creating AISystem for world CinnamonMoon
[2018.04.25-17.25.51:056][  0]LogEditorServer: Finished looking for orphan Actors (0.000 secs)
[2018.04.25-17.25.51:082][  0]Cmd: MAP CHECKDEP NOCLEARLOG
[2018.04.25-17.25.51:191][  0]MapCheck: Info Map check complete: 0 Error(s), 0 Warning(s), took 109.268ms to complete.
[2018.04.25-17.25.51:191][  0]LogFileHelpers: Loading map 'CinnamonMoon' took 113.129
[2018.04.25-17.25.51:286][  0]LogWindowsTextInputMethodSystem:Display: IME system now deactivated.
[2018.04.25-17.25.51:287][  0]LogWindowsTextInputMethodSystem:Display: IME system now deactivated.
[2018.04.25-17.25.51:737][  0]LogCollectionManager: Loaded 0 collections in 0.001872 seconds
[2018.04.25-17.25.51:935][  0]LogFileCache: Scanning file cache for directory 'C:/Users/Richa/Desktop/GalaxyGang/Saved/Collections/' took 0.01s
[2018.04.25-17.25.51:935][  0]LogFileCache: Scanning file cache for directory 'C:/Users/Richa/Desktop/GalaxyGang/Content/Developers/Richa/Collections/' took 0.01s
[2018.04.25-17.25.51:935][  0]LogFileCache: Scanning file cache for directory 'C:/Users/Richa/Desktop/GalaxyGang/Content/Collections/' took 0.01s
[2018.04.25-17.25.51:935][  0]LogCollectionManager: Rebuilt the GUID cache for 0 collections in 0.000007 seconds
[2018.04.25-17.25.51:954][  0]LogContentBrowser: Native class hierarchy populated in 0.0144 seconds. Added 2245 classes and 453 folders.
[2018.04.25-17.25.52:111][  0]LogContentBrowser: Native class hierarchy updated for 'WidgetCarousel' in 0.0006 seconds. Added 0 classes and 0 folders.
[2018.04.25-17.25.53:704][  0]LogContentBrowser: Native class hierarchy updated for 'AddContentDialog' in 0.0007 seconds. Added 0 classes and 0 folders.
[2018.04.25-17.25.54:289][  0]LogContentBrowser: Native class hierarchy updated for 'SceneOutliner' in 0.0007 seconds. Added 1 classes and 2 folders.
[2018.04.25-17.25.54:874][  0]LogCrashTracker: Crashtracker disabled due to settings.
[2018.04.25-17.25.54:953][  0]LogUObjectGlobals:Warning: Failed to find object 'Class None.'
[2018.04.25-17.25.55:086][  0]LogContentBrowser: Native class hierarchy updated for 'HierarchicalLODOutliner' in 0.0008 seconds. Added 1 classes and 2 folders.
[2018.04.25-17.25.55:086][  0]LogLoad: (Engine Initialization) Total time: 139.17 seconds
[2018.04.25-17.25.55:086][  0]LogLoad: (Engine Initialization) Total Blueprint compile time: 1.36 seconds
[2018.04.25-17.25.55:086][  0]LogExternalProfiler: No external profilers were discovered.  External profiling features will not be available.
[2018.04.25-17.25.55:107][  0]LogOcInput: OculusInput pre-init called
[2018.04.25-17.25.55:407][  0]LogContentStreaming: Texture pool size now 1000 MB
[2018.04.25-17.25.55:409][  0]LogSlate: Took 0.000240 seconds to synchronously load lazily loaded font '../../../Engine/Content/Slate/Fonts/Roboto-Regular.ttf' (155K)
[2018.04.25-17.25.55:477][  0]LogSlate: Took 0.033003 seconds to synchronously load lazily loaded font '../../../Engine/Content/Editor/Slate/Fonts/FontAwesome.ttf' (139K)
[2018.04.25-17.25.55:509][  0]LogSlate: Took 0.000271 seconds to synchronously load lazily loaded font '../../../Engine/Content/Slate/Fonts/Roboto-Bold.ttf' (160K)
[2018.04.25-17.25.56:196][  0]LogRenderer: Reallocating scene render targets to support 740x708 NumSamples 1 (Frame:2).
[2018.04.25-17.25.58:520][  1]LogFileCache: Retrieving MD5 hashes for directory 'C:/Users/Richa/Desktop/GalaxyGang/Content/' took 3.40s
[2018.04.25-17.25.59:082][  3]LogSlate: Took 0.018841 seconds to synchronously load lazily loaded font '../../../Engine/Content/Slate/Fonts/Roboto-Light.ttf' (159K)
[2018.04.25-17.25.59:405][  5]LogAssetRegistry: Asset discovery search completed in 133.2623 seconds
[2018.04.25-17.25.59:405][  5]LogCollectionManager: Rebuilt the object cache for 0 collections in 0.000005 seconds (found 0 objects)
[2018.04.25-17.25.59:405][  5]LogCollectionManager: Fixed up redirectors for 0 collections in 0.000023 seconds (updated 0 objects)
[2018.04.25-17.26.39:081][ 41]Cmd: MAP LOAD FILE="../../../../../../Users/Richa/Desktop/GalaxyGang/Content/Levels/W03_DryMoons/TwightTemple2.umap" TEMPLATE=0 SHOWPROGRESS=1 FEATURELEVEL=3
[2018.04.25-17.26.39:203][ 41]LogSlate: Took 0.000154 seconds to synchronously load lazily loaded font '../../../Engine/Content/Slate/Fonts/Roboto-Light.ttf' (159K)
[2018.04.25-17.26.39:220][ 41]LightingResults: New page: Lighting Build
[2018.04.25-17.26.39:222][ 41]LoadErrors: New page: Loading map: TwightTemple2.umap
[2018.04.25-17.26.39:309][ 41]MapCheck: New page: Map Check
[2018.04.25-17.26.39:309][ 41]LightingResults: New page: Lighting Build
[2018.04.25-17.26.40:182][ 41]LogSlate: Took 0.000175 seconds to synchronously load lazily loaded font '../../../Engine/Content/Slate/Fonts/Roboto-Regular.ttf' (155K)
[2018.04.25-17.27.05:873][ 41]LogAIModule: Creating AISystem for world TwightTemple2
[2018.04.25-17.27.11:706][ 41]LogMaterial:Warning: Material /Game/Materials/DryMats/GlyphMats/Dry_GlyphTX_Mat.Dry_GlyphTX_Mat needed to have new flag set bUsedWithStaticLighting !
[2018.04.25-17.27.11:759][ 41]LogMaterial: Missing cached shader map for material Dry_GlyphTX_Mat, compiling. 
[2018.04.25-17.27.11:780][ 41]LogTemp:Display: Added material ShaderMap 0x00000231F9188B80 with Material 0x00000231E4039000 to ShaderMapsBeingCompiled
[2018.04.25-17.27.11:885][ 41]LogTemp:Display: Kicking off shader compilation for Dry_GlyphTX_Mat, GameThreadShaderMap 0x00000231F9188B80
[2018.04.25-17.27.11:907][ 41]MapCheck:Warning: Warning Dry_GlyphTX_Mat Material /Game/Materials/DryMats/GlyphMats/Dry_GlyphTX_Mat.Dry_GlyphTX_Mat was missing the usage flag bUsedWithStaticLighting. If the material asset is not re-saved, it may not render correctly when run outside the editor. Fix
[2018.04.25-17.27.11:986][ 41]LogMaterial: 0.00 seconds spent updating 1 materials, 1 interfaces, 0 instances, 0 with static permutations.
[2018.04.25-17.27.14:333][ 41]LogEditorServer: Finished looking for orphan Actors (0.000 secs)
[2018.04.25-17.27.14:397][ 41]Cmd: MAP CHECKDEP NOCLEARLOG
[2018.04.25-17.27.14:609][ 41]MapCheck: Info Map check complete: 0 Error(s), 1 Warning(s), took 211.098ms to complete.
[2018.04.25-17.27.14:631][ 41]LogFileHelpers: Loading map 'TwightTemple2' took 35.791
[2018.04.25-17.27.18:921][ 97]LogTemp:Display: Finished compile of shader map 0x00000231F9188B80
[2018.04.25-17.27.18:921][ 97]LogTemp:Display: Shader map Dry_GlyphTX_Mat complete, GameThreadShaderMap 0x00000231F9188B80, marking material Dry_GlyphTX_Mat as finished
[2018.04.25-17.27.18:921][ 97]LogTemp:Display: Marking material as finished 0x00000231E4039000
[2018.04.25-19.11.54:188][763]LogEditorViewport: Clicking on Actor (LMB): StaticMeshActor (Room_1W10)
[2018.04.25-19.11.56:785][764]LogEditorViewport: Clicking on Actor (LMB): StaticMeshActor (Room_1W10)
[2018.04.25-19.12.02:269][835]LogEditorViewport: Clicking on Actor (LMB): Landscape (Landscape1)
[2018.04.25-19.12.46:617][278]LogTexture:Display: Building textures: Texture2D_2 (G8, 128X128) - 730 MB total VRAM
[2018.04.25-19.13.15:632][ 63]LogMaterial: 0.00 seconds spent updating 1 materials, 1 interfaces, 0 instances, 0 with static permutations.
[2018.04.25-19.13.15:633][ 63]LogMaterial: 0.00 seconds spent updating 1 materials, 1 interfaces, 0 instances, 0 with static permutations.
[2018.04.25-19.13.15:634][ 63]LogMaterial: 0.00 seconds spent updating 1 materials, 1 interfaces, 0 instances, 0 with static permutations.
[2018.04.25-19.13.15:657][ 63]LogMaterial: 0.00 seconds spent updating 1 materials, 1 interfaces, 0 instances, 0 with static permutations.
[2018.04.25-19.13.15:658][ 63]LogMaterial: 0.00 seconds spent updating 1 materials, 1 interfaces, 0 instances, 0 with static permutations.
[2018.04.25-19.13.32:151][210]LogMaterial: 0.00 seconds spent updating 1 materials, 1 interfaces, 0 instances, 0 with static permutations.
[2018.04.25-19.13.32:165][210]LogTexture:Display: Building textures: Texture2D_18 (BGRA8, 16X16) - 730 MB total VRAM
[2018.04.25-19.13.32:196][210]LogMaterial: 0.00 seconds spent updating 1 materials, 1 interfaces, 0 instances, 0 with static permutations.
[2018.04.25-19.13.32:197][210]LogMaterial: 0.00 seconds spent updating 1 materials, 1 interfaces, 0 instances, 0 with static permutations.
[2018.04.25-19.13.32:810][216]LogMaterial: 0.00 seconds spent updating 1 materials, 1 interfaces, 0 instances, 0 with static permutations.
[2018.04.25-19.13.32:912][217]LogMaterial: 0.00 seconds spent updating 1 materials, 1 interfaces, 0 instances, 0 with static permutations.
[2018.04.25-19.13.32:914][217]LogMaterial: 0.00 seconds spent updating 1 materials, 1 interfaces, 0 instances, 0 with static permutations.
[2018.04.25-19.13.32:915][217]LogMaterial: 0.00 seconds spent updating 1 materials, 1 interfaces, 0 instances, 0 with static permutations.
[2018.04.25-19.13.32:929][217]LogTexture:Display: Building textures: Texture2D_19 (BGRA8, 16X16) - 730 MB total VRAM
[2018.04.25-19.13.33:133][217]LogMaterial: 0.00 seconds spent updating 1 materials, 1 interfaces, 0 instances, 0 with static permutations.
[2018.04.25-19.13.33:134][217]LogMaterial: 0.00 seconds spent updating 1 materials, 1 interfaces, 0 instances, 0 with static permutations.
[2018.04.25-19.13.37:102][258]Cmd: TRANSACTION UNDO
[2018.04.25-19.13.37:341][258]LogEditorTransaction: Undo Landscape Editing: Visibility
[2018.04.25-19.13.38:528][258]LogMaterial: 0.00 seconds spent updating 1 materials, 1 interfaces, 0 instances, 0 with static permutations.
[2018.04.25-19.13.38:571][258]LogMaterial: 0.00 seconds spent updating 1 materials, 1 interfaces, 0 instances, 0 with static permutations.
[2018.04.25-19.13.38:591][258]LogMaterial: 0.00 seconds spent updating 1 materials, 1 interfaces, 0 instances, 0 with static permutations.
[2018.04.25-19.13.38:612][258]LogTexture:Display: Building textures: Texture2D_16 (BGRA8, 16X16) - 730 MB total VRAM
[2018.04.25-19.13.38:612][258]LogMaterial: 0.00 seconds spent updating 1 materials, 1 interfaces, 0 instances, 0 with static permutations.
[2018.04.25-19.13.38:641][258]LogTexture:Display: Building textures: Texture2D_3 (BGRA8, 16X16) - 730 MB total VRAM
[2018.04.25-19.13.38:671][258]LogMaterial: 0.00 seconds spent updating 1 materials, 1 interfaces, 0 instances, 0 with static permutations.
[2018.04.25-19.13.38:672][258]LogMaterial: 0.00 seconds spent updating 1 materials, 1 interfaces, 0 instances, 0 with static permutations.
[2018.04.25-19.13.38:672][258]LogMaterial: 0.00 seconds spent updating 1 materials, 1 interfaces, 0 instances, 0 with static permutations.
[2018.04.25-19.13.38:673][258]LogMaterial: 0.00 seconds spent updating 1 materials, 1 interfaces, 0 instances, 0 with static permutations.
[2018.04.25-19.13.38:675][258]LogMaterial: 0.00 seconds spent updating 1 materials, 1 interfaces, 0 instances, 0 with static permutations.
[2018.04.25-19.13.38:715][258]LogActorComponent: ~FComponentReregisterContext: (/Game/Levels/W03_DryMoons/TwightTemple2.TwightTemple2:PersistentLevel.Landscape1.LandscapeHeightfieldCollisionComponent_72) Component already registered.
[2018.04.25-19.13.38:812][258]LogSlate: Took 0.009607 seconds to synchronously load lazily loaded font '../../../Engine/Content/Slate/Fonts/Roboto-Light.ttf' (159K)
[2018.04.25-19.13.46:506][324]LogMaterial: 0.00 seconds spent updating 1 materials, 1 interfaces, 0 instances, 0 with static permutations.
[2018.04.25-19.13.46:518][324]LogTexture:Display: Building textures: Texture2D_27 (BGRA8, 16X16) - 730 MB total VRAM
[2018.04.25-19.13.46:535][324]LogMaterial: 0.00 seconds spent updating 1 materials, 1 interfaces, 0 instances, 0 with static permutations.
[2018.04.25-19.13.48:107][325]LogMaterial: 0.00 seconds spent updating 1 materials, 1 interfaces, 0 instances, 0 with static permutations.
[2018.04.25-19.13.48:107][325]LogMaterial: 0.00 seconds spent updating 1 materials, 1 interfaces, 0 instances, 0 with static permutations.
[2018.04.25-19.15.03:572][618]LogEditorViewport: Clicking on Actor (context menu): StaticMeshActor (Room_1W10)
[2018.04.25-19.15.05:038][637]LogEditorViewport: Clicking on Actor (LMB): StaticMeshActor (Room_1W10)
[2018.04.25-19.15.06:045][657]LogEditorViewport: Clicking on Actor (context menu): StaticMeshActor (Room_1W10)
[2018.04.25-19.15.08:612][768]LogPlayLevel: PlayLevel: No blueprints needed recompiling
[2018.04.25-19.15.08:764][768]PIE: New page: PIE session: TwightTemple2 (Apr 25, 2018, 9:15:08 AM)
[2018.04.25-19.15.08:806][768]LogPlayLevel: Creating play world package: /Game/Levels/W03_DryMoons/UEDPIE_0_TwightTemple2
[2018.04.25-19.15.09:028][768]LogPlayLevel: PIE: StaticDuplicateObject took: (0.222075s)
[2018.04.25-19.15.09:196][768]LogAIModule: Creating AISystem for world TwightTemple2
[2018.04.25-19.15.09:220][768]LogPlayLevel: PIE: World Init took: (0.191319s)
[2018.04.25-19.15.09:243][768]LogPlayLevel: PIE: Created PIE world by copying editor world from /Game/Levels/W03_DryMoons/TwightTemple2.TwightTemple2 to /Game/Levels/W03_DryMoons/UEDPIE_0_TwightTemple2.TwightTemple2 (0.458703s)
[2018.04.25-19.15.09:528][768]LogInit: XAudio2 using 'Speakers (Realtek High Definition Audio)' : 2 channels at 48 kHz using 32 bits per sample (channel mask 0x3)
[2018.04.25-19.15.09:651][768]LogInit: FAudioDevice initialized.
[2018.04.25-19.15.09:870][768]LogLoad: Game class is 'ThirdPersonGameMode_C'
[2018.04.25-19.15.10:025][768]LogWorld: Bringing World /Game/Levels/W03_DryMoons/UEDPIE_0_TwightTemple2.TwightTemple2 up for play (max tick rate 60) at 2018.04.25-14.15.10
[2018.04.25-19.15.10:134][768]LogWorld: Bringing up level for play took: 0.156359
[2018.04.25-19.15.12:170][768]LogContentBrowser: Native class hierarchy updated for 'MovieSceneCapture' in 0.0082 seconds. Added 11 classes and 0 folders.
[2018.04.25-19.15.12:179][768]LogGameMode:Display: Match State Changed from EnteringMap to WaitingToStart
[2018.04.25-19.15.12:184][768]LogGameState: Match State Changed from EnteringMap to WaitingToStart
[2018.04.25-19.15.12:184][768]LogGameMode:Display: Match State Changed from WaitingToStart to InProgress
[2018.04.25-19.15.12:668][768]LogScriptCore:Warning: Script Msg: Attempted to access index 0 from array CallFunc_GetAllActorsWithTag_OutActors2 of length 0!
[2018.04.25-19.15.12:673][768]LogBlueprintUserMessages: [DannyHUD_C_0] MainData Exists
[2018.04.25-19.15.12:903][768]LogGameState: Match State Changed from WaitingToStart to InProgress
[2018.04.25-19.15.12:931][768]PIE: Info Play in editor start time for /Game/Levels/W03_DryMoons/UEDPIE_0_TwightTemple2 4.012
[2018.04.25-19.16.34:960][171]LogTexture:Display: Building textures: Texture2D_16 (BGRA8, 16X16) - 735 MB total VRAM
[2018.04.25-19.16.34:969][171]LogTexture:Display: Building textures: Texture2D_3 (BGRA8, 16X16) - 735 MB total VRAM
[2018.04.25-19.16.36:901][187]Cmd: CAMERA ALIGN ACTIVEVIEWPORTONLY
[2018.04.25-19.16.57:818][651]Cmd: CAMERA ALIGN ACTIVEVIEWPORTONLY
[2018.04.25-19.16.59:239][682]Cmd: TRANSACTION UNDO
[2018.04.25-19.16.59:239][682]LogEditorTransaction: Undo Move Actors
[2018.04.25-19.17.00:374][706]Cmd: CAMERA ALIGN ACTIVEVIEWPORTONLY
[2018.04.25-19.17.08:560][886]Cmd: CAMERA ALIGN ACTIVEVIEWPORTONLY
[2018.04.25-19.17.23:038][198]LogEditorViewport: Clicking on Actor (context menu): StaticMeshActor (Room_1W10)
[2018.04.25-19.17.24:942][224]LogPlayLevel: PlayLevel: No blueprints needed recompiling
[2018.04.25-19.17.24:943][224]PIE: New page: PIE session: TwightTemple2 (Apr 25, 2018, 9:17:24 AM)
[2018.04.25-19.17.24:955][224]LogPlayLevel: Creating play world package: /Game/Levels/W03_DryMoons/UEDPIE_0_TwightTemple2
[2018.04.25-19.17.25:032][224]LogPlayLevel: PIE: StaticDuplicateObject took: (0.076750s)
[2018.04.25-19.17.25:033][224]LogAIModule: Creating AISystem for world TwightTemple2
[2018.04.25-19.17.25:033][224]LogPlayLevel: PIE: World Init took: (0.001216s)
[2018.04.25-19.17.25:033][224]LogPlayLevel: PIE: Created PIE world by copying editor world from /Game/Levels/W03_DryMoons/TwightTemple2.TwightTemple2 to /Game/Levels/W03_DryMoons/UEDPIE_0_TwightTemple2.TwightTemple2 (0.078542s)
[2018.04.25-19.17.25:077][224]LogInit: XAudio2 using 'Speakers (Realtek High Definition Audio)' : 2 channels at 48 kHz using 32 bits per sample (channel mask 0x3)
[2018.04.25-19.17.25:099][224]LogInit: FAudioDevice initialized.
[2018.04.25-19.17.25:144][224]LogLoad: Game class is 'ThirdPersonGameMode_C'
[2018.04.25-19.17.25:169][224]LogWorld: Bringing World /Game/Levels/W03_DryMoons/UEDPIE_0_TwightTemple2.TwightTemple2 up for play (max tick rate 60) at 2018.04.25-14.17.25
[2018.04.25-19.17.25:187][224]LogWorld: Bringing up level for play took: 0.040989
[2018.04.25-19.17.25:188][224]LogGameMode:Display: Match State Changed from EnteringMap to WaitingToStart
[2018.04.25-19.17.25:188][224]LogGameState: Match State Changed from EnteringMap to WaitingToStart
[2018.04.25-19.17.25:188][224]LogGameMode:Display: Match State Changed from WaitingToStart to InProgress
[2018.04.25-19.17.25:192][224]LogScriptCore:Warning: Script Msg: Attempted to access index 0 from array CallFunc_GetAllActorsWithTag_OutActors2 of length 0!
[2018.04.25-19.17.25:193][224]LogBlueprintUserMessages: [DannyHUD_C_0] MainData Exists
[2018.04.25-19.17.25:215][224]LogGameState: Match State Changed from WaitingToStart to InProgress
[2018.04.25-19.17.25:216][224]PIE: Info Play in editor start time for /Game/Levels/W03_DryMoons/UEDPIE_0_TwightTemple2 0.296
[2018.04.25-19.17.50:752][909]LogEditorViewport: Clicking on Actor (LMB): TargetSwitch_C (TargetSwitch3)
[2018.04.25-19.17.51:684][927]LogEditorViewport: Clicking on Actor (CTRL LMB): TargetSwitch_C (TargetSwitch2)
[2018.04.25-19.17.52:663][948]LogEditorViewport: Clicking on Actor (CTRL LMB): TargetSwitch_C (TargetSwitch)
[2018.04.25-19.17.58:752][ 81]Cmd: CAMERA ALIGN ACTIVEVIEWPORTONLY
[2018.04.25-19.18.15:310][466]Cmd: TRANSACTION UNDO
[2018.04.25-19.18.15:310][466]LogEditorTransaction: Undo Move Actors
[2018.04.25-19.18.19:396][553]Cmd: TRANSACTION UNDO
[2018.04.25-19.18.19:396][553]LogEditorTransaction: Undo Move Actors
[2018.04.25-19.18.26:533][708]Cmd: CAMERA ALIGN ACTIVEVIEWPORTONLY
[2018.04.25-19.22.01:322][459]LogEditorViewport: Clicking on Actor (LMB): StaticMeshActor (Room_1W9)
[2018.04.25-19.22.02:539][473]Cmd: CAMERA ALIGN ACTIVEVIEWPORTONLY
[2018.04.25-19.22.08:157][580]LogEditorViewport: Clicking on Actor (LMB): StaticMeshActor (Room_1W8)
[2018.04.25-19.22.08:429][582]Cmd: CAMERA ALIGN ACTIVEVIEWPORTONLY
[2018.04.25-19.27.22:199][ 57]LogEditorViewport: Clicking on Actor (LMB): StaticMeshActor (ColumnA14)
[2018.04.25-19.27.22:658][ 60]Cmd: CAMERA ALIGN ACTIVEVIEWPORTONLY
[2018.04.25-19.27.29:115][172]LogEditorViewport: Clicking on Actor (LMB): StaticMeshActor (Wall8)
[2018.04.25-19.27.57:206][674]LogEditorViewport: Clicking on Actor (LMB): StaticMeshActor (ColumnA15)
[2018.04.25-19.28.15:901][967]LogActorFactory: Actor Factory created Colps_Bridge
[2018.04.25-19.28.17:585][998]LogActorFactory: Actor Factory created Colps_Bridge
[2018.04.25-19.28.22:858][110]Cmd: TRANSACTION UNDO
[2018.04.25-19.28.22:858][110]LogEditorTransaction: Undo Move Actors
[2018.04.25-19.28.24:025][133]Cmd: TRANSACTION UNDO
[2018.04.25-19.28.24:025][133]LogEditorTransaction: Undo Create Actors
[2018.04.25-19.28.27:338][178]LogActorFactory: Actor Factory created Colps_Bridge
[2018.04.25-19.28.29:282][214]LogActorFactory: Actor Factory created Colps_Bridge
[2018.04.25-19.28.52:251][716]LogEditorViewport: Clicking on Actor (LMB): StaticMeshActor (Colps_Bridge)
[2018.04.25-19.28.57:246][826]Cmd: DELETE
[2018.04.25-19.28.57:283][826]Cmd: ACTOR DELETE
[2018.04.25-19.28.59:577][826]LogEditorActor: Deleted Actor: StaticMeshActor
[2018.04.25-19.28.59:656][826]LogEditorActor: Deleted 1 Actors (0.180 secs)
[2018.04.25-19.28.59:748][826]LogEditorViewport: Clicking Background
[2018.04.25-19.29.05:463][913]LogActorFactory: Actor Factory created Colps_Path3
[2018.04.25-19.29.08:978][991]LogActorFactory: Actor Factory created Colps_Path3
[2018.04.25-19.29.16:547][136]Cmd: DELETE
[2018.04.25-19.29.16:547][136]Cmd: ACTOR DELETE
[2018.04.25-19.29.16:553][136]LogEditorActor: Deleted Actor: StaticMeshActor
[2018.04.25-19.29.16:659][136]LogEditorActor: Deleted 1 Actors (0.112 secs)
[2018.04.25-19.29.18:148][146]LogActorFactory: Actor Factory created Colps_Path4
[2018.04.25-19.29.21:640][230]LogActorFactory: Actor Factory created Colps_Path4
[2018.04.25-19.29.22:563][238]LogStaticMesh: Building static mesh Colps_Path5...
[2018.04.25-19.29.22:756][238]LogStaticMesh: Built static mesh [0.19s] /Game/Environments/DryMoons/AnimForBP/Colps_Path5.Colps_Path5
[2018.04.25-19.29.23:145][238]LogActorFactory: Actor Factory created Colps_Path5
[2018.04.25-19.29.23:816][251]LogActorFactory: Actor Factory created Colps_Path5
[2018.04.25-19.29.25:761][286]Cmd: DELETE
[2018.04.25-19.29.25:761][286]Cmd: ACTOR DELETE
[2018.04.25-19.29.25:766][286]LogEditorActor: Deleted Actor: StaticMeshActor
[2018.04.25-19.29.25:887][286]LogEditorActor: Deleted 1 Actors (0.126 secs)
[2018.04.25-19.29.27:058][295]LogActorFactory: Actor Factory created Colps_Path2
[2018.04.25-19.29.28:116][319]LogActorFactory: Actor Factory created Colps_Path2
[2018.04.25-19.29.33:479][433]Cmd: DELETE
[2018.04.25-19.29.33:479][433]Cmd: ACTOR DELETE
[2018.04.25-19.29.33:483][433]LogEditorActor: Deleted Actor: StaticMeshActor
[2018.04.25-19.29.33:580][433]LogEditorActor: Deleted 1 Actors (0.100 secs)
[2018.04.25-19.29.34:418][453]LogEditorViewport: Clicking on Actor (LMB): StaticMeshActor (Colps_Path6)
[2018.04.25-19.29.43:265][634]Cmd: DELETE
[2018.04.25-19.29.43:265][634]Cmd: ACTOR DELETE
[2018.04.25-19.29.43:271][634]LogEditorActor: Deleted Actor: StaticMeshActor
[2018.04.25-19.29.43:379][634]LogEditorActor: Deleted 1 Actors (0.114 secs)
[2018.04.25-19.29.48:676][753]LogActorFactory: Actor Factory created Colps_Path2
[2018.04.25-19.29.49:913][783]LogActorFactory: Actor Factory created Colps_Path2
[2018.04.25-19.30.40:174][805]Cmd: CAMERA ALIGN ACTIVEVIEWPORTONLY
[2018.04.25-19.30.49:672][992]LogEditorViewport: Clicking on Actor (LMB): StaticMeshActor (Colps_Path2)
[2018.04.25-19.30.59:575][209]Cmd: CAMERA ALIGN ACTIVEVIEWPORTONLY
[2018.04.25-19.31.12:374][483]Cmd: CAMERA ALIGN ACTIVEVIEWPORTONLY
[2018.04.25-19.31.44:079][ 63]LogEditorViewport: Clicking on Actor (LMB): StaticMeshActor (Colps_Path2)
[2018.04.25-19.32.07:323][492]LogActorFactory: Actor Factory created Ladder
[2018.04.25-19.32.09:357][526]LogActorFactory: Actor Factory created Ladder
[2018.04.25-19.32.10:754][553]Cmd: CAMERA ALIGN ACTIVEVIEWPORTONLY
[2018.04.25-19.32.25:103][853]Cmd: CAMERA ALIGN ACTIVEVIEWPORTONLY
[2018.04.25-19.32.33:601][ 26]LogEditorViewport: Clicking on Actor (CTRL LMB): StaticMeshActor (Colps_Path2)
[2018.04.25-19.32.37:533][ 98]LogEditorViewport: Clicking on Actor (CTRL LMB): StaticMeshActor (Ladder5)
[2018.04.25-19.32.45:037][254]LogEditorViewport: Clicking on Actor (LMB): StaticMeshActor (Colps_Path2)
[2018.04.25-19.32.45:811][265]LogEditorViewport: Clicking on Actor (LMB): StaticMeshActor (Colps_Path2)
[2018.04.25-19.32.47:410][298]LogEditorViewport: Clicking on Actor (LMB): StaticMeshActor (Ladder5)
[2018.04.25-19.33.11:183][795]LogEditorViewport: Clicking on Actor (CTRL LMB): StaticMeshActor (Colps_Path2)
[2018.04.25-19.33.50:949][605]LogEditorViewport: Clicking on Actor (LMB): StaticMeshActor (Colps_Path2)
[2018.04.25-19.34.31:796][457]LogEditorViewport: Clicking on Actor (LMB): StaticMeshActor (Ladder5)
[2018.04.25-19.34.34:731][514]Cmd: CAMERA ALIGN ACTIVEVIEWPORTONLY
[2018.04.25-19.34.49:674][814]LogEditorViewport: Clicking on Actor (LMB): StaticMeshActor (Colps_Path2)
[2018.04.25-19.37.31:101][611]Cmd: DELETE
[2018.04.25-19.37.31:101][611]Cmd: ACTOR DELETE
[2018.04.25-19.37.31:105][611]LogEditorActor: Deleted Actor: 2_Switch_C
[2018.04.25-19.37.31:180][611]LogEditorActor: Deleted 1 Actors (0.079 secs)
[2018.04.25-19.37.45:052][875]Cmd: DELETE
[2018.04.25-19.37.45:052][875]Cmd: ACTOR DELETE
[2018.04.25-19.37.45:057][875]LogEditorActor: Deleted Actor: RecordPiece_C
[2018.04.25-19.37.45:160][875]LogEditorActor: Deleted 1 Actors (0.107 secs)
[2018.04.25-19.38.35:576][419]Cmd: CAMERA ALIGN ACTIVEVIEWPORTONLY
[2018.04.25-19.38.45:377][605]LogEditorViewport: Clicking on Actor (LMB): BarredDoor_C (BarredDoor2)
[2018.04.25-19.39.41:635][756]LogEditorViewport: Clicking on Actor (LMB): StaticMeshActor (Room_1W7)
[2018.04.25-19.39.56:578][ 12]LogEditorViewport: Clicking on Actor (LMB): BarredDoor_C (BarredDoor2)
[2018.04.25-19.40.00:194][ 88]Cmd: TRANSACTION UNDO
[2018.04.25-19.40.00:194][ 88]LogEditorTransaction: Undo Move Actors
[2018.04.25-19.41.25:767][579]LogEditorViewport: Clicking on Actor (LMB): StaticMeshActor (Room_1W10)
[2018.04.25-19.41.26:195][582]Cmd: CAMERA ALIGN ACTIVEVIEWPORTONLY
[2018.04.25-19.41.35:218][682]Cmd: CAMERA ALIGN ACTIVEVIEWPORTONLY
[2018.04.25-19.43.44:223][335]LogTexture:Display: Building textures: Texture2D_27 (BGRA8, 16X16) - 910 MB total VRAM
[2018.04.25-19.43.59:316][335]LogSavePackage: Save=16028.32ms
[2018.04.25-19.43.59:316][335]LogSavePackage: Moving '../../../../../../Users/Richa/Desktop/GalaxyGang/Saved/TwightTemple2_Auto1EDF0AA0A4468BECF7039639F5C929023.tmp' to '../../../../../../Users/Richa/Desktop/GalaxyGang/Saved/Autosaves/Game/Levels/W03_DryMoons/TwightTemple2_Auto1.umap'
[2018.04.25-19.43.59:319][335]LogSavePackage:Display: Finished SavePackage ../../../../../../Users/Richa/Desktop/GalaxyGang/Saved/Autosaves/Game/Levels/W03_DryMoons/TwightTemple2_Auto1.umap
[2018.04.25-19.44.00:115][335]LogFileHelpers: Editor autosave (incl. sublevels) for '/Game/Levels/W03_DryMoons/TwightTemple2' took 18.507
[2018.04.25-19.44.00:115][335]LogFileHelpers: Editor autosave (incl. sublevels) for all levels took 18.507
[2018.04.25-19.45.51:942][295]LogSavePackage: Save=4254.98ms
[2018.04.25-19.45.51:942][295]LogSavePackage: Moving '../../../../../../Users/Richa/Desktop/GalaxyGang/Saved/TwightTemple248B7C09549F7EE3F5738419279A2BC39.tmp' to '../../../../../../Users/Richa/Desktop/GalaxyGang/Content/Levels/W03_DryMoons/TwightTemple2.umap'
[2018.04.25-19.45.52:062][295]LogSavePackage:Display: Finished SavePackage ../../../../../../Users/Richa/Desktop/GalaxyGang/Content/Levels/W03_DryMoons/TwightTemple2.umap
[2018.04.25-19.45.52:239][295]LogFileHelpers: Saving map 'TwightTemple2' took 28.098
[2018.04.25-19.48.14:879][373]LogWindowsTextInputMethodSystem:Display: IME system now deactivated.
[2018.04.25-19.48.15:204][373]LogWindowsTextInputMethodSystem:Display: IME system now deactivated.
[2018.04.25-19.48.22:248][374]Cmd: QUIT_EDITOR
[2018.04.25-19.48.42:051][374]LogExit: Preparing to exit.
[2018.04.25-19.48.48:003][374]LogDirectoryWatcher: A directory notification for 'C:/Users/Richa/Desktop/GalaxyGang/Content/' was aborted.
[2018.04.25-19.48.51:313][374]LogExit: Editor shut down
[2018.04.25-19.48.51:315][374]LogExit: Transaction tracking system shut down
[2018.04.25-19.49.16:690][374]LogObj: Freed 0b from 0 cluster array pools.
[2018.04.25-19.49.16:690][374]LogExit: Object subsystem successfully closed.
[2018.04.25-19.49.20:147][374]LogD3D11RHI: Shutdown
[2018.04.25-19.49.20:168][374]LogD3D11RHI: CleanupD3DDevice
[2018.04.25-19.49.25:360][374]LogD3D11RHI: ~FD3D11DynamicRHI
[2018.04.25-19.49.42:612][374]LogModuleManager: Shutting down and abandoning module MovieSceneCapture (500)
[2018.04.25-19.49.42:612][374]LogModuleManager: Shutting down and abandoning module HierarchicalLODOutliner (498)
[2018.04.25-19.49.42:620][374]LogModuleManager: Shutting down and abandoning module CrashTracker (496)
[2018.04.25-19.49.42:760][374]LogModuleManager: Shutting down and abandoning module SceneOutliner (494)
[2018.04.25-19.49.42:760][374]LogModuleManager: Shutting down and abandoning module AddContentDialog (492)
[2018.04.25-19.49.43:450][374]LogDirectoryWatcher: A directory notification for 'C:/Program Files/Epic Games/UE_4.15/FeaturePacks/' was aborted.
[2018.04.25-19.49.43:463][374]LogModuleManager: Shutting down and abandoning module WidgetCarousel (491)
[2018.04.25-19.49.43:463][374]LogModuleManager: Shutting down and abandoning module EditorWidgets (488)
[2018.04.25-19.49.43:970][374]LogModuleManager: Shutting down and abandoning module CollectionManager (486)
[2018.04.25-19.49.44:235][374]LogDirectoryWatcher: A directory notification for 'C:/Users/Richa/Desktop/GalaxyGang/Content/Collections/' was aborted.
[2018.04.25-19.49.44:235][374]LogDirectoryWatcher: A directory notification for 'C:/Users/Richa/Desktop/GalaxyGang/Content/Developers/Richa/Collections/' was aborted.
[2018.04.25-19.49.44:235][374]LogDirectoryWatcher: A directory notification for 'C:/Users/Richa/Desktop/GalaxyGang/Saved/Collections/' was aborted.
[2018.04.25-19.49.44:235][374]LogModuleManager: Shutting down and abandoning module StatsViewer (484)
[2018.04.25-19.49.44:431][374]LogModuleManager: Shutting down and abandoning module FoliageEdit (482)
[2018.04.25-19.49.44:431][374]LogModuleManager: Shutting down and abandoning module LandscapeEditor (480)
[2018.04.25-19.49.44:923][374]LogModuleManager: Shutting down and abandoning module SceneDepthPickerMode (478)
[2018.04.25-19.49.44:923][374]LogModuleManager: Shutting down and abandoning module ActorPickerMode (476)
[2018.04.25-19.49.44:923][374]LogModuleManager: Shutting down and abandoning module GeometryMode (474)
[2018.04.25-19.49.44:923][374]LogModuleManager: Shutting down and abandoning module TextureAlignMode (472)
[2018.04.25-19.49.44:923][374]LogModuleManager: Shutting down and abandoning module BspMode (470)
[2018.04.25-19.49.45:127][374]LogModuleManager: Shutting down and abandoning module HardwareSurvey (468)
[2018.04.25-19.49.45:318][374]LogModuleManager: Shutting down and abandoning module SequenceRecorderSections (466)
[2018.04.25-19.49.45:318][374]LogModuleManager: Shutting down and abandoning module AutomationWorker (464)
[2018.04.25-19.49.45:346][374]LogModuleManager: Shutting down and abandoning module MatineeToLevelSequence (462)
[2018.04.25-19.49.45:515][374]LogModuleManager: Shutting down and abandoning module LevelSequenceEditor (460)
[2018.04.25-19.49.46:346][374]LogModuleManager: Shutting down and abandoning module PlacementMode (459)
[2018.04.25-19.49.46:346][374]LogModuleManager: Shutting down and abandoning module WmfMediaFactory (456)
[2018.04.25-19.49.46:346][374]LogModuleManager: Shutting down and abandoning module WmfMediaEditor (454)
[2018.04.25-19.49.46:346][374]LogModuleManager: Shutting down and abandoning module MfMediaFactory (452)
[2018.04.25-19.49.46:346][374]LogModuleManager: Shutting down and abandoning module MfMediaEditor (450)
[2018.04.25-19.49.46:346][374]LogModuleManager: Shutting down and abandoning module AvfMediaFactory (448)
[2018.04.25-19.49.46:346][374]LogModuleManager: Shutting down and abandoning module AvfMediaEditor (446)
[2018.04.25-19.49.46:346][374]LogModuleManager: Shutting down and abandoning module AndroidMediaFactory (444)
[2018.04.25-19.49.46:346][374]LogModuleManager: Shutting down and abandoning module Media (443)
[2018.04.25-19.49.46:346][374]LogModuleManager: Shutting down and abandoning module AndroidMediaEditor (440)
[2018.04.25-19.49.46:346][374]LogModuleManager: Shutting down and abandoning module CharacterAI (438)
[2018.04.25-19.49.46:346][374]LogModuleManager: Shutting down and abandoning module AudioCapture (436)
[2018.04.25-19.49.46:521][374]LogModuleManager: Shutting down and abandoning module SequenceRecorder (435)
[2018.04.25-19.49.46:662][374]LogModuleManager: Shutting down and abandoning module SmartSnapping (432)
[2018.04.25-19.49.46:662][374]LogModuleManager: Shutting down and abandoning module SessionServices (430)
[2018.04.25-19.49.46:743][374]LogModuleManager: Shutting down and abandoning module ViewportSnapping (428)
[2018.04.25-19.49.46:743][374]LogModuleManager: Shutting down and abandoning module ViewportInteraction (426)
[2018.04.25-19.49.46:743][374]LogModuleManager: Shutting down and abandoning module LogVisualizer (424)
[2018.04.25-19.49.47:635][374]LogModuleManager: Shutting down and abandoning module IntroTutorials (422)
[2018.04.25-19.49.48:028][374]LogModuleManager: Shutting down and abandoning module GameProjectGeneration (421)
[2018.04.25-19.49.48:431][374]LogModuleManager: Shutting down and abandoning module EditorLiveStreaming (418)
[2018.04.25-19.49.48:629][374]LogModuleManager: Shutting down and abandoning module IOSPlatformEditor (416)
[2018.04.25-19.49.48:727][374]LogModuleManager: Shutting down and abandoning module HTML5PlatformEditor (414)
[2018.04.25-19.49.48:727][374]LogModuleManager: Shutting down and abandoning module AndroidPlatformEditor (412)
[2018.04.25-19.49.48:828][374]LogModuleManager: Shutting down and abandoning module AndroidDeviceDetection (411)
[2018.04.25-19.49.49:902][374]LogModuleManager: Shutting down and abandoning module IOSRuntimeSettings (408)
[2018.04.25-19.49.49:902][374]LogModuleManager: Shutting down and abandoning module AndroidRuntimeSettings (406)
[2018.04.25-19.49.49:902][374]LogModuleManager: Shutting down and abandoning module InputBindingEditor (404)
[2018.04.25-19.49.50:072][374]LogModuleManager: Shutting down and abandoning module NiagaraEditor (402)
[2018.04.25-19.49.50:495][374]LogModuleManager: Shutting down and abandoning module MergeActors (400)
[2018.04.25-19.49.50:683][374]LogModuleManager: Shutting down and abandoning module SizeMap (398)
[2018.04.25-19.49.50:736][374]LogModuleManager: Shutting down and abandoning module TreeMap (396)
[2018.04.25-19.49.50:876][374]LogModuleManager: Shutting down and abandoning module ReferenceViewer (394)
[2018.04.25-19.49.51:122][374]LogModuleManager: Shutting down and abandoning module LocalizationDashboard (392)
[2018.04.25-19.49.51:660][374]LogModuleManager: Shutting down and abandoning module LocalizationService (391)
[2018.04.25-19.49.52:005][374]LogModuleManager: Shutting down and abandoning module HardwareTargeting (388)
[2018.04.25-19.49.52:005][374]LogModuleManager: Shutting down and abandoning module DeviceProfileEditor (386)
[2018.04.25-19.49.52:024][374]LogModuleManager: Shutting down and abandoning module UndoHistory (384)
[2018.04.25-19.49.52:142][374]LogModuleManager: Shutting down and abandoning module UserFeedback (382)
[2018.04.25-19.49.52:142][374]LogModuleManager: Shutting down and abandoning module XmlParser (380)
[2018.04.25-19.49.52:193][374]LogModuleManager: Shutting down and abandoning module Blutility (378)
[2018.04.25-19.49.52:193][374]LogModuleManager: Shutting down and abandoning module ProjectSettingsViewer (376)
[2018.04.25-19.49.52:193][374]LogModuleManager: Shutting down and abandoning module ProjectTargetPlatformEditor (375)
[2018.04.25-19.49.52:344][374]LogModuleManager: Shutting down and abandoning module EditorSettingsViewer (372)
[2018.04.25-19.49.52:344][374]LogModuleManager: Shutting down and abandoning module SettingsEditor (370)
[2018.04.25-19.49.52:847][374]LogModuleManager: Shutting down and abandoning module ProjectLauncher (368)
[2018.04.25-19.49.53:081][374]LogModuleManager: Shutting down and abandoning module SessionFrontend (366)
[2018.04.25-19.49.53:291][374]LogModuleManager: Shutting down and abandoning module ProfilerClient (364)
[2018.04.25-19.49.53:324][374]LogModuleManager: Shutting down and abandoning module DeviceManager (362)
[2018.04.25-19.49.53:464][374]LogModuleManager: Shutting down and abandoning module TargetDeviceServices (361)
[2018.04.25-19.49.54:233][374]LogModuleManager: Shutting down and abandoning module AutomationController (358)
[2018.04.25-19.49.54:691][374]LogModuleManager: Shutting down and abandoning module AutomationWindow (356)
[2018.04.25-19.49.54:982][374]LogModuleManager: Shutting down and abandoning module Layers (354)
[2018.04.25-19.49.55:823][374]LogModuleManager: Shutting down and abandoning module ComponentVisualizers (352)
[2018.04.25-19.49.55:823][374]LogModuleManager: Shutting down and abandoning module DetailCustomizations (350)
[2018.04.25-19.49.56:032][374]LogModuleManager: Shutting down and abandoning module PackagesDialog (348)
[2018.04.25-19.49.56:140][374]LogModuleManager: Shutting down and abandoning module Persona (346)
[2018.04.25-19.49.56:297][374]LogModuleManager: Shutting down and abandoning module AnimGraph (345)
[2018.04.25-19.49.56:297][374]LogModuleManager: Shutting down and abandoning module Kismet (342)
[2018.04.25-19.49.56:867][374]LogModuleManager: Shutting down and abandoning module GraphEditor (340)
[2018.04.25-19.49.57:068][374]LogModuleManager: Shutting down and abandoning module ClassViewer (338)
[2018.04.25-19.49.57:539][374]LogModuleManager: Shutting down and abandoning module Toolbox (336)
[2018.04.25-19.49.57:559][374]LogModuleManager: Shutting down and abandoning module ModuleUI (334)
[2018.04.25-19.49.57:615][374]LogModuleManager: Shutting down and abandoning module MovieSceneTools (332)
[2018.04.25-19.49.58:441][374]LogModuleManager: Shutting down and abandoning module OutputLog (330)
[2018.04.25-19.49.58:609][374]LogModuleManager: Shutting down and abandoning module GammaUI (328)
[2018.04.25-19.49.58:709][374]LogModuleManager: Shutting down and abandoning module Documentation (326)
[2018.04.25-19.49.58:709][374]LogModuleManager: Shutting down and abandoning module Niagara (324)
[2018.04.25-19.49.58:709][374]LogModuleManager: Shutting down and abandoning module StreamingPauseRendering (322)
[2018.04.25-19.49.58:709][374]LogModuleManager: Shutting down and abandoning module AnalyticsET (320)
[2018.04.25-19.49.58:709][374]LogModuleManager: Shutting down and abandoning module PortalServices (318)
[2018.04.25-19.49.58:709][374]LogModuleManager: Shutting down and abandoning module PortalRpc (316)
[2018.04.25-19.49.58:709][374]LogModuleManager: Shutting down and abandoning module MessagingRpc (314)
[2018.04.25-19.49.58:709][374]LogModuleManager: Shutting down and abandoning module AIModule (312)
[2018.04.25-19.49.59:007][374]LogModuleManager: Shutting down and abandoning module GameplayDebugger (311)
[2018.04.25-19.49.59:007][374]LogModuleManager: Shutting down and abandoning module AITestSuite (309)
[2018.04.25-19.49.59:027][374]LogModuleManager: Shutting down and abandoning module DesktopPlatform (306)
[2018.04.25-19.49.59:304][374]LogModuleManager: Shutting down and abandoning module ProfilerService (304)
[2018.04.25-19.50.00:462][374]LogModuleManager: Shutting down and abandoning module TaskGraph (302)
[2018.04.25-19.50.00:877][374]LogModuleManager: Shutting down and abandoning module SteamVRController (300)
[2018.04.25-19.50.00:877][374]LogModuleManager: Shutting down and abandoning module SteamVR (298)
[2018.04.25-19.50.00:877][374]LogModuleManager: Shutting down and abandoning module ProceduralMeshComponentEditor (296)
[2018.04.25-19.50.00:877][374]LogModuleManager: Shutting down and abandoning module ProceduralMeshComponent (294)
[2018.04.25-19.50.00:877][374]LogModuleManager: Shutting down and abandoning module OculusLibrary (292)
[2018.04.25-19.50.00:877][374]LogModuleManager: Shutting down and abandoning module OculusInput (290)
[2018.04.25-19.50.00:877][374]LogModuleManager: Shutting down and abandoning module MobilePatchingUtils (288)
[2018.04.25-19.50.00:877][374]LogModuleManager: Shutting down and abandoning module CustomMeshComponent (286)
[2018.04.25-19.50.00:877][374]LogModuleManager: Shutting down and abandoning module CableComponent (284)
[2018.04.25-19.50.00:929][374]LogModuleManager: Shutting down and abandoning module ArchVisCharacter (282)
[2018.04.25-19.50.00:929][374]LogModuleManager: Shutting down and abandoning module MediaPlayerEditor (278)
[2018.04.25-19.50.01:500][374]LogModuleManager: Shutting down and abandoning module HTML5Networking (276)
[2018.04.25-19.50.01:534][374]LogModuleManager: Shutting down and abandoning module CodeView (274)
[2018.04.25-19.50.01:691][374]LogModuleManager: Shutting down and abandoning module AlembicImporter (272)
[2018.04.25-19.50.01:724][374]LogModuleManager: Shutting down and abandoning module AlembicLibrary (271)
[2018.04.25-19.50.01:826][374]LogModuleManager: Shutting down and abandoning module GeometryCache (270)
[2018.04.25-19.50.01:826][374]LogModuleManager: Shutting down and abandoning module GeometryCacheEd (269)
[2018.04.25-19.50.01:826][374]LogModuleManager: Shutting down and abandoning module SuperSearchEditor (264)
[2018.04.25-19.50.01:826][374]LogModuleManager: Shutting down and abandoning module SuperSearch (263)
[2018.04.25-19.50.01:922][374]LogModuleManager: Shutting down and abandoning module SpeedTreeImporter (260)
[2018.04.25-19.50.01:922][374]LogModuleManager: Shutting down and abandoning module PluginBrowser (258)
[2018.04.25-19.50.02:474][374]LogModuleManager: Shutting down and abandoning module MobileLauncherProfileWizard (256)
[2018.04.25-19.50.02:866][374]LogModuleManager: Shutting down and abandoning module EpicSurvey (254)
[2018.04.25-19.50.02:994][374]LogModuleManager: Shutting down and abandoning module UObjectPlugin (252)
[2018.04.25-19.50.02:994][374]LogModuleManager: Shutting down and abandoning module SubversionSourceControl (250)
[2018.04.25-19.50.03:119][374]LogModuleManager: Shutting down and abandoning module PerforceSourceControl (248)
[2018.04.25-19.50.03:469][374]LogModuleManager: Shutting down and abandoning module GitSourceControl (246)
[2018.04.25-19.50.03:860][374]LogModuleManager: Shutting down and abandoning module SourceControl (245)
[2018.04.25-19.50.04:154][374]LogModuleManager: Shutting down and abandoning module LightPropagationVolumeEditor (242)
[2018.04.25-19.50.04:190][374]LogModuleManager: Shutting down and abandoning module PaperTiledImporter (240)
[2018.04.25-19.50.04:190][374]LogModuleManager: Shutting down and abandoning module PaperSpriteSheetImporter (238)
[2018.04.25-19.50.04:190][374]LogModuleManager: Shutting down and abandoning module Paper2DEditor (236)
[2018.04.25-19.50.04:421][374]LogModuleManager: Shutting down and abandoning module MeshPaint (235)
[2018.04.25-19.50.04:454][374]LogModuleManager: Shutting down and abandoning module LevelEditor (233)
[2018.04.25-19.50.04:935][374]LogModuleManager: Shutting down and abandoning module PixelInspectorModule (232)
[2018.04.25-19.50.05:230][374]LogModuleManager: Shutting down and abandoning module MainFrame (230)
[2018.04.25-19.50.05:251][374]LogModuleManager: Shutting down and abandoning module HotReload (229)
[2018.04.25-19.50.05:388][374]LogModuleManager: Shutting down and abandoning module ContentBrowser (225)
[2018.04.25-19.50.05:391][374]LogModuleManager: Shutting down and abandoning module PhysXVehiclesEditor (222)
[2018.04.25-19.50.05:406][374]LogModuleManager: Shutting down and abandoning module PhysXVehicles (220)
[2018.04.25-19.50.05:406][374]LogModuleManager: Shutting down and abandoning module LocationServicesBPLibrary (218)
[2018.04.25-19.50.05:406][374]LogModuleManager: Shutting down and abandoning module UdpMessaging (216)
[2018.04.25-19.50.05:970][374]LogModuleManager: Shutting down and abandoning module TcpMessaging (214)
[2018.04.25-19.50.06:083][374]LogModuleManager: Shutting down and abandoning module GameplayTagsEditor (212)
[2018.04.25-19.50.06:188][374]LogModuleManager: Shutting down and abandoning module FacialAnimationEditor (210)
[2018.04.25-19.50.06:295][374]LogModuleManager: Shutting down and abandoning module FacialAnimation (208)
[2018.04.25-19.50.06:295][374]LogModuleManager: Shutting down and abandoning module LightPropagationVolumeRuntime (206)
[2018.04.25-19.50.06:295][374]LogModuleManager: Shutting down and abandoning module Paper2D (204)
[2018.04.25-19.50.06:326][374]LogModuleManager: Shutting down and abandoning module WindowsMoviePlayer (202)
[2018.04.25-19.50.06:398][374]LogModuleManager: Shutting down and abandoning module WmfMedia (200)
[2018.04.25-19.50.06:488][374]LogModuleManager: Shutting down and abandoning module MfMedia (198)
[2018.04.25-19.50.06:488][374]LogModuleManager: Shutting down and abandoning module MediaAssets (196)
[2018.04.25-19.50.06:488][374]LogModuleManager: Shutting down and abandoning module GameLiveStreaming (194)
[2018.04.25-19.50.06:522][374]LogModuleManager: Shutting down and abandoning module VREditor (192)
[2018.04.25-19.50.06:541][374]LogModuleManager: Shutting down and abandoning module GameplayTasksEditor (190)
[2018.04.25-19.50.06:541][374]LogModuleManager: Shutting down and abandoning module BehaviorTreeEditor (188)
[2018.04.25-19.50.06:966][374]LogModuleManager: Shutting down and abandoning module FunctionalTesting (186)
[2018.04.25-19.50.06:966][374]LogModuleManager: Shutting down and abandoning module CollisionAnalyzer (184)
[2018.04.25-19.50.07:204][374]LogModuleManager: Shutting down and abandoning module UMG (182)
[2018.04.25-19.50.07:247][374]LogModuleManager: Shutting down and abandoning module UMGEditor (181)
[2018.04.25-19.50.07:715][374]LogModuleManager: Shutting down and abandoning module Sequencer (180)
[2018.04.25-19.50.07:798][374]LogModuleManager: Shutting down and abandoning module AssetTools (178)
[2018.04.25-19.50.08:284][374]LogModuleManager: Shutting down and abandoning module MessageLog (177)
[2018.04.25-19.50.08:284][374]LogModuleManager: Shutting down and abandoning module WorkspaceMenuStructure (176)
[2018.04.25-19.50.08:524][374]LogModuleManager: Shutting down and abandoning module SlateReflector (170)
[2018.04.25-19.50.08:771][374]LogModuleManager: Shutting down and abandoning module Slate (168)
[2018.04.25-19.50.08:771][374]LogModuleManager: Shutting down and abandoning module EditorStyle (166)
[2018.04.25-19.50.11:071][374]LogModuleManager: Shutting down and abandoning module SourceCodeAccess (164)
[2018.04.25-19.50.11:222][374]LogModuleManager: Shutting down and abandoning module HeadMountedDisplay (162)
[2018.04.25-19.50.11:222][374]LogModuleManager: Shutting down and abandoning module XAudio2 (160)
[2018.04.25-19.50.11:222][374]LogModuleManager: Shutting down and abandoning module Networking (158)
[2018.04.25-19.50.11:222][374]LogModuleManager: Shutting down and abandoning module Core (154)
[2018.04.25-19.50.11:222][374]LogModuleManager: Shutting down and abandoning module AssetRegistry (152)
[2018.04.25-19.50.12:694][374]LogDirectoryWatcher: A directory notification for '../../../Engine/Content/' was aborted.
[2018.04.25-19.50.12:694][374]LogDirectoryWatcher: A directory notification for '../../../../../../Users/Richa/Desktop/GalaxyGang/Content/' was aborted.
[2018.04.25-19.50.12:694][374]LogDirectoryWatcher: A directory notification for '../../../Engine/Plugins/2D/Paper2D/Content/' was aborted.
[2018.04.25-19.50.12:757][374]LogModuleManager: Shutting down and abandoning module DirectoryWatcher (151)
[2018.04.25-19.50.12:763][374]LogModuleManager: Shutting down and abandoning module KismetCompiler (148)
[2018.04.25-19.50.12:884][374]LogModuleManager: Shutting down and abandoning module PhysXFormats (146)
[2018.04.25-19.50.12:952][374]LogModuleManager: Shutting down and abandoning module MeshUtilities (144)
[2018.04.25-19.50.13:234][374]LogModuleManager: Shutting down and abandoning module SimplygonSwarm (143)
[2018.04.25-19.50.13:747][374]LogModuleManager: Shutting down and abandoning module SimplygonMeshReduction (141)
[2018.04.25-19.50.14:004][374]LogModuleManager: Shutting down and abandoning module QuadricMeshReduction (139)
[2018.04.25-19.50.14:113][374]LogModuleManager: Shutting down and abandoning module PropertyEditor (137)
[2018.04.25-19.50.14:543][374]LogModuleManager: Shutting down and abandoning module DerivedDataCache (134)
[2018.04.25-19.50.14:725][374]LogDerivedDataCache: Shutdown
[2018.04.25-19.50.14:725][374]LogModuleManager: Shutting down and abandoning module TargetPlatform (132)
[2018.04.25-19.50.14:796][374]LogModuleManager: Shutting down and abandoning module VulkanShaderFormat (131)
[2018.04.25-19.50.14:939][374]LogModuleManager: Shutting down and abandoning module ShaderFormatOpenGL (129)
[2018.04.25-19.50.14:990][374]LogModuleManager: Shutting down and abandoning module ShaderFormatD3D (127)
[2018.04.25-19.50.15:216][374]LogModuleManager: Shutting down and abandoning module MetalShaderFormat (125)
[2018.04.25-19.50.15:467][374]LogModuleManager: Shutting down and abandoning module TextureFormatUncompressed (123)
[2018.04.25-19.50.15:467][374]LogModuleManager: Shutting down and abandoning module TextureFormatPVR (121)
[2018.04.25-19.50.15:467][374]LogModuleManager: Shutting down and abandoning module TextureFormatDXT (119)
[2018.04.25-19.50.15:577][374]LogModuleManager: Shutting down and abandoning module TextureFormatIntelISPCTexComp (117)
[2018.04.25-19.50.16:931][374]LogModuleManager: Shutting down and abandoning module TextureFormatASTC (115)
[2018.04.25-19.50.16:931][374]LogModuleManager: Shutting down and abandoning module ImageWrapper (114)
[2018.04.25-19.50.16:931][374]LogModuleManager: Shutting down and abandoning module TextureFormatAndroid (111)
[2018.04.25-19.50.17:030][374]LogModuleManager: Shutting down and abandoning module AudioFormatOpus (109)
[2018.04.25-19.50.17:030][374]LogModuleManager: Shutting down and abandoning module AudioFormatOgg (107)
[2018.04.25-19.50.17:236][374]LogModuleManager: Shutting down and abandoning module AudioFormatADPCM (105)
[2018.04.25-19.50.17:236][374]LogModuleManager: Shutting down and abandoning module LinuxTargetPlatform (103)
[2018.04.25-19.50.17:414][374]LogModuleManager: Shutting down and abandoning module LinuxServerTargetPlatform (101)
[2018.04.25-19.50.17:414][374]LogModuleManager: Shutting down and abandoning module LinuxNoEditorTargetPlatform (99)
[2018.04.25-19.50.17:414][374]LogModuleManager: Shutting down and abandoning module LinuxClientTargetPlatform (97)
[2018.04.25-19.50.17:414][374]LogModuleManager: Shutting down and abandoning module TVOSTargetPlatform (95)
[2018.04.25-19.50.17:414][374]LogModuleManager: Shutting down and abandoning module Messaging (93)
[2018.04.25-19.50.17:414][374]LogModuleManager: Shutting down and abandoning module IOSTargetPlatform (91)
[2018.04.25-19.50.17:414][374]LogModuleManager: Shutting down and abandoning module HTML5TargetPlatform (89)
[2018.04.25-19.50.17:517][374]LogModuleManager: Shutting down and abandoning module Android_PVRTCTargetPlatform (87)
[2018.04.25-19.50.17:750][374]LogModuleManager: Shutting down and abandoning module Android_MultiTargetPlatform (85)
[2018.04.25-19.50.17:750][374]LogModuleManager: Shutting down and abandoning module Android_ETC2TargetPlatform (83)
[2018.04.25-19.50.17:784][374]LogModuleManager: Shutting down and abandoning module Android_ETC1TargetPlatform (81)
[2018.04.25-19.50.17:850][374]LogModuleManager: Shutting down and abandoning module Android_DXTTargetPlatform (79)
[2018.04.25-19.50.18:024][374]LogModuleManager: Shutting down and abandoning module Android_ATCTargetPlatform (77)
[2018.04.25-19.50.18:236][374]LogModuleManager: Shutting down and abandoning module Android_ASTCTargetPlatform (75)
[2018.04.25-19.50.18:270][374]LogModuleManager: Shutting down and abandoning module AndroidTargetPlatform (73)
[2018.04.25-19.50.18:285][374]LogModuleManager: Shutting down and abandoning module WindowsTargetPlatform (71)
[2018.04.25-19.50.18:285][374]LogModuleManager: Shutting down and abandoning module WindowsServerTargetPlatform (69)
[2018.04.25-19.50.18:285][374]LogModuleManager: Shutting down and abandoning module WindowsNoEditorTargetPlatform (67)
[2018.04.25-19.50.18:324][374]LogModuleManager: Shutting down and abandoning module WindowsClientTargetPlatform (65)
[2018.04.25-19.50.18:390][374]LogModuleManager: Shutting down and abandoning module MacTargetPlatform (63)
[2018.04.25-19.50.18:390][374]LogModuleManager: Shutting down and abandoning module MacServerTargetPlatform (61)
[2018.04.25-19.50.18:423][374]LogModuleManager: Shutting down and abandoning module MacNoEditorTargetPlatform (59)
[2018.04.25-19.50.18:458][374]LogModuleManager: Shutting down and abandoning module MacClientTargetPlatform (57)
[2018.04.25-19.50.18:604][374]LogModuleManager: Shutting down and abandoning module AllDesktopTargetPlatform (55)
[2018.04.25-19.50.18:604][374]LogModuleManager: Shutting down and abandoning module InputCore (52)
[2018.04.25-19.50.18:714][374]LogModuleManager: Shutting down and abandoning module Settings (50)
[2018.04.25-19.50.18:714][374]LogModuleManager: Shutting down and abandoning module OculusRift (48)
[2018.04.25-19.50.18:815][374]LogModuleManager: Shutting down and abandoning module GearVR (46)
[2018.04.25-19.50.18:815][374]LogModuleManager: Shutting down and abandoning module ExampleDeviceProfileSelector (44)
[2018.04.25-19.50.18:815][374]LogModuleManager: Shutting down and abandoning module OnlineBlueprintSupport (42)
[2018.04.25-19.50.18:815][374]LogModuleManager: Shutting down and abandoning module OnlineSubsystem (38)
[2018.04.25-19.50.18:815][374]LogOnline:Display: Unloading online subsystem: NULL
[2018.04.25-19.50.19:199][374]LogModuleManager: Shutting down and abandoning module XMPP (37)
[2018.04.25-19.50.19:453][374]LogModuleManager: Shutting down and abandoning module HTTP (35)
[2018.04.25-19.50.19:586][374]LogHttp:Display: Http module shutting down, but needs to wait on 1 outstanding Http requests:
[2018.04.25-19.50.19:586][374]LogHttp:Display: 	verb=[POST] url=[https://datarouter.ol.epicgames.com/datarouter/api/v1/public/data?SessionID=%7B0261E610-4FDD-8C78-4CA1-DFABA698884B%7D&AppID=UEEditor.Rocket.Release&AppVersion=4.15.3-3450819%2B%2B%2BUE4%2BRelease-4.15&UserID=5b603b244070857be6e21db07fac4498%7C4e52399356044f1baac68bdb5a4ee55b%7C7ab93c02-ae7a-45b6-a8d9-e2cb6f613e2a&AppEnvironment=datacollector-binary&UploadType=eteventstream] status=Processing
[2018.04.25-19.50.19:671][374]LogModuleManager: Shutting down and abandoning module SSL (34)
[2018.04.25-19.50.20:436][374]LogModuleManager: Shutting down and abandoning module AudioEditor (30)
[2018.04.25-19.50.20:502][374]LogModuleManager: Shutting down and abandoning module TextureCompressor (28)
[2018.04.25-19.50.21:477][374]LogModuleManager: Shutting down and abandoning module ShaderCore (26)
[2018.04.25-19.50.21:477][374]LogModuleManager: Shutting down and abandoning module Landscape (24)
[2018.04.25-19.50.21:477][374]LogModuleManager: Shutting down and abandoning module SlateRHIRenderer (22)
[2018.04.25-19.50.22:017][374]LogModuleManager: Shutting down and abandoning module OpenGLDrv (20)
[2018.04.25-19.50.22:118][374]LogModuleManager: Shutting down and abandoning module D3D11RHI (18)
[2018.04.25-19.50.22:118][374]LogModuleManager: Shutting down and abandoning module AnimGraphRuntime (16)
[2018.04.25-19.50.22:430][374]LogModuleManager: Shutting down and abandoning module Renderer (14)
[2018.04.25-19.50.22:430][374]LogModuleManager: Shutting down and abandoning module Engine (12)
[2018.04.25-19.50.22:430][374]LogModuleManager: Shutting down and abandoning module CoreUObject (10)
[2018.04.25-19.50.22:430][374]LogModuleManager: Shutting down and abandoning module NetworkFile (8)
[2018.04.25-19.50.22:966][374]LogModuleManager: Shutting down and abandoning module StreamingFile (6)
[2018.04.25-19.50.23:098][374]LogModuleManager: Shutting down and abandoning module SandboxFile (4)
[2018.04.25-19.50.23:186][374]LogModuleManager: Shutting down and abandoning module PakFile (2)
[2018.04.25-19.50.24:169][374]LogExit: Exiting.
[2018.04.25-19.50.24:242][374]Log file closed, 04/25/18 14:50:24
