Log file open, 03/07/18 00:04:48
LogInit:Display: Running engine for game: GalaxyGangGame
LogPlatformFile: Not using cached read wrapper
LogInit:Display: RandInit(-895014735) SRandInit(-895014735).
LogTaskGraph: Started task graph with 5 named threads and 6 total threads with 1 sets of task threads.
LogStats: Stats thread started at 0.085284
LogInit: Using libcurl 7.47.1
LogInit:  - built for x86_64-pc-win32
LogInit:  - supports SSL with OpenSSL/1.0.2g
LogInit:  - supports HTTP deflate (compression) using libz 1.2.8
LogInit:  - other features:
LogInit:      CURL_VERSION_SSL
LogInit:      CURL_VERSION_LIBZ
LogInit:      CURL_VERSION_IPV6
LogInit:      CURL_VERSION_ASYNCHDNS
LogInit:      CURL_VERSION_LARGEFILE
LogInit:      CURL_VERSION_IDN
LogInit:  CurlRequestOptions (configurable via config and command line):
LogInit:  - bVerifyPeer = false  - Libcurl will NOT verify peer certificate
LogInit:  - bUseHttpProxy = false  - Libcurl will NOT use HTTP proxy
LogInit:  - bDontReuseConnections = false  - Libcurl will reuse connections
LogInit:  - CertBundlePath = nullptr  - Libcurl will use whatever was configured at build time.
LogInit: Build: ++UE4+Release-4.15-CL-3450819
LogInit: Engine Version: 4.15.3-3450819+++UE4+Release-4.15
LogInit: Compatible Engine Version: 4.15.0-3299760+++UE4+Release-4.15
LogInit: Net CL: 3299760
LogDevObjectVersion: Number of dev versions registered: 14
LogDevObjectVersion:   Dev-Blueprints (B0D832E4-1F89-4F0D-ACCF-7EB736FD4AA2): 8
LogDevObjectVersion:   Dev-Build (E1C64328-A22C-4D53-A36C-8E866417BD8C): 0
LogDevObjectVersion:   Dev-Core (375EC13C-06E4-48FB-B500-84F0262A717E): 2
LogDevObjectVersion:   Dev-Editor (E4B068ED-F494-42E9-A231-DA0B2E46BB41): 14
LogDevObjectVersion:   Dev-Framework (CFFC743F-43B0-4480-9391-14DF171D2073): 22
LogDevObjectVersion:   Dev-Mobile (B02B49B5-BB20-44E9-A304-32B752E40360): 0
LogDevObjectVersion:   Dev-Networking (A4E4105C-59A1-49B5-A7C5-40C4547EDFEE): 0
LogDevObjectVersion:   Dev-Online (39C831C9-5AE6-47DC-9A44-9C173E1C8E7C): 0
LogDevObjectVersion:   Dev-Physics (78F01B33-EBEA-4F98-B9B4-84EACCB95AA2): 0
LogDevObjectVersion:   Dev-Platform (6631380F-2D4D-43E0-8009-CF276956A95A): 0
LogDevObjectVersion:   Dev-Rendering (12F88B9F-8875-4AFC-A67C-D90C383ABD29): 12
LogDevObjectVersion:   Dev-Sequencer (7B5AE74C-D270-4C10-A958-57980B212A5A): 3
LogDevObjectVersion:   Dev-VR (D7296918-1DD6-4BDD-9DE2-64A83CC13884): 0
LogDevObjectVersion:   Dev-LoadTimes (C2A15278-BFE7-4AFE-6C17-90FF531DF755): 1
LogInit: Compiled (64-bit): May 21 2017 11:02:34
LogInit: Compiled with Visual C++: 19.00.23026.00
LogInit: Build Configuration: Development
LogInit: Branch Name: ++UE4+Release-4.15
LogInit: Command line: 
LogInit: Base directory: C:/Program Files/Epic Games/UE_4.15/Engine/Binaries/Win64/
LogInit: Installed Engine Build: 1
LogInit: Presizing for max 8388607 objects, including 0 objects not considered by GC, pre-allocating 0 bytes for permanent pool.
LogInit: Object subsystem initialized
[2018.03.07-06.04.49:745][  0]LogInit: Selected Device Profile: [Windows]
[2018.03.07-06.04.49:745][  0]LogInit: Applying CVar settings loaded from the selected device profile: [Windows]
[2018.03.07-06.04.49:780][  0]LogInit: Computer: DESKTOP-SSSFMAE
[2018.03.07-06.04.49:780][  0]LogInit: User: Richa
[2018.03.07-06.04.49:780][  0]LogInit: CPU Page size=65536, Cores=2
[2018.03.07-06.04.49:780][  0]LogInit: High frequency timer resolution =2.343750 MHz
[2018.03.07-06.04.49:780][  0]LogMemory: Memory total: Physical=7.9GB (8GB approx)
[2018.03.07-06.04.49:780][  0]LogMemory: Platform Memory Stats for Windows
[2018.03.07-06.04.49:780][  0]LogMemory: Process Physical Memory: 269.49 MB used, 269.49 MB peak
[2018.03.07-06.04.49:780][  0]LogMemory: Process Virtual Memory: 275.01 MB used, 275.01 MB peak
[2018.03.07-06.04.49:780][  0]LogMemory: Physical Memory: 3495.48 MB used,  4601.18 MB free, 8096.66 MB total
[2018.03.07-06.04.49:780][  0]LogMemory: Virtual Memory: 694.10 MB used,  4601.18 MB free, 134217728.00 MB total
[2018.03.07-06.04.49:884][  0]LogTextLocalizationManager: No specific translations for ('en-US') exist, so ('en') translations will be used.
[2018.03.07-06.04.50:844][  0]LogD3D11RHI: D3D11 adapters:
[2018.03.07-06.04.50:857][  0]LogD3D11RHI:    0. 'Intel(R) HD Graphics 620' (Feature Level 11_0)
[2018.03.07-06.04.50:857][  0]LogD3D11RHI:       128/0/4048 MB DedicatedVideo/DedicatedSystem/SharedSystem, Outputs:1, VendorId:0x8086
[2018.03.07-06.04.50:861][  0]LogD3D11RHI:    1. 'Microsoft Basic Render Driver' (Feature Level 11_0)
[2018.03.07-06.04.50:861][  0]LogD3D11RHI:       0/0/4048 MB DedicatedVideo/DedicatedSystem/SharedSystem, Outputs:0, VendorId:0x1414
[2018.03.07-06.04.50:861][  0]LogD3D11RHI: Chosen D3D11 Adapter: 0
[2018.03.07-06.04.50:870][  0]LogD3D11RHI: Creating new Direct3DDevice
[2018.03.07-06.04.50:870][  0]LogD3D11RHI:     GPU DeviceId: 0x5916 (for the marketing name, search the web for "GPU Device Id")
[2018.03.07-06.04.50:870][  0]LogWindows: EnumDisplayDevices:
[2018.03.07-06.04.50:870][  0]LogWindows:    0. 'Intel(R) HD Graphics 620' (P:1 D:1)
[2018.03.07-06.04.50:870][  0]LogWindows:    1. 'Intel(R) HD Graphics 620' (P:0 D:0)
[2018.03.07-06.04.50:870][  0]LogWindows:    2. 'Intel(R) HD Graphics 620' (P:0 D:0)
[2018.03.07-06.04.50:871][  0]LogWindows: DebugString: GetVideoDriverDetailsInvalid PrimaryIsNotTheChoosenAdapter GetVideoDriverDetailsInvalid PrimaryIsNotTheChoosenAdapter GetVideoDriverDetailsInvalid PrimaryIsNotTheChoosenAdapter FoundDriverCount:0 
[2018.03.07-06.04.50:871][  0]LogD3D11RHI:     Adapter Name: Intel(R) HD Graphics 620
[2018.03.07-06.04.50:871][  0]LogD3D11RHI:   Driver Version: Unknown (internal:Unknown, unified:Unknown)
[2018.03.07-06.04.50:871][  0]LogD3D11RHI:      Driver Date: Unknown
[2018.03.07-06.04.50:871][  0]LogRHI: Texture pool is 1361 MB (70% of 1945 MB)
[2018.03.07-06.04.50:884][  0]LogD3D11RHI: Async texture creation enabled
[2018.03.07-06.04.50:894][  0]LogD3D11RHI: GPU Timing Frequency: 12.000000 (Debug: 2 0)
[2018.03.07-06.04.50:895][  0]LogShaderCompilers: Guid format shader working directory is -2 characters bigger than the processId version (../../../../../../Users/Richa/Desktop/GalaxyGang/Intermediate/Shaders/WorkingDirectory/8420/).
[2018.03.07-06.04.50:895][  0]LogShaderCompilers: Cleaned the shader compiler working directory 'C:/Users/Richa/AppData/Local/Temp/UnrealShaderWorkingDir/731883ED4B1D0C676C6A66B9AE861BCD/'.
[2018.03.07-06.04.50:896][  0]LogShaderCompilers:Display: Using Local Shader Compiler.
[2018.03.07-06.04.52:952][  0]LogTemp:Display: Loaded TP AllDesktopTargetPlatform
[2018.03.07-06.04.53:050][  0]LogTemp:Display: Loaded TP MacClientTargetPlatform
[2018.03.07-06.04.53:151][  0]LogTemp:Display: Loaded TP MacNoEditorTargetPlatform
[2018.03.07-06.04.53:269][  0]LogTemp:Display: Loaded TP MacServerTargetPlatform
[2018.03.07-06.04.53:401][  0]LogTemp:Display: Loaded TP MacTargetPlatform
[2018.03.07-06.04.53:514][  0]LogTemp:Display: Loaded TP WindowsClientTargetPlatform
[2018.03.07-06.04.53:602][  0]LogTemp:Display: Loaded TP WindowsNoEditorTargetPlatform
[2018.03.07-06.04.53:693][  0]LogTemp:Display: Loaded TP WindowsServerTargetPlatform
[2018.03.07-06.04.53:768][  0]LogTemp:Display: Loaded TP WindowsTargetPlatform
[2018.03.07-06.04.53:858][  0]LogTemp:Display: Loaded TP AndroidTargetPlatform
[2018.03.07-06.04.53:937][  0]LogTemp:Display: Loaded TP Android_ASTCTargetPlatform
[2018.03.07-06.04.54:012][  0]LogTemp:Display: Loaded TP Android_ATCTargetPlatform
[2018.03.07-06.04.54:087][  0]LogTemp:Display: Loaded TP Android_DXTTargetPlatform
[2018.03.07-06.04.54:165][  0]LogTemp:Display: Loaded TP Android_ETC1TargetPlatform
[2018.03.07-06.04.54:243][  0]LogTemp:Display: Loaded TP Android_ETC2TargetPlatform
[2018.03.07-06.04.54:394][  0]LogTemp:Display: Loaded TP Android_MultiTargetPlatform
[2018.03.07-06.04.54:394][  0]LogTemp:Display: Loaded TP Android_PVRTCTargetPlatform
[2018.03.07-06.04.54:448][  0]LogTemp:Display: Loaded TP HTML5TargetPlatform
[2018.03.07-06.04.54:573][  0]LogTemp:Display: Loaded TP IOSTargetPlatform
[2018.03.07-06.04.54:623][  0]LogTemp:Display: Loaded TP TVOSTargetPlatform
[2018.03.07-06.04.54:705][  0]LogTemp:Display: Loaded TP LinuxClientTargetPlatform
[2018.03.07-06.04.54:779][  0]LogTemp:Display: Loaded TP LinuxNoEditorTargetPlatform
[2018.03.07-06.04.54:853][  0]LogTemp:Display: Loaded TP LinuxServerTargetPlatform
[2018.03.07-06.04.54:944][  0]LogTemp:Display: Loaded TP LinuxTargetPlatform
[2018.03.07-06.04.54:944][  0]LogTargetPlatformManager:Display: Building Assets For Windows
[2018.03.07-06.04.55:707][  0]LogDerivedDataCache:Display: Max Cache Size: 512 MB
[2018.03.07-06.04.55:785][  0]LogDerivedDataCache: Loaded boot cache 0.08s 52MB C:/Users/Richa/AppData/Local/UnrealEngine/4.15/DerivedDataCache/Boot.ddc.
[2018.03.07-06.04.55:785][  0]LogDerivedDataCache:Display: Loaded Boot cache: C:/Users/Richa/AppData/Local/UnrealEngine/4.15/DerivedDataCache/Boot.ddc
[2018.03.07-06.04.55:786][  0]LogDerivedDataCache: FDerivedDataBackendGraph:  Pak pak cache file ../../../../../../Users/Richa/Desktop/GalaxyGang/DerivedDataCache/DDC.ddp not found, will not use a pak cache.
[2018.03.07-06.04.55:786][  0]LogDerivedDataCache: Unable to find inner node Pak for hierarchical cache Hierarchy.
[2018.03.07-06.04.55:786][  0]LogDerivedDataCache: FDerivedDataBackendGraph:  CompressedPak pak cache file ../../../../../../Users/Richa/Desktop/GalaxyGang/DerivedDataCache/Compressed.ddp not found, will not use a pak cache.
[2018.03.07-06.04.55:786][  0]LogDerivedDataCache: Unable to find inner node CompressedPak for hierarchical cache Hierarchy.
[2018.03.07-06.04.55:809][  0]LogDerivedDataCache:Display: Pak cache opened for reading ../../../Engine/DerivedDataCache/Compressed.ddp.
[2018.03.07-06.04.55:821][  0]LogDerivedDataCache: Using Local data cache path C:/Users/Richa/AppData/Local/UnrealEngine/Common/DerivedDataCache: Writable
[2018.03.07-06.04.55:853][  0]LogSlate: Using Freetype 2.6.0
[2018.03.07-06.04.55:855][  0]LogSlate: SlateFontCache - WITH_FREETYPE: 1, WITH_HARFBUZZ: 1
[2018.03.07-06.04.55:856][  0]LogSlate: SlateFontCache - WITH_FREETYPE: 1, WITH_HARFBUZZ: 1
[2018.03.07-06.04.56:342][  0]LogInit: Selected Device Profile: [Windows]
[2018.03.07-06.04.56:345][  0]LogContentStreaming: Texture pool size is 0.00 MB
[2018.03.07-06.04.56:643][  0]LogMeshUtilities: Using QuadricMeshReduction for automatic static mesh reduction
[2018.03.07-06.04.56:707][  0]LogSimplygon: Simplygon DLL not present - disabling.
[2018.03.07-06.04.56:766][  0]LogMeshUtilities: Using SimplygonSwarm for distributed automatic mesh merging
[2018.03.07-06.04.56:766][  0]LogMeshUtilities: No automatic skeletal mesh reduction module available
[2018.03.07-06.04.56:766][  0]LogMeshUtilities: No automatic mesh merging module available
[2018.03.07-06.04.57:720][  0]LogNetVersion: GetLocalNetworkVersion: CL: 3299760, ProjectName: galaxyganggame, ProjectVersion: , EngineNetworkVersion: 2, GameNetworkVersion: 0, NetworkChecksum: 3878788453
[2018.03.07-06.04.57:770][  0]LogAssetRegistry: FAssetRegistry took 0.0217 seconds to start up
[2018.03.07-06.04.57:930][  0]LogPackageLocalizationCache: Processed 3 localized package path(s) for 2 prioritized culture(s) in 0.121924 seconds
[2018.03.07-06.04.57:941][  0]LogUObjectArray: 32493 objects as part of root set at end of initial load.
[2018.03.07-06.04.57:941][  0]LogUObjectAllocator: 7077024 out of 0 bytes used by permanent object pool.
[2018.03.07-06.04.57:941][  0]LogUObjectArray: CloseDisregardForGC: 0/0 objects in disregard for GC pool
[2018.03.07-06.04.58:031][  0]LogInit: WinSock: version 1.1 (2.2), MaxSocks=32767, MaxUdp=65467
[2018.03.07-06.05.00:286][  0]LogTcpMessaging: Initializing TcpMessaging bridge
[2018.03.07-06.05.00:333][  0]LogUdpMessaging: Initializing bridge on interface 0.0.0.0:0 to multicast group 230.0.0.1:6666.
[2018.03.07-06.05.00:940][  0]LogMaterial: Uniform references updated for custom material expression Custom.
[2018.03.07-06.05.01:468][  0]SourceControl: Info Source control is disabled
[2018.03.07-06.05.01:518][  0]SourceControl: Info Source control is disabled
[2018.03.07-06.05.01:588][  0]SourceControl: Info Source control is disabled
[2018.03.07-06.05.01:651][  0]SourceControl: Info Source control is disabled
[2018.03.07-06.05.03:457][  0]LogEngine: Initializing Engine...
[2018.03.07-06.05.03:458][  0]LogHMD: Failed to initialize OpenVR with code 110
[2018.03.07-06.05.03:617][  0]LogStats: UGameplayTagsManager::ConstructGameplayTagTree: Construct from data asset -  0.000 s
[2018.03.07-06.05.03:618][  0]LogStats: UGameplayTagsManager::ConstructGameplayTagTree: GameplayTagTreeChangedEvent.Broadcast -  0.000 s
[2018.03.07-06.05.03:792][  0]LogAIModule: Creating AISystem for world Untitled
[2018.03.07-06.05.03:809][  0]LogInit: XAudio2 using 'Speakers (Realtek High Definition Audio)' : 2 channels at 48 kHz using 32 bits per sample (channel mask 0x3)
[2018.03.07-06.05.03:834][  0]LogInit: FAudioDevice initialized.
[2018.03.07-06.05.03:877][  0]LogDerivedDataCache: Saved boot cache 0.04s 52MB C:/Users/Richa/AppData/Local/UnrealEngine/4.15/DerivedDataCache/Boot.ddc.
[2018.03.07-06.05.03:887][  0]LogInit: Texture streaming: Enabled
[2018.03.07-06.05.04:027][  0]LogEngineSessionManager: EngineSessionManager initialized
[2018.03.07-06.05.04:150][  0]LogInit: Transaction tracking system initialized
[2018.03.07-06.05.04:629][  0]BlueprintLog: New page: Editor Load
[2018.03.07-06.05.05:857][  0]LocalizationService: Info Localization service is disabled
[2018.03.07-06.05.06:784][  0]LogConsoleResponse:Display: 
[2018.03.07-06.05.07:033][  0]LogCook:Display: Max memory allowance for cook 16384mb min free memory 0mb
[2018.03.07-06.05.07:034][  0]LogCook:Display: Mobile HDR setting 1
[2018.03.07-06.05.08:332][  0]LogFileCache: Scanning file cache for directory 'C:/Users/Richa/Desktop/GalaxyGang/Content/' took 0.32s
[2018.03.07-06.05.09:211][  0]SourceControl: Info Source control is disabled
[2018.03.07-06.05.09:211][  0]Cmd: MAP LOAD FILE="../../../../../../Users/Richa/Desktop/GalaxyGang/Content/GalaxyGangGame/Levels/Galaxy_Of_Dreams+Home_Fountain_Island.umap" TEMPLATE=0 SHOWPROGRESS=1 FEATURELEVEL=3
[2018.03.07-06.05.09:211][  0]LogEditorServer:Warning: Can't find file '../../../../../../Users/Richa/Desktop/GalaxyGang/Content/GalaxyGangGame/Levels/Galaxy_Of_Dreams+Home_Fountain_Island.umap'
[2018.03.07-06.05.09:211][  0]Cmd: MAP CHECKDEP NOCLEARLOG
[2018.03.07-06.05.09:251][  0]MapCheck: Info Map check complete: 0 Error(s), 0 Warning(s), took 39.625ms to complete.
[2018.03.07-06.05.09:251][  0]LogFileHelpers: Loading map 'Galaxy_Of_Dreams+Home_Fountain_Island' took 0.040
[2018.03.07-06.05.09:343][  0]LogWindowsTextInputMethodSystem:Display: IME system now deactivated.
[2018.03.07-06.05.09:343][  0]LogWindowsTextInputMethodSystem:Display: IME system now deactivated.
[2018.03.07-06.05.10:119][  0]LogCollectionManager: Loaded 0 collections in 0.001816 seconds
[2018.03.07-06.05.10:217][  0]LogFileCache: Scanning file cache for directory 'C:/Users/Richa/Desktop/GalaxyGang/Saved/Collections/' took 0.01s
[2018.03.07-06.05.10:217][  0]LogFileCache: Scanning file cache for directory 'C:/Users/Richa/Desktop/GalaxyGang/Content/Developers/Richa/Collections/' took 0.01s
[2018.03.07-06.05.10:217][  0]LogFileCache: Scanning file cache for directory 'C:/Users/Richa/Desktop/GalaxyGang/Content/Collections/' took 0.01s
[2018.03.07-06.05.10:217][  0]LogCollectionManager: Rebuilt the GUID cache for 0 collections in 0.000003 seconds
[2018.03.07-06.05.10:228][  0]LogContentBrowser: Native class hierarchy populated in 0.0104 seconds. Added 2245 classes and 453 folders.
[2018.03.07-06.05.10:317][  0]LogContentBrowser: Native class hierarchy updated for 'WidgetCarousel' in 0.0006 seconds. Added 0 classes and 0 folders.
[2018.03.07-06.05.11:581][  0]LogContentBrowser: Native class hierarchy updated for 'AddContentDialog' in 0.0010 seconds. Added 0 classes and 0 folders.
[2018.03.07-06.05.11:789][  0]LogContentBrowser: Native class hierarchy updated for 'SceneOutliner' in 0.0010 seconds. Added 1 classes and 2 folders.
[2018.03.07-06.05.11:930][  0]LogCrashTracker: Crashtracker disabled due to settings.
[2018.03.07-06.05.11:944][  0]LogUObjectGlobals:Warning: Failed to find object 'Class None.'
[2018.03.07-06.05.12:059][  0]LogContentBrowser: Native class hierarchy updated for 'HierarchicalLODOutliner' in 0.0008 seconds. Added 1 classes and 2 folders.
[2018.03.07-06.05.12:059][  0]LogLoad: (Engine Initialization) Total time: 25.70 seconds
[2018.03.07-06.05.12:059][  0]LogLoad: (Engine Initialization) Total Blueprint compile time: 0.06 seconds
[2018.03.07-06.05.12:059][  0]LogExternalProfiler: No external profilers were discovered.  External profiling features will not be available.
[2018.03.07-06.05.12:081][  0]LogOcInput: OculusInput pre-init called
[2018.03.07-06.05.12:182][  0]LogContentStreaming: Texture pool size now 1000 MB
[2018.03.07-06.05.12:183][  0]LogSlate: Took 0.000227 seconds to synchronously load lazily loaded font '../../../Engine/Content/Slate/Fonts/Roboto-Regular.ttf' (155K)
[2018.03.07-06.05.12:223][  0]LogSlate: Took 0.035014 seconds to synchronously load lazily loaded font '../../../Engine/Content/Editor/Slate/Fonts/FontAwesome.ttf' (139K)
[2018.03.07-06.05.12:223][  0]LogSlate: Took 0.000209 seconds to synchronously load lazily loaded font '../../../Engine/Content/Slate/Fonts/Roboto-Bold.ttf' (160K)
[2018.03.07-06.05.12:424][  0]LogRenderer: Reallocating scene render targets to support 740x708 NumSamples 1 (Frame:2).
[2018.03.07-06.05.18:920][  4]LogAssetRegistry: Asset discovery search completed in 21.1712 seconds
[2018.03.07-06.05.18:920][  4]LogCollectionManager: Rebuilt the object cache for 0 collections in 0.000009 seconds (found 0 objects)
[2018.03.07-06.05.18:920][  4]LogCollectionManager: Fixed up redirectors for 0 collections in 0.000027 seconds (updated 0 objects)
[2018.03.07-06.05.21:760][ 28]LogSlate: Took 0.014039 seconds to synchronously load lazily loaded font '../../../Engine/Content/Slate/Fonts/Roboto-Light.ttf' (159K)
[2018.03.07-06.06.32:394][324]LogEditorViewport: Clicking Background
[2018.03.07-06.06.41:285][438]Cmd: MAP LOAD FILE="../../../../../../Users/Richa/Desktop/GalaxyGang/Content/Levels/W03_DryMoons/CinnamonMoon.umap" TEMPLATE=0 SHOWPROGRESS=1 FEATURELEVEL=3
[2018.03.07-06.06.41:385][438]LogSlate: Took 0.000214 seconds to synchronously load lazily loaded font '../../../Engine/Content/Slate/Fonts/Roboto-Light.ttf' (159K)
[2018.03.07-06.06.41:445][438]LightingResults: New page: Lighting Build
[2018.03.07-06.06.41:506][438]LogContentBrowser: Native class hierarchy updated for 'StatsViewer' in 0.0008 seconds. Added 5 classes and 0 folders.
[2018.03.07-06.06.41:508][438]LoadErrors: New page: Loading map: CinnamonMoon.umap
[2018.03.07-06.06.41:509][438]MapCheck: New page: Map Check
[2018.03.07-06.06.41:509][438]LightingResults: New page: Lighting Build
[2018.03.07-06.06.42:397][438]LogSlate: Took 0.000269 seconds to synchronously load lazily loaded font '../../../Engine/Content/Slate/Fonts/Roboto-Regular.ttf' (155K)
[2018.03.07-06.06.45:196][438]LogBlueprint:Warning: [CharacterDanny1_old] 'CurrentHealth' variable not found. Base class was probably changed.
[2018.03.07-06.06.45:196][438]LogBlueprint:Warning: [CharacterDanny1_old] 'CurrentHealth' variable not found. Base class was probably changed.
[2018.03.07-06.06.45:202][438]LogBlueprint:Warning: [CharacterDanny1_old] 'Resume_Button' variable not found. Base class was probably changed.
[2018.03.07-06.06.45:604][438]LogBlueprint:Warning: [CharacterDanny] 'CurrentHealth' variable not found. Base class was probably changed.
[2018.03.07-06.06.45:604][438]LogBlueprint:Warning: [CharacterDanny] 'CurrentHealth' variable not found. Base class was probably changed.
[2018.03.07-06.06.45:607][438]LogBlueprint:Warning: [CharacterDanny] 'Resume_Button' variable not found. Base class was probably changed.
[2018.03.07-06.06.46:094][438]LogBlueprint:Warning: [MainHUD] 'MaxHealth' variable not found. Base class was probably changed.
[2018.03.07-06.06.46:094][438]LogBlueprint:Warning: [MainHUD] 'DannyHealthImage' variable not found. Base class was probably changed.
[2018.03.07-06.06.46:095][438]LogBlueprint:Warning: [MainHUD] 'Percentage' variable not found. Base class was probably changed.
[2018.03.07-06.06.46:095][438]LogBlueprint:Warning: [MainHUD] 'Health' variable not found. Base class was probably changed.
[2018.03.07-06.07.07:675][438]LogAIModule: Creating AISystem for world CinnamonMoon
[2018.03.07-06.07.23:305][438]LogEditorServer: Finished looking for orphan Actors (0.000 secs)
[2018.03.07-06.07.23:542][438]Cmd: MAP CHECKDEP NOCLEARLOG
[2018.03.07-06.07.23:607][438]MapCheck: Info Map check complete: 0 Error(s), 0 Warning(s), took 64.85ms to complete.
[2018.03.07-06.07.23:607][438]LogFileHelpers: Loading map 'CinnamonMoon' took 42.438
[2018.03.07-06.07.44:958][491]LogFileCache: Retrieving MD5 hashes for directory 'C:/Users/Richa/Desktop/GalaxyGang/Content/' took 152.86s
[2018.03.07-06.31.18:912][929]LogEditorViewport: Clicking on Actor (context menu): Landscape (Land)
[2018.03.07-06.31.21:044][968]LogPlayLevel: PlayLevel: No blueprints needed recompiling
[2018.03.07-06.31.21:132][968]PIE: New page: PIE session: CinnamonMoon (Mar 6, 2018, 6:31:21 PM)
[2018.03.07-06.31.21:145][968]LogPlayLevel: Creating play world package: /Game/Levels/W03_DryMoons/UEDPIE_0_CinnamonMoon
[2018.03.07-06.31.21:305][968]LogPlayLevel: PIE: StaticDuplicateObject took: (0.158816s)
[2018.03.07-06.31.21:305][968]LogAIModule: Creating AISystem for world CinnamonMoon
[2018.03.07-06.31.21:313][968]LogPlayLevel: PIE: World Init took: (0.008629s)
[2018.03.07-06.31.21:318][968]LogPlayLevel: PIE: Created PIE world by copying editor world from /Game/Levels/W03_DryMoons/CinnamonMoon.CinnamonMoon to /Game/Levels/W03_DryMoons/UEDPIE_0_CinnamonMoon.CinnamonMoon (0.183838s)
[2018.03.07-06.31.21:775][968]LogInit: XAudio2 using 'Speakers (Realtek High Definition Audio)' : 2 channels at 48 kHz using 32 bits per sample (channel mask 0x3)
[2018.03.07-06.31.21:878][968]LogInit: FAudioDevice initialized.
[2018.03.07-06.31.22:125][968]LogLoad: Game class is 'ThirdPersonGameMode_C'
[2018.03.07-06.31.22:290][968]LogWorld: Bringing World /Game/Levels/W03_DryMoons/UEDPIE_0_CinnamonMoon.CinnamonMoon up for play (max tick rate 60) at 2018.03.07-00.31.22
[2018.03.07-06.31.22:324][968]LogWorld: Bringing up level for play took: 0.040267
[2018.03.07-06.31.22:568][968]LogContentBrowser: Native class hierarchy updated for 'MovieSceneCapture' in 0.0008 seconds. Added 11 classes and 0 folders.
[2018.03.07-06.31.22:588][968]LogGameMode:Display: Match State Changed from EnteringMap to WaitingToStart
[2018.03.07-06.31.22:588][968]LogGameState: Match State Changed from EnteringMap to WaitingToStart
[2018.03.07-06.31.22:588][968]LogGameMode:Display: Match State Changed from WaitingToStart to InProgress
[2018.03.07-06.31.22:871][968]LogGameState: Match State Changed from WaitingToStart to InProgress
[2018.03.07-06.31.22:910][968]PIE: Info Play in editor start time for /Game/Levels/W03_DryMoons/UEDPIE_0_CinnamonMoon 2.581
[2018.03.07-06.31.49:198][117]LogEditorViewport: Clicking on Actor (context menu): Landscape (Land)
[2018.03.07-06.31.50:580][159]LogPlayLevel: PlayLevel: No blueprints needed recompiling
[2018.03.07-06.31.50:582][159]PIE: New page: PIE session: CinnamonMoon (Mar 6, 2018, 6:31:50 PM)
[2018.03.07-06.31.50:582][159]LogPlayLevel: Creating play world package: /Game/Levels/W03_DryMoons/UEDPIE_0_CinnamonMoon
[2018.03.07-06.31.50:639][159]LogPlayLevel: PIE: StaticDuplicateObject took: (0.056767s)
[2018.03.07-06.31.50:640][159]LogAIModule: Creating AISystem for world CinnamonMoon
[2018.03.07-06.31.50:640][159]LogPlayLevel: PIE: World Init took: (0.001255s)
[2018.03.07-06.31.50:640][159]LogPlayLevel: PIE: Created PIE world by copying editor world from /Game/Levels/W03_DryMoons/CinnamonMoon.CinnamonMoon to /Game/Levels/W03_DryMoons/UEDPIE_0_CinnamonMoon.CinnamonMoon (0.058353s)
[2018.03.07-06.31.50:679][159]LogInit: XAudio2 using 'Speakers (Realtek High Definition Audio)' : 2 channels at 48 kHz using 32 bits per sample (channel mask 0x3)
[2018.03.07-06.31.50:706][159]LogInit: FAudioDevice initialized.
[2018.03.07-06.31.50:743][159]LogLoad: Game class is 'ThirdPersonGameMode_C'
[2018.03.07-06.31.50:759][159]LogWorld: Bringing World /Game/Levels/W03_DryMoons/UEDPIE_0_CinnamonMoon.CinnamonMoon up for play (max tick rate 60) at 2018.03.07-00.31.50
[2018.03.07-06.31.50:759][159]LogWorld: Bringing up level for play took: 0.010692
[2018.03.07-06.31.50:760][159]LogGameMode:Display: Match State Changed from EnteringMap to WaitingToStart
[2018.03.07-06.31.50:760][159]LogGameState: Match State Changed from EnteringMap to WaitingToStart
[2018.03.07-06.31.50:760][159]LogGameMode:Display: Match State Changed from WaitingToStart to InProgress
[2018.03.07-06.31.50:769][159]LogGameState: Match State Changed from WaitingToStart to InProgress
[2018.03.07-06.31.50:769][159]PIE: Info Play in editor start time for /Game/Levels/W03_DryMoons/UEDPIE_0_CinnamonMoon 0.441
[2018.03.07-06.31.54:851][232]Cmd: LevelEditor.ToggleImmersive
[2018.03.07-06.31.55:394][233]LogRenderer: Reallocating scene render targets to support 1536x824 NumSamples 1 (Frame:624).
[2018.03.07-06.36.49:755][858]LogEditorViewport: Clicking on Actor (LMB): StaticMeshActor (IceCream)
[2018.03.07-06.37.21:532][230]Cmd: CAMERA ALIGN ACTIVEVIEWPORTONLY
[2018.03.07-06.37.29:703][320]LogEditorViewport: Clicking on Actor (LMB): StaticMeshActor (IceCream)
[2018.03.07-06.37.32:709][354]LogEditorViewport: Clicking on Actor (LMB): StaticMeshActor (IceCream)
[2018.03.07-06.37.46:290][516]Cmd: CAMERA ALIGN ACTIVEVIEWPORTONLY
[2018.03.07-06.38.56:048][378]Cmd: CAMERA ALIGN ACTIVEVIEWPORTONLY
[2018.03.07-06.43.02:256][547]LogEditorViewport: Clicking on Actor (LMB): StaticMeshActor (IceCream)
[2018.03.07-06.43.03:609][568]Cmd: CAMERA ALIGN ACTIVEVIEWPORTONLY
[2018.03.07-06.43.11:826][683]Cmd: MODE ROTGRID=0
[2018.03.07-06.43.24:796][894]LogEditorViewport: Clicking on Actor (LMB): StaticMeshActor (IceCream2)
[2018.03.07-06.43.25:202][897]Cmd: CAMERA ALIGN ACTIVEVIEWPORTONLY
[2018.03.07-06.43.38:437][123]Cmd: TRANSACTION UNDO
[2018.03.07-06.43.38:437][123]LogEditorTransaction: Undo Rotate Actors
[2018.03.07-06.43.38:556][123]LogSlate: Took 0.000297 seconds to synchronously load lazily loaded font '../../../Engine/Content/Slate/Fonts/Roboto-Light.ttf' (159K)
[2018.03.07-06.44.11:446][301]LogSavePackage: Save=638.28ms
[2018.03.07-06.44.11:446][301]LogSavePackage: Moving '../../../../../../Users/Richa/Desktop/GalaxyGang/Saved/CinnamonMoon_Auto1D39909EF4F1780C3DE3BE78A06DCDEF0.tmp' to '../../../../../../Users/Richa/Desktop/GalaxyGang/Saved/Autosaves/Game/Levels/W03_DryMoons/CinnamonMoon_Auto1.umap'
[2018.03.07-06.44.11:463][301]LogSavePackage:Display: Finished SavePackage ../../../../../../Users/Richa/Desktop/GalaxyGang/Saved/Autosaves/Game/Levels/W03_DryMoons/CinnamonMoon_Auto1.umap
[2018.03.07-06.44.11:479][301]LogFileHelpers: Editor autosave (incl. sublevels) for '/Game/Levels/W03_DryMoons/CinnamonMoon' took 2.332
[2018.03.07-06.44.11:479][301]LogFileHelpers: Editor autosave (incl. sublevels) for all levels took 2.332
[2018.03.07-06.46.18:948][783]LogEditorViewport: Clicking on Actor (LMB): StaticMeshActor (IceCream)
[2018.03.07-06.46.19:173][784]Cmd: CAMERA ALIGN ACTIVEVIEWPORTONLY
[2018.03.07-16.46.31:205][593]LogEditorViewport: Clicking on Actor (LMB): StaticMeshActor (SyrupRiver)
[2018.03.07-16.46.34:662][659]LogEditorViewport: Clicking on Actor (LMB): StaticMeshActor (SyrupRiver)
[2018.03.07-16.46.51:927][976]Cmd: TRANSACTION UNDO
[2018.03.07-16.46.51:927][976]LogEditorTransaction: Undo Move Actors
[2018.03.07-16.46.53:555][  4]LogEditorViewport: Clicking on Actor (LMB): Landscape (Land)
[2018.03.07-16.47.05:656][184]LogMaterial: 0.01 seconds spent updating 1 materials, 1 interfaces, 0 instances, 1 with static permutations.
[2018.03.07-16.47.05:825][184]LogMaterial: 0.00 seconds spent updating 1 materials, 1 interfaces, 0 instances, 1 with static permutations.
[2018.03.07-16.47.05:921][184]LogMaterial: 0.00 seconds spent updating 1 materials, 1 interfaces, 0 instances, 1 with static permutations.
[2018.03.07-16.47.05:983][184]LogMaterial: 0.00 seconds spent updating 1 materials, 1 interfaces, 0 instances, 1 with static permutations.
[2018.03.07-16.47.06:159][184]LogMaterial: 0.00 seconds spent updating 1 materials, 1 interfaces, 0 instances, 1 with static permutations.
[2018.03.07-16.47.06:232][184]LogTexture:Display: Building textures: Texture2D_2 (G8, 128X128) - 176 MB total VRAM
[2018.03.07-16.47.18:381][415]LogTexture:Display: Building textures: Texture2D_6_BaseColor (BGRA8, 16X16) - 176 MB total VRAM
[2018.03.07-16.47.27:086][549]LogMaterial: Missing cached shader map for material CandySand_Mat, compiling. 
[2018.03.07-16.47.27:280][549]LogTemp:Display: Added material ShaderMap 0x0000021010452080 with Material 0x000002105FD88700 to ShaderMapsBeingCompiled
[2018.03.07-16.47.27:620][549]LogTemp:Display: Kicking off shader compilation for CandySand_Mat, GameThreadShaderMap 0x0000021010452080
[2018.03.07-16.47.27:622][549]LogTemp:Display: Added shader map 0x0000021010452080 from material 0x000002105FD88700
[2018.03.07-16.47.27:622][549]LogTemp:Display: Found existing compiling shader for material CandySand_Mat, linking to other GameThreadShaderMap 0x0000021010452080
[2018.03.07-16.47.27:623][549]LogMaterial: 0.00 seconds spent updating 1 materials, 1 interfaces, 0 instances, 1 with static permutations.
[2018.03.07-16.47.27:628][549]LogMaterial: 0.01 seconds spent updating 1 materials, 1 interfaces, 0 instances, 0 with static permutations.
[2018.03.07-16.47.27:643][549]LogMaterial: 0.00 seconds spent updating 1 materials, 1 interfaces, 0 instances, 0 with static permutations.
[2018.03.07-16.47.27:733][549]LogTexture:Display: Building textures: Texture2D_124 (BGRA8, 16X16) - 176 MB total VRAM
[2018.03.07-16.47.28:165][549]LogMaterial: 0.01 seconds spent updating 1 materials, 1 interfaces, 0 instances, 1 with static permutations.
[2018.03.07-16.47.28:184][549]LogMaterial: 0.02 seconds spent updating 1 materials, 1 interfaces, 0 instances, 0 with static permutations.
[2018.03.07-16.47.28:185][549]LogMaterial: 0.00 seconds spent updating 1 materials, 1 interfaces, 0 instances, 0 with static permutations.
[2018.03.07-16.47.28:821][564]LogTexture:Display: Building textures: Texture2D_125 (BGRA8, 16X16) - 176 MB total VRAM
[2018.03.07-16.47.28:848][564]LogMaterial: 0.00 seconds spent updating 1 materials, 1 interfaces, 0 instances, 0 with static permutations.
[2018.03.07-16.47.28:848][564]LogMaterial: 0.00 seconds spent updating 1 materials, 1 interfaces, 0 instances, 0 with static permutations.
[2018.03.07-16.47.28:851][564]LogMaterial: 0.00 seconds spent updating 1 materials, 1 interfaces, 0 instances, 0 with static permutations.
[2018.03.07-16.47.28:852][564]LogMaterial: 0.00 seconds spent updating 1 materials, 1 interfaces, 0 instances, 0 with static permutations.
[2018.03.07-16.47.28:913][565]LogMaterial: 0.00 seconds spent updating 1 materials, 1 interfaces, 0 instances, 0 with static permutations.
[2018.03.07-16.47.28:916][565]LogMaterial: 0.00 seconds spent updating 1 materials, 1 interfaces, 0 instances, 0 with static permutations.
[2018.03.07-16.47.28:953][566]LogMaterial: 0.00 seconds spent updating 1 materials, 1 interfaces, 0 instances, 0 with static permutations.
[2018.03.07-16.47.28:954][566]LogMaterial: 0.00 seconds spent updating 1 materials, 1 interfaces, 0 instances, 0 with static permutations.
[2018.03.07-16.47.29:737][582]LogMaterial: 0.00 seconds spent updating 1 materials, 1 interfaces, 0 instances, 0 with static permutations.
[2018.03.07-16.47.29:740][582]LogMaterial: 0.00 seconds spent updating 1 materials, 1 interfaces, 0 instances, 0 with static permutations.
[2018.03.07-16.47.29:747][582]LogTexture:Display: Building textures: Texture2D_126 (BGRA8, 16X16) - 176 MB total VRAM
[2018.03.07-16.47.29:757][582]LogMaterial: 0.00 seconds spent updating 1 materials, 1 interfaces, 0 instances, 0 with static permutations.
[2018.03.07-16.47.29:815][583]LogMaterial: 0.00 seconds spent updating 1 materials, 1 interfaces, 0 instances, 0 with static permutations.
[2018.03.07-16.47.29:819][583]LogMaterial: 0.00 seconds spent updating 1 materials, 1 interfaces, 0 instances, 0 with static permutations.
[2018.03.07-16.47.29:863][584]LogMaterial: 0.00 seconds spent updating 1 materials, 1 interfaces, 0 instances, 0 with static permutations.
[2018.03.07-16.47.29:867][584]LogMaterial: 0.00 seconds spent updating 1 materials, 1 interfaces, 0 instances, 0 with static permutations.
[2018.03.07-16.47.29:897][585]LogMaterial: 0.00 seconds spent updating 1 materials, 1 interfaces, 0 instances, 0 with static permutations.
[2018.03.07-16.47.29:899][585]LogMaterial: 0.00 seconds spent updating 1 materials, 1 interfaces, 0 instances, 0 with static permutations.
[2018.03.07-16.47.29:939][586]LogMaterial: 0.00 seconds spent updating 1 materials, 1 interfaces, 0 instances, 0 with static permutations.
[2018.03.07-16.47.29:940][586]LogMaterial: 0.00 seconds spent updating 1 materials, 1 interfaces, 0 instances, 0 with static permutations.
[2018.03.07-16.47.29:977][587]LogMaterial: 0.00 seconds spent updating 1 materials, 1 interfaces, 0 instances, 0 with static permutations.
[2018.03.07-16.47.29:979][587]LogMaterial: 0.00 seconds spent updating 1 materials, 1 interfaces, 0 instances, 0 with static permutations.
[2018.03.07-16.47.32:894][654]LogTexture:Display: Building textures: Texture2D_7_BaseColor (BGRA8, 2X2) - 176 MB total VRAM
[2018.03.07-16.47.33:116][655]LogTexture:Display: Building textures: Texture2D_8_BaseColor (BGRA8, 2X2) - 176 MB total VRAM
[2018.03.07-16.47.33:346][656]LogTexture:Display: Building textures: Texture2D_9_BaseColor (BGRA8, 2X2) - 176 MB total VRAM
[2018.03.07-16.47.33:461][657]LogTexture:Display: Building textures: Texture2D_13_BaseColor (BGRA8, 2X2) - 176 MB total VRAM
[2018.03.07-16.47.33:609][658]LogTexture:Display: Building textures: Texture2D_24_BaseColor (BGRA8, 2X2) - 176 MB total VRAM
[2018.03.07-16.47.33:729][659]LogTexture:Display: Building textures: Texture2D_31_BaseColor (BGRA8, 2X2) - 176 MB total VRAM
[2018.03.07-16.47.33:889][660]LogTexture:Display: Building textures: Texture2D_36_BaseColor (BGRA8, 2X2) - 176 MB total VRAM
[2018.03.07-16.47.33:997][661]LogTexture:Display: Building textures: Texture2D_37_BaseColor (BGRA8, 2X2) - 176 MB total VRAM
[2018.03.07-16.47.34:135][662]LogTexture:Display: Building textures: Texture2D_40_BaseColor (BGRA8, 2X2) - 176 MB total VRAM
[2018.03.07-16.47.34:267][663]LogTexture:Display: Building textures: Texture2D_41_BaseColor (BGRA8, 2X2) - 176 MB total VRAM
[2018.03.07-16.47.34:410][664]LogTexture:Display: Building textures: Texture2D_0_BaseColor (BGRA8, 2X2) - 176 MB total VRAM
[2018.03.07-16.47.34:563][665]LogTexture:Display: Building textures: Texture2D_70_BaseColor (BGRA8, 2X2) - 176 MB total VRAM
[2018.03.07-16.47.34:708][666]LogTexture:Display: Building textures: Texture2D_71_BaseColor (BGRA8, 2X2) - 176 MB total VRAM
[2018.03.07-16.48.08:500][262]LogTexture:Display: Building textures: Texture2D_7_BaseColor (BGRA8, 2X2) - 176 MB total VRAM
[2018.03.07-16.48.08:743][263]LogTexture:Display: Building textures: Texture2D_8_BaseColor (BGRA8, 2X2) - 176 MB total VRAM
[2018.03.07-16.48.09:135][264]LogTexture:Display: Building textures: Texture2D_8_BaseColor (BGRA8, 2X2) - 176 MB total VRAM
[2018.03.07-16.48.09:239][265]LogTexture:Display: Building textures: Texture2D_9_BaseColor (BGRA8, 2X2) - 176 MB total VRAM
[2018.03.07-16.48.18:089][396]LogTexture:Display: Building textures: Texture2D_7_BaseColor (BGRA8, 2X2) - 176 MB total VRAM
[2018.03.07-16.48.18:245][397]LogTexture:Display: Building textures: Texture2D_8_BaseColor (BGRA8, 2X2) - 176 MB total VRAM
[2018.03.07-16.48.18:546][398]LogTexture:Display: Building textures: Texture2D_9_BaseColor (BGRA8, 2X2) - 176 MB total VRAM
[2018.03.07-16.48.26:329][520]LogTexture:Display: Building textures: Texture2D_33_BaseColor (BGRA8, 2X2) - 176 MB total VRAM
[2018.03.07-16.48.26:627][521]LogTexture:Display: Building textures: Texture2D_34_BaseColor (BGRA8, 2X2) - 176 MB total VRAM
[2018.03.07-16.48.26:794][522]LogTexture:Display: Building textures: Texture2D_35_BaseColor (BGRA8, 2X2) - 176 MB total VRAM
[2018.03.07-16.48.35:438][654]Cmd: TRANSACTION UNDO
[2018.03.07-16.48.35:438][654]LogEditorTransaction: Undo Landscape Editing: Smooth
[2018.03.07-16.48.35:564][654]LogMaterial: 0.00 seconds spent updating 1 materials, 1 interfaces, 0 instances, 0 with static permutations.
[2018.03.07-16.48.35:683][654]LogMaterial: 0.00 seconds spent updating 1 materials, 1 interfaces, 0 instances, 0 with static permutations.
[2018.03.07-16.48.35:683][654]LogMaterial: 0.00 seconds spent updating 1 materials, 1 interfaces, 0 instances, 0 with static permutations.
[2018.03.07-16.48.35:684][654]LogMaterial: 0.00 seconds spent updating 1 materials, 1 interfaces, 0 instances, 0 with static permutations.
[2018.03.07-16.48.35:723][654]LogTexture:Display: Building textures: Texture2D_6 (BGRA8, 128X128) - 176 MB total VRAM
[2018.03.07-16.48.35:725][654]LogMaterial: 0.00 seconds spent updating 1 materials, 1 interfaces, 0 instances, 0 with static permutations.
[2018.03.07-16.48.35:726][654]LogMaterial: 0.00 seconds spent updating 1 materials, 1 interfaces, 0 instances, 0 with static permutations.
[2018.03.07-16.48.35:727][654]LogMaterial: 0.00 seconds spent updating 1 materials, 1 interfaces, 0 instances, 0 with static permutations.
[2018.03.07-16.48.35:728][654]LogMaterial: 0.00 seconds spent updating 1 materials, 1 interfaces, 0 instances, 0 with static permutations.
[2018.03.07-16.48.48:662][854]Cmd: TRANSACTION UNDO
[2018.03.07-16.48.48:662][854]LogEditorTransaction: Undo Landscape Editing: Smooth
[2018.03.07-16.48.48:775][854]LogMaterial: 0.00 seconds spent updating 1 materials, 1 interfaces, 0 instances, 0 with static permutations.
[2018.03.07-16.48.48:776][854]LogMaterial: 0.00 seconds spent updating 1 materials, 1 interfaces, 0 instances, 0 with static permutations.
[2018.03.07-16.48.49:055][854]LogTexture:Display: Building textures: Texture2D_7 (BGRA8, 16X16) - 176 MB total VRAM
[2018.03.07-16.48.49:103][854]LogTexture:Display: Building textures: Texture2D_8 (BGRA8, 16X16) - 176 MB total VRAM
[2018.03.07-16.48.49:103][854]LogMaterial: 0.00 seconds spent updating 1 materials, 1 interfaces, 0 instances, 0 with static permutations.
[2018.03.07-16.48.49:104][854]LogMaterial: 0.00 seconds spent updating 1 materials, 1 interfaces, 0 instances, 0 with static permutations.
[2018.03.07-16.48.49:334][854]LogTexture:Display: Building textures: Texture2D_6 (BGRA8, 128X128) - 176 MB total VRAM
[2018.03.07-16.48.49:339][854]LogMaterial: 0.00 seconds spent updating 1 materials, 1 interfaces, 0 instances, 0 with static permutations.
[2018.03.07-16.48.49:340][854]LogMaterial: 0.00 seconds spent updating 1 materials, 1 interfaces, 0 instances, 0 with static permutations.
[2018.03.07-16.48.49:341][854]LogMaterial: 0.00 seconds spent updating 1 materials, 1 interfaces, 0 instances, 0 with static permutations.
[2018.03.07-16.48.49:343][854]LogMaterial: 0.00 seconds spent updating 1 materials, 1 interfaces, 0 instances, 0 with static permutations.
[2018.03.07-16.48.49:568][854]LogMaterial: 0.00 seconds spent updating 1 materials, 1 interfaces, 0 instances, 0 with static permutations.
[2018.03.07-16.48.49:570][854]LogMaterial: 0.00 seconds spent updating 1 materials, 1 interfaces, 0 instances, 0 with static permutations.
[2018.03.07-16.48.49:572][854]LogMaterial: 0.00 seconds spent updating 1 materials, 1 interfaces, 0 instances, 0 with static permutations.
[2018.03.07-16.48.49:818][854]LogMaterial: 0.00 seconds spent updating 1 materials, 1 interfaces, 0 instances, 0 with static permutations.
[2018.03.07-16.48.49:820][854]LogMaterial: 0.00 seconds spent updating 1 materials, 1 interfaces, 0 instances, 0 with static permutations.
[2018.03.07-16.48.50:846][869]LogTemp:Display: Finished compile of shader map 0x0000021010452080
[2018.03.07-16.48.50:847][869]LogTemp:Display: Shader map CandySand_Mat complete, GameThreadShaderMap 0x0000021010452080, marking material CandySand_Mat as finished
[2018.03.07-16.48.50:847][869]LogTemp:Display: Marking material as finished 0x000002105FD88700
[2018.03.07-16.48.50:915][870]Cmd: TRANSACTION UNDO
[2018.03.07-16.48.50:915][870]LogEditorTransaction: Undo Landscape Editing: Smooth
[2018.03.07-16.48.50:975][870]LogTexture:Display: Building textures: Texture2D_6 (BGRA8, 128X128) - 176 MB total VRAM
[2018.03.07-16.48.50:977][870]LogMaterial: 0.00 seconds spent updating 1 materials, 1 interfaces, 0 instances, 0 with static permutations.
[2018.03.07-16.48.50:977][870]LogMaterial: 0.00 seconds spent updating 1 materials, 1 interfaces, 0 instances, 0 with static permutations.
[2018.03.07-16.48.50:978][870]LogMaterial: 0.00 seconds spent updating 1 materials, 1 interfaces, 0 instances, 0 with static permutations.
[2018.03.07-16.48.50:980][870]LogMaterial: 0.00 seconds spent updating 1 materials, 1 interfaces, 0 instances, 0 with static permutations.
[2018.03.07-16.48.52:334][879]LogTexture:Display: Building textures: Texture2D_6_BaseColor (BGRA8, 16X16) - 176 MB total VRAM
[2018.03.07-16.49.03:941][ 55]LogEditorViewport: Clicking on Actor (LMB): Landscape (Syrup)
[2018.03.07-16.49.06:707][ 88]LogEditorViewport: Clicking on Actor (LMB): StaticMeshActor (SyrupRiver)
[2018.03.07-16.49.15:245][206]Cmd: TRANSACTION UNDO
[2018.03.07-16.49.15:245][206]LogEditorTransaction: Undo Move Actors
[2018.03.07-16.49.20:983][286]LogEditorViewport: Clicking on Actor (LMB): Landscape (Syrup)
[2018.03.07-16.49.41:794][588]LogTexture:Display: Building textures: Texture2D_108_BaseColor (BGRA8, 8X8) - 176 MB total VRAM
[2018.03.07-16.50.05:430][959]LogEditorViewport: Clicking on Actor (LMB): StaticMeshActor (SyrupRiver)
[2018.03.07-16.50.07:538][986]LogTexture:Display: Building textures: Texture2D_108_BaseColor (BGRA8, 8X8) - 176 MB total VRAM
[2018.03.07-16.50.22:092][229]LogMaterial: 0.01 seconds spent updating 1 materials, 1 interfaces, 0 instances, 1 with static permutations.
[2018.03.07-16.50.22:139][229]LogMaterial: 0.00 seconds spent updating 1 materials, 1 interfaces, 0 instances, 1 with static permutations.
[2018.03.07-16.50.22:178][229]LogMaterial: 0.00 seconds spent updating 1 materials, 1 interfaces, 0 instances, 1 with static permutations.
[2018.03.07-16.50.22:220][229]LogMaterial: 0.01 seconds spent updating 1 materials, 1 interfaces, 0 instances, 1 with static permutations.
[2018.03.07-16.50.22:265][229]LogMaterial: 0.00 seconds spent updating 1 materials, 1 interfaces, 0 instances, 1 with static permutations.
[2018.03.07-16.50.32:684][407]LogTexture:Display: Building textures: Texture2D_6_BaseColor (BGRA8, 16X16) - 176 MB total VRAM
[2018.03.07-16.50.44:611][602]Cmd: TRANSACTION UNDO
[2018.03.07-16.50.44:612][602]LogEditorTransaction: Undo Landscape Editing: Smooth
[2018.03.07-16.50.44:637][602]LogMaterial: 0.00 seconds spent updating 1 materials, 1 interfaces, 0 instances, 0 with static permutations.
[2018.03.07-16.50.44:661][602]LogTexture:Display: Building textures: Texture2D_6 (BGRA8, 128X128) - 176 MB total VRAM
[2018.03.07-16.50.44:665][602]LogMaterial: 0.00 seconds spent updating 1 materials, 1 interfaces, 0 instances, 0 with static permutations.
[2018.03.07-16.50.44:667][602]LogMaterial: 0.00 seconds spent updating 1 materials, 1 interfaces, 0 instances, 0 with static permutations.
[2018.03.07-16.50.44:671][602]LogMaterial: 0.00 seconds spent updating 1 materials, 1 interfaces, 0 instances, 0 with static permutations.
[2018.03.07-16.50.55:324][756]LogTexture:Display: Building textures: Texture2D_6_BaseColor (BGRA8, 16X16) - 176 MB total VRAM
[2018.03.07-16.51.07:168][947]LogTexture:Display: Building textures: Texture2D_6_BaseColor (BGRA8, 16X16) - 176 MB total VRAM
[2018.03.07-16.51.07:441][948]LogTexture:Display: Building textures: Texture2D_7_BaseColor (BGRA8, 2X2) - 176 MB total VRAM
[2018.03.07-16.51.07:551][949]LogTexture:Display: Building textures: Texture2D_8_BaseColor (BGRA8, 2X2) - 176 MB total VRAM
[2018.03.07-16.51.07:701][950]LogTexture:Display: Building textures: Texture2D_9_BaseColor (BGRA8, 2X2) - 176 MB total VRAM
[2018.03.07-16.51.07:837][951]LogTexture:Display: Building textures: Texture2D_12_BaseColor (BGRA8, 2X2) - 176 MB total VRAM
[2018.03.07-16.51.08:007][952]LogTexture:Display: Building textures: Texture2D_13_BaseColor (BGRA8, 2X2) - 176 MB total VRAM
[2018.03.07-16.51.08:125][953]LogTexture:Display: Building textures: Texture2D_14_BaseColor (BGRA8, 2X2) - 176 MB total VRAM
[2018.03.07-16.51.16:120][ 79]LogTexture:Display: Building textures: Texture2D_6_BaseColor (BGRA8, 16X16) - 176 MB total VRAM
[2018.03.07-16.51.19:059][128]LogEditorViewport: Clicking on Actor (LMB): StaticMeshActor (SyrupRiver)
[2018.03.07-16.51.29:797][299]LogTexture:Display: Building textures: Texture2D_108 (BGRA8, 64X64) - 176 MB total VRAM
[2018.03.07-16.51.29:823][299]LogTexture:Display: Building textures: Texture2D_109 (BGRA8, 16X16) - 176 MB total VRAM
[2018.03.07-16.51.29:837][299]LogTexture:Display: Building textures: Texture2D_112 (BGRA8, 16X16) - 176 MB total VRAM
[2018.03.07-16.51.29:838][299]LogTexture:Display: Building textures: Texture2D_114 (BGRA8, 16X16) - 176 MB total VRAM
[2018.03.07-16.51.29:850][299]LogTexture:Display: Building textures: Texture2D_116 (BGRA8, 16X16) - 176 MB total VRAM
[2018.03.07-16.51.29:871][299]LogTexture:Display: Building textures: Texture2D_12 (BGRA8, 16X16) - 176 MB total VRAM
[2018.03.07-16.51.29:927][299]LogTexture:Display: Building textures: Texture2D_121 (BGRA8, 16X16) - 176 MB total VRAM
[2018.03.07-16.51.29:929][299]LogTexture:Display: Building textures: Texture2D_13 (BGRA8, 16X16) - 176 MB total VRAM
[2018.03.07-16.51.29:930][299]LogTexture:Display: Building textures: Texture2D_14 (BGRA8, 16X16) - 176 MB total VRAM
[2018.03.07-16.51.30:037][299]LogTexture:Display: Building textures: Texture2D_33 (BGRA8, 16X16) - 176 MB total VRAM
[2018.03.07-16.51.30:068][299]LogTexture:Display: Building textures: Texture2D_34 (BGRA8, 16X16) - 176 MB total VRAM
[2018.03.07-16.51.30:096][299]LogTexture:Display: Building textures: Texture2D_35 (BGRA8, 16X16) - 176 MB total VRAM
[2018.03.07-16.51.30:130][299]LogTexture:Display: Building textures: Texture2D_6 (BGRA8, 128X128) - 176 MB total VRAM
[2018.03.07-16.51.30:166][299]LogTexture:Display: Building textures: Texture2D_7 (BGRA8, 16X16) - 176 MB total VRAM
[2018.03.07-16.51.30:175][299]LogTexture:Display: Building textures: Texture2D_8 (BGRA8, 16X16) - 176 MB total VRAM
[2018.03.07-16.51.30:205][299]LogTexture:Display: Building textures: Texture2D_9 (BGRA8, 16X16) - 176 MB total VRAM
[2018.03.07-16.51.31:525][321]Cmd: TRANSACTION UNDO
[2018.03.07-16.51.31:525][321]LogEditorTransaction: Undo Move Actors
[2018.03.07-16.51.46:342][575]LogTexture:Display: Building textures: Texture2D_6_BaseColor (BGRA8, 16X16) - 176 MB total VRAM
[2018.03.07-16.51.47:485][576]LogTexture:Display: Building textures: Texture2D_6_BaseColor (BGRA8, 16X16) - 176 MB total VRAM
[2018.03.07-16.51.48:228][577]LogTexture:Display: Building textures: Texture2D_6_BaseColor (BGRA8, 16X16) - 176 MB total VRAM
[2018.03.07-16.51.48:327][578]LogTexture:Display: Building textures: Texture2D_7_BaseColor (BGRA8, 2X2) - 176 MB total VRAM
[2018.03.07-16.51.48:486][579]LogTexture:Display: Building textures: Texture2D_8_BaseColor (BGRA8, 2X2) - 176 MB total VRAM
[2018.03.07-16.51.48:621][580]LogTexture:Display: Building textures: Texture2D_9_BaseColor (BGRA8, 2X2) - 176 MB total VRAM
[2018.03.07-16.51.54:080][673]LogTexture:Display: Building textures: Texture2D_6_BaseColor (BGRA8, 16X16) - 176 MB total VRAM
[2018.03.07-16.51.54:157][674]LogTexture:Display: Building textures: Texture2D_7_BaseColor (BGRA8, 2X2) - 176 MB total VRAM
[2018.03.07-16.51.54:308][675]LogTexture:Display: Building textures: Texture2D_8_BaseColor (BGRA8, 2X2) - 176 MB total VRAM
[2018.03.07-16.51.54:988][686]LogEditorViewport: Clicking on Actor (LMB): Landscape (Syrup)
[2018.03.07-16.51.57:220][720]LogEditorViewport: Clicking on Actor (LMB): StaticMeshActor (SyrupRiver)
[2018.03.07-16.52.15:297][ 27]LogEditorViewport: Clicking on Actor (LMB): StaticMeshActor (Poptart3)
[2018.03.07-16.52.15:594][ 29]Cmd: CAMERA ALIGN ACTIVEVIEWPORTONLY
[2018.03.07-16.52.20:219][117]LogEditorViewport: Clicking on Actor (CTRL LMB): StaticMeshActor (Poptart9)
[2018.03.07-16.52.23:903][184]LogEditorViewport: Clicking on Actor (CTRL LMB): StaticMeshActor (Poptart8)
[2018.03.07-16.52.26:084][220]LogEditorViewport: Clicking on Actor (CTRL LMB): StaticMeshActor (Poptart2)
[2018.03.07-16.52.34:789][381]Cmd: TRANSACTION UNDO
[2018.03.07-16.52.34:790][381]LogEditorTransaction: Undo Move Actors
[2018.03.07-16.52.35:400][391]LogEditorViewport: Clicking on Actor (CTRL LMB): StaticMeshActor (Poptart)
[2018.03.07-16.52.41:239][490]Cmd: TRANSACTION UNDO
[2018.03.07-16.52.41:239][490]LogEditorTransaction: Undo Move Actors
[2018.03.07-17.03.05:934][211]LogTexture:Display: Building textures: Texture2D_6 (BGRA8, 128X128) - 176 MB total VRAM
[2018.03.07-17.03.05:936][211]LogTexture:Display: Building textures: Texture2D_6_BaseColor (DXT1, 16X16) - 176 MB total VRAM
[2018.03.07-17.03.06:034][211]LogTexture:Display: Building textures: Texture2D_124 (BGRA8, 16X16) - 176 MB total VRAM
[2018.03.07-17.03.06:051][211]LogTexture:Display: Building textures: Texture2D_7 (BGRA8, 16X16) - 176 MB total VRAM
[2018.03.07-17.03.06:053][211]LogTexture:Display: Building textures: Texture2D_126 (BGRA8, 16X16) - 176 MB total VRAM
[2018.03.07-17.03.06:132][211]LogTexture:Display: Building textures: Texture2D_8 (BGRA8, 16X16) - 176 MB total VRAM
[2018.03.07-17.03.06:135][211]LogTexture:Display: Building textures: Texture2D_125 (BGRA8, 16X16) - 176 MB total VRAM
[2018.03.07-17.03.06:153][211]LogTexture:Display: Building textures: Texture2D_9 (BGRA8, 16X16) - 176 MB total VRAM
[2018.03.07-17.03.06:167][211]LogTexture:Display: Building textures: Texture2D_108_BaseColor (DXT1, 8X8) - 176 MB total VRAM
[2018.03.07-17.03.06:964][211]LogSavePackage: Save=1058.75ms
[2018.03.07-17.03.06:964][211]LogSavePackage: Moving '../../../../../../Users/Richa/Desktop/GalaxyGang/Saved/CinnamonMoon_Auto2E771E15B4091568231A7E7A329115A96.tmp' to '../../../../../../Users/Richa/Desktop/GalaxyGang/Saved/Autosaves/Game/Levels/W03_DryMoons/CinnamonMoon_Auto2.umap'
[2018.03.07-17.03.06:966][211]LogSavePackage:Display: Finished SavePackage ../../../../../../Users/Richa/Desktop/GalaxyGang/Saved/Autosaves/Game/Levels/W03_DryMoons/CinnamonMoon_Auto2.umap
[2018.03.07-17.03.06:971][211]LogFileHelpers: Editor autosave (incl. sublevels) for '/Game/Levels/W03_DryMoons/CinnamonMoon' took 1.299
[2018.03.07-17.03.06:971][211]LogFileHelpers: Editor autosave (incl. sublevels) for all levels took 1.299
[2018.03.07-17.58.19:864][366]AssetReimport: New page: Outstanding source content changes 5:58:18 AM
[2018.03.07-17.58.25:124][367]LogEditorViewport: Clicking on Actor (LMB): StaticMeshActor (SyrupRiver)
