Log file open, 03/07/18 18:45:59
LogInit:Display: Running engine for game: GalaxyGangGame
LogPlatformFile: Not using cached read wrapper
LogInit:Display: RandInit(-1570902732) SRandInit(-1570902732).
LogTaskGraph: Started task graph with 5 named threads and 6 total threads with 1 sets of task threads.
LogStats: Stats thread started at 0.070526
LogInit: Using libcurl 7.47.1
LogInit:  - built for x86_64-pc-win32
LogInit:  - supports SSL with OpenSSL/1.0.2g
LogInit:  - supports HTTP deflate (compression) using libz 1.2.8
LogInit:  - other features:
LogInit:      CURL_VERSION_SSL
LogInit:      CURL_VERSION_LIBZ
LogInit:      CURL_VERSION_IPV6
LogInit:      CURL_VERSION_ASYNCHDNS
LogInit:      CURL_VERSION_LARGEFILE
LogInit:      CURL_VERSION_IDN
LogInit:  CurlRequestOptions (configurable via config and command line):
LogInit:  - bVerifyPeer = false  - Libcurl will NOT verify peer certificate
LogInit:  - bUseHttpProxy = false  - Libcurl will NOT use HTTP proxy
LogInit:  - bDontReuseConnections = false  - Libcurl will reuse connections
LogInit:  - CertBundlePath = nullptr  - Libcurl will use whatever was configured at build time.
LogInit: Build: ++UE4+Release-4.15-CL-3450819
LogInit: Engine Version: 4.15.3-3450819+++UE4+Release-4.15
LogInit: Compatible Engine Version: 4.15.0-3299760+++UE4+Release-4.15
LogInit: Net CL: 3299760
LogDevObjectVersion: Number of dev versions registered: 14
LogDevObjectVersion:   Dev-Blueprints (B0D832E4-1F89-4F0D-ACCF-7EB736FD4AA2): 8
LogDevObjectVersion:   Dev-Build (E1C64328-A22C-4D53-A36C-8E866417BD8C): 0
LogDevObjectVersion:   Dev-Core (375EC13C-06E4-48FB-B500-84F0262A717E): 2
LogDevObjectVersion:   Dev-Editor (E4B068ED-F494-42E9-A231-DA0B2E46BB41): 14
LogDevObjectVersion:   Dev-Framework (CFFC743F-43B0-4480-9391-14DF171D2073): 22
LogDevObjectVersion:   Dev-Mobile (B02B49B5-BB20-44E9-A304-32B752E40360): 0
LogDevObjectVersion:   Dev-Networking (A4E4105C-59A1-49B5-A7C5-40C4547EDFEE): 0
LogDevObjectVersion:   Dev-Online (39C831C9-5AE6-47DC-9A44-9C173E1C8E7C): 0
LogDevObjectVersion:   Dev-Physics (78F01B33-EBEA-4F98-B9B4-84EACCB95AA2): 0
LogDevObjectVersion:   Dev-Platform (6631380F-2D4D-43E0-8009-CF276956A95A): 0
LogDevObjectVersion:   Dev-Rendering (12F88B9F-8875-4AFC-A67C-D90C383ABD29): 12
LogDevObjectVersion:   Dev-Sequencer (7B5AE74C-D270-4C10-A958-57980B212A5A): 3
LogDevObjectVersion:   Dev-VR (D7296918-1DD6-4BDD-9DE2-64A83CC13884): 0
LogDevObjectVersion:   Dev-LoadTimes (C2A15278-BFE7-4AFE-6C17-90FF531DF755): 1
LogInit: Compiled (64-bit): May 21 2017 11:02:34
LogInit: Compiled with Visual C++: 19.00.23026.00
LogInit: Build Configuration: Development
LogInit: Branch Name: ++UE4+Release-4.15
LogInit: Command line: 
LogInit: Base directory: C:/Program Files/Epic Games/UE_4.15/Engine/Binaries/Win64/
LogInit: Installed Engine Build: 1
LogInit: Presizing for max 8388607 objects, including 0 objects not considered by GC, pre-allocating 0 bytes for permanent pool.
LogInit: Object subsystem initialized
[2018.03.08-00.46.01:042][  0]LogInit: Selected Device Profile: [Windows]
[2018.03.08-00.46.01:042][  0]LogInit: Applying CVar settings loaded from the selected device profile: [Windows]
[2018.03.08-00.46.01:053][  0]LogInit: Computer: DESKTOP-SSSFMAE
[2018.03.08-00.46.01:053][  0]LogInit: User: Richa
[2018.03.08-00.46.01:053][  0]LogInit: CPU Page size=65536, Cores=2
[2018.03.08-00.46.01:053][  0]LogInit: High frequency timer resolution =2.343752 MHz
[2018.03.08-00.46.01:054][  0]LogMemory: Memory total: Physical=7.9GB (8GB approx)
[2018.03.08-00.46.01:054][  0]LogMemory: Platform Memory Stats for Windows
[2018.03.08-00.46.01:054][  0]LogMemory: Process Physical Memory: 269.20 MB used, 269.20 MB peak
[2018.03.08-00.46.01:054][  0]LogMemory: Process Virtual Memory: 275.05 MB used, 275.05 MB peak
[2018.03.08-00.46.01:054][  0]LogMemory: Physical Memory: 3193.54 MB used,  4903.12 MB free, 8096.66 MB total
[2018.03.08-00.46.01:054][  0]LogMemory: Virtual Memory: 694.10 MB used,  4903.12 MB free, 134217728.00 MB total
[2018.03.08-00.46.01:164][  0]LogTextLocalizationManager: No specific translations for ('en-US') exist, so ('en') translations will be used.
[2018.03.08-00.46.01:930][  0]LogD3D11RHI: D3D11 adapters:
[2018.03.08-00.46.01:947][  0]LogD3D11RHI:    0. 'Intel(R) HD Graphics 620' (Feature Level 11_0)
[2018.03.08-00.46.01:947][  0]LogD3D11RHI:       128/0/4048 MB DedicatedVideo/DedicatedSystem/SharedSystem, Outputs:1, VendorId:0x8086
[2018.03.08-00.46.01:952][  0]LogD3D11RHI:    1. 'Microsoft Basic Render Driver' (Feature Level 11_0)
[2018.03.08-00.46.01:952][  0]LogD3D11RHI:       0/0/4048 MB DedicatedVideo/DedicatedSystem/SharedSystem, Outputs:0, VendorId:0x1414
[2018.03.08-00.46.01:952][  0]LogD3D11RHI: Chosen D3D11 Adapter: 0
[2018.03.08-00.46.01:958][  0]LogD3D11RHI: Creating new Direct3DDevice
[2018.03.08-00.46.01:959][  0]LogD3D11RHI:     GPU DeviceId: 0x5916 (for the marketing name, search the web for "GPU Device Id")
[2018.03.08-00.46.01:959][  0]LogWindows: EnumDisplayDevices:
[2018.03.08-00.46.01:959][  0]LogWindows:    0. 'Intel(R) HD Graphics 620' (P:1 D:1)
[2018.03.08-00.46.01:959][  0]LogWindows:    1. 'Intel(R) HD Graphics 620' (P:0 D:0)
[2018.03.08-00.46.01:959][  0]LogWindows:    2. 'Intel(R) HD Graphics 620' (P:0 D:0)
[2018.03.08-00.46.01:959][  0]LogWindows: DebugString: GetVideoDriverDetailsInvalid PrimaryIsNotTheChoosenAdapter GetVideoDriverDetailsInvalid PrimaryIsNotTheChoosenAdapter GetVideoDriverDetailsInvalid PrimaryIsNotTheChoosenAdapter FoundDriverCount:0 
[2018.03.08-00.46.01:959][  0]LogD3D11RHI:     Adapter Name: Intel(R) HD Graphics 620
[2018.03.08-00.46.01:959][  0]LogD3D11RHI:   Driver Version: Unknown (internal:Unknown, unified:Unknown)
[2018.03.08-00.46.01:959][  0]LogD3D11RHI:      Driver Date: Unknown
[2018.03.08-00.46.01:959][  0]LogRHI: Texture pool is 1361 MB (70% of 1945 MB)
[2018.03.08-00.46.01:972][  0]LogD3D11RHI: Async texture creation enabled
[2018.03.08-00.46.01:978][  0]LogD3D11RHI: GPU Timing Frequency: 12.000000 (Debug: 2 0)
[2018.03.08-00.46.01:979][  0]LogShaderCompilers: Guid format shader working directory is -3 characters bigger than the processId version (../../../../../../Users/Richa/Desktop/GalaxyGang/Intermediate/Shaders/WorkingDirectory/10344/).
[2018.03.08-00.46.01:979][  0]LogShaderCompilers: Cleaned the shader compiler working directory 'C:/Users/Richa/AppData/Local/Temp/UnrealShaderWorkingDir/56BA77814C38ED2E28F6C48FC2904B79/'.
[2018.03.08-00.46.01:979][  0]LogShaderCompilers:Display: Using Local Shader Compiler.
[2018.03.08-00.46.03:425][  0]LogTemp:Display: Loaded TP AllDesktopTargetPlatform
[2018.03.08-00.46.03:495][  0]LogTemp:Display: Loaded TP MacClientTargetPlatform
[2018.03.08-00.46.03:565][  0]LogTemp:Display: Loaded TP MacNoEditorTargetPlatform
[2018.03.08-00.46.03:636][  0]LogTemp:Display: Loaded TP MacServerTargetPlatform
[2018.03.08-00.46.03:707][  0]LogTemp:Display: Loaded TP MacTargetPlatform
[2018.03.08-00.46.03:777][  0]LogTemp:Display: Loaded TP WindowsClientTargetPlatform
[2018.03.08-00.46.03:847][  0]LogTemp:Display: Loaded TP WindowsNoEditorTargetPlatform
[2018.03.08-00.46.03:917][  0]LogTemp:Display: Loaded TP WindowsServerTargetPlatform
[2018.03.08-00.46.03:976][  0]LogTemp:Display: Loaded TP WindowsTargetPlatform
[2018.03.08-00.46.04:043][  0]LogTemp:Display: Loaded TP AndroidTargetPlatform
[2018.03.08-00.46.04:112][  0]LogTemp:Display: Loaded TP Android_ASTCTargetPlatform
[2018.03.08-00.46.04:188][  0]LogTemp:Display: Loaded TP Android_ATCTargetPlatform
[2018.03.08-00.46.04:277][  0]LogTemp:Display: Loaded TP Android_DXTTargetPlatform
[2018.03.08-00.46.04:349][  0]LogTemp:Display: Loaded TP Android_ETC1TargetPlatform
[2018.03.08-00.46.04:426][  0]LogTemp:Display: Loaded TP Android_ETC2TargetPlatform
[2018.03.08-00.46.04:583][  0]LogTemp:Display: Loaded TP Android_MultiTargetPlatform
[2018.03.08-00.46.04:584][  0]LogTemp:Display: Loaded TP Android_PVRTCTargetPlatform
[2018.03.08-00.46.04:633][  0]LogTemp:Display: Loaded TP HTML5TargetPlatform
[2018.03.08-00.46.04:750][  0]LogTemp:Display: Loaded TP IOSTargetPlatform
[2018.03.08-00.46.04:795][  0]LogTemp:Display: Loaded TP TVOSTargetPlatform
[2018.03.08-00.46.04:863][  0]LogTemp:Display: Loaded TP LinuxClientTargetPlatform
[2018.03.08-00.46.04:930][  0]LogTemp:Display: Loaded TP LinuxNoEditorTargetPlatform
[2018.03.08-00.46.05:003][  0]LogTemp:Display: Loaded TP LinuxServerTargetPlatform
[2018.03.08-00.46.05:076][  0]LogTemp:Display: Loaded TP LinuxTargetPlatform
[2018.03.08-00.46.05:076][  0]LogTargetPlatformManager:Display: Building Assets For Windows
[2018.03.08-00.46.05:736][  0]LogDerivedDataCache:Display: Max Cache Size: 512 MB
[2018.03.08-00.46.05:799][  0]LogDerivedDataCache: Loaded boot cache 0.06s 52MB C:/Users/Richa/AppData/Local/UnrealEngine/4.15/DerivedDataCache/Boot.ddc.
[2018.03.08-00.46.05:799][  0]LogDerivedDataCache:Display: Loaded Boot cache: C:/Users/Richa/AppData/Local/UnrealEngine/4.15/DerivedDataCache/Boot.ddc
[2018.03.08-00.46.05:799][  0]LogDerivedDataCache: FDerivedDataBackendGraph:  Pak pak cache file ../../../../../../Users/Richa/Desktop/GalaxyGang/DerivedDataCache/DDC.ddp not found, will not use a pak cache.
[2018.03.08-00.46.05:799][  0]LogDerivedDataCache: Unable to find inner node Pak for hierarchical cache Hierarchy.
[2018.03.08-00.46.05:799][  0]LogDerivedDataCache: FDerivedDataBackendGraph:  CompressedPak pak cache file ../../../../../../Users/Richa/Desktop/GalaxyGang/DerivedDataCache/Compressed.ddp not found, will not use a pak cache.
[2018.03.08-00.46.05:799][  0]LogDerivedDataCache: Unable to find inner node CompressedPak for hierarchical cache Hierarchy.
[2018.03.08-00.46.05:820][  0]LogDerivedDataCache:Display: Pak cache opened for reading ../../../Engine/DerivedDataCache/Compressed.ddp.
[2018.03.08-00.46.05:833][  0]LogDerivedDataCache: Using Local data cache path C:/Users/Richa/AppData/Local/UnrealEngine/Common/DerivedDataCache: Writable
[2018.03.08-00.46.05:845][  0]LogSlate: Using Freetype 2.6.0
[2018.03.08-00.46.05:846][  0]LogSlate: SlateFontCache - WITH_FREETYPE: 1, WITH_HARFBUZZ: 1
[2018.03.08-00.46.05:846][  0]LogSlate: SlateFontCache - WITH_FREETYPE: 1, WITH_HARFBUZZ: 1
[2018.03.08-00.46.06:182][  0]LogInit: Selected Device Profile: [Windows]
[2018.03.08-00.46.06:185][  0]LogContentStreaming: Texture pool size is 0.00 MB
[2018.03.08-00.46.06:511][  0]LogMeshUtilities: Using QuadricMeshReduction for automatic static mesh reduction
[2018.03.08-00.46.06:566][  0]LogSimplygon: Simplygon DLL not present - disabling.
[2018.03.08-00.46.06:629][  0]LogMeshUtilities: Using SimplygonSwarm for distributed automatic mesh merging
[2018.03.08-00.46.06:629][  0]LogMeshUtilities: No automatic skeletal mesh reduction module available
[2018.03.08-00.46.06:629][  0]LogMeshUtilities: No automatic mesh merging module available
[2018.03.08-00.46.07:337][  0]LogNetVersion: GetLocalNetworkVersion: CL: 3299760, ProjectName: galaxyganggame, ProjectVersion: , EngineNetworkVersion: 2, GameNetworkVersion: 0, NetworkChecksum: 3878788453
[2018.03.08-00.46.07:388][  0]LogAssetRegistry: FAssetRegistry took 0.0218 seconds to start up
[2018.03.08-00.46.07:463][  0]LogPackageLocalizationCache: Processed 3 localized package path(s) for 2 prioritized culture(s) in 0.038210 seconds
[2018.03.08-00.46.07:470][  0]LogUObjectArray: 32493 objects as part of root set at end of initial load.
[2018.03.08-00.46.07:470][  0]LogUObjectAllocator: 7077032 out of 0 bytes used by permanent object pool.
[2018.03.08-00.46.07:470][  0]LogUObjectArray: CloseDisregardForGC: 0/0 objects in disregard for GC pool
[2018.03.08-00.46.07:550][  0]LogInit: WinSock: version 1.1 (2.2), MaxSocks=32767, MaxUdp=65467
[2018.03.08-00.46.09:626][  0]LogTcpMessaging: Initializing TcpMessaging bridge
[2018.03.08-00.46.09:671][  0]LogUdpMessaging: Initializing bridge on interface 0.0.0.0:0 to multicast group 230.0.0.1:6666.
[2018.03.08-00.46.10:214][  0]LogMaterial: Uniform references updated for custom material expression Custom.
[2018.03.08-00.46.10:679][  0]SourceControl: Info Source control is disabled
[2018.03.08-00.46.10:735][  0]SourceControl: Info Source control is disabled
[2018.03.08-00.46.10:792][  0]SourceControl: Info Source control is disabled
[2018.03.08-00.46.10:848][  0]SourceControl: Info Source control is disabled
[2018.03.08-00.46.12:377][  0]LogEngine: Initializing Engine...
[2018.03.08-00.46.12:378][  0]LogHMD: Failed to initialize OpenVR with code 110
[2018.03.08-00.46.12:515][  0]LogStats: UGameplayTagsManager::ConstructGameplayTagTree: Construct from data asset -  0.000 s
[2018.03.08-00.46.12:515][  0]LogStats: UGameplayTagsManager::ConstructGameplayTagTree: GameplayTagTreeChangedEvent.Broadcast -  0.000 s
[2018.03.08-00.46.12:673][  0]LogAIModule: Creating AISystem for world Untitled
[2018.03.08-00.46.12:691][  0]LogInit: XAudio2 using 'Speakers (Realtek High Definition Audio)' : 2 channels at 48 kHz using 32 bits per sample (channel mask 0x3)
[2018.03.08-00.46.12:910][  0]LogInit: FAudioDevice initialized.
[2018.03.08-00.46.12:949][  0]LogDerivedDataCache: Saved boot cache 0.04s 52MB C:/Users/Richa/AppData/Local/UnrealEngine/4.15/DerivedDataCache/Boot.ddc.
[2018.03.08-00.46.12:956][  0]LogInit: Texture streaming: Enabled
[2018.03.08-00.46.13:073][  0]LogEngineSessionManager: EngineSessionManager initialized
[2018.03.08-00.46.13:188][  0]LogInit: Transaction tracking system initialized
[2018.03.08-00.46.13:621][  0]BlueprintLog: New page: Editor Load
[2018.03.08-00.46.14:723][  0]LocalizationService: Info Localization service is disabled
[2018.03.08-00.46.15:549][  0]LogConsoleResponse:Display: 
[2018.03.08-00.46.15:722][  0]LogCook:Display: Max memory allowance for cook 16384mb min free memory 0mb
[2018.03.08-00.46.15:722][  0]LogCook:Display: Mobile HDR setting 1
[2018.03.08-00.46.16:655][  0]LogFileCache: Scanning file cache for directory 'C:/Users/Richa/Desktop/GalaxyGang/Content/' took 0.08s
[2018.03.08-00.46.17:025][  0]SourceControl: Info Source control is disabled
[2018.03.08-00.46.17:025][  0]Cmd: MAP LOAD FILE="../../../../../../Users/Richa/Desktop/GalaxyGang/Content/GalaxyGangGame/Levels/Galaxy_Of_Dreams+Home_Fountain_Island.umap" TEMPLATE=0 SHOWPROGRESS=1 FEATURELEVEL=3
[2018.03.08-00.46.17:025][  0]LogEditorServer:Warning: Can't find file '../../../../../../Users/Richa/Desktop/GalaxyGang/Content/GalaxyGangGame/Levels/Galaxy_Of_Dreams+Home_Fountain_Island.umap'
[2018.03.08-00.46.17:025][  0]Cmd: MAP CHECKDEP NOCLEARLOG
[2018.03.08-00.46.17:070][  0]MapCheck: Info Map check complete: 0 Error(s), 0 Warning(s), took 44.558ms to complete.
[2018.03.08-00.46.17:070][  0]LogFileHelpers: Loading map 'Galaxy_Of_Dreams+Home_Fountain_Island' took 0.045
[2018.03.08-00.46.17:197][  0]LogCollectionManager: Loaded 0 collections in 0.001886 seconds
[2018.03.08-00.46.17:292][  0]LogFileCache: Scanning file cache for directory 'C:/Users/Richa/Desktop/GalaxyGang/Saved/Collections/' took 0.01s
[2018.03.08-00.46.17:292][  0]LogFileCache: Scanning file cache for directory 'C:/Users/Richa/Desktop/GalaxyGang/Content/Developers/Richa/Collections/' took 0.01s
[2018.03.08-00.46.17:292][  0]LogFileCache: Scanning file cache for directory 'C:/Users/Richa/Desktop/GalaxyGang/Content/Collections/' took 0.01s
[2018.03.08-00.46.17:292][  0]LogCollectionManager: Rebuilt the GUID cache for 0 collections in 0.000003 seconds
[2018.03.08-00.46.17:303][  0]LogContentBrowser: Native class hierarchy populated in 0.0108 seconds. Added 2245 classes and 453 folders.
[2018.03.08-00.46.17:387][  0]LogContentBrowser: Native class hierarchy updated for 'WidgetCarousel' in 0.0006 seconds. Added 0 classes and 0 folders.
[2018.03.08-00.46.17:431][  0]LogContentBrowser: Native class hierarchy updated for 'AddContentDialog' in 0.0006 seconds. Added 0 classes and 0 folders.
[2018.03.08-00.46.17:592][  0]LogContentBrowser: Native class hierarchy updated for 'SceneOutliner' in 0.0007 seconds. Added 1 classes and 2 folders.
[2018.03.08-00.46.17:709][  0]LogCrashTracker: Crashtracker disabled due to settings.
[2018.03.08-00.46.17:720][  0]LogUObjectGlobals:Warning: Failed to find object 'Class None.'
[2018.03.08-00.46.17:809][  0]LogContentBrowser: Native class hierarchy updated for 'HierarchicalLODOutliner' in 0.0007 seconds. Added 1 classes and 2 folders.
[2018.03.08-00.46.17:809][  0]LogLoad: (Engine Initialization) Total time: 19.54 seconds
[2018.03.08-00.46.17:809][  0]LogLoad: (Engine Initialization) Total Blueprint compile time: 0.05 seconds
[2018.03.08-00.46.17:809][  0]LogExternalProfiler: No external profilers were discovered.  External profiling features will not be available.
[2018.03.08-00.46.18:148][  0]LogOcInput: OculusInput pre-init called
[2018.03.08-00.46.18:223][  0]LogContentStreaming: Texture pool size now 1000 MB
[2018.03.08-00.46.18:225][  0]LogSlate: Took 0.000232 seconds to synchronously load lazily loaded font '../../../Engine/Content/Slate/Fonts/Roboto-Regular.ttf' (155K)
[2018.03.08-00.46.18:232][  0]LogSlate: Took 0.000239 seconds to synchronously load lazily loaded font '../../../Engine/Content/Slate/Fonts/Roboto-Bold.ttf' (160K)
[2018.03.08-00.46.18:448][  0]LogRenderer: Reallocating scene render targets to support 740x708 NumSamples 1 (Frame:2).
[2018.03.08-00.46.21:042][  4]LogAssetRegistry: Asset discovery search completed in 13.6761 seconds
[2018.03.08-00.46.21:042][  4]LogCollectionManager: Rebuilt the object cache for 0 collections in 0.000011 seconds (found 0 objects)
[2018.03.08-00.46.21:042][  4]LogCollectionManager: Fixed up redirectors for 0 collections in 0.000031 seconds (updated 0 objects)
[2018.03.08-00.47.49:680][263]LogSlate: Took 0.030779 seconds to synchronously load lazily loaded font '../../../Engine/Content/Slate/Fonts/Roboto-Light.ttf' (159K)
[2018.03.08-00.47.53:879][276]LogFileCache: Retrieving MD5 hashes for directory 'C:/Users/Richa/Desktop/GalaxyGang/Content/' took 95.72s
[2018.03.08-00.55.44:841][301]LogSlate: Took 0.000249 seconds to synchronously load lazily loaded font '../../../Engine/Content/Slate/Fonts/Roboto-Light.ttf' (159K)
[2018.03.08-00.55.56:165][697]LogSlate: Took 0.022262 seconds to synchronously load lazily loaded font '../../../Engine/Content/Editor/Slate/Fonts/FontAwesome.ttf' (139K)
[2018.03.08-00.56.17:133][596]LogSlate: Took 0.000179 seconds to synchronously load lazily loaded font '../../../Engine/Content/Slate/Fonts/Roboto-Light.ttf' (159K)
[2018.03.08-00.56.17:348][596]LogLinker:Warning: Can't find file '/Game/Blueprints/SaveBluprints/Data'
[2018.03.08-00.56.17:452][596]LogLinker:Warning: Can't find file for asset '/Game/Blueprints/SaveBluprints/Data' while loading ../../../../../../Users/Richa/Desktop/GalaxyGang/Content/Blueprints/DannyHUD.uasset.
[2018.03.08-00.56.17:453][596]LoadErrors:Error: Error /Game/Blueprints/DannyHUD : Can't find file for asset. /Game/Blueprints/SaveBluprints/Data
[2018.03.08-00.56.17:453][596]LogLinker:Warning: Can't find file '/Game/Blueprints/SaveBluprints/LevelData'
[2018.03.08-00.56.17:454][596]LogLinker:Warning: Can't find file for asset '/Game/Blueprints/SaveBluprints/LevelData' while loading ../../../../../../Users/Richa/Desktop/GalaxyGang/Content/Blueprints/DannyHUD.uasset.
[2018.03.08-00.56.17:454][596]LoadErrors:Error: Error /Game/Blueprints/DannyHUD : Can't find file for asset. /Game/Blueprints/SaveBluprints/LevelData
[2018.03.08-00.56.18:058][596]LogSlate: Took 0.000297 seconds to synchronously load lazily loaded font '../../../Engine/Content/Slate/Fonts/Roboto-Regular.ttf' (155K)
[2018.03.08-00.56.18:620][596]LogLinker:Warning: Can't find file '/Game/Blueprints/SaveBluprints/Data'
[2018.03.08-00.56.18:620][596]LogLinker:Warning: Can't find file for asset '/Game/Blueprints/SaveBluprints/Data' while loading ../../../../../../Users/Richa/Desktop/GalaxyGang/Content/Blueprints/Widgets/MainHUD.uasset.
[2018.03.08-00.56.18:620][596]LoadErrors:Error: Error /Game/Blueprints/Widgets/MainHUD : Can't find file for asset. /Game/Blueprints/SaveBluprints/Data
[2018.03.08-00.56.18:620][596]LogLinker:Warning: Can't find file '/Game/Blueprints/SaveBluprints/LevelData'
[2018.03.08-00.56.18:620][596]LogLinker:Warning: Can't find file for asset '/Game/Blueprints/SaveBluprints/LevelData' while loading ../../../../../../Users/Richa/Desktop/GalaxyGang/Content/Blueprints/Widgets/MainHUD.uasset.
[2018.03.08-00.56.18:620][596]LoadErrors:Error: Error /Game/Blueprints/Widgets/MainHUD : Can't find file for asset. /Game/Blueprints/SaveBluprints/LevelData
[2018.03.08-00.56.18:779][596]LogLinker:Warning: Can't find file '/Game/Blueprints/SaveBluprints/Data'
[2018.03.08-00.56.18:780][596]LogLinker:Warning: Can't find file for asset '/Game/Blueprints/SaveBluprints/Data' while loading ../../../../../../Users/Richa/Desktop/GalaxyGang/Content/Props/Assets/GreenJewel.uasset.
[2018.03.08-00.56.18:780][596]LoadErrors:Error: Error /Game/Props/Assets/GreenJewel : Can't find file for asset. /Game/Blueprints/SaveBluprints/Data
[2018.03.08-00.56.18:780][596]LogLinker:Warning: Can't find file '/Game/Blueprints/SaveBluprints/LevelData'
[2018.03.08-00.56.18:780][596]LogLinker:Warning: Can't find file for asset '/Game/Blueprints/SaveBluprints/LevelData' while loading ../../../../../../Users/Richa/Desktop/GalaxyGang/Content/Props/Assets/GreenJewel.uasset.
[2018.03.08-00.56.18:780][596]LoadErrors:Error: Error /Game/Props/Assets/GreenJewel : Can't find file for asset. /Game/Blueprints/SaveBluprints/LevelData
[2018.03.08-00.56.19:457][596]LogBlueprint:Warning: [CharacterDanny1_old] 'CurrentHealth' variable not found. Base class was probably changed.
[2018.03.08-00.56.19:457][596]LogBlueprint:Warning: [CharacterDanny1_old] 'CurrentHealth' variable not found. Base class was probably changed.
[2018.03.08-00.56.19:461][596]LogBlueprint:Warning: [CharacterDanny1_old] 'Resume_Button' variable not found. Base class was probably changed.
[2018.03.08-00.56.19:572][596]LogLinker:Warning: Can't find file '/Game/Blueprints/SaveBluprints/Data'
[2018.03.08-00.56.19:572][596]LogLinker:Warning: Can't find file for asset '/Game/Blueprints/SaveBluprints/Data' while loading ../../../../../../Users/Richa/Desktop/GalaxyGang/Content/Props/Assets/GreenJewel.uasset.
[2018.03.08-00.56.19:572][596]LogLinker:Warning: Can't find file '/Game/Blueprints/SaveBluprints/LevelData'
[2018.03.08-00.56.19:572][596]LogLinker:Warning: Can't find file for asset '/Game/Blueprints/SaveBluprints/LevelData' while loading ../../../../../../Users/Richa/Desktop/GalaxyGang/Content/Props/Assets/GreenJewel.uasset.
[2018.03.08-00.56.19:572][596]LogLinker:Warning: Can't find file '/Game/Blueprints/SaveBluprints/Data'
[2018.03.08-00.56.19:573][596]LogLinker:Warning: Can't find file for asset '/Game/Blueprints/SaveBluprints/Data' while loading ../../../../../../Users/Richa/Desktop/GalaxyGang/Content/Props/Assets/GreenJewel.uasset.
[2018.03.08-00.56.19:573][596]LogLinker:Warning: Can't find file '/Game/Blueprints/SaveBluprints/Data'
[2018.03.08-00.56.19:573][596]LogLinker:Warning: Can't find file for asset '/Game/Blueprints/SaveBluprints/Data' while loading ../../../../../../Users/Richa/Desktop/GalaxyGang/Content/Props/Assets/GreenJewel.uasset.
[2018.03.08-00.56.19:573][596]LogLinker:Warning: Can't find file '/Game/Blueprints/SaveBluprints/Data'
[2018.03.08-00.56.19:573][596]LogLinker:Warning: Can't find file for asset '/Game/Blueprints/SaveBluprints/Data' while loading ../../../../../../Users/Richa/Desktop/GalaxyGang/Content/Props/Assets/GreenJewel.uasset.
[2018.03.08-00.56.19:573][596]LogLinker:Warning: Can't find file '/Game/Blueprints/SaveBluprints/Data'
[2018.03.08-00.56.19:573][596]LogLinker:Warning: Can't find file for asset '/Game/Blueprints/SaveBluprints/Data' while loading ../../../../../../Users/Richa/Desktop/GalaxyGang/Content/Props/Assets/GreenJewel.uasset.
[2018.03.08-00.56.19:573][596]LogLinker:Warning: Can't find file '/Game/Blueprints/SaveBluprints/Data'
[2018.03.08-00.56.19:573][596]LogLinker:Warning: Can't find file for asset '/Game/Blueprints/SaveBluprints/Data' while loading ../../../../../../Users/Richa/Desktop/GalaxyGang/Content/Props/Assets/GreenJewel.uasset.
[2018.03.08-00.56.19:573][596]LogLinker:Warning: Can't find file '/Game/Blueprints/SaveBluprints/Data'
[2018.03.08-00.56.19:573][596]LogLinker:Warning: Can't find file for asset '/Game/Blueprints/SaveBluprints/Data' while loading ../../../../../../Users/Richa/Desktop/GalaxyGang/Content/Props/Assets/GreenJewel.uasset.
[2018.03.08-00.56.19:598][596]LogLinker:Warning: Can't find file '/Game/Blueprints/SaveBluprints/LevelData'
[2018.03.08-00.56.19:598][596]LogLinker:Warning: Can't find file for asset '/Game/Blueprints/SaveBluprints/LevelData' while loading ../../../../../../Users/Richa/Desktop/GalaxyGang/Content/Props/Assets/GreenJewel.uasset.
[2018.03.08-00.56.19:999][596]LogLinker:Warning: Can't find file '/Game/Blueprints/SaveBluprints/Data'
[2018.03.08-00.56.19:999][596]LogLinker:Warning: Can't find file for asset '/Game/Blueprints/SaveBluprints/Data' while loading ../../../../../../Users/Richa/Desktop/GalaxyGang/Content/Props/Assets/GreenJewel.uasset.
[2018.03.08-00.56.19:999][596]LogLinker:Warning: Can't find file '/Game/Blueprints/SaveBluprints/LevelData'
[2018.03.08-00.56.19:999][596]LogLinker:Warning: Can't find file for asset '/Game/Blueprints/SaveBluprints/LevelData' while loading ../../../../../../Users/Richa/Desktop/GalaxyGang/Content/Props/Assets/GreenJewel.uasset.
[2018.03.08-00.56.20:108][596]LogLinker:Warning: Can't find file '/Game/Blueprints/SaveBluprints/LevelData'
[2018.03.08-00.56.20:108][596]LogLinker:Warning: Can't find file for asset '/Game/Blueprints/SaveBluprints/LevelData' while loading ../../../../../../Users/Richa/Desktop/GalaxyGang/Content/Props/Assets/GreenJewel.uasset.
[2018.03.08-00.56.20:108][596]LogLinker:Warning: Can't find file '/Game/Blueprints/SaveBluprints/LevelData'
[2018.03.08-00.56.20:108][596]LogLinker:Warning: Can't find file for asset '/Game/Blueprints/SaveBluprints/LevelData' while loading ../../../../../../Users/Richa/Desktop/GalaxyGang/Content/Props/Assets/GreenJewel.uasset.
[2018.03.08-00.56.20:113][596]LogLinker:Warning: Can't find file '/Game/Blueprints/SaveBluprints/Data'
[2018.03.08-00.56.20:113][596]LoadErrors: Info Failed to load /Game/Blueprints/SaveBluprints/Data.Data_C Referenced by MainHUD
[2018.03.08-00.56.20:113][596]LogLinker:Warning: Can't find file for asset '/Game/Blueprints/SaveBluprints/Data' while loading ../../../../../../Users/Richa/Desktop/GalaxyGang/Content/Props/Assets/GreenJewel.uasset.
[2018.03.08-00.56.20:113][596]LogLinker:Warning: Can't find file '/Game/Blueprints/SaveBluprints/LevelData'
[2018.03.08-00.56.20:113][596]LoadErrors: Info Failed to load /Game/Blueprints/SaveBluprints/LevelData.LevelData_C Referenced by MainHUD
[2018.03.08-00.56.20:113][596]LogLinker:Warning: Can't find file for asset '/Game/Blueprints/SaveBluprints/LevelData' while loading ../../../../../../Users/Richa/Desktop/GalaxyGang/Content/Props/Assets/GreenJewel.uasset.
[2018.03.08-00.56.20:118][596]LogLinker:Warning: Can't find file '/Game/Blueprints/SaveBluprints/LevelData'
[2018.03.08-00.56.20:119][596]LoadErrors: Info Failed to load /Game/Blueprints/SaveBluprints/LevelData.LevelData_C Referenced by K2Node_CustomEvent_0
[2018.03.08-00.56.20:119][596]LogLinker:Warning: Can't find file for asset '/Game/Blueprints/SaveBluprints/LevelData' while loading ../../../../../../Users/Richa/Desktop/GalaxyGang/Content/Props/Assets/GreenJewel.uasset.
[2018.03.08-00.56.20:119][596]LogLinker:Warning: Can't find file '/Game/Blueprints/SaveBluprints/LevelData'
[2018.03.08-00.56.20:119][596]LogLinker:Warning: Can't find file for asset '/Game/Blueprints/SaveBluprints/LevelData' while loading ../../../../../../Users/Richa/Desktop/GalaxyGang/Content/Props/Assets/GreenJewel.uasset.
[2018.03.08-00.56.20:120][596]LogLinker:Warning: Can't find file '/Game/Blueprints/SaveBluprints/LevelData'
[2018.03.08-00.56.20:120][596]LoadErrors: Info Failed to load /Game/Blueprints/SaveBluprints/LevelData.LevelData_C Referenced by K2Node_MacroInstance_172
[2018.03.08-00.56.20:121][596]LogLinker:Warning: Can't find file for asset '/Game/Blueprints/SaveBluprints/LevelData' while loading ../../../../../../Users/Richa/Desktop/GalaxyGang/Content/Props/Assets/GreenJewel.uasset.
[2018.03.08-00.56.20:121][596]LogLinker:Warning: Can't find file '/Game/Blueprints/SaveBluprints/LevelData'
[2018.03.08-00.56.20:121][596]LoadErrors: Info Failed to load /Game/Blueprints/SaveBluprints/LevelData.LevelData_C Referenced by K2Node_VariableSet_1435
[2018.03.08-00.56.20:121][596]LogLinker:Warning: Can't find file for asset '/Game/Blueprints/SaveBluprints/LevelData' while loading ../../../../../../Users/Richa/Desktop/GalaxyGang/Content/Props/Assets/GreenJewel.uasset.
[2018.03.08-00.56.20:122][596]LogLinker:Warning: Can't find file '/Game/Blueprints/SaveBluprints/LevelData'
[2018.03.08-00.56.20:122][596]LogLinker:Warning: Can't find file for asset '/Game/Blueprints/SaveBluprints/LevelData' while loading ../../../../../../Users/Richa/Desktop/GalaxyGang/Content/Props/Assets/GreenJewel.uasset.
[2018.03.08-00.56.20:123][596]LogLinker:Warning: Can't find file '/Game/Blueprints/SaveBluprints/Data'
[2018.03.08-00.56.20:123][596]LoadErrors: Info Failed to load /Game/Blueprints/SaveBluprints/Data.Data_C Referenced by K2Node_VariableGet_2043
[2018.03.08-00.56.20:123][596]LogLinker:Warning: Can't find file for asset '/Game/Blueprints/SaveBluprints/Data' while loading ../../../../../../Users/Richa/Desktop/GalaxyGang/Content/Props/Assets/GreenJewel.uasset.
[2018.03.08-00.56.20:123][596]LogLinker:Warning: Can't find file '/Game/Blueprints/SaveBluprints/Data'
[2018.03.08-00.56.20:123][596]LoadErrors: Info Failed to load /Game/Blueprints/SaveBluprints/Data.Data_C Referenced by K2Node_VariableGet_2047
[2018.03.08-00.56.20:123][596]LogLinker:Warning: Can't find file for asset '/Game/Blueprints/SaveBluprints/Data' while loading ../../../../../../Users/Richa/Desktop/GalaxyGang/Content/Props/Assets/GreenJewel.uasset.
[2018.03.08-00.56.20:124][596]LogLinker:Warning: Can't find file '/Game/Blueprints/SaveBluprints/Data'
[2018.03.08-00.56.20:124][596]LoadErrors: Info Failed to load /Game/Blueprints/SaveBluprints/Data.Data_C Referenced by K2Node_VariableSet_68
[2018.03.08-00.56.20:124][596]LogLinker:Warning: Can't find file for asset '/Game/Blueprints/SaveBluprints/Data' while loading ../../../../../../Users/Richa/Desktop/GalaxyGang/Content/Props/Assets/GreenJewel.uasset.
[2018.03.08-00.56.20:124][596]LogLinker:Warning: Can't find file '/Game/Blueprints/SaveBluprints/Data'
[2018.03.08-00.56.20:124][596]LogLinker:Warning: Can't find file for asset '/Game/Blueprints/SaveBluprints/Data' while loading ../../../../../../Users/Richa/Desktop/GalaxyGang/Content/Props/Assets/GreenJewel.uasset.
[2018.03.08-00.56.20:125][596]LogLinker:Warning: Can't find file '/Game/Blueprints/SaveBluprints/Data'
[2018.03.08-00.56.20:125][596]LoadErrors: Info Failed to load /Game/Blueprints/SaveBluprints/Data.Data_C Referenced by K2Node_VariableSet_69
[2018.03.08-00.56.20:125][596]LogLinker:Warning: Can't find file for asset '/Game/Blueprints/SaveBluprints/Data' while loading ../../../../../../Users/Richa/Desktop/GalaxyGang/Content/Props/Assets/GreenJewel.uasset.
[2018.03.08-00.56.20:125][596]LogLinker:Warning: Can't find file '/Game/Blueprints/SaveBluprints/Data'
[2018.03.08-00.56.20:125][596]LogLinker:Warning: Can't find file for asset '/Game/Blueprints/SaveBluprints/Data' while loading ../../../../../../Users/Richa/Desktop/GalaxyGang/Content/Props/Assets/GreenJewel.uasset.
[2018.03.08-00.56.20:125][596]LogLinker:Warning: Can't find file '/Game/Blueprints/SaveBluprints/Data'
[2018.03.08-00.56.20:125][596]LoadErrors: Info Failed to load /Game/Blueprints/SaveBluprints/Data.Data_C Referenced by K2Node_VariableGet_394
[2018.03.08-00.56.20:125][596]LogLinker:Warning: Can't find file for asset '/Game/Blueprints/SaveBluprints/Data' while loading ../../../../../../Users/Richa/Desktop/GalaxyGang/Content/Props/Assets/GreenJewel.uasset.
[2018.03.08-00.56.20:126][596]LogLinker:Warning: Can't find file '/Game/Blueprints/SaveBluprints/Data'
[2018.03.08-00.56.20:126][596]LogLinker:Warning: Can't find file for asset '/Game/Blueprints/SaveBluprints/Data' while loading ../../../../../../Users/Richa/Desktop/GalaxyGang/Content/Props/Assets/GreenJewel.uasset.
[2018.03.08-00.56.20:126][596]LogLinker:Warning: Can't find file '/Game/Blueprints/SaveBluprints/Data'
[2018.03.08-00.56.20:126][596]LoadErrors: Info Failed to load /Game/Blueprints/SaveBluprints/Data.Data_C Referenced by K2Node_VariableGet_395
[2018.03.08-00.56.20:126][596]LogLinker:Warning: Can't find file for asset '/Game/Blueprints/SaveBluprints/Data' while loading ../../../../../../Users/Richa/Desktop/GalaxyGang/Content/Props/Assets/GreenJewel.uasset.
[2018.03.08-00.56.20:126][596]LogLinker:Warning: Can't find file '/Game/Blueprints/SaveBluprints/Data'
[2018.03.08-00.56.20:126][596]LogLinker:Warning: Can't find file for asset '/Game/Blueprints/SaveBluprints/Data' while loading ../../../../../../Users/Richa/Desktop/GalaxyGang/Content/Props/Assets/GreenJewel.uasset.
[2018.03.08-00.56.20:128][596]LogLinker:Warning: Can't find file '/Game/Blueprints/SaveBluprints/Data'
[2018.03.08-00.56.20:128][596]LoadErrors: Info Failed to load /Game/Blueprints/SaveBluprints/Data.Data_C Referenced by K2Node_VariableGet_2155
[2018.03.08-00.56.20:128][596]LogLinker:Warning: Can't find file for asset '/Game/Blueprints/SaveBluprints/Data' while loading ../../../../../../Users/Richa/Desktop/GalaxyGang/Content/Props/Assets/GreenJewel.uasset.
[2018.03.08-00.56.20:129][596]LogLinker:Warning: Can't find file '/Game/Blueprints/SaveBluprints/Data'
[2018.03.08-00.56.20:129][596]LoadErrors: Info Failed to load /Game/Blueprints/SaveBluprints/Data.Data_C Referenced by K2Node_VariableGet_2156
[2018.03.08-00.56.20:129][596]LogLinker:Warning: Can't find file for asset '/Game/Blueprints/SaveBluprints/Data' while loading ../../../../../../Users/Richa/Desktop/GalaxyGang/Content/Props/Assets/GreenJewel.uasset.
[2018.03.08-00.56.20:129][596]LogLinker:Warning: Can't find file '/Game/Blueprints/SaveBluprints/Data'
[2018.03.08-00.56.20:129][596]LoadErrors: Info Failed to load /Game/Blueprints/SaveBluprints/Data.Data_C Referenced by K2Node_VariableGet_448
[2018.03.08-00.56.20:129][596]LogLinker:Warning: Can't find file for asset '/Game/Blueprints/SaveBluprints/Data' while loading ../../../../../../Users/Richa/Desktop/GalaxyGang/Content/Props/Assets/GreenJewel.uasset.
[2018.03.08-00.56.20:129][596]LogLinker:Warning: Can't find file '/Game/Blueprints/SaveBluprints/Data'
[2018.03.08-00.56.20:129][596]LogLinker:Warning: Can't find file for asset '/Game/Blueprints/SaveBluprints/Data' while loading ../../../../../../Users/Richa/Desktop/GalaxyGang/Content/Props/Assets/GreenJewel.uasset.
[2018.03.08-00.56.20:130][596]LogLinker:Warning: Can't find file '/Game/Blueprints/SaveBluprints/Data'
[2018.03.08-00.56.20:130][596]LoadErrors: Info Failed to load /Game/Blueprints/SaveBluprints/Data.Data_C Referenced by K2Node_VariableGet_449
[2018.03.08-00.56.20:130][596]LogLinker:Warning: Can't find file for asset '/Game/Blueprints/SaveBluprints/Data' while loading ../../../../../../Users/Richa/Desktop/GalaxyGang/Content/Props/Assets/GreenJewel.uasset.
[2018.03.08-00.56.20:130][596]LogLinker:Warning: Can't find file '/Game/Blueprints/SaveBluprints/Data'
[2018.03.08-00.56.20:130][596]LogLinker:Warning: Can't find file for asset '/Game/Blueprints/SaveBluprints/Data' while loading ../../../../../../Users/Richa/Desktop/GalaxyGang/Content/Props/Assets/GreenJewel.uasset.
[2018.03.08-00.56.20:131][596]LogLinker:Warning: Can't find file '/Game/Blueprints/SaveBluprints/Data'
[2018.03.08-00.56.20:131][596]LoadErrors: Info Failed to load /Game/Blueprints/SaveBluprints/Data.Data_C Referenced by K2Node_VariableGet_450
[2018.03.08-00.56.20:131][596]LogLinker:Warning: Can't find file for asset '/Game/Blueprints/SaveBluprints/Data' while loading ../../../../../../Users/Richa/Desktop/GalaxyGang/Content/Props/Assets/GreenJewel.uasset.
[2018.03.08-00.56.20:131][596]LogLinker:Warning: Can't find file '/Game/Blueprints/SaveBluprints/Data'
[2018.03.08-00.56.20:131][596]LogLinker:Warning: Can't find file for asset '/Game/Blueprints/SaveBluprints/Data' while loading ../../../../../../Users/Richa/Desktop/GalaxyGang/Content/Props/Assets/GreenJewel.uasset.
[2018.03.08-00.56.20:131][596]LogLinker:Warning: Can't find file '/Game/Blueprints/SaveBluprints/Data'
[2018.03.08-00.56.20:131][596]LoadErrors: Info Failed to load /Game/Blueprints/SaveBluprints/Data.Data_C Referenced by K2Node_VariableSet_80
[2018.03.08-00.56.20:132][596]LogLinker:Warning: Can't find file for asset '/Game/Blueprints/SaveBluprints/Data' while loading ../../../../../../Users/Richa/Desktop/GalaxyGang/Content/Props/Assets/GreenJewel.uasset.
[2018.03.08-00.56.20:132][596]LogLinker:Warning: Can't find file '/Game/Blueprints/SaveBluprints/Data'
[2018.03.08-00.56.20:132][596]LogLinker:Warning: Can't find file for asset '/Game/Blueprints/SaveBluprints/Data' while loading ../../../../../../Users/Richa/Desktop/GalaxyGang/Content/Props/Assets/GreenJewel.uasset.
[2018.03.08-00.56.20:132][596]LogLinker:Warning: Can't find file '/Game/Blueprints/SaveBluprints/Data'
[2018.03.08-00.56.20:132][596]LoadErrors: Info Failed to load /Game/Blueprints/SaveBluprints/Data.Data_C Referenced by K2Node_VariableSet_81
[2018.03.08-00.56.20:132][596]LogLinker:Warning: Can't find file for asset '/Game/Blueprints/SaveBluprints/Data' while loading ../../../../../../Users/Richa/Desktop/GalaxyGang/Content/Props/Assets/GreenJewel.uasset.
[2018.03.08-00.56.20:133][596]LogLinker:Warning: Can't find file '/Game/Blueprints/SaveBluprints/Data'
[2018.03.08-00.56.20:133][596]LogLinker:Warning: Can't find file for asset '/Game/Blueprints/SaveBluprints/Data' while loading ../../../../../../Users/Richa/Desktop/GalaxyGang/Content/Props/Assets/GreenJewel.uasset.
[2018.03.08-00.56.20:133][596]LogLinker:Warning: Can't find file '/Game/Blueprints/SaveBluprints/Data'
[2018.03.08-00.56.20:133][596]LoadErrors: Info Failed to load /Game/Blueprints/SaveBluprints/Data.Data_C Referenced by K2Node_VariableSet_82
[2018.03.08-00.56.20:133][596]LogLinker:Warning: Can't find file for asset '/Game/Blueprints/SaveBluprints/Data' while loading ../../../../../../Users/Richa/Desktop/GalaxyGang/Content/Props/Assets/GreenJewel.uasset.
[2018.03.08-00.56.20:133][596]LogLinker:Warning: Can't find file '/Game/Blueprints/SaveBluprints/Data'
[2018.03.08-00.56.20:134][596]LogLinker:Warning: Can't find file for asset '/Game/Blueprints/SaveBluprints/Data' while loading ../../../../../../Users/Richa/Desktop/GalaxyGang/Content/Props/Assets/GreenJewel.uasset.
[2018.03.08-00.56.20:136][596]LogLinker:Warning: Can't find file '/Game/Blueprints/SaveBluprints/Data'
[2018.03.08-00.56.20:136][596]LoadErrors: Info Failed to load /Game/Blueprints/SaveBluprints/Data.Data_C Referenced by K2Node_CallFunction_2583
[2018.03.08-00.56.20:136][596]LogLinker:Warning: Can't find file for asset '/Game/Blueprints/SaveBluprints/Data' while loading ../../../../../../Users/Richa/Desktop/GalaxyGang/Content/Props/Assets/GreenJewel.uasset.
[2018.03.08-00.56.20:136][596]LogLinker:Warning: Can't find file '/Game/Blueprints/SaveBluprints/Data'
[2018.03.08-00.56.20:136][596]LogLinker:Warning: Can't find file for asset '/Game/Blueprints/SaveBluprints/Data' while loading ../../../../../../Users/Richa/Desktop/GalaxyGang/Content/Props/Assets/GreenJewel.uasset.
[2018.03.08-00.56.20:137][596]LogLinker:Warning: Can't find file '/Game/Blueprints/SaveBluprints/Data'
[2018.03.08-00.56.20:137][596]LoadErrors: Info Failed to load /Game/Blueprints/SaveBluprints/Data.Data_C Referenced by K2Node_MacroInstance_305
[2018.03.08-00.56.20:137][596]LogLinker:Warning: Can't find file for asset '/Game/Blueprints/SaveBluprints/Data' while loading ../../../../../../Users/Richa/Desktop/GalaxyGang/Content/Props/Assets/GreenJewel.uasset.
[2018.03.08-00.56.20:137][596]LogLinker:Warning: Can't find file '/Game/Blueprints/SaveBluprints/Data'
[2018.03.08-00.56.20:137][596]LoadErrors: Info Failed to load /Game/Blueprints/SaveBluprints/Data.Data_C Referenced by K2Node_VariableSet_22
[2018.03.08-00.56.20:137][596]LogLinker:Warning: Can't find file for asset '/Game/Blueprints/SaveBluprints/Data' while loading ../../../../../../Users/Richa/Desktop/GalaxyGang/Content/Props/Assets/GreenJewel.uasset.
[2018.03.08-00.56.20:138][596]LogLinker:Warning: Can't find file '/Game/Blueprints/SaveBluprints/Data'
[2018.03.08-00.56.20:138][596]LogLinker:Warning: Can't find file for asset '/Game/Blueprints/SaveBluprints/Data' while loading ../../../../../../Users/Richa/Desktop/GalaxyGang/Content/Props/Assets/GreenJewel.uasset.
[2018.03.08-00.56.20:139][596]LogLinker:Warning: Can't find file '/Game/Blueprints/SaveBluprints/Data'
[2018.03.08-00.56.20:139][596]LoadErrors: Info Failed to load /Game/Blueprints/SaveBluprints/Data.Data_C Referenced by K2Node_Select_0
[2018.03.08-00.56.20:139][596]LogLinker:Warning: Can't find file for asset '/Game/Blueprints/SaveBluprints/Data' while loading ../../../../../../Users/Richa/Desktop/GalaxyGang/Content/Props/Assets/GreenJewel.uasset.
[2018.03.08-00.56.20:139][596]LogLinker:Warning: Can't find file '/Game/Blueprints/SaveBluprints/Data'
[2018.03.08-00.56.20:139][596]LogLinker:Warning: Can't find file for asset '/Game/Blueprints/SaveBluprints/Data' while loading ../../../../../../Users/Richa/Desktop/GalaxyGang/Content/Props/Assets/GreenJewel.uasset.
[2018.03.08-00.56.20:139][596]LogLinker:Warning: Can't find file '/Game/Blueprints/SaveBluprints/Data'
[2018.03.08-00.56.20:140][596]LogLinker:Warning: Can't find file for asset '/Game/Blueprints/SaveBluprints/Data' while loading ../../../../../../Users/Richa/Desktop/GalaxyGang/Content/Props/Assets/GreenJewel.uasset.
[2018.03.08-00.56.20:140][596]LogLinker:Warning: Can't find file '/Game/Blueprints/SaveBluprints/Data'
[2018.03.08-00.56.20:140][596]LoadErrors: Info Failed to load /Game/Blueprints/SaveBluprints/Data.Data_C Referenced by K2Node_DynamicCast_99
[2018.03.08-00.56.20:140][596]LogLinker:Warning: Can't find file for asset '/Game/Blueprints/SaveBluprints/Data' while loading ../../../../../../Users/Richa/Desktop/GalaxyGang/Content/Props/Assets/GreenJewel.uasset.
[2018.03.08-00.56.20:140][596]LogLinker:Warning: Can't find file '/Game/Blueprints/SaveBluprints/Data'
[2018.03.08-00.56.20:141][596]LogLinker:Warning: Can't find file for asset '/Game/Blueprints/SaveBluprints/Data' while loading ../../../../../../Users/Richa/Desktop/GalaxyGang/Content/Props/Assets/GreenJewel.uasset.
[2018.03.08-00.56.20:142][596]LogLinker:Warning: Can't find file '/Game/Blueprints/SaveBluprints/Data'
[2018.03.08-00.56.20:143][596]LoadErrors: Info Failed to load /Game/Blueprints/SaveBluprints/Data.Data_C Referenced by K2Node_Tunnel_18
[2018.03.08-00.56.20:143][596]LogLinker:Warning: Can't find file for asset '/Game/Blueprints/SaveBluprints/Data' while loading ../../../../../../Users/Richa/Desktop/GalaxyGang/Content/Props/Assets/GreenJewel.uasset.
[2018.03.08-00.56.20:143][596]LogLinker:Warning: Can't find file '/Game/Blueprints/SaveBluprints/Data'
[2018.03.08-00.56.20:143][596]LogLinker:Warning: Can't find file for asset '/Game/Blueprints/SaveBluprints/Data' while loading ../../../../../../Users/Richa/Desktop/GalaxyGang/Content/Props/Assets/GreenJewel.uasset.
[2018.03.08-00.56.20:144][596]LogLinker:Warning: Can't find file '/Game/Blueprints/SaveBluprints/Data'
[2018.03.08-00.56.20:144][596]LoadErrors: Info Failed to load /Game/Blueprints/SaveBluprints/Data.Data_C Referenced by K2Node_VariableGet_211
[2018.03.08-00.56.20:144][596]LogLinker:Warning: Can't find file for asset '/Game/Blueprints/SaveBluprints/Data' while loading ../../../../../../Users/Richa/Desktop/GalaxyGang/Content/Props/Assets/GreenJewel.uasset.
[2018.03.08-00.56.20:145][596]LogLinker:Warning: Can't find file '/Game/Blueprints/SaveBluprints/Data'
[2018.03.08-00.56.20:145][596]LogLinker:Warning: Can't find file for asset '/Game/Blueprints/SaveBluprints/Data' while loading ../../../../../../Users/Richa/Desktop/GalaxyGang/Content/Props/Assets/GreenJewel.uasset.
[2018.03.08-00.56.20:145][596]LogLinker:Warning: Can't find file '/Game/Blueprints/SaveBluprints/Data'
[2018.03.08-00.56.20:145][596]LoadErrors: Info Failed to load /Game/Blueprints/SaveBluprints/Data.Data_C Referenced by K2Node_VariableGet_212
[2018.03.08-00.56.20:145][596]LogLinker:Warning: Can't find file for asset '/Game/Blueprints/SaveBluprints/Data' while loading ../../../../../../Users/Richa/Desktop/GalaxyGang/Content/Props/Assets/GreenJewel.uasset.
[2018.03.08-00.56.20:146][596]LogLinker:Warning: Can't find file '/Game/Blueprints/SaveBluprints/Data'
[2018.03.08-00.56.20:146][596]LogLinker:Warning: Can't find file for asset '/Game/Blueprints/SaveBluprints/Data' while loading ../../../../../../Users/Richa/Desktop/GalaxyGang/Content/Props/Assets/GreenJewel.uasset.
[2018.03.08-00.56.20:146][596]LogLinker:Warning: Can't find file '/Game/Blueprints/SaveBluprints/Data'
[2018.03.08-00.56.20:146][596]LoadErrors: Info Failed to load /Game/Blueprints/SaveBluprints/Data.Data_C Referenced by K2Node_VariableGet_213
[2018.03.08-00.56.20:146][596]LogLinker:Warning: Can't find file for asset '/Game/Blueprints/SaveBluprints/Data' while loading ../../../../../../Users/Richa/Desktop/GalaxyGang/Content/Props/Assets/GreenJewel.uasset.
[2018.03.08-00.56.20:147][596]LogLinker:Warning: Can't find file '/Game/Blueprints/SaveBluprints/Data'
[2018.03.08-00.56.20:147][596]LogLinker:Warning: Can't find file for asset '/Game/Blueprints/SaveBluprints/Data' while loading ../../../../../../Users/Richa/Desktop/GalaxyGang/Content/Props/Assets/GreenJewel.uasset.
[2018.03.08-00.56.20:147][596]LogLinker:Warning: Can't find file '/Game/Blueprints/SaveBluprints/LevelData'
[2018.03.08-00.56.20:147][596]LoadErrors: Info Failed to load /Game/Blueprints/SaveBluprints/LevelData.LevelData_C Referenced by K2Node_Tunnel_114
[2018.03.08-00.56.20:147][596]LogLinker:Warning: Can't find file for asset '/Game/Blueprints/SaveBluprints/LevelData' while loading ../../../../../../Users/Richa/Desktop/GalaxyGang/Content/Props/Assets/GreenJewel.uasset.
[2018.03.08-00.56.20:148][596]LogLinker:Warning: Can't find file '/Game/Blueprints/SaveBluprints/LevelData'
[2018.03.08-00.56.20:148][596]LogLinker:Warning: Can't find file for asset '/Game/Blueprints/SaveBluprints/LevelData' while loading ../../../../../../Users/Richa/Desktop/GalaxyGang/Content/Props/Assets/GreenJewel.uasset.
[2018.03.08-00.56.20:149][596]LogLinker:Warning: Can't find file '/Game/Blueprints/SaveBluprints/LevelData'
[2018.03.08-00.56.20:149][596]LoadErrors: Info Failed to load /Game/Blueprints/SaveBluprints/LevelData.LevelData_C Referenced by K2Node_VariableGet_102
[2018.03.08-00.56.20:149][596]LogLinker:Warning: Can't find file for asset '/Game/Blueprints/SaveBluprints/LevelData' while loading ../../../../../../Users/Richa/Desktop/GalaxyGang/Content/Props/Assets/GreenJewel.uasset.
[2018.03.08-00.56.20:149][596]LogLinker:Warning: Can't find file '/Game/Blueprints/SaveBluprints/LevelData'
[2018.03.08-00.56.20:149][596]LogLinker:Warning: Can't find file for asset '/Game/Blueprints/SaveBluprints/LevelData' while loading ../../../../../../Users/Richa/Desktop/GalaxyGang/Content/Props/Assets/GreenJewel.uasset.
[2018.03.08-00.56.20:150][596]LogLinker:Warning: Can't find file '/Game/Blueprints/SaveBluprints/LevelData'
[2018.03.08-00.56.20:150][596]LoadErrors: Info Failed to load /Game/Blueprints/SaveBluprints/LevelData.LevelData_C Referenced by K2Node_VariableGet_288
[2018.03.08-00.56.20:150][596]LogLinker:Warning: Can't find file for asset '/Game/Blueprints/SaveBluprints/LevelData' while loading ../../../../../../Users/Richa/Desktop/GalaxyGang/Content/Props/Assets/GreenJewel.uasset.
[2018.03.08-00.56.20:150][596]LogLinker:Warning: Can't find file '/Game/Blueprints/SaveBluprints/LevelData'
[2018.03.08-00.56.20:150][596]LogLinker:Warning: Can't find file for asset '/Game/Blueprints/SaveBluprints/LevelData' while loading ../../../../../../Users/Richa/Desktop/GalaxyGang/Content/Props/Assets/GreenJewel.uasset.
[2018.03.08-00.56.20:151][596]LogLinker:Warning: Can't find file '/Game/Blueprints/SaveBluprints/LevelData'
[2018.03.08-00.56.20:151][596]LoadErrors: Info Failed to load /Game/Blueprints/SaveBluprints/LevelData.LevelData_C Referenced by K2Node_VariableGet_289
[2018.03.08-00.56.20:151][596]LogLinker:Warning: Can't find file for asset '/Game/Blueprints/SaveBluprints/LevelData' while loading ../../../../../../Users/Richa/Desktop/GalaxyGang/Content/Props/Assets/GreenJewel.uasset.
[2018.03.08-00.56.20:151][596]LogLinker:Warning: Can't find file '/Game/Blueprints/SaveBluprints/LevelData'
[2018.03.08-00.56.20:151][596]LogLinker:Warning: Can't find file for asset '/Game/Blueprints/SaveBluprints/LevelData' while loading ../../../../../../Users/Richa/Desktop/GalaxyGang/Content/Props/Assets/GreenJewel.uasset.
[2018.03.08-00.56.20:188][596]LogBlueprint:Warning: [MainHUD] 'Yellow' variable not found. Base class was probably changed.
[2018.03.08-00.56.20:188][596]LogBlueprint:Warning: [MainHUD] 'Green' variable not found. Base class was probably changed.
[2018.03.08-00.56.20:188][596]LogBlueprint:Warning: [MainHUD] 'Green' variable not found. Base class was probably changed.
[2018.03.08-00.56.20:188][596]LogBlueprint:Warning: [MainHUD] 'Purple' variable not found. Base class was probably changed.
[2018.03.08-00.56.20:188][596]LogBlueprint:Warning: [MainHUD] 'Purple' variable not found. Base class was probably changed.
[2018.03.08-00.56.20:188][596]LogBlueprint:Warning: [MainHUD] 'Yellow' variable not found. Base class was probably changed.
[2018.03.08-00.56.20:188][596]LogBlueprint:Warning: [MainHUD] 'Yellow' variable not found. Base class was probably changed.
[2018.03.08-00.56.20:188][596]LogBlueprint:Warning: [MainHUD] 'PurpleActive' variable not found. Base class was probably changed.
[2018.03.08-00.56.20:188][596]LogBlueprint:Warning: [MainHUD] 'Green' variable not found. Base class was probably changed.
[2018.03.08-00.56.20:188][596]LogBlueprint:Warning: [MainHUD] 'Purple' variable not found. Base class was probably changed.
[2018.03.08-00.56.20:188][596]LogBlueprint:Warning: [MainHUD] 'GreenActive' variable not found. Base class was probably changed.
[2018.03.08-00.56.20:188][596]LogBlueprint:Warning: [MainHUD] 'GreenActive' variable not found. Base class was probably changed.
[2018.03.08-00.56.20:188][596]LogBlueprint:Warning: [MainHUD] 'GreenActive' variable not found. Base class was probably changed.
[2018.03.08-00.56.20:188][596]LogBlueprint:Warning: [MainHUD] 'PurpleActive' variable not found. Base class was probably changed.
[2018.03.08-00.56.20:188][596]LogBlueprint:Warning: [MainHUD] 'PurpleActive' variable not found. Base class was probably changed.
[2018.03.08-00.56.20:191][596]LogBlueprint:Warning: [MainHUD] 'GreenActive' variable not found. Base class was probably changed.
[2018.03.08-00.56.20:191][596]LogBlueprint:Warning: [MainHUD] 'PurpleActive' variable not found. Base class was probably changed.
[2018.03.08-00.56.20:191][596]LogBlueprint:Warning: [MainHUD] 'YellowActive' variable not found. Base class was probably changed.
[2018.03.08-00.56.20:191][596]LogBlueprint:Warning: [MainHUD] 'Percentage' variable not found. Base class was probably changed.
[2018.03.08-00.56.20:191][596]LogBlueprint:Warning: [MainHUD] 'Health' variable not found. Base class was probably changed.
[2018.03.08-00.56.20:191][596]LogBlueprint:Warning: [MainHUD] 'WorldName' variable not found. Base class was probably changed.
[2018.03.08-00.56.20:191][596]LogBlueprint:Warning: [MainHUD] 'StageName' variable not found. Base class was probably changed.
[2018.03.08-00.56.20:191][596]LogBlueprint:Warning: [MainHUD] 'World#' variable not found. Base class was probably changed.
[2018.03.08-00.56.20:191][596]LogBlueprint:Warning: [MainHUD] 'DannyHealthImage' variable not found. Base class was probably changed.
[2018.03.08-00.56.20:193][596]LogBlueprint:Warning: [MainHUD] 'MaxHealth' variable not found. Base class was probably changed.
[2018.03.08-00.56.20:260][596]LogBlueprint:Warning: [Compiler MainHUD] Warning Could not find a variable named "WorldName" in 'MainHUD'.
Make sure 'MainHUD' has been compiled for  Get WorldName
[2018.03.08-00.56.20:260][596]LogBlueprint:Warning: [Compiler MainHUD] Warning Could not find a variable named "StageName" in 'MainHUD'.
Make sure 'MainHUD' has been compiled for  Get StageName
[2018.03.08-00.56.20:260][596]LogBlueprint:Warning: [Compiler MainHUD] Warning Could not find a variable named "World#" in 'MainHUD'.
Make sure 'MainHUD' has been compiled for  Get World#
[2018.03.08-00.56.20:263][596]LogBlueprint:Warning: [Compiler MainHUD] Warning Could not find a variable named "GreenActive" in 'MainHUD'.
Make sure 'MainHUD' has been compiled for  Set GreenActive
[2018.03.08-00.56.20:264][596]LogBlueprint:Warning: [Compiler MainHUD] Warning Could not find a variable named "PurpleActive" in 'MainHUD'.
Make sure 'MainHUD' has been compiled for  Set PurpleActive
[2018.03.08-00.56.20:264][596]LogBlueprint:Warning: [Compiler MainHUD] Warning Could not find a variable named "GreenActive" in 'MainHUD'.
Make sure 'MainHUD' has been compiled for  Get GreenActive
[2018.03.08-00.56.20:264][596]LogBlueprint:Warning: [Compiler MainHUD] Warning Could not find a variable named "PurpleActive" in 'MainHUD'.
Make sure 'MainHUD' has been compiled for  Get PurpleActive
[2018.03.08-00.56.20:268][596]LogBlueprint:Warning: [Compiler MainHUD] Warning Could not find a variable named "Green" in 'MainHUD'.
Make sure 'MainHUD' has been compiled for  Get Green
[2018.03.08-00.56.20:268][596]LogBlueprint:Warning: [Compiler MainHUD] Warning Could not find a variable named "Purple" in 'MainHUD'.
Make sure 'MainHUD' has been compiled for  Get Purple
[2018.03.08-00.56.20:268][596]LogBlueprint:Warning: [Compiler MainHUD] Warning Could not find a variable named "Yellow" in 'MainHUD'.
Make sure 'MainHUD' has been compiled for  Get Yellow
[2018.03.08-00.56.20:268][596]LogBlueprint:Warning: [Compiler MainHUD] Warning Could not find a variable named "Green" in 'MainHUD'.
Make sure 'MainHUD' has been compiled for  Set Green
[2018.03.08-00.56.20:268][596]LogBlueprint:Warning: [Compiler MainHUD] Warning Could not find a variable named "Purple" in 'MainHUD'.
Make sure 'MainHUD' has been compiled for  Set Purple
[2018.03.08-00.56.20:269][596]LogBlueprint:Warning: [Compiler MainHUD] Warning Could not find a variable named "Yellow" in 'MainHUD'.
Make sure 'MainHUD' has been compiled for  Set Yellow
[2018.03.08-00.56.20:280][596]LogBlueprint:Warning: [Compiler MainHUD] Warning Can't connect pins  Return Value  and  Object : This cast has an invalid target type (was the class deleted without a redirect?).
[2018.03.08-00.56.20:280][596]LogBlueprint:Warning: [Compiler MainHUD] Warning Can't connect pins  Object  and  Return Value : This cast has an invalid target type (was the class deleted without a redirect?).
[2018.03.08-00.56.20:280][596]LogBlueprint:Warning: [Compiler MainHUD] Warning Could not find a variable named "YellowActive" in 'MainHUD'.
Make sure 'MainHUD' has been compiled for  Get YellowActive
[2018.03.08-00.56.20:280][596]LogBlueprint:Warning: [Compiler MainHUD] Warning Could not find a variable named "PurpleActive" in 'MainHUD'.
Make sure 'MainHUD' has been compiled for  Get PurpleActive
[2018.03.08-00.56.20:280][596]LogBlueprint:Warning: [Compiler MainHUD] Warning Could not find a variable named "GreenActive" in 'MainHUD'.
Make sure 'MainHUD' has been compiled for  Get GreenActive
[2018.03.08-00.56.20:283][596]LogBlueprint:Error: [Compiler MainHUD] Error This blueprint (self) is not compatible with ' Target ', therefore that pin must have a connection.
[2018.03.08-00.56.20:283][596]LogBlueprint:Error: [Compiler MainHUD] Error This blueprint (self) is not compatible with ' Target ', therefore that pin must have a connection.
[2018.03.08-00.56.20:283][596]LogBlueprint:Error: [Compiler MainHUD] Error This blueprint (self) is not compatible with ' Target ', therefore that pin must have a connection.
[2018.03.08-00.56.20:284][596]LogBlueprint:Error: [Compiler MainHUD] Error The property associated with  World#  could not be found
[2018.03.08-00.56.20:284][596]LogBlueprint:Error: [Compiler MainHUD] Error The property associated with  Stage Name  could not be found
[2018.03.08-00.56.20:284][596]LogBlueprint:Error: [Compiler MainHUD] Error The property associated with  World Name  could not be found
[2018.03.08-00.56.20:285][596]LogBlueprint:Error: [Compiler MainHUD] Error Failed to find class for pin  Level Data
[2018.03.08-00.56.20:285][596]LogBlueprint:Error: [Compiler MainHUD] Error ICE SetVariableOnPersistentFrame - No property found.  Level Data
[2018.03.08-00.56.20:285][596]LogBlueprint:Error: [Compiler MainHUD] Error This blueprint (self) is not compatible with ' Target ', therefore that pin must have a connection.
[2018.03.08-00.56.20:285][596]LogBlueprint:Error: [Compiler MainHUD] Error This blueprint (self) is not compatible with ' Target ', therefore that pin must have a connection.
[2018.03.08-00.56.20:285][596]LogBlueprint:Error: [Compiler MainHUD] Error This blueprint (self) is not compatible with ' Target ', therefore that pin must have a connection.
[2018.03.08-00.56.20:285][596]LogBlueprint:Error: [Compiler MainHUD] Error This blueprint (self) is not compatible with ' Target ', therefore that pin must have a connection.
[2018.03.08-00.56.20:285][596]LogBlueprint:Error: [Compiler MainHUD] Error The property associated with  Purple Active  could not be found
[2018.03.08-00.56.20:285][596]LogBlueprint:Error: [Compiler MainHUD] Error The property associated with  Green Active  could not be found
[2018.03.08-00.56.20:286][596]LogBlueprint:Error: [Compiler MainHUD] Error The property associated with  Purple Active  could not be found
[2018.03.08-00.56.20:286][596]LogBlueprint:Error: [Compiler MainHUD] Error The property associated with  Green Active  could not be found
[2018.03.08-00.56.20:286][596]LogBlueprint:Error: [Compiler MainHUD] Error This blueprint (self) is not compatible with ' Target ', therefore that pin must have a connection.
[2018.03.08-00.56.20:286][596]LogBlueprint:Error: [Compiler MainHUD] Error This blueprint (self) is not compatible with ' Target ', therefore that pin must have a connection.
[2018.03.08-00.56.20:286][596]LogBlueprint:Error: [Compiler MainHUD] Error This blueprint (self) is not compatible with ' Target ', therefore that pin must have a connection.
[2018.03.08-00.56.20:286][596]LogBlueprint:Error: [Compiler MainHUD] Error This blueprint (self) is not compatible with ' Target ', therefore that pin must have a connection.
[2018.03.08-00.56.20:286][596]LogBlueprint:Error: [Compiler MainHUD] Error This blueprint (self) is not compatible with ' Target ', therefore that pin must have a connection.
[2018.03.08-00.56.20:287][596]LogBlueprint:Error: [Compiler MainHUD] Error This blueprint (self) is not compatible with ' Target ', therefore that pin must have a connection.
[2018.03.08-00.56.20:287][596]LogBlueprint:Error: [Compiler MainHUD] Error The property associated with  Yellow  could not be found
[2018.03.08-00.56.20:287][596]LogBlueprint:Error: [Compiler MainHUD] Error The property associated with  Purple  could not be found
[2018.03.08-00.56.20:287][596]LogBlueprint:Error: [Compiler MainHUD] Error The property associated with  Green  could not be found
[2018.03.08-00.56.20:287][596]LogBlueprint:Error: [Compiler MainHUD] Error The property associated with  Yellow  could not be found
[2018.03.08-00.56.20:287][596]LogBlueprint:Error: [Compiler MainHUD] Error The property associated with  Purple  could not be found
[2018.03.08-00.56.20:287][596]LogBlueprint:Error: [Compiler MainHUD] Error The property associated with  Green  could not be found
[2018.03.08-00.56.20:289][596]LogBlueprint:Error: [Compiler MainHUD] Error This blueprint (self) is not compatible with ' Target ', therefore that pin must have a connection.
[2018.03.08-00.56.20:289][596]LogBlueprint:Error: [Compiler MainHUD] Error This blueprint (self) is not compatible with ' Target ', therefore that pin must have a connection.
[2018.03.08-00.56.20:289][596]LogBlueprint:Error: [Compiler MainHUD] Error This blueprint (self) is not compatible with ' Target ', therefore that pin must have a connection.
[2018.03.08-00.56.20:289][596]LogBlueprint:Error: [Compiler MainHUD] Error The property associated with  Green Active  could not be found
[2018.03.08-00.56.20:289][596]LogBlueprint:Error: [Compiler MainHUD] Error The property associated with  Purple Active  could not be found
[2018.03.08-00.56.20:289][596]LogBlueprint:Error: [Compiler MainHUD] Error The property associated with  Yellow Active  could not be found
[2018.03.08-00.56.20:314][596]LogBlueprint:Warning: [Compiler MainHUD] Warning [0622.05] Compile of MainHUD failed. 34 Fatal Issue(s) 18 Warning(s) [in 80 ms] (/Game/Blueprints/Widgets/MainHUD.MainHUD)
[2018.03.08-00.56.20:316][596]LogBlueprint:Warning: [Compiler MainHUD] Warning [0622.05] Compile of MainHUD failed. 34 Fatal Issue(s) 19 Warning(s) [in 1 ms] (/Game/Blueprints/Widgets/MainHUD.MainHUD)
[2018.03.08-00.56.20:317][596]LogBlueprint:Warning: [Compiler MainHUD] Warning [0622.05] Compile of MainHUD failed. 34 Fatal Issue(s) 20 Warning(s) [in 0 ms] (/Game/Blueprints/Widgets/MainHUD.MainHUD)
[2018.03.08-00.56.20:322][596]LogLinker:Warning: Can't find file '/Game/Blueprints/SaveBluprints/Data'
[2018.03.08-00.56.20:322][596]LogLinker:Warning: Can't find file for asset '/Game/Blueprints/SaveBluprints/Data' while loading ../../../../../../Users/Richa/Desktop/GalaxyGang/Content/Blueprints/Widgets/MainHUD.uasset.
[2018.03.08-00.56.20:322][596]LogLinker:Warning: Can't find file '/Game/Blueprints/SaveBluprints/Data'
[2018.03.08-00.56.20:322][596]LogLinker:Warning: Can't find file for asset '/Game/Blueprints/SaveBluprints/Data' while loading ../../../../../../Users/Richa/Desktop/GalaxyGang/Content/Blueprints/Widgets/MainHUD.uasset.
[2018.03.08-00.56.20:322][596]LogLinker:Warning: Can't find file '/Game/Blueprints/SaveBluprints/Data'
[2018.03.08-00.56.20:322][596]LogLinker:Warning: Can't find file for asset '/Game/Blueprints/SaveBluprints/Data' while loading ../../../../../../Users/Richa/Desktop/GalaxyGang/Content/Blueprints/Widgets/MainHUD.uasset.
[2018.03.08-00.56.20:322][596]LogLinker:Warning: Can't find file '/Game/Blueprints/SaveBluprints/Data'
[2018.03.08-00.56.20:322][596]LogLinker:Warning: Can't find file for asset '/Game/Blueprints/SaveBluprints/Data' while loading ../../../../../../Users/Richa/Desktop/GalaxyGang/Content/Blueprints/Widgets/MainHUD.uasset.
[2018.03.08-00.56.20:322][596]LogLinker:Warning: Can't find file '/Game/Blueprints/SaveBluprints/Data'
[2018.03.08-00.56.20:322][596]LogLinker:Warning: Can't find file for asset '/Game/Blueprints/SaveBluprints/Data' while loading ../../../../../../Users/Richa/Desktop/GalaxyGang/Content/Blueprints/Widgets/MainHUD.uasset.
[2018.03.08-00.56.20:323][596]LogLinker:Warning: Can't find file '/Game/Blueprints/SaveBluprints/Data'
[2018.03.08-00.56.20:323][596]LogLinker:Warning: Can't find file for asset '/Game/Blueprints/SaveBluprints/Data' while loading ../../../../../../Users/Richa/Desktop/GalaxyGang/Content/Blueprints/Widgets/MainHUD.uasset.
[2018.03.08-00.56.20:327][596]LogLinker:Warning: Can't find file '/Game/Blueprints/SaveBluprints/LevelData'
[2018.03.08-00.56.20:327][596]LogLinker:Warning: Can't find file for asset '/Game/Blueprints/SaveBluprints/LevelData' while loading ../../../../../../Users/Richa/Desktop/GalaxyGang/Content/Blueprints/Widgets/MainHUD.uasset.
[2018.03.08-00.56.20:327][596]LogLinker:Warning: Can't find file '/Game/Blueprints/SaveBluprints/Data'
[2018.03.08-00.56.20:327][596]LogLinker:Warning: Can't find file for asset '/Game/Blueprints/SaveBluprints/Data' while loading ../../../../../../Users/Richa/Desktop/GalaxyGang/Content/Blueprints/Widgets/MainHUD.uasset.
[2018.03.08-00.56.20:328][596]LogLinker:Warning: Can't find file '/Game/Blueprints/SaveBluprints/LevelData'
[2018.03.08-00.56.20:328][596]LogLinker:Warning: Can't find file for asset '/Game/Blueprints/SaveBluprints/LevelData' while loading ../../../../../../Users/Richa/Desktop/GalaxyGang/Content/Blueprints/Widgets/MainHUD.uasset.
[2018.03.08-00.56.20:329][596]LogLinker:Warning: Can't find file '/Game/Blueprints/SaveBluprints/LevelData'
[2018.03.08-00.56.20:329][596]LogLinker:Warning: Can't find file for asset '/Game/Blueprints/SaveBluprints/LevelData' while loading ../../../../../../Users/Richa/Desktop/GalaxyGang/Content/Blueprints/Widgets/MainHUD.uasset.
[2018.03.08-00.56.20:329][596]LogLinker:Warning: Can't find file '/Game/Blueprints/SaveBluprints/LevelData'
[2018.03.08-00.56.20:329][596]LogLinker:Warning: Can't find file for asset '/Game/Blueprints/SaveBluprints/LevelData' while loading ../../../../../../Users/Richa/Desktop/GalaxyGang/Content/Blueprints/Widgets/MainHUD.uasset.
[2018.03.08-00.56.20:391][596]LogBlueprint:Warning: [CharacterDanny] 'CurrentHealth' variable not found. Base class was probably changed.
[2018.03.08-00.56.20:391][596]LogBlueprint:Warning: [CharacterDanny] 'CurrentHealth' variable not found. Base class was probably changed.
[2018.03.08-00.56.20:394][596]LogBlueprint:Warning: [CharacterDanny] 'Resume_Button' variable not found. Base class was probably changed.
[2018.03.08-00.56.20:567][596]LogLinker:Warning: Can't find file '/Game/Blueprints/SaveBluprints/Data'
[2018.03.08-00.56.20:567][596]LogLinker:Warning: Can't find file for asset '/Game/Blueprints/SaveBluprints/Data' while loading ../../../../../../Users/Richa/Desktop/GalaxyGang/Content/Blueprints/DannyHUD.uasset.
[2018.03.08-00.56.20:567][596]LogLinker:Warning: Can't find file '/Game/Blueprints/SaveBluprints/LevelData'
[2018.03.08-00.56.20:567][596]LogLinker:Warning: Can't find file for asset '/Game/Blueprints/SaveBluprints/LevelData' while loading ../../../../../../Users/Richa/Desktop/GalaxyGang/Content/Blueprints/DannyHUD.uasset.
[2018.03.08-00.56.20:568][596]LogLinker:Warning: Can't find file '/Game/Blueprints/SaveBluprints/Data'
[2018.03.08-00.56.20:569][596]LogLinker:Warning: Can't find file for asset '/Game/Blueprints/SaveBluprints/Data' while loading ../../../../../../Users/Richa/Desktop/GalaxyGang/Content/Blueprints/ThirdPersonGameMode.uasset.
[2018.03.08-00.56.20:569][596]LoadErrors:Error: Error /Game/Blueprints/ThirdPersonGameMode : Can't find file for asset. /Game/Blueprints/SaveBluprints/Data
[2018.03.08-00.56.20:569][596]LogLinker:Warning: Can't find file '/Game/Blueprints/SaveBluprints/LevelData'
[2018.03.08-00.56.20:569][596]LogLinker:Warning: Can't find file for asset '/Game/Blueprints/SaveBluprints/LevelData' while loading ../../../../../../Users/Richa/Desktop/GalaxyGang/Content/Blueprints/ThirdPersonGameMode.uasset.
[2018.03.08-00.56.20:569][596]LoadErrors:Error: Error /Game/Blueprints/ThirdPersonGameMode : Can't find file for asset. /Game/Blueprints/SaveBluprints/LevelData
[2018.03.08-00.56.20:569][596]LogLinker:Warning: Can't find file '/Game/Blueprints/SaveBluprints/Data'
[2018.03.08-00.56.20:569][596]LogLinker:Warning: Can't find file for asset '/Game/Blueprints/SaveBluprints/Data' while loading ../../../../../../Users/Richa/Desktop/GalaxyGang/Content/Blueprints/ThirdPersonGameMode.uasset.
[2018.03.08-00.56.20:569][596]LogLinker:Warning: Can't find file '/Game/Blueprints/SaveBluprints/LevelData'
[2018.03.08-00.56.20:569][596]LogLinker:Warning: Can't find file for asset '/Game/Blueprints/SaveBluprints/LevelData' while loading ../../../../../../Users/Richa/Desktop/GalaxyGang/Content/Blueprints/ThirdPersonGameMode.uasset.
[2018.03.08-00.56.20:570][596]LogLinker:Warning: Can't find file '/Game/Blueprints/SaveBluprints/Data'
[2018.03.08-00.56.20:570][596]LogLinker:Warning: Can't find file for asset '/Game/Blueprints/SaveBluprints/Data' while loading ../../../../../../Users/Richa/Desktop/GalaxyGang/Content/Blueprints/ThirdPersonGameMode.uasset.
[2018.03.08-00.56.20:570][596]LogLinker:Warning: Can't find file '/Game/Blueprints/SaveBluprints/LevelData'
[2018.03.08-00.56.20:570][596]LogLinker:Warning: Can't find file for asset '/Game/Blueprints/SaveBluprints/LevelData' while loading ../../../../../../Users/Richa/Desktop/GalaxyGang/Content/Blueprints/ThirdPersonGameMode.uasset.
[2018.03.08-00.56.20:570][596]LogLinker:Warning: Can't find file '/Game/Blueprints/SaveBluprints/LevelData'
[2018.03.08-00.56.20:570][596]LoadErrors: Info Failed to load /Game/Blueprints/SaveBluprints/LevelData.LevelData_C Referenced by DannyHUD
[2018.03.08-00.56.20:570][596]LogLinker:Warning: Can't find file for asset '/Game/Blueprints/SaveBluprints/LevelData' while loading ../../../../../../Users/Richa/Desktop/GalaxyGang/Content/Blueprints/ThirdPersonGameMode.uasset.
[2018.03.08-00.56.20:571][596]LogLinker:Warning: Can't find file '/Game/Blueprints/SaveBluprints/Data'
[2018.03.08-00.56.20:571][596]LoadErrors: Info Failed to load /Game/Blueprints/SaveBluprints/Data.Data_C Referenced by DannyHUD
[2018.03.08-00.56.20:571][596]LogLinker:Warning: Can't find file for asset '/Game/Blueprints/SaveBluprints/Data' while loading ../../../../../../Users/Richa/Desktop/GalaxyGang/Content/Blueprints/ThirdPersonGameMode.uasset.
[2018.03.08-00.56.25:425][596]LogAIModule: Creating AISystem for world CinnamonMoon
[2018.03.08-00.56.26:573][596]Cmd: MAP LOAD FILE="../../../../../../Users/Richa/Desktop/GalaxyGang/Content/Levels/W03_DryMoons/CinnamonMoon.umap" TEMPLATE=0 SHOWPROGRESS=1 FEATURELEVEL=3
[2018.03.08-00.56.26:584][596]LightingResults: New page: Lighting Build
[2018.03.08-00.56.26:665][596]LogContentBrowser: Native class hierarchy updated for 'StatsViewer' in 0.0007 seconds. Added 5 classes and 0 folders.
[2018.03.08-00.56.26:669][596]LoadErrors: New page: Loading map: CinnamonMoon.umap
[2018.03.08-00.56.26:771][596]MapCheck: New page: Map Check
[2018.03.08-00.56.26:771][596]LightingResults: New page: Lighting Build
[2018.03.08-00.56.30:441][596]LogEditorServer: Finished looking for orphan Actors (0.000 secs)
[2018.03.08-00.56.30:557][596]Cmd: MAP CHECKDEP NOCLEARLOG
[2018.03.08-00.56.30:615][596]MapCheck: Info Map check complete: 0 Error(s), 0 Warning(s), took 57.896ms to complete.
[2018.03.08-00.56.30:615][596]LogFileHelpers: Loading map 'CinnamonMoon' took 4.069
[2018.03.08-00.58.40:940][836]Cmd: QUIT_EDITOR
[2018.03.08-00.58.42:007][836]LogWindowsTextInputMethodSystem:Display: IME system now deactivated.
[2018.03.08-00.58.42:007][836]LogWindowsTextInputMethodSystem:Display: IME system now deactivated.
[2018.03.08-00.58.42:363][836]LogExit: Preparing to exit.
[2018.03.08-00.58.44:160][836]LogDirectoryWatcher: A directory notification for 'C:/Users/Richa/Desktop/GalaxyGang/Content/' was aborted.
[2018.03.08-00.58.44:593][836]LogExit: Editor shut down
[2018.03.08-00.58.44:594][836]LogExit: Transaction tracking system shut down
[2018.03.08-00.58.46:221][836]LogObj: Freed 0b from 0 cluster array pools.
[2018.03.08-00.58.46:221][836]LogExit: Object subsystem successfully closed.
[2018.03.08-00.58.46:829][836]LogD3D11RHI: Shutdown
[2018.03.08-00.58.46:829][836]LogD3D11RHI: CleanupD3DDevice
[2018.03.08-00.58.47:094][836]LogD3D11RHI: ~FD3D11DynamicRHI
[2018.03.08-00.58.48:160][836]LogModuleManager: Shutting down and abandoning module StatsViewer (498)
[2018.03.08-00.58.48:160][836]LogModuleManager: Shutting down and abandoning module HierarchicalLODOutliner (496)
[2018.03.08-00.58.48:161][836]LogModuleManager: Shutting down and abandoning module CrashTracker (494)
[2018.03.08-00.58.48:161][836]LogModuleManager: Shutting down and abandoning module SceneOutliner (492)
[2018.03.08-00.58.48:161][836]LogModuleManager: Shutting down and abandoning module AddContentDialog (490)
[2018.03.08-00.58.48:177][836]LogDirectoryWatcher: A directory notification for 'C:/Program Files/Epic Games/UE_4.15/FeaturePacks/' was aborted.
[2018.03.08-00.58.48:201][836]LogModuleManager: Shutting down and abandoning module WidgetCarousel (489)
[2018.03.08-00.58.48:201][836]LogModuleManager: Shutting down and abandoning module EditorWidgets (486)
[2018.03.08-00.58.48:201][836]LogModuleManager: Shutting down and abandoning module CollectionManager (484)
[2018.03.08-00.58.48:214][836]LogDirectoryWatcher: A directory notification for 'C:/Users/Richa/Desktop/GalaxyGang/Content/Collections/' was aborted.
[2018.03.08-00.58.48:214][836]LogDirectoryWatcher: A directory notification for 'C:/Users/Richa/Desktop/GalaxyGang/Content/Developers/Richa/Collections/' was aborted.
[2018.03.08-00.58.48:214][836]LogDirectoryWatcher: A directory notification for 'C:/Users/Richa/Desktop/GalaxyGang/Saved/Collections/' was aborted.
[2018.03.08-00.58.48:214][836]LogModuleManager: Shutting down and abandoning module FoliageEdit (482)
[2018.03.08-00.58.48:214][836]LogModuleManager: Shutting down and abandoning module LandscapeEditor (480)
[2018.03.08-00.58.48:231][836]LogModuleManager: Shutting down and abandoning module SceneDepthPickerMode (478)
[2018.03.08-00.58.48:231][836]LogModuleManager: Shutting down and abandoning module ActorPickerMode (476)
[2018.03.08-00.58.48:231][836]LogModuleManager: Shutting down and abandoning module GeometryMode (474)
[2018.03.08-00.58.48:231][836]LogModuleManager: Shutting down and abandoning module TextureAlignMode (472)
[2018.03.08-00.58.48:231][836]LogModuleManager: Shutting down and abandoning module BspMode (470)
[2018.03.08-00.58.48:237][836]LogModuleManager: Shutting down and abandoning module HardwareSurvey (468)
[2018.03.08-00.58.48:258][836]LogModuleManager: Shutting down and abandoning module SequenceRecorderSections (466)
[2018.03.08-00.58.48:268][836]LogModuleManager: Shutting down and abandoning module AutomationWorker (464)
[2018.03.08-00.58.48:271][836]LogModuleManager: Shutting down and abandoning module MatineeToLevelSequence (462)
[2018.03.08-00.58.48:276][836]LogModuleManager: Shutting down and abandoning module LevelSequenceEditor (460)
[2018.03.08-00.58.48:324][836]LogModuleManager: Shutting down and abandoning module PlacementMode (459)
[2018.03.08-00.58.48:324][836]LogModuleManager: Shutting down and abandoning module WmfMediaFactory (456)
[2018.03.08-00.58.48:324][836]LogModuleManager: Shutting down and abandoning module WmfMediaEditor (454)
[2018.03.08-00.58.48:324][836]LogModuleManager: Shutting down and abandoning module MfMediaFactory (452)
[2018.03.08-00.58.48:324][836]LogModuleManager: Shutting down and abandoning module MfMediaEditor (450)
[2018.03.08-00.58.48:324][836]LogModuleManager: Shutting down and abandoning module AvfMediaFactory (448)
[2018.03.08-00.58.48:324][836]LogModuleManager: Shutting down and abandoning module AvfMediaEditor (446)
[2018.03.08-00.58.48:324][836]LogModuleManager: Shutting down and abandoning module AndroidMediaFactory (444)
[2018.03.08-00.58.48:324][836]LogModuleManager: Shutting down and abandoning module Media (443)
[2018.03.08-00.58.48:324][836]LogModuleManager: Shutting down and abandoning module AndroidMediaEditor (440)
[2018.03.08-00.58.48:324][836]LogModuleManager: Shutting down and abandoning module CharacterAI (438)
[2018.03.08-00.58.48:324][836]LogModuleManager: Shutting down and abandoning module AudioCapture (436)
[2018.03.08-00.58.48:337][836]LogModuleManager: Shutting down and abandoning module SequenceRecorder (435)
[2018.03.08-00.58.48:368][836]LogModuleManager: Shutting down and abandoning module SmartSnapping (432)
[2018.03.08-00.58.48:368][836]LogModuleManager: Shutting down and abandoning module SessionServices (430)
[2018.03.08-00.58.48:368][836]LogModuleManager: Shutting down and abandoning module ViewportSnapping (428)
[2018.03.08-00.58.48:368][836]LogModuleManager: Shutting down and abandoning module ViewportInteraction (426)
[2018.03.08-00.58.48:368][836]LogModuleManager: Shutting down and abandoning module LogVisualizer (424)
[2018.03.08-00.58.48:388][836]LogModuleManager: Shutting down and abandoning module IntroTutorials (422)
[2018.03.08-00.58.48:403][836]LogModuleManager: Shutting down and abandoning module GameProjectGeneration (421)
[2018.03.08-00.58.48:423][836]LogModuleManager: Shutting down and abandoning module EditorLiveStreaming (418)
[2018.03.08-00.58.48:423][836]LogModuleManager: Shutting down and abandoning module IOSPlatformEditor (416)
[2018.03.08-00.58.48:423][836]LogModuleManager: Shutting down and abandoning module HTML5PlatformEditor (414)
[2018.03.08-00.58.48:423][836]LogModuleManager: Shutting down and abandoning module AndroidPlatformEditor (412)
[2018.03.08-00.58.48:440][836]LogModuleManager: Shutting down and abandoning module AndroidDeviceDetection (411)
[2018.03.08-00.58.48:499][836]LogModuleManager: Shutting down and abandoning module IOSRuntimeSettings (408)
[2018.03.08-00.58.48:499][836]LogModuleManager: Shutting down and abandoning module AndroidRuntimeSettings (406)
[2018.03.08-00.58.48:499][836]LogModuleManager: Shutting down and abandoning module InputBindingEditor (404)
[2018.03.08-00.58.48:503][836]LogModuleManager: Shutting down and abandoning module NiagaraEditor (402)
[2018.03.08-00.58.48:590][836]LogModuleManager: Shutting down and abandoning module MergeActors (400)
[2018.03.08-00.58.48:613][836]LogModuleManager: Shutting down and abandoning module SizeMap (398)
[2018.03.08-00.58.48:629][836]LogModuleManager: Shutting down and abandoning module TreeMap (396)
[2018.03.08-00.58.48:630][836]LogModuleManager: Shutting down and abandoning module ReferenceViewer (394)
[2018.03.08-00.58.48:630][836]LogModuleManager: Shutting down and abandoning module LocalizationDashboard (392)
[2018.03.08-00.58.48:637][836]LogModuleManager: Shutting down and abandoning module LocalizationService (391)
[2018.03.08-00.58.48:680][836]LogModuleManager: Shutting down and abandoning module HardwareTargeting (388)
[2018.03.08-00.58.48:681][836]LogModuleManager: Shutting down and abandoning module DeviceProfileEditor (386)
[2018.03.08-00.58.48:696][836]LogModuleManager: Shutting down and abandoning module UndoHistory (384)
[2018.03.08-00.58.48:701][836]LogModuleManager: Shutting down and abandoning module UserFeedback (382)
[2018.03.08-00.58.48:701][836]LogModuleManager: Shutting down and abandoning module XmlParser (380)
[2018.03.08-00.58.48:702][836]LogModuleManager: Shutting down and abandoning module Blutility (378)
[2018.03.08-00.58.48:713][836]LogModuleManager: Shutting down and abandoning module ProjectSettingsViewer (376)
[2018.03.08-00.58.48:713][836]LogModuleManager: Shutting down and abandoning module ProjectTargetPlatformEditor (375)
[2018.03.08-00.58.48:713][836]LogModuleManager: Shutting down and abandoning module EditorSettingsViewer (372)
[2018.03.08-00.58.48:714][836]LogModuleManager: Shutting down and abandoning module SettingsEditor (370)
[2018.03.08-00.58.48:735][836]LogModuleManager: Shutting down and abandoning module ProjectLauncher (368)
[2018.03.08-00.58.48:756][836]LogModuleManager: Shutting down and abandoning module SessionFrontend (366)
[2018.03.08-00.58.48:781][836]LogModuleManager: Shutting down and abandoning module ProfilerClient (364)
[2018.03.08-00.58.48:811][836]LogModuleManager: Shutting down and abandoning module DeviceManager (362)
[2018.03.08-00.58.48:823][836]LogModuleManager: Shutting down and abandoning module TargetDeviceServices (361)
[2018.03.08-00.58.48:867][836]LogModuleManager: Shutting down and abandoning module AutomationController (358)
[2018.03.08-00.58.48:889][836]LogModuleManager: Shutting down and abandoning module AutomationWindow (356)
[2018.03.08-00.58.48:890][836]LogModuleManager: Shutting down and abandoning module Layers (354)
[2018.03.08-00.58.48:894][836]LogModuleManager: Shutting down and abandoning module ComponentVisualizers (352)
[2018.03.08-00.58.48:894][836]LogModuleManager: Shutting down and abandoning module DetailCustomizations (350)
[2018.03.08-00.58.48:923][836]LogModuleManager: Shutting down and abandoning module PackagesDialog (348)
[2018.03.08-00.58.48:939][836]LogModuleManager: Shutting down and abandoning module Persona (346)
[2018.03.08-00.58.48:972][836]LogModuleManager: Shutting down and abandoning module AnimGraph (345)
[2018.03.08-00.58.48:972][836]LogModuleManager: Shutting down and abandoning module Kismet (342)
[2018.03.08-00.58.49:000][836]LogModuleManager: Shutting down and abandoning module GraphEditor (340)
[2018.03.08-00.58.49:046][836]LogModuleManager: Shutting down and abandoning module ClassViewer (338)
[2018.03.08-00.58.49:046][836]LogModuleManager: Shutting down and abandoning module Toolbox (336)
[2018.03.08-00.58.49:047][836]LogModuleManager: Shutting down and abandoning module ModuleUI (334)
[2018.03.08-00.58.49:048][836]LogModuleManager: Shutting down and abandoning module MovieSceneTools (332)
[2018.03.08-00.58.49:053][836]LogModuleManager: Shutting down and abandoning module OutputLog (330)
[2018.03.08-00.58.49:067][836]LogModuleManager: Shutting down and abandoning module GammaUI (328)
[2018.03.08-00.58.49:068][836]LogModuleManager: Shutting down and abandoning module Documentation (326)
[2018.03.08-00.58.49:068][836]LogModuleManager: Shutting down and abandoning module Niagara (324)
[2018.03.08-00.58.49:068][836]LogModuleManager: Shutting down and abandoning module StreamingPauseRendering (322)
[2018.03.08-00.58.49:068][836]LogModuleManager: Shutting down and abandoning module AnalyticsET (320)
[2018.03.08-00.58.49:068][836]LogModuleManager: Shutting down and abandoning module PortalServices (318)
[2018.03.08-00.58.49:068][836]LogModuleManager: Shutting down and abandoning module PortalRpc (316)
[2018.03.08-00.58.49:068][836]LogModuleManager: Shutting down and abandoning module MessagingRpc (314)
[2018.03.08-00.58.49:068][836]LogModuleManager: Shutting down and abandoning module AIModule (312)
[2018.03.08-00.58.49:068][836]LogModuleManager: Shutting down and abandoning module GameplayDebugger (311)
[2018.03.08-00.58.49:069][836]LogModuleManager: Shutting down and abandoning module AITestSuite (309)
[2018.03.08-00.58.49:069][836]LogModuleManager: Shutting down and abandoning module ProfilerService (306)
[2018.03.08-00.58.49:109][836]LogModuleManager: Shutting down and abandoning module TaskGraph (304)
[2018.03.08-00.58.49:112][836]LogModuleManager: Shutting down and abandoning module SteamVRController (302)
[2018.03.08-00.58.49:112][836]LogModuleManager: Shutting down and abandoning module SteamVR (300)
[2018.03.08-00.58.49:112][836]LogModuleManager: Shutting down and abandoning module ProceduralMeshComponentEditor (298)
[2018.03.08-00.58.49:112][836]LogModuleManager: Shutting down and abandoning module ProceduralMeshComponent (296)
[2018.03.08-00.58.49:133][836]LogModuleManager: Shutting down and abandoning module OculusLibrary (294)
[2018.03.08-00.58.49:133][836]LogModuleManager: Shutting down and abandoning module OculusInput (292)
[2018.03.08-00.58.49:133][836]LogModuleManager: Shutting down and abandoning module MobilePatchingUtils (290)
[2018.03.08-00.58.49:133][836]LogModuleManager: Shutting down and abandoning module CustomMeshComponent (288)
[2018.03.08-00.58.49:133][836]LogModuleManager: Shutting down and abandoning module CableComponent (286)
[2018.03.08-00.58.49:154][836]LogModuleManager: Shutting down and abandoning module ArchVisCharacter (284)
[2018.03.08-00.58.49:154][836]LogModuleManager: Shutting down and abandoning module MediaPlayerEditor (280)
[2018.03.08-00.58.49:215][836]LogModuleManager: Shutting down and abandoning module HTML5Networking (278)
[2018.03.08-00.58.49:215][836]LogModuleManager: Shutting down and abandoning module AlembicImporter (276)
[2018.03.08-00.58.49:215][836]LogModuleManager: Shutting down and abandoning module AlembicLibrary (275)
[2018.03.08-00.58.49:215][836]LogModuleManager: Shutting down and abandoning module GeometryCache (274)
[2018.03.08-00.58.49:224][836]LogModuleManager: Shutting down and abandoning module GeometryCacheEd (273)
[2018.03.08-00.58.49:224][836]LogModuleManager: Shutting down and abandoning module SuperSearchEditor (268)
[2018.03.08-00.58.49:224][836]LogModuleManager: Shutting down and abandoning module SuperSearch (267)
[2018.03.08-00.58.49:224][836]LogModuleManager: Shutting down and abandoning module SpeedTreeImporter (264)
[2018.03.08-00.58.49:224][836]LogModuleManager: Shutting down and abandoning module PluginBrowser (262)
[2018.03.08-00.58.49:253][836]LogModuleManager: Shutting down and abandoning module MobileLauncherProfileWizard (260)
[2018.03.08-00.58.49:300][836]LogModuleManager: Shutting down and abandoning module EpicSurvey (258)
[2018.03.08-00.58.49:300][836]LogModuleManager: Shutting down and abandoning module VisualStudioSourceCodeAccess (256)
[2018.03.08-00.58.49:300][836]LogModuleManager: Shutting down and abandoning module DesktopPlatform (255)
[2018.03.08-00.58.49:300][836]LogModuleManager: Shutting down and abandoning module UObjectPlugin (252)
[2018.03.08-00.58.49:300][836]LogModuleManager: Shutting down and abandoning module SubversionSourceControl (250)
[2018.03.08-00.58.49:322][836]LogModuleManager: Shutting down and abandoning module PerforceSourceControl (248)
[2018.03.08-00.58.49:344][836]LogModuleManager: Shutting down and abandoning module GitSourceControl (246)
[2018.03.08-00.58.49:360][836]LogModuleManager: Shutting down and abandoning module SourceControl (245)
[2018.03.08-00.58.49:361][836]LogModuleManager: Shutting down and abandoning module LightPropagationVolumeEditor (242)
[2018.03.08-00.58.49:361][836]LogModuleManager: Shutting down and abandoning module PaperTiledImporter (240)
[2018.03.08-00.58.49:361][836]LogModuleManager: Shutting down and abandoning module PaperSpriteSheetImporter (238)
[2018.03.08-00.58.49:361][836]LogModuleManager: Shutting down and abandoning module Paper2DEditor (236)
[2018.03.08-00.58.49:371][836]LogModuleManager: Shutting down and abandoning module MeshPaint (235)
[2018.03.08-00.58.49:372][836]LogModuleManager: Shutting down and abandoning module LevelEditor (233)
[2018.03.08-00.58.49:405][836]LogModuleManager: Shutting down and abandoning module PixelInspectorModule (232)
[2018.03.08-00.58.49:433][836]LogModuleManager: Shutting down and abandoning module MainFrame (230)
[2018.03.08-00.58.49:433][836]LogModuleManager: Shutting down and abandoning module HotReload (229)
[2018.03.08-00.58.49:434][836]LogModuleManager: Shutting down and abandoning module ContentBrowser (225)
[2018.03.08-00.58.49:435][836]LogModuleManager: Shutting down and abandoning module PhysXVehiclesEditor (222)
[2018.03.08-00.58.49:436][836]LogModuleManager: Shutting down and abandoning module PhysXVehicles (220)
[2018.03.08-00.58.49:436][836]LogModuleManager: Shutting down and abandoning module LocationServicesBPLibrary (218)
[2018.03.08-00.58.49:436][836]LogModuleManager: Shutting down and abandoning module UdpMessaging (216)
[2018.03.08-00.58.49:537][836]LogModuleManager: Shutting down and abandoning module TcpMessaging (214)
[2018.03.08-00.58.49:669][836]LogModuleManager: Shutting down and abandoning module GameplayTagsEditor (212)
[2018.03.08-00.58.49:680][836]LogModuleManager: Shutting down and abandoning module FacialAnimationEditor (210)
[2018.03.08-00.58.49:713][836]LogModuleManager: Shutting down and abandoning module FacialAnimation (208)
[2018.03.08-00.58.49:713][836]LogModuleManager: Shutting down and abandoning module LightPropagationVolumeRuntime (206)
[2018.03.08-00.58.49:713][836]LogModuleManager: Shutting down and abandoning module Paper2D (204)
[2018.03.08-00.58.49:720][836]LogModuleManager: Shutting down and abandoning module WindowsMoviePlayer (202)
[2018.03.08-00.58.49:729][836]LogModuleManager: Shutting down and abandoning module WmfMedia (200)
[2018.03.08-00.58.49:755][836]LogModuleManager: Shutting down and abandoning module MfMedia (198)
[2018.03.08-00.58.49:755][836]LogModuleManager: Shutting down and abandoning module MediaAssets (196)
[2018.03.08-00.58.49:755][836]LogModuleManager: Shutting down and abandoning module GameLiveStreaming (194)
[2018.03.08-00.58.49:774][836]LogModuleManager: Shutting down and abandoning module VREditor (192)
[2018.03.08-00.58.49:774][836]LogModuleManager: Shutting down and abandoning module GameplayTasksEditor (190)
[2018.03.08-00.58.49:774][836]LogModuleManager: Shutting down and abandoning module BehaviorTreeEditor (188)
[2018.03.08-00.58.49:816][836]LogModuleManager: Shutting down and abandoning module FunctionalTesting (186)
[2018.03.08-00.58.49:821][836]LogModuleManager: Shutting down and abandoning module CollisionAnalyzer (184)
[2018.03.08-00.58.49:852][836]LogModuleManager: Shutting down and abandoning module UMG (182)
[2018.03.08-00.58.49:890][836]LogModuleManager: Shutting down and abandoning module UMGEditor (181)
[2018.03.08-00.58.49:919][836]LogModuleManager: Shutting down and abandoning module Sequencer (180)
[2018.03.08-00.58.49:945][836]LogModuleManager: Shutting down and abandoning module AssetTools (178)
[2018.03.08-00.58.49:959][836]LogModuleManager: Shutting down and abandoning module MessageLog (177)
[2018.03.08-00.58.49:959][836]LogModuleManager: Shutting down and abandoning module WorkspaceMenuStructure (176)
[2018.03.08-00.58.49:959][836]LogModuleManager: Shutting down and abandoning module SlateReflector (170)
[2018.03.08-00.58.49:991][836]LogModuleManager: Shutting down and abandoning module Slate (168)
[2018.03.08-00.58.49:991][836]LogModuleManager: Shutting down and abandoning module EditorStyle (166)
[2018.03.08-00.58.49:994][836]LogModuleManager: Shutting down and abandoning module SourceCodeAccess (164)
[2018.03.08-00.58.50:005][836]LogModuleManager: Shutting down and abandoning module HeadMountedDisplay (162)
[2018.03.08-00.58.50:005][836]LogModuleManager: Shutting down and abandoning module XAudio2 (160)
[2018.03.08-00.58.50:005][836]LogModuleManager: Shutting down and abandoning module Networking (158)
[2018.03.08-00.58.50:005][836]LogModuleManager: Shutting down and abandoning module Core (154)
[2018.03.08-00.58.50:005][836]LogModuleManager: Shutting down and abandoning module AssetRegistry (152)
[2018.03.08-00.58.50:169][836]LogDirectoryWatcher: A directory notification for '../../../Engine/Content/' was aborted.
[2018.03.08-00.58.50:170][836]LogDirectoryWatcher: A directory notification for '../../../../../../Users/Richa/Desktop/GalaxyGang/Content/' was aborted.
[2018.03.08-00.58.50:170][836]LogDirectoryWatcher: A directory notification for '../../../Engine/Plugins/2D/Paper2D/Content/' was aborted.
[2018.03.08-00.58.50:208][836]LogModuleManager: Shutting down and abandoning module DirectoryWatcher (151)
[2018.03.08-00.58.50:209][836]LogModuleManager: Shutting down and abandoning module KismetCompiler (148)
[2018.03.08-00.58.50:209][836]LogModuleManager: Shutting down and abandoning module PhysXFormats (146)
[2018.03.08-00.58.50:209][836]LogModuleManager: Shutting down and abandoning module MeshUtilities (144)
[2018.03.08-00.58.50:664][836]LogModuleManager: Shutting down and abandoning module SimplygonSwarm (143)
[2018.03.08-00.58.50:690][836]LogModuleManager: Shutting down and abandoning module SimplygonMeshReduction (141)
[2018.03.08-00.58.50:690][836]LogModuleManager: Shutting down and abandoning module QuadricMeshReduction (139)
[2018.03.08-00.58.50:706][836]LogModuleManager: Shutting down and abandoning module PropertyEditor (137)
[2018.03.08-00.58.50:706][836]LogModuleManager: Shutting down and abandoning module DerivedDataCache (134)
[2018.03.08-00.58.50:796][836]LogDerivedDataCache: Shutdown
[2018.03.08-00.58.50:796][836]LogModuleManager: Shutting down and abandoning module TargetPlatform (132)
[2018.03.08-00.58.50:796][836]LogModuleManager: Shutting down and abandoning module VulkanShaderFormat (131)
[2018.03.08-00.58.50:811][836]LogModuleManager: Shutting down and abandoning module ShaderFormatOpenGL (129)
[2018.03.08-00.58.50:848][836]LogModuleManager: Shutting down and abandoning module ShaderFormatD3D (127)
[2018.03.08-00.58.50:858][836]LogModuleManager: Shutting down and abandoning module MetalShaderFormat (125)
[2018.03.08-00.58.50:869][836]LogModuleManager: Shutting down and abandoning module TextureFormatUncompressed (123)
[2018.03.08-00.58.50:869][836]LogModuleManager: Shutting down and abandoning module TextureFormatPVR (121)
[2018.03.08-00.58.50:869][836]LogModuleManager: Shutting down and abandoning module TextureFormatDXT (119)
[2018.03.08-00.58.50:880][836]LogModuleManager: Shutting down and abandoning module TextureFormatIntelISPCTexComp (117)
[2018.03.08-00.58.50:900][836]LogModuleManager: Shutting down and abandoning module TextureFormatASTC (115)
[2018.03.08-00.58.50:900][836]LogModuleManager: Shutting down and abandoning module ImageWrapper (114)
[2018.03.08-00.58.50:900][836]LogModuleManager: Shutting down and abandoning module TextureFormatAndroid (111)
[2018.03.08-00.58.50:900][836]LogModuleManager: Shutting down and abandoning module AudioFormatOpus (109)
[2018.03.08-00.58.50:901][836]LogModuleManager: Shutting down and abandoning module AudioFormatOgg (107)
[2018.03.08-00.58.50:901][836]LogModuleManager: Shutting down and abandoning module AudioFormatADPCM (105)
[2018.03.08-00.58.50:901][836]LogModuleManager: Shutting down and abandoning module LinuxTargetPlatform (103)
[2018.03.08-00.58.50:901][836]LogModuleManager: Shutting down and abandoning module LinuxServerTargetPlatform (101)
[2018.03.08-00.58.50:901][836]LogModuleManager: Shutting down and abandoning module LinuxNoEditorTargetPlatform (99)
[2018.03.08-00.58.50:901][836]LogModuleManager: Shutting down and abandoning module LinuxClientTargetPlatform (97)
[2018.03.08-00.58.50:901][836]LogModuleManager: Shutting down and abandoning module TVOSTargetPlatform (95)
[2018.03.08-00.58.50:901][836]LogModuleManager: Shutting down and abandoning module Messaging (93)
[2018.03.08-00.58.50:901][836]LogModuleManager: Shutting down and abandoning module IOSTargetPlatform (91)
[2018.03.08-00.58.50:901][836]LogModuleManager: Shutting down and abandoning module HTML5TargetPlatform (89)
[2018.03.08-00.58.50:901][836]LogModuleManager: Shutting down and abandoning module Android_PVRTCTargetPlatform (87)
[2018.03.08-00.58.50:901][836]LogModuleManager: Shutting down and abandoning module Android_MultiTargetPlatform (85)
[2018.03.08-00.58.50:901][836]LogModuleManager: Shutting down and abandoning module Android_ETC2TargetPlatform (83)
[2018.03.08-00.58.50:901][836]LogModuleManager: Shutting down and abandoning module Android_ETC1TargetPlatform (81)
[2018.03.08-00.58.50:925][836]LogModuleManager: Shutting down and abandoning module Android_DXTTargetPlatform (79)
[2018.03.08-00.58.50:925][836]LogModuleManager: Shutting down and abandoning module Android_ATCTargetPlatform (77)
[2018.03.08-00.58.50:925][836]LogModuleManager: Shutting down and abandoning module Android_ASTCTargetPlatform (75)
[2018.03.08-00.58.50:925][836]LogModuleManager: Shutting down and abandoning module AndroidTargetPlatform (73)
[2018.03.08-00.58.50:925][836]LogModuleManager: Shutting down and abandoning module WindowsTargetPlatform (71)
[2018.03.08-00.58.50:925][836]LogModuleManager: Shutting down and abandoning module WindowsServerTargetPlatform (69)
[2018.03.08-00.58.50:925][836]LogModuleManager: Shutting down and abandoning module WindowsNoEditorTargetPlatform (67)
[2018.03.08-00.58.50:925][836]LogModuleManager: Shutting down and abandoning module WindowsClientTargetPlatform (65)
[2018.03.08-00.58.50:925][836]LogModuleManager: Shutting down and abandoning module MacTargetPlatform (63)
[2018.03.08-00.58.50:925][836]LogModuleManager: Shutting down and abandoning module MacServerTargetPlatform (61)
[2018.03.08-00.58.50:925][836]LogModuleManager: Shutting down and abandoning module MacNoEditorTargetPlatform (59)
[2018.03.08-00.58.50:925][836]LogModuleManager: Shutting down and abandoning module MacClientTargetPlatform (57)
[2018.03.08-00.58.50:931][836]LogModuleManager: Shutting down and abandoning module AllDesktopTargetPlatform (55)
[2018.03.08-00.58.50:931][836]LogModuleManager: Shutting down and abandoning module InputCore (52)
[2018.03.08-00.58.50:931][836]LogModuleManager: Shutting down and abandoning module Settings (50)
[2018.03.08-00.58.50:931][836]LogModuleManager: Shutting down and abandoning module OculusRift (48)
[2018.03.08-00.58.50:951][836]LogModuleManager: Shutting down and abandoning module GearVR (46)
[2018.03.08-00.58.50:951][836]LogModuleManager: Shutting down and abandoning module ExampleDeviceProfileSelector (44)
[2018.03.08-00.58.50:951][836]LogModuleManager: Shutting down and abandoning module OnlineBlueprintSupport (42)
[2018.03.08-00.58.50:951][836]LogModuleManager: Shutting down and abandoning module OnlineSubsystem (38)
[2018.03.08-00.58.50:951][836]LogOnline:Display: Unloading online subsystem: NULL
[2018.03.08-00.58.50:984][836]LogModuleManager: Shutting down and abandoning module XMPP (37)
[2018.03.08-00.58.51:013][836]LogModuleManager: Shutting down and abandoning module HTTP (35)
[2018.03.08-00.58.51:024][836]LogHttp:Display: Http module shutting down, but needs to wait on 1 outstanding Http requests:
[2018.03.08-00.58.51:024][836]LogHttp:Display: 	verb=[POST] url=[https://datarouter.ol.epicgames.com/datarouter/api/v1/public/data?SessionID=%7B2C36E739-452F-2271-BB34-2CB3F1F71C9F%7D&AppID=UEEditor.Rocket.Release&AppVersion=4.15.3-3450819%2B%2B%2BUE4%2BRelease-4.15&UserID=5b603b244070857be6e21db07fac4498%7C4e52399356044f1baac68bdb5a4ee55b%7C7ab93c02-ae7a-45b6-a8d9-e2cb6f613e2a&AppEnvironment=datacollector-binary&UploadType=eteventstream] status=Processing
[2018.03.08-00.58.51:052][836]LogModuleManager: Shutting down and abandoning module SSL (34)
[2018.03.08-00.58.51:064][836]LogModuleManager: Shutting down and abandoning module AudioEditor (30)
[2018.03.08-00.58.51:072][836]LogModuleManager: Shutting down and abandoning module TextureCompressor (28)
[2018.03.08-00.58.51:079][836]LogModuleManager: Shutting down and abandoning module ShaderCore (26)
[2018.03.08-00.58.51:079][836]LogModuleManager: Shutting down and abandoning module Landscape (24)
[2018.03.08-00.58.51:079][836]LogModuleManager: Shutting down and abandoning module SlateRHIRenderer (22)
[2018.03.08-00.58.51:101][836]LogModuleManager: Shutting down and abandoning module OpenGLDrv (20)
[2018.03.08-00.58.51:122][836]LogModuleManager: Shutting down and abandoning module D3D11RHI (18)
[2018.03.08-00.58.51:122][836]LogModuleManager: Shutting down and abandoning module AnimGraphRuntime (16)
[2018.03.08-00.58.51:155][836]LogModuleManager: Shutting down and abandoning module Renderer (14)
[2018.03.08-00.58.51:155][836]LogModuleManager: Shutting down and abandoning module Engine (12)
[2018.03.08-00.58.51:155][836]LogModuleManager: Shutting down and abandoning module CoreUObject (10)
[2018.03.08-00.58.51:155][836]LogModuleManager: Shutting down and abandoning module NetworkFile (8)
[2018.03.08-00.58.51:170][836]LogModuleManager: Shutting down and abandoning module StreamingFile (6)
[2018.03.08-00.58.51:171][836]LogModuleManager: Shutting down and abandoning module SandboxFile (4)
[2018.03.08-00.58.51:171][836]LogModuleManager: Shutting down and abandoning module PakFile (2)
[2018.03.08-00.58.51:191][836]LogExit: Exiting.
[2018.03.08-00.58.51:193][836]Log file closed, 03/07/18 18:58:51
