Log file open, 03/07/18 23:10:35
LogInit:Display: Running engine for game: GalaxyGangGame
LogPlatformFile: Not using cached read wrapper
LogInit:Display: RandInit(1302142920) SRandInit(1302142920).
LogTaskGraph: Started task graph with 5 named threads and 6 total threads with 1 sets of task threads.
LogStats: Stats thread started at 0.076321
LogInit: Using libcurl 7.47.1
LogInit:  - built for x86_64-pc-win32
LogInit:  - supports SSL with OpenSSL/1.0.2g
LogInit:  - supports HTTP deflate (compression) using libz 1.2.8
LogInit:  - other features:
LogInit:      CURL_VERSION_SSL
LogInit:      CURL_VERSION_LIBZ
LogInit:      CURL_VERSION_IPV6
LogInit:      CURL_VERSION_ASYNCHDNS
LogInit:      CURL_VERSION_LARGEFILE
LogInit:      CURL_VERSION_IDN
LogInit:  CurlRequestOptions (configurable via config and command line):
LogInit:  - bVerifyPeer = false  - Libcurl will NOT verify peer certificate
LogInit:  - bUseHttpProxy = false  - Libcurl will NOT use HTTP proxy
LogInit:  - bDontReuseConnections = false  - Libcurl will reuse connections
LogInit:  - CertBundlePath = nullptr  - Libcurl will use whatever was configured at build time.
LogInit: Build: ++UE4+Release-4.15-CL-3450819
LogInit: Engine Version: 4.15.3-3450819+++UE4+Release-4.15
LogInit: Compatible Engine Version: 4.15.0-3299760+++UE4+Release-4.15
LogInit: Net CL: 3299760
LogDevObjectVersion: Number of dev versions registered: 14
LogDevObjectVersion:   Dev-Blueprints (B0D832E4-1F89-4F0D-ACCF-7EB736FD4AA2): 8
LogDevObjectVersion:   Dev-Build (E1C64328-A22C-4D53-A36C-8E866417BD8C): 0
LogDevObjectVersion:   Dev-Core (375EC13C-06E4-48FB-B500-84F0262A717E): 2
LogDevObjectVersion:   Dev-Editor (E4B068ED-F494-42E9-A231-DA0B2E46BB41): 14
LogDevObjectVersion:   Dev-Framework (CFFC743F-43B0-4480-9391-14DF171D2073): 22
LogDevObjectVersion:   Dev-Mobile (B02B49B5-BB20-44E9-A304-32B752E40360): 0
LogDevObjectVersion:   Dev-Networking (A4E4105C-59A1-49B5-A7C5-40C4547EDFEE): 0
LogDevObjectVersion:   Dev-Online (39C831C9-5AE6-47DC-9A44-9C173E1C8E7C): 0
LogDevObjectVersion:   Dev-Physics (78F01B33-EBEA-4F98-B9B4-84EACCB95AA2): 0
LogDevObjectVersion:   Dev-Platform (6631380F-2D4D-43E0-8009-CF276956A95A): 0
LogDevObjectVersion:   Dev-Rendering (12F88B9F-8875-4AFC-A67C-D90C383ABD29): 12
LogDevObjectVersion:   Dev-Sequencer (7B5AE74C-D270-4C10-A958-57980B212A5A): 3
LogDevObjectVersion:   Dev-VR (D7296918-1DD6-4BDD-9DE2-64A83CC13884): 0
LogDevObjectVersion:   Dev-LoadTimes (C2A15278-BFE7-4AFE-6C17-90FF531DF755): 1
LogInit: Compiled (64-bit): May 21 2017 11:02:34
LogInit: Compiled with Visual C++: 19.00.23026.00
LogInit: Build Configuration: Development
LogInit: Branch Name: ++UE4+Release-4.15
LogInit: Command line: 
LogInit: Base directory: C:/Program Files/Epic Games/UE_4.15/Engine/Binaries/Win64/
LogInit: Installed Engine Build: 1
LogInit: Presizing for max 8388607 objects, including 0 objects not considered by GC, pre-allocating 0 bytes for permanent pool.
LogInit: Object subsystem initialized
[2018.03.08-05.10.37:076][  0]LogInit: Selected Device Profile: [Windows]
[2018.03.08-05.10.37:076][  0]LogInit: Applying CVar settings loaded from the selected device profile: [Windows]
[2018.03.08-05.10.37:087][  0]LogInit: Computer: DESKTOP-SSSFMAE
[2018.03.08-05.10.37:087][  0]LogInit: User: Richa
[2018.03.08-05.10.37:087][  0]LogInit: CPU Page size=65536, Cores=2
[2018.03.08-05.10.37:087][  0]LogInit: High frequency timer resolution =2.343752 MHz
[2018.03.08-05.10.37:087][  0]LogMemory: Memory total: Physical=7.9GB (8GB approx)
[2018.03.08-05.10.37:087][  0]LogMemory: Platform Memory Stats for Windows
[2018.03.08-05.10.37:087][  0]LogMemory: Process Physical Memory: 269.02 MB used, 269.02 MB peak
[2018.03.08-05.10.37:087][  0]LogMemory: Process Virtual Memory: 275.08 MB used, 275.08 MB peak
[2018.03.08-05.10.37:087][  0]LogMemory: Physical Memory: 4145.94 MB used,  3950.72 MB free, 8096.66 MB total
[2018.03.08-05.10.37:087][  0]LogMemory: Virtual Memory: 694.10 MB used,  3950.72 MB free, 134217728.00 MB total
[2018.03.08-05.10.37:243][  0]LogTextLocalizationManager: No specific translations for ('en-US') exist, so ('en') translations will be used.
[2018.03.08-05.10.38:067][  0]LogD3D11RHI: D3D11 adapters:
[2018.03.08-05.10.38:084][  0]LogD3D11RHI:    0. 'Intel(R) HD Graphics 620' (Feature Level 11_0)
[2018.03.08-05.10.38:084][  0]LogD3D11RHI:       128/0/4048 MB DedicatedVideo/DedicatedSystem/SharedSystem, Outputs:1, VendorId:0x8086
[2018.03.08-05.10.38:088][  0]LogD3D11RHI:    1. 'Microsoft Basic Render Driver' (Feature Level 11_0)
[2018.03.08-05.10.38:088][  0]LogD3D11RHI:       0/0/4048 MB DedicatedVideo/DedicatedSystem/SharedSystem, Outputs:0, VendorId:0x1414
[2018.03.08-05.10.38:088][  0]LogD3D11RHI: Chosen D3D11 Adapter: 0
[2018.03.08-05.10.38:094][  0]LogD3D11RHI: Creating new Direct3DDevice
[2018.03.08-05.10.38:095][  0]LogD3D11RHI:     GPU DeviceId: 0x5916 (for the marketing name, search the web for "GPU Device Id")
[2018.03.08-05.10.38:095][  0]LogWindows: EnumDisplayDevices:
[2018.03.08-05.10.38:095][  0]LogWindows:    0. 'Intel(R) HD Graphics 620' (P:1 D:1)
[2018.03.08-05.10.38:095][  0]LogWindows:    1. 'Intel(R) HD Graphics 620' (P:0 D:0)
[2018.03.08-05.10.38:095][  0]LogWindows:    2. 'Intel(R) HD Graphics 620' (P:0 D:0)
[2018.03.08-05.10.38:095][  0]LogWindows: DebugString: GetVideoDriverDetailsInvalid PrimaryIsNotTheChoosenAdapter GetVideoDriverDetailsInvalid PrimaryIsNotTheChoosenAdapter GetVideoDriverDetailsInvalid PrimaryIsNotTheChoosenAdapter FoundDriverCount:0 
[2018.03.08-05.10.38:095][  0]LogD3D11RHI:     Adapter Name: Intel(R) HD Graphics 620
[2018.03.08-05.10.38:095][  0]LogD3D11RHI:   Driver Version: Unknown (internal:Unknown, unified:Unknown)
[2018.03.08-05.10.38:095][  0]LogD3D11RHI:      Driver Date: Unknown
[2018.03.08-05.10.38:095][  0]LogRHI: Texture pool is 1361 MB (70% of 1945 MB)
[2018.03.08-05.10.38:110][  0]LogD3D11RHI: Async texture creation enabled
[2018.03.08-05.10.38:115][  0]LogD3D11RHI: GPU Timing Frequency: 12.000000 (Debug: 2 0)
[2018.03.08-05.10.38:117][  0]LogShaderCompilers: Guid format shader working directory is -2 characters bigger than the processId version (../../../../../../Users/Richa/Desktop/GalaxyGang/Intermediate/Shaders/WorkingDirectory/9164/).
[2018.03.08-05.10.38:117][  0]LogShaderCompilers: Cleaned the shader compiler working directory 'C:/Users/Richa/AppData/Local/Temp/UnrealShaderWorkingDir/3CC2F2454FF61E85A514DEB778C55231/'.
[2018.03.08-05.10.38:117][  0]LogShaderCompilers:Display: Using Local Shader Compiler.
[2018.03.08-05.10.39:517][  0]LogTemp:Display: Loaded TP AllDesktopTargetPlatform
[2018.03.08-05.10.39:597][  0]LogTemp:Display: Loaded TP MacClientTargetPlatform
[2018.03.08-05.10.39:664][  0]LogTemp:Display: Loaded TP MacNoEditorTargetPlatform
[2018.03.08-05.10.39:734][  0]LogTemp:Display: Loaded TP MacServerTargetPlatform
[2018.03.08-05.10.39:802][  0]LogTemp:Display: Loaded TP MacTargetPlatform
[2018.03.08-05.10.39:873][  0]LogTemp:Display: Loaded TP WindowsClientTargetPlatform
[2018.03.08-05.10.39:941][  0]LogTemp:Display: Loaded TP WindowsNoEditorTargetPlatform
[2018.03.08-05.10.40:010][  0]LogTemp:Display: Loaded TP WindowsServerTargetPlatform
[2018.03.08-05.10.40:065][  0]LogTemp:Display: Loaded TP WindowsTargetPlatform
[2018.03.08-05.10.40:131][  0]LogTemp:Display: Loaded TP AndroidTargetPlatform
[2018.03.08-05.10.40:198][  0]LogTemp:Display: Loaded TP Android_ASTCTargetPlatform
[2018.03.08-05.10.40:265][  0]LogTemp:Display: Loaded TP Android_ATCTargetPlatform
[2018.03.08-05.10.40:331][  0]LogTemp:Display: Loaded TP Android_DXTTargetPlatform
[2018.03.08-05.10.40:398][  0]LogTemp:Display: Loaded TP Android_ETC1TargetPlatform
[2018.03.08-05.10.40:467][  0]LogTemp:Display: Loaded TP Android_ETC2TargetPlatform
[2018.03.08-05.10.40:600][  0]LogTemp:Display: Loaded TP Android_MultiTargetPlatform
[2018.03.08-05.10.40:600][  0]LogTemp:Display: Loaded TP Android_PVRTCTargetPlatform
[2018.03.08-05.10.40:648][  0]LogTemp:Display: Loaded TP HTML5TargetPlatform
[2018.03.08-05.10.40:763][  0]LogTemp:Display: Loaded TP IOSTargetPlatform
[2018.03.08-05.10.40:806][  0]LogTemp:Display: Loaded TP TVOSTargetPlatform
[2018.03.08-05.10.40:873][  0]LogTemp:Display: Loaded TP LinuxClientTargetPlatform
[2018.03.08-05.10.40:939][  0]LogTemp:Display: Loaded TP LinuxNoEditorTargetPlatform
[2018.03.08-05.10.41:005][  0]LogTemp:Display: Loaded TP LinuxServerTargetPlatform
[2018.03.08-05.10.41:072][  0]LogTemp:Display: Loaded TP LinuxTargetPlatform
[2018.03.08-05.10.41:072][  0]LogTargetPlatformManager:Display: Building Assets For Windows
[2018.03.08-05.10.41:631][  0]LogDerivedDataCache:Display: Max Cache Size: 512 MB
[2018.03.08-05.10.41:695][  0]LogDerivedDataCache: Loaded boot cache 0.06s 52MB C:/Users/Richa/AppData/Local/UnrealEngine/4.15/DerivedDataCache/Boot.ddc.
[2018.03.08-05.10.41:695][  0]LogDerivedDataCache:Display: Loaded Boot cache: C:/Users/Richa/AppData/Local/UnrealEngine/4.15/DerivedDataCache/Boot.ddc
[2018.03.08-05.10.41:695][  0]LogDerivedDataCache: FDerivedDataBackendGraph:  Pak pak cache file ../../../../../../Users/Richa/Desktop/GalaxyGang/DerivedDataCache/DDC.ddp not found, will not use a pak cache.
[2018.03.08-05.10.41:696][  0]LogDerivedDataCache: Unable to find inner node Pak for hierarchical cache Hierarchy.
[2018.03.08-05.10.41:696][  0]LogDerivedDataCache: FDerivedDataBackendGraph:  CompressedPak pak cache file ../../../../../../Users/Richa/Desktop/GalaxyGang/DerivedDataCache/Compressed.ddp not found, will not use a pak cache.
[2018.03.08-05.10.41:696][  0]LogDerivedDataCache: Unable to find inner node CompressedPak for hierarchical cache Hierarchy.
[2018.03.08-05.10.41:717][  0]LogDerivedDataCache:Display: Pak cache opened for reading ../../../Engine/DerivedDataCache/Compressed.ddp.
[2018.03.08-05.10.41:729][  0]LogDerivedDataCache: Using Local data cache path C:/Users/Richa/AppData/Local/UnrealEngine/Common/DerivedDataCache: Writable
[2018.03.08-05.10.41:741][  0]LogSlate: Using Freetype 2.6.0
[2018.03.08-05.10.41:741][  0]LogSlate: SlateFontCache - WITH_FREETYPE: 1, WITH_HARFBUZZ: 1
[2018.03.08-05.10.41:741][  0]LogSlate: SlateFontCache - WITH_FREETYPE: 1, WITH_HARFBUZZ: 1
[2018.03.08-05.10.42:134][  0]LogInit: Selected Device Profile: [Windows]
[2018.03.08-05.10.42:138][  0]LogContentStreaming: Texture pool size is 0.00 MB
[2018.03.08-05.10.42:401][  0]LogMeshUtilities: Using QuadricMeshReduction for automatic static mesh reduction
[2018.03.08-05.10.42:453][  0]LogSimplygon: Simplygon DLL not present - disabling.
[2018.03.08-05.10.42:510][  0]LogMeshUtilities: Using SimplygonSwarm for distributed automatic mesh merging
[2018.03.08-05.10.42:510][  0]LogMeshUtilities: No automatic skeletal mesh reduction module available
[2018.03.08-05.10.42:510][  0]LogMeshUtilities: No automatic mesh merging module available
[2018.03.08-05.10.43:218][  0]LogNetVersion: GetLocalNetworkVersion: CL: 3299760, ProjectName: galaxyganggame, ProjectVersion: , EngineNetworkVersion: 2, GameNetworkVersion: 0, NetworkChecksum: 3878788453
[2018.03.08-05.10.43:269][  0]LogAssetRegistry: FAssetRegistry took 0.0221 seconds to start up
[2018.03.08-05.10.43:345][  0]LogPackageLocalizationCache: Processed 3 localized package path(s) for 2 prioritized culture(s) in 0.039974 seconds
[2018.03.08-05.10.43:353][  0]LogUObjectArray: 32493 objects as part of root set at end of initial load.
[2018.03.08-05.10.43:353][  0]LogUObjectAllocator: 7077024 out of 0 bytes used by permanent object pool.
[2018.03.08-05.10.43:353][  0]LogUObjectArray: CloseDisregardForGC: 0/0 objects in disregard for GC pool
[2018.03.08-05.10.43:434][  0]LogInit: WinSock: version 1.1 (2.2), MaxSocks=32767, MaxUdp=65467
[2018.03.08-05.10.45:462][  0]LogTcpMessaging: Initializing TcpMessaging bridge
[2018.03.08-05.10.45:507][  0]LogUdpMessaging: Initializing bridge on interface 0.0.0.0:0 to multicast group 230.0.0.1:6666.
[2018.03.08-05.10.46:061][  0]LogMaterial: Uniform references updated for custom material expression Custom.
[2018.03.08-05.10.46:530][  0]SourceControl: Info Source control is disabled
[2018.03.08-05.10.46:588][  0]SourceControl: Info Source control is disabled
[2018.03.08-05.10.46:645][  0]SourceControl: Info Source control is disabled
[2018.03.08-05.10.46:702][  0]SourceControl: Info Source control is disabled
[2018.03.08-05.10.48:234][  0]LogEngine: Initializing Engine...
[2018.03.08-05.10.48:234][  0]LogHMD: Failed to initialize OpenVR with code 110
[2018.03.08-05.10.48:372][  0]LogStats: UGameplayTagsManager::ConstructGameplayTagTree: Construct from data asset -  0.000 s
[2018.03.08-05.10.48:372][  0]LogStats: UGameplayTagsManager::ConstructGameplayTagTree: GameplayTagTreeChangedEvent.Broadcast -  0.000 s
[2018.03.08-05.10.48:520][  0]LogAIModule: Creating AISystem for world Untitled
[2018.03.08-05.10.48:537][  0]LogInit: XAudio2 using 'Speakers (Realtek High Definition Audio)' : 2 channels at 48 kHz using 32 bits per sample (channel mask 0x3)
[2018.03.08-05.10.48:751][  0]LogInit: FAudioDevice initialized.
[2018.03.08-05.10.48:894][  0]LogDerivedDataCache: Saved boot cache 0.14s 52MB C:/Users/Richa/AppData/Local/UnrealEngine/4.15/DerivedDataCache/Boot.ddc.
[2018.03.08-05.10.48:904][  0]LogInit: Texture streaming: Enabled
[2018.03.08-05.10.49:021][  0]LogEngineSessionManager: EngineSessionManager initialized
[2018.03.08-05.10.49:131][  0]LogInit: Transaction tracking system initialized
[2018.03.08-05.10.49:550][  0]BlueprintLog: New page: Editor Load
[2018.03.08-05.10.50:647][  0]LocalizationService: Info Localization service is disabled
[2018.03.08-05.10.51:461][  0]LogConsoleResponse:Display: 
[2018.03.08-05.10.51:638][  0]LogCook:Display: Max memory allowance for cook 16384mb min free memory 0mb
[2018.03.08-05.10.51:639][  0]LogCook:Display: Mobile HDR setting 1
[2018.03.08-05.10.52:550][  0]LogFileCache: Scanning file cache for directory 'C:/Users/Richa/Desktop/GalaxyGang/Content/' took 0.07s
[2018.03.08-05.10.52:907][  0]SourceControl: Info Source control is disabled
[2018.03.08-05.10.52:908][  0]Cmd: MAP LOAD FILE="../../../../../../Users/Richa/Desktop/GalaxyGang/Content/GalaxyGangGame/Levels/Galaxy_Of_Dreams+Home_Fountain_Island.umap" TEMPLATE=0 SHOWPROGRESS=1 FEATURELEVEL=3
[2018.03.08-05.10.52:908][  0]LogEditorServer:Warning: Can't find file '../../../../../../Users/Richa/Desktop/GalaxyGang/Content/GalaxyGangGame/Levels/Galaxy_Of_Dreams+Home_Fountain_Island.umap'
[2018.03.08-05.10.52:908][  0]Cmd: MAP CHECKDEP NOCLEARLOG
[2018.03.08-05.10.52:952][  0]MapCheck: Info Map check complete: 0 Error(s), 0 Warning(s), took 44.16ms to complete.
[2018.03.08-05.10.52:952][  0]LogFileHelpers: Loading map 'Galaxy_Of_Dreams+Home_Fountain_Island' took 0.044
[2018.03.08-05.10.53:046][  0]LogWindowsTextInputMethodSystem:Display: IME system now deactivated.
[2018.03.08-05.10.53:046][  0]LogWindowsTextInputMethodSystem:Display: IME system now deactivated.
[2018.03.08-05.10.53:119][  0]LogCollectionManager: Loaded 0 collections in 0.003098 seconds
[2018.03.08-05.10.53:212][  0]LogFileCache: Scanning file cache for directory 'C:/Users/Richa/Desktop/GalaxyGang/Saved/Collections/' took 0.01s
[2018.03.08-05.10.53:212][  0]LogFileCache: Scanning file cache for directory 'C:/Users/Richa/Desktop/GalaxyGang/Content/Developers/Richa/Collections/' took 0.01s
[2018.03.08-05.10.53:212][  0]LogFileCache: Scanning file cache for directory 'C:/Users/Richa/Desktop/GalaxyGang/Content/Collections/' took 0.01s
[2018.03.08-05.10.53:212][  0]LogCollectionManager: Rebuilt the GUID cache for 0 collections in 0.000002 seconds
[2018.03.08-05.10.53:222][  0]LogContentBrowser: Native class hierarchy populated in 0.0104 seconds. Added 2245 classes and 453 folders.
[2018.03.08-05.10.53:302][  0]LogContentBrowser: Native class hierarchy updated for 'WidgetCarousel' in 0.0006 seconds. Added 0 classes and 0 folders.
[2018.03.08-05.10.53:347][  0]LogContentBrowser: Native class hierarchy updated for 'AddContentDialog' in 0.0006 seconds. Added 0 classes and 0 folders.
[2018.03.08-05.10.53:499][  0]LogContentBrowser: Native class hierarchy updated for 'SceneOutliner' in 0.0007 seconds. Added 1 classes and 2 folders.
[2018.03.08-05.10.53:614][  0]LogCrashTracker: Crashtracker disabled due to settings.
[2018.03.08-05.10.53:623][  0]LogUObjectGlobals:Warning: Failed to find object 'Class None.'
[2018.03.08-05.10.53:715][  0]LogContentBrowser: Native class hierarchy updated for 'HierarchicalLODOutliner' in 0.0006 seconds. Added 1 classes and 2 folders.
[2018.03.08-05.10.53:716][  0]LogLoad: (Engine Initialization) Total time: 19.29 seconds
[2018.03.08-05.10.53:716][  0]LogLoad: (Engine Initialization) Total Blueprint compile time: 0.05 seconds
[2018.03.08-05.10.53:716][  0]LogExternalProfiler: No external profilers were discovered.  External profiling features will not be available.
[2018.03.08-05.10.53:738][  0]LogOcInput: OculusInput pre-init called
[2018.03.08-05.10.53:812][  0]LogContentStreaming: Texture pool size now 1000 MB
[2018.03.08-05.10.53:814][  0]LogSlate: Took 0.000264 seconds to synchronously load lazily loaded font '../../../Engine/Content/Slate/Fonts/Roboto-Regular.ttf' (155K)
[2018.03.08-05.10.53:820][  0]LogSlate: Took 0.000248 seconds to synchronously load lazily loaded font '../../../Engine/Content/Editor/Slate/Fonts/FontAwesome.ttf' (139K)
[2018.03.08-05.10.53:820][  0]LogSlate: Took 0.000148 seconds to synchronously load lazily loaded font '../../../Engine/Content/Slate/Fonts/Roboto-Bold.ttf' (160K)
[2018.03.08-05.10.53:868][  0]LogSlate: Took 0.000314 seconds to synchronously load lazily loaded font '../../../Engine/Content/Slate/Fonts/Roboto-Light.ttf' (159K)
[2018.03.08-05.10.53:996][  0]LogRenderer: Reallocating scene render targets to support 740x708 NumSamples 1 (Frame:2).
[2018.03.08-05.10.55:186][  3]LogAssetRegistry: Asset discovery search completed in 11.9382 seconds
[2018.03.08-05.10.55:186][  3]LogCollectionManager: Rebuilt the object cache for 0 collections in 0.000009 seconds (found 0 objects)
[2018.03.08-05.10.55:186][  3]LogCollectionManager: Fixed up redirectors for 0 collections in 0.000028 seconds (updated 0 objects)
[2018.03.08-05.10.56:657][ 28]LogSlate: Took 0.000472 seconds to synchronously load lazily loaded font '../../../Engine/Content/Slate/Fonts/Roboto-Light.ttf' (159K)
[2018.03.08-05.10.56:767][ 28]LogAIModule: Creating AISystem for world CinnamonMoon_Auto2
[2018.03.08-05.10.56:847][ 28]LogUObjectGlobals:Warning: Failed to find object 'Object /Game/Levels/CinnamonMoon_Auto2.CinnamonMoon'
[2018.03.08-05.11.00:496][ 92]LogEditorViewport: Clicking Background
[2018.03.08-05.12.17:336][686]LogFileCache: Retrieving MD5 hashes for directory 'C:/Users/Richa/Desktop/GalaxyGang/Content/' took 83.58s
[2018.03.08-23.19.32:413][368]LogHttp:Warning: 000001D7E8D40D00: request failed, libcurl error: 6 (Couldn't resolve host name)
[2018.03.08-23.19.32:413][368]LogHttp:Warning: 000001D7E8D40D00: libcurl info message cache 0 (Connection 1 seems to be dead!)
[2018.03.08-23.19.32:413][368]LogHttp:Warning: 000001D7E8D40D00: libcurl info message cache 1 (Closing connection 1)
[2018.03.08-23.19.32:413][368]LogHttp:Warning: 000001D7E8D40D00: libcurl info message cache 2 (Connection 0 seems to be dead!)
[2018.03.08-23.19.32:413][368]LogHttp:Warning: 000001D7E8D40D00: libcurl info message cache 3 (Closing connection 0)
[2018.03.08-23.19.32:414][368]LogHttp:Warning: 000001D7E8D40D00: libcurl info message cache 4 (Could not resolve host: datarouter.ol.epicgames.com)
[2018.03.08-23.19.32:414][368]LogHttp:Warning: 000001D7E8D40D00: libcurl info message cache 5 (Closing connection 2)
[2018.03.08-23.20.26:229][145]LogWindowsTextInputMethodSystem:Display: IME system now deactivated.
[2018.03.08-23.20.26:230][145]LogWindowsTextInputMethodSystem:Display: IME system now deactivated.
[2018.03.08-23.20.28:129][146]Cmd: QUIT_EDITOR
[2018.03.08-23.20.29:431][146]LogExit: Preparing to exit.
[2018.03.08-23.20.32:608][146]LogDirectoryWatcher: A directory notification for 'C:/Users/Richa/Desktop/GalaxyGang/Content/' was aborted.
[2018.03.08-23.20.34:029][146]LogExit: Editor shut down
[2018.03.08-23.20.35:093][146]LogExit: Transaction tracking system shut down
[2018.03.08-23.20.39:798][146]LogObj: Freed 0b from 0 cluster array pools.
[2018.03.08-23.20.39:798][146]LogExit: Object subsystem successfully closed.
[2018.03.08-23.20.40:594][146]LogD3D11RHI: Shutdown
[2018.03.08-23.20.40:594][146]LogD3D11RHI: CleanupD3DDevice
[2018.03.08-23.20.41:078][146]LogD3D11RHI: ~FD3D11DynamicRHI
[2018.03.08-23.20.42:296][146]LogModuleManager: Shutting down and abandoning module HierarchicalLODOutliner (496)
[2018.03.08-23.20.42:297][146]LogModuleManager: Shutting down and abandoning module CrashTracker (494)
[2018.03.08-23.20.42:308][146]LogModuleManager: Shutting down and abandoning module SceneOutliner (492)
[2018.03.08-23.20.42:315][146]LogModuleManager: Shutting down and abandoning module AddContentDialog (490)
[2018.03.08-23.20.42:327][146]LogDirectoryWatcher: A directory notification for 'C:/Program Files/Epic Games/UE_4.15/FeaturePacks/' was aborted.
[2018.03.08-23.20.42:338][146]LogModuleManager: Shutting down and abandoning module WidgetCarousel (489)
[2018.03.08-23.20.42:338][146]LogModuleManager: Shutting down and abandoning module EditorWidgets (486)
[2018.03.08-23.20.42:338][146]LogModuleManager: Shutting down and abandoning module CollectionManager (484)
[2018.03.08-23.20.42:351][146]LogDirectoryWatcher: A directory notification for 'C:/Users/Richa/Desktop/GalaxyGang/Content/Collections/' was aborted.
[2018.03.08-23.20.42:352][146]LogDirectoryWatcher: A directory notification for 'C:/Users/Richa/Desktop/GalaxyGang/Content/Developers/Richa/Collections/' was aborted.
[2018.03.08-23.20.42:352][146]LogDirectoryWatcher: A directory notification for 'C:/Users/Richa/Desktop/GalaxyGang/Saved/Collections/' was aborted.
[2018.03.08-23.20.42:352][146]LogModuleManager: Shutting down and abandoning module FoliageEdit (482)
[2018.03.08-23.20.42:352][146]LogModuleManager: Shutting down and abandoning module LandscapeEditor (480)
[2018.03.08-23.20.42:369][146]LogModuleManager: Shutting down and abandoning module SceneDepthPickerMode (478)
[2018.03.08-23.20.42:369][146]LogModuleManager: Shutting down and abandoning module ActorPickerMode (476)
[2018.03.08-23.20.42:369][146]LogModuleManager: Shutting down and abandoning module GeometryMode (474)
[2018.03.08-23.20.42:369][146]LogModuleManager: Shutting down and abandoning module TextureAlignMode (472)
[2018.03.08-23.20.42:369][146]LogModuleManager: Shutting down and abandoning module BspMode (470)
[2018.03.08-23.20.42:370][146]LogModuleManager: Shutting down and abandoning module HardwareSurvey (468)
[2018.03.08-23.20.42:371][146]LogModuleManager: Shutting down and abandoning module SequenceRecorderSections (466)
[2018.03.08-23.20.42:385][146]LogModuleManager: Shutting down and abandoning module AutomationWorker (464)
[2018.03.08-23.20.42:388][146]LogModuleManager: Shutting down and abandoning module MatineeToLevelSequence (462)
[2018.03.08-23.20.42:392][146]LogModuleManager: Shutting down and abandoning module LevelSequenceEditor (460)
[2018.03.08-23.20.42:413][146]LogModuleManager: Shutting down and abandoning module PlacementMode (459)
[2018.03.08-23.20.42:413][146]LogModuleManager: Shutting down and abandoning module WmfMediaFactory (456)
[2018.03.08-23.20.42:414][146]LogModuleManager: Shutting down and abandoning module WmfMediaEditor (454)
[2018.03.08-23.20.42:414][146]LogModuleManager: Shutting down and abandoning module MfMediaFactory (452)
[2018.03.08-23.20.42:414][146]LogModuleManager: Shutting down and abandoning module MfMediaEditor (450)
[2018.03.08-23.20.42:414][146]LogModuleManager: Shutting down and abandoning module AvfMediaFactory (448)
[2018.03.08-23.20.42:414][146]LogModuleManager: Shutting down and abandoning module AvfMediaEditor (446)
[2018.03.08-23.20.42:414][146]LogModuleManager: Shutting down and abandoning module AndroidMediaFactory (444)
[2018.03.08-23.20.42:414][146]LogModuleManager: Shutting down and abandoning module Media (443)
[2018.03.08-23.20.42:414][146]LogModuleManager: Shutting down and abandoning module AndroidMediaEditor (440)
[2018.03.08-23.20.42:414][146]LogModuleManager: Shutting down and abandoning module CharacterAI (438)
[2018.03.08-23.20.42:414][146]LogModuleManager: Shutting down and abandoning module AudioCapture (436)
[2018.03.08-23.20.42:421][146]LogModuleManager: Shutting down and abandoning module SequenceRecorder (435)
[2018.03.08-23.20.42:440][146]LogModuleManager: Shutting down and abandoning module SmartSnapping (432)
[2018.03.08-23.20.42:440][146]LogModuleManager: Shutting down and abandoning module SessionServices (430)
[2018.03.08-23.20.42:440][146]LogModuleManager: Shutting down and abandoning module ViewportSnapping (428)
[2018.03.08-23.20.42:440][146]LogModuleManager: Shutting down and abandoning module ViewportInteraction (426)
[2018.03.08-23.20.42:440][146]LogModuleManager: Shutting down and abandoning module LogVisualizer (424)
[2018.03.08-23.20.42:442][146]LogModuleManager: Shutting down and abandoning module IntroTutorials (422)
[2018.03.08-23.20.42:454][146]LogModuleManager: Shutting down and abandoning module GameProjectGeneration (421)
[2018.03.08-23.20.42:465][146]LogModuleManager: Shutting down and abandoning module EditorLiveStreaming (418)
[2018.03.08-23.20.42:465][146]LogModuleManager: Shutting down and abandoning module IOSPlatformEditor (416)
[2018.03.08-23.20.42:465][146]LogModuleManager: Shutting down and abandoning module HTML5PlatformEditor (414)
[2018.03.08-23.20.42:465][146]LogModuleManager: Shutting down and abandoning module AndroidPlatformEditor (412)
[2018.03.08-23.20.42:467][146]LogModuleManager: Shutting down and abandoning module AndroidDeviceDetection (411)
[2018.03.08-23.20.42:752][146]LogModuleManager: Shutting down and abandoning module IOSRuntimeSettings (408)
[2018.03.08-23.20.42:752][146]LogModuleManager: Shutting down and abandoning module AndroidRuntimeSettings (406)
[2018.03.08-23.20.42:752][146]LogModuleManager: Shutting down and abandoning module InputBindingEditor (404)
[2018.03.08-23.20.42:753][146]LogModuleManager: Shutting down and abandoning module NiagaraEditor (402)
[2018.03.08-23.20.42:774][146]LogModuleManager: Shutting down and abandoning module MergeActors (400)
[2018.03.08-23.20.42:819][146]LogModuleManager: Shutting down and abandoning module SizeMap (398)
[2018.03.08-23.20.42:832][146]LogModuleManager: Shutting down and abandoning module TreeMap (396)
[2018.03.08-23.20.42:834][146]LogModuleManager: Shutting down and abandoning module ReferenceViewer (394)
[2018.03.08-23.20.42:834][146]LogModuleManager: Shutting down and abandoning module LocalizationDashboard (392)
[2018.03.08-23.20.42:842][146]LogModuleManager: Shutting down and abandoning module LocalizationService (391)
[2018.03.08-23.20.42:853][146]LogModuleManager: Shutting down and abandoning module HardwareTargeting (388)
[2018.03.08-23.20.42:853][146]LogModuleManager: Shutting down and abandoning module DeviceProfileEditor (386)
[2018.03.08-23.20.42:866][146]LogModuleManager: Shutting down and abandoning module UndoHistory (384)
[2018.03.08-23.20.42:872][146]LogModuleManager: Shutting down and abandoning module UserFeedback (382)
[2018.03.08-23.20.42:872][146]LogModuleManager: Shutting down and abandoning module XmlParser (380)
[2018.03.08-23.20.42:887][146]LogModuleManager: Shutting down and abandoning module Blutility (378)
[2018.03.08-23.20.42:896][146]LogModuleManager: Shutting down and abandoning module ProjectSettingsViewer (376)
[2018.03.08-23.20.42:896][146]LogModuleManager: Shutting down and abandoning module ProjectTargetPlatformEditor (375)
[2018.03.08-23.20.42:896][146]LogModuleManager: Shutting down and abandoning module EditorSettingsViewer (372)
[2018.03.08-23.20.42:896][146]LogModuleManager: Shutting down and abandoning module SettingsEditor (370)
[2018.03.08-23.20.42:899][146]LogModuleManager: Shutting down and abandoning module ProjectLauncher (368)
[2018.03.08-23.20.42:908][146]LogModuleManager: Shutting down and abandoning module SessionFrontend (366)
[2018.03.08-23.20.42:920][146]LogModuleManager: Shutting down and abandoning module ProfilerClient (364)
[2018.03.08-23.20.42:921][146]LogModuleManager: Shutting down and abandoning module DeviceManager (362)
[2018.03.08-23.20.42:936][146]LogModuleManager: Shutting down and abandoning module TargetDeviceServices (361)
[2018.03.08-23.20.42:980][146]LogModuleManager: Shutting down and abandoning module AutomationController (358)
[2018.03.08-23.20.43:039][146]LogModuleManager: Shutting down and abandoning module AutomationWindow (356)
[2018.03.08-23.20.43:057][146]LogModuleManager: Shutting down and abandoning module Layers (354)
[2018.03.08-23.20.43:073][146]LogModuleManager: Shutting down and abandoning module ComponentVisualizers (352)
[2018.03.08-23.20.43:073][146]LogModuleManager: Shutting down and abandoning module DetailCustomizations (350)
[2018.03.08-23.20.43:083][146]LogModuleManager: Shutting down and abandoning module PackagesDialog (348)
[2018.03.08-23.20.43:084][146]LogModuleManager: Shutting down and abandoning module Persona (346)
[2018.03.08-23.20.43:111][146]LogModuleManager: Shutting down and abandoning module AnimGraph (345)
[2018.03.08-23.20.43:111][146]LogModuleManager: Shutting down and abandoning module Kismet (342)
[2018.03.08-23.20.43:136][146]LogModuleManager: Shutting down and abandoning module GraphEditor (340)
[2018.03.08-23.20.43:177][146]LogModuleManager: Shutting down and abandoning module ClassViewer (338)
[2018.03.08-23.20.43:177][146]LogModuleManager: Shutting down and abandoning module Toolbox (336)
[2018.03.08-23.20.43:177][146]LogModuleManager: Shutting down and abandoning module ModuleUI (334)
[2018.03.08-23.20.43:188][146]LogModuleManager: Shutting down and abandoning module MovieSceneTools (332)
[2018.03.08-23.20.43:192][146]LogModuleManager: Shutting down and abandoning module OutputLog (330)
[2018.03.08-23.20.43:206][146]LogModuleManager: Shutting down and abandoning module GammaUI (328)
[2018.03.08-23.20.43:210][146]LogModuleManager: Shutting down and abandoning module Documentation (326)
[2018.03.08-23.20.43:210][146]LogModuleManager: Shutting down and abandoning module Niagara (324)
[2018.03.08-23.20.43:210][146]LogModuleManager: Shutting down and abandoning module StreamingPauseRendering (322)
[2018.03.08-23.20.43:210][146]LogModuleManager: Shutting down and abandoning module AnalyticsET (320)
[2018.03.08-23.20.43:210][146]LogModuleManager: Shutting down and abandoning module PortalServices (318)
[2018.03.08-23.20.43:210][146]LogModuleManager: Shutting down and abandoning module PortalRpc (316)
[2018.03.08-23.20.43:210][146]LogModuleManager: Shutting down and abandoning module MessagingRpc (314)
[2018.03.08-23.20.43:210][146]LogModuleManager: Shutting down and abandoning module AIModule (312)
[2018.03.08-23.20.43:210][146]LogModuleManager: Shutting down and abandoning module GameplayDebugger (311)
[2018.03.08-23.20.43:210][146]LogModuleManager: Shutting down and abandoning module AITestSuite (309)
[2018.03.08-23.20.43:210][146]LogModuleManager: Shutting down and abandoning module ProfilerService (306)
[2018.03.08-23.20.43:372][146]LogModuleManager: Shutting down and abandoning module TaskGraph (304)
[2018.03.08-23.20.43:392][146]LogModuleManager: Shutting down and abandoning module SteamVRController (302)
[2018.03.08-23.20.43:392][146]LogModuleManager: Shutting down and abandoning module SteamVR (300)
[2018.03.08-23.20.43:392][146]LogModuleManager: Shutting down and abandoning module ProceduralMeshComponentEditor (298)
[2018.03.08-23.20.43:392][146]LogModuleManager: Shutting down and abandoning module ProceduralMeshComponent (296)
[2018.03.08-23.20.43:404][146]LogModuleManager: Shutting down and abandoning module OculusLibrary (294)
[2018.03.08-23.20.43:404][146]LogModuleManager: Shutting down and abandoning module OculusInput (292)
[2018.03.08-23.20.43:404][146]LogModuleManager: Shutting down and abandoning module MobilePatchingUtils (290)
[2018.03.08-23.20.43:404][146]LogModuleManager: Shutting down and abandoning module CustomMeshComponent (288)
[2018.03.08-23.20.43:404][146]LogModuleManager: Shutting down and abandoning module CableComponent (286)
[2018.03.08-23.20.43:414][146]LogModuleManager: Shutting down and abandoning module ArchVisCharacter (284)
[2018.03.08-23.20.43:414][146]LogModuleManager: Shutting down and abandoning module MediaPlayerEditor (280)
[2018.03.08-23.20.43:439][146]LogModuleManager: Shutting down and abandoning module HTML5Networking (278)
[2018.03.08-23.20.43:439][146]LogModuleManager: Shutting down and abandoning module AlembicImporter (276)
[2018.03.08-23.20.43:452][146]LogModuleManager: Shutting down and abandoning module AlembicLibrary (275)
[2018.03.08-23.20.43:452][146]LogModuleManager: Shutting down and abandoning module GeometryCache (274)
[2018.03.08-23.20.43:461][146]LogModuleManager: Shutting down and abandoning module GeometryCacheEd (273)
[2018.03.08-23.20.43:461][146]LogModuleManager: Shutting down and abandoning module SuperSearchEditor (268)
[2018.03.08-23.20.43:461][146]LogModuleManager: Shutting down and abandoning module SuperSearch (267)
[2018.03.08-23.20.43:461][146]LogModuleManager: Shutting down and abandoning module SpeedTreeImporter (264)
[2018.03.08-23.20.43:461][146]LogModuleManager: Shutting down and abandoning module PluginBrowser (262)
[2018.03.08-23.20.43:479][146]LogModuleManager: Shutting down and abandoning module MobileLauncherProfileWizard (260)
[2018.03.08-23.20.43:494][146]LogModuleManager: Shutting down and abandoning module EpicSurvey (258)
[2018.03.08-23.20.43:494][146]LogModuleManager: Shutting down and abandoning module VisualStudioSourceCodeAccess (256)
[2018.03.08-23.20.43:494][146]LogModuleManager: Shutting down and abandoning module DesktopPlatform (255)
[2018.03.08-23.20.43:501][146]LogModuleManager: Shutting down and abandoning module UObjectPlugin (252)
[2018.03.08-23.20.43:501][146]LogModuleManager: Shutting down and abandoning module SubversionSourceControl (250)
[2018.03.08-23.20.43:516][146]LogModuleManager: Shutting down and abandoning module PerforceSourceControl (248)
[2018.03.08-23.20.43:531][146]LogModuleManager: Shutting down and abandoning module GitSourceControl (246)
[2018.03.08-23.20.43:543][146]LogModuleManager: Shutting down and abandoning module SourceControl (245)
[2018.03.08-23.20.43:547][146]LogModuleManager: Shutting down and abandoning module LightPropagationVolumeEditor (242)
[2018.03.08-23.20.43:547][146]LogModuleManager: Shutting down and abandoning module PaperTiledImporter (240)
[2018.03.08-23.20.43:547][146]LogModuleManager: Shutting down and abandoning module PaperSpriteSheetImporter (238)
[2018.03.08-23.20.43:547][146]LogModuleManager: Shutting down and abandoning module Paper2DEditor (236)
[2018.03.08-23.20.43:568][146]LogModuleManager: Shutting down and abandoning module MeshPaint (235)
[2018.03.08-23.20.43:573][146]LogModuleManager: Shutting down and abandoning module LevelEditor (233)
[2018.03.08-23.20.43:599][146]LogModuleManager: Shutting down and abandoning module PixelInspectorModule (232)
[2018.03.08-23.20.43:614][146]LogModuleManager: Shutting down and abandoning module MainFrame (230)
[2018.03.08-23.20.43:614][146]LogModuleManager: Shutting down and abandoning module HotReload (229)
[2018.03.08-23.20.43:628][146]LogModuleManager: Shutting down and abandoning module ContentBrowser (225)
[2018.03.08-23.20.43:629][146]LogModuleManager: Shutting down and abandoning module PhysXVehiclesEditor (222)
[2018.03.08-23.20.43:635][146]LogModuleManager: Shutting down and abandoning module PhysXVehicles (220)
[2018.03.08-23.20.43:635][146]LogModuleManager: Shutting down and abandoning module LocationServicesBPLibrary (218)
[2018.03.08-23.20.43:635][146]LogModuleManager: Shutting down and abandoning module UdpMessaging (216)
[2018.03.08-23.20.43:736][146]LogModuleManager: Shutting down and abandoning module TcpMessaging (214)
[2018.03.08-23.20.43:840][146]LogModuleManager: Shutting down and abandoning module GameplayTagsEditor (212)
[2018.03.08-23.20.43:896][146]LogModuleManager: Shutting down and abandoning module FacialAnimationEditor (210)
[2018.03.08-23.20.43:909][146]LogModuleManager: Shutting down and abandoning module FacialAnimation (208)
[2018.03.08-23.20.43:909][146]LogModuleManager: Shutting down and abandoning module LightPropagationVolumeRuntime (206)
[2018.03.08-23.20.43:909][146]LogModuleManager: Shutting down and abandoning module Paper2D (204)
[2018.03.08-23.20.43:914][146]LogModuleManager: Shutting down and abandoning module WindowsMoviePlayer (202)
[2018.03.08-23.20.43:914][146]LogModuleManager: Shutting down and abandoning module WmfMedia (200)
[2018.03.08-23.20.43:924][146]LogModuleManager: Shutting down and abandoning module MfMedia (198)
[2018.03.08-23.20.43:924][146]LogModuleManager: Shutting down and abandoning module MediaAssets (196)
[2018.03.08-23.20.43:924][146]LogModuleManager: Shutting down and abandoning module GameLiveStreaming (194)
[2018.03.08-23.20.43:945][146]LogModuleManager: Shutting down and abandoning module VREditor (192)
[2018.03.08-23.20.43:945][146]LogModuleManager: Shutting down and abandoning module GameplayTasksEditor (190)
[2018.03.08-23.20.43:945][146]LogModuleManager: Shutting down and abandoning module BehaviorTreeEditor (188)
[2018.03.08-23.20.43:975][146]LogModuleManager: Shutting down and abandoning module FunctionalTesting (186)
[2018.03.08-23.20.43:981][146]LogModuleManager: Shutting down and abandoning module CollisionAnalyzer (184)
[2018.03.08-23.20.43:992][146]LogModuleManager: Shutting down and abandoning module UMG (182)
[2018.03.08-23.20.44:009][146]LogModuleManager: Shutting down and abandoning module UMGEditor (181)
[2018.03.08-23.20.44:056][146]LogModuleManager: Shutting down and abandoning module Sequencer (180)
[2018.03.08-23.20.44:083][146]LogModuleManager: Shutting down and abandoning module AssetTools (178)
[2018.03.08-23.20.44:097][146]LogModuleManager: Shutting down and abandoning module MessageLog (177)
[2018.03.08-23.20.44:101][146]LogModuleManager: Shutting down and abandoning module WorkspaceMenuStructure (176)
[2018.03.08-23.20.44:101][146]LogModuleManager: Shutting down and abandoning module SlateReflector (170)
[2018.03.08-23.20.44:132][146]LogModuleManager: Shutting down and abandoning module Slate (168)
[2018.03.08-23.20.44:132][146]LogModuleManager: Shutting down and abandoning module EditorStyle (166)
[2018.03.08-23.20.44:148][146]LogModuleManager: Shutting down and abandoning module SourceCodeAccess (164)
[2018.03.08-23.20.44:154][146]LogModuleManager: Shutting down and abandoning module HeadMountedDisplay (162)
[2018.03.08-23.20.44:154][146]LogModuleManager: Shutting down and abandoning module XAudio2 (160)
[2018.03.08-23.20.44:154][146]LogModuleManager: Shutting down and abandoning module Networking (158)
[2018.03.08-23.20.44:154][146]LogModuleManager: Shutting down and abandoning module Core (154)
[2018.03.08-23.20.44:154][146]LogModuleManager: Shutting down and abandoning module AssetRegistry (152)
[2018.03.08-23.20.44:359][146]LogDirectoryWatcher: A directory notification for '../../../Engine/Content/' was aborted.
[2018.03.08-23.20.44:359][146]LogDirectoryWatcher: A directory notification for '../../../../../../Users/Richa/Desktop/GalaxyGang/Content/' was aborted.
[2018.03.08-23.20.44:359][146]LogDirectoryWatcher: A directory notification for '../../../Engine/Plugins/2D/Paper2D/Content/' was aborted.
[2018.03.08-23.20.44:391][146]LogModuleManager: Shutting down and abandoning module DirectoryWatcher (151)
[2018.03.08-23.20.44:392][146]LogModuleManager: Shutting down and abandoning module KismetCompiler (148)
[2018.03.08-23.20.44:392][146]LogModuleManager: Shutting down and abandoning module PhysXFormats (146)
[2018.03.08-23.20.44:392][146]LogModuleManager: Shutting down and abandoning module MeshUtilities (144)
[2018.03.08-23.20.44:475][146]LogModuleManager: Shutting down and abandoning module SimplygonSwarm (143)
[2018.03.08-23.20.44:610][146]LogModuleManager: Shutting down and abandoning module SimplygonMeshReduction (141)
[2018.03.08-23.20.44:610][146]LogModuleManager: Shutting down and abandoning module QuadricMeshReduction (139)
[2018.03.08-23.20.44:692][146]LogModuleManager: Shutting down and abandoning module PropertyEditor (137)
[2018.03.08-23.20.44:692][146]LogModuleManager: Shutting down and abandoning module DerivedDataCache (134)
[2018.03.08-23.20.44:783][146]LogDerivedDataCache: Shutdown
[2018.03.08-23.20.44:783][146]LogModuleManager: Shutting down and abandoning module TargetPlatform (132)
[2018.03.08-23.20.44:783][146]LogModuleManager: Shutting down and abandoning module VulkanShaderFormat (131)
[2018.03.08-23.20.44:896][146]LogModuleManager: Shutting down and abandoning module ShaderFormatOpenGL (129)
[2018.03.08-23.20.44:910][146]LogModuleManager: Shutting down and abandoning module ShaderFormatD3D (127)
[2018.03.08-23.20.44:920][146]LogModuleManager: Shutting down and abandoning module MetalShaderFormat (125)
[2018.03.08-23.20.44:930][146]LogModuleManager: Shutting down and abandoning module TextureFormatUncompressed (123)
[2018.03.08-23.20.44:930][146]LogModuleManager: Shutting down and abandoning module TextureFormatPVR (121)
[2018.03.08-23.20.44:930][146]LogModuleManager: Shutting down and abandoning module TextureFormatDXT (119)
[2018.03.08-23.20.44:941][146]LogModuleManager: Shutting down and abandoning module TextureFormatIntelISPCTexComp (117)
[2018.03.08-23.20.44:962][146]LogModuleManager: Shutting down and abandoning module TextureFormatASTC (115)
[2018.03.08-23.20.44:962][146]LogModuleManager: Shutting down and abandoning module ImageWrapper (114)
[2018.03.08-23.20.44:962][146]LogModuleManager: Shutting down and abandoning module TextureFormatAndroid (111)
[2018.03.08-23.20.44:962][146]LogModuleManager: Shutting down and abandoning module AudioFormatOpus (109)
[2018.03.08-23.20.44:969][146]LogModuleManager: Shutting down and abandoning module AudioFormatOgg (107)
[2018.03.08-23.20.44:969][146]LogModuleManager: Shutting down and abandoning module AudioFormatADPCM (105)
[2018.03.08-23.20.44:969][146]LogModuleManager: Shutting down and abandoning module LinuxTargetPlatform (103)
[2018.03.08-23.20.44:979][146]LogModuleManager: Shutting down and abandoning module LinuxServerTargetPlatform (101)
[2018.03.08-23.20.44:979][146]LogModuleManager: Shutting down and abandoning module LinuxNoEditorTargetPlatform (99)
[2018.03.08-23.20.44:979][146]LogModuleManager: Shutting down and abandoning module LinuxClientTargetPlatform (97)
[2018.03.08-23.20.44:979][146]LogModuleManager: Shutting down and abandoning module TVOSTargetPlatform (95)
[2018.03.08-23.20.44:979][146]LogModuleManager: Shutting down and abandoning module Messaging (93)
[2018.03.08-23.20.44:979][146]LogModuleManager: Shutting down and abandoning module IOSTargetPlatform (91)
[2018.03.08-23.20.44:979][146]LogModuleManager: Shutting down and abandoning module HTML5TargetPlatform (89)
[2018.03.08-23.20.44:979][146]LogModuleManager: Shutting down and abandoning module Android_PVRTCTargetPlatform (87)
[2018.03.08-23.20.44:979][146]LogModuleManager: Shutting down and abandoning module Android_MultiTargetPlatform (85)
[2018.03.08-23.20.44:979][146]LogModuleManager: Shutting down and abandoning module Android_ETC2TargetPlatform (83)
[2018.03.08-23.20.44:979][146]LogModuleManager: Shutting down and abandoning module Android_ETC1TargetPlatform (81)
[2018.03.08-23.20.44:979][146]LogModuleManager: Shutting down and abandoning module Android_DXTTargetPlatform (79)
[2018.03.08-23.20.44:979][146]LogModuleManager: Shutting down and abandoning module Android_ATCTargetPlatform (77)
[2018.03.08-23.20.44:979][146]LogModuleManager: Shutting down and abandoning module Android_ASTCTargetPlatform (75)
[2018.03.08-23.20.44:979][146]LogModuleManager: Shutting down and abandoning module AndroidTargetPlatform (73)
[2018.03.08-23.20.44:979][146]LogModuleManager: Shutting down and abandoning module WindowsTargetPlatform (71)
[2018.03.08-23.20.44:979][146]LogModuleManager: Shutting down and abandoning module WindowsServerTargetPlatform (69)
[2018.03.08-23.20.44:979][146]LogModuleManager: Shutting down and abandoning module WindowsNoEditorTargetPlatform (67)
[2018.03.08-23.20.44:979][146]LogModuleManager: Shutting down and abandoning module WindowsClientTargetPlatform (65)
[2018.03.08-23.20.44:979][146]LogModuleManager: Shutting down and abandoning module MacTargetPlatform (63)
[2018.03.08-23.20.44:979][146]LogModuleManager: Shutting down and abandoning module MacServerTargetPlatform (61)
[2018.03.08-23.20.44:979][146]LogModuleManager: Shutting down and abandoning module MacNoEditorTargetPlatform (59)
[2018.03.08-23.20.44:979][146]LogModuleManager: Shutting down and abandoning module MacClientTargetPlatform (57)
[2018.03.08-23.20.44:979][146]LogModuleManager: Shutting down and abandoning module AllDesktopTargetPlatform (55)
[2018.03.08-23.20.44:979][146]LogModuleManager: Shutting down and abandoning module InputCore (52)
[2018.03.08-23.20.44:979][146]LogModuleManager: Shutting down and abandoning module Settings (50)
[2018.03.08-23.20.44:979][146]LogModuleManager: Shutting down and abandoning module OculusRift (48)
[2018.03.08-23.20.44:994][146]LogModuleManager: Shutting down and abandoning module GearVR (46)
[2018.03.08-23.20.44:994][146]LogModuleManager: Shutting down and abandoning module ExampleDeviceProfileSelector (44)
[2018.03.08-23.20.44:994][146]LogModuleManager: Shutting down and abandoning module OnlineBlueprintSupport (42)
[2018.03.08-23.20.44:994][146]LogModuleManager: Shutting down and abandoning module OnlineSubsystem (38)
[2018.03.08-23.20.44:994][146]LogOnline:Display: Unloading online subsystem: NULL
[2018.03.08-23.20.45:019][146]LogModuleManager: Shutting down and abandoning module XMPP (37)
[2018.03.08-23.20.45:022][146]LogModuleManager: Shutting down and abandoning module HTTP (35)
[2018.03.08-23.20.45:030][146]LogHttp:Display: Http module shutting down, but needs to wait on 1 outstanding Http requests:
[2018.03.08-23.20.45:030][146]LogHttp:Display: 	verb=[POST] url=[https://datarouter.ol.epicgames.com/datarouter/api/v1/public/data?SessionID=%7B66E81B52-45ED-F3E4-BA11-709D61133F96%7D&AppID=UEEditor.Rocket.Release&AppVersion=4.15.3-3450819%2B%2B%2BUE4%2BRelease-4.15&UserID=5b603b244070857be6e21db07fac4498%7C4e52399356044f1baac68bdb5a4ee55b%7C7ab93c02-ae7a-45b6-a8d9-e2cb6f613e2a&AppEnvironment=datacollector-binary&UploadType=eteventstream] status=Processing
[2018.03.08-23.20.45:057][146]LogModuleManager: Shutting down and abandoning module SSL (34)
[2018.03.08-23.20.45:081][146]LogModuleManager: Shutting down and abandoning module AudioEditor (30)
[2018.03.08-23.20.45:288][146]LogModuleManager: Shutting down and abandoning module TextureCompressor (28)
[2018.03.08-23.20.45:627][146]LogModuleManager: Shutting down and abandoning module ShaderCore (26)
[2018.03.08-23.20.45:627][146]LogModuleManager: Shutting down and abandoning module Landscape (24)
[2018.03.08-23.20.45:627][146]LogModuleManager: Shutting down and abandoning module SlateRHIRenderer (22)
[2018.03.08-23.20.45:909][146]LogModuleManager: Shutting down and abandoning module OpenGLDrv (20)
[2018.03.08-23.20.46:031][146]LogModuleManager: Shutting down and abandoning module D3D11RHI (18)
[2018.03.08-23.20.46:031][146]LogModuleManager: Shutting down and abandoning module AnimGraphRuntime (16)
[2018.03.08-23.20.46:121][146]LogModuleManager: Shutting down and abandoning module Renderer (14)
[2018.03.08-23.20.46:121][146]LogModuleManager: Shutting down and abandoning module Engine (12)
[2018.03.08-23.20.46:121][146]LogModuleManager: Shutting down and abandoning module CoreUObject (10)
[2018.03.08-23.20.46:121][146]LogModuleManager: Shutting down and abandoning module NetworkFile (8)
[2018.03.08-23.20.46:412][146]LogModuleManager: Shutting down and abandoning module StreamingFile (6)
[2018.03.08-23.20.46:422][146]LogModuleManager: Shutting down and abandoning module SandboxFile (4)
[2018.03.08-23.20.46:422][146]LogModuleManager: Shutting down and abandoning module PakFile (2)
[2018.03.08-23.20.46:449][146]LogExit: Exiting.
[2018.03.08-23.20.46:451][146]Log file closed, 03/08/18 17:20:46
